[0.051s] Invoking command in '/home/kousei/HaruRobo2024_ws/ros2_ws/build/urg_node2': CMAKE_PREFIX_PATH=${CMAKE_PREFIX_PATH}:/opt/ros/humble /usr/bin/cmake --build /home/kousei/HaruRobo2024_ws/ros2_ws/build/urg_node2 -- -j16 -l16
[0.116s] [ 10%] Built target gtest
[0.119s] [ 20%] Built target gtest_main
[0.122s] [ 35%] Built target urg_node2_node
[0.122s] [ 75%] Built target urg_c
[0.355s] [ 85%] Built target urg_node2
[0.411s] [100%] Built target urg_node2_test
[0.487s] Invoked command in '/home/kousei/HaruRobo2024_ws/ros2_ws/build/urg_node2' returned '0': CMAKE_PREFIX_PATH=${CMAKE_PREFIX_PATH}:/opt/ros/humble /usr/bin/cmake --build /home/kousei/HaruRobo2024_ws/ros2_ws/build/urg_node2 -- -j16 -l16
[1.022s] Invoking command in '/home/kousei/HaruRobo2024_ws/ros2_ws/build/urg_node2': CMAKE_PREFIX_PATH=${CMAKE_PREFIX_PATH}:/opt/ros/humble /usr/bin/cmake --install /home/kousei/HaruRobo2024_ws/ros2_ws/build/urg_node2
[1.054s] -- Install configuration: ""
[1.054s] -- Up-to-date: /home/kousei/HaruRobo2024_ws/ros2_ws/install/urg_node2/lib/urg_node2/urg_node2_node
[1.054s] -- Up-to-date: /home/kousei/HaruRobo2024_ws/ros2_ws/install/urg_node2/lib/liburg_node2.so
[1.054s] -- Up-to-date: /home/kousei/HaruRobo2024_ws/ros2_ws/install/urg_node2/lib/liburg_c.so
[1.054s] -- Up-to-date: /home/kousei/HaruRobo2024_ws/ros2_ws/install/urg_node2/share/urg_node2/launch
[1.054s] -- Up-to-date: /home/kousei/HaruRobo2024_ws/ros2_ws/install/urg_node2/share/urg_node2/launch/urg_node2.launch.py
[1.055s] -- Up-to-date: /home/kousei/HaruRobo2024_ws/ros2_ws/install/urg_node2/share/urg_node2/launch/urg_node2_component.launch.py
[1.055s] -- Up-to-date: /home/kousei/HaruRobo2024_ws/ros2_ws/install/urg_node2/share/urg_node2/launch/urg_node2_2lidar.launch.py
[1.055s] -- Up-to-date: /home/kousei/HaruRobo2024_ws/ros2_ws/install/urg_node2/share/urg_node2/config
[1.055s] -- Up-to-date: /home/kousei/HaruRobo2024_ws/ros2_ws/install/urg_node2/share/urg_node2/config/params_ether.yaml
[1.055s] -- Up-to-date: /home/kousei/HaruRobo2024_ws/ros2_ws/install/urg_node2/share/urg_node2/config/params_ether_2nd.yaml
[1.055s] -- Up-to-date: /home/kousei/HaruRobo2024_ws/ros2_ws/install/urg_node2/share/urg_node2/config/params_serial.yaml
[1.055s] -- Up-to-date: /home/kousei/HaruRobo2024_ws/ros2_ws/install/urg_node2/share/ament_index/resource_index/package_run_dependencies/urg_node2
[1.055s] -- Up-to-date: /home/kousei/HaruRobo2024_ws/ros2_ws/install/urg_node2/share/ament_index/resource_index/parent_prefix_path/urg_node2
[1.055s] -- Up-to-date: /home/kousei/HaruRobo2024_ws/ros2_ws/install/urg_node2/share/urg_node2/environment/ament_prefix_path.sh
[1.055s] -- Up-to-date: /home/kousei/HaruRobo2024_ws/ros2_ws/install/urg_node2/share/urg_node2/environment/ament_prefix_path.dsv
[1.055s] -- Up-to-date: /home/kousei/HaruRobo2024_ws/ros2_ws/install/urg_node2/share/urg_node2/environment/path.sh
[1.055s] -- Up-to-date: /home/kousei/HaruRobo2024_ws/ros2_ws/install/urg_node2/share/urg_node2/environment/path.dsv
[1.056s] -- Up-to-date: /home/kousei/HaruRobo2024_ws/ros2_ws/install/urg_node2/share/urg_node2/local_setup.bash
[1.056s] -- Up-to-date: /home/kousei/HaruRobo2024_ws/ros2_ws/install/urg_node2/share/urg_node2/local_setup.sh
[1.056s] -- Up-to-date: /home/kousei/HaruRobo2024_ws/ros2_ws/install/urg_node2/share/urg_node2/local_setup.zsh
[1.056s] -- Up-to-date: /home/kousei/HaruRobo2024_ws/ros2_ws/install/urg_node2/share/urg_node2/local_setup.dsv
[1.056s] -- Installing: /home/kousei/HaruRobo2024_ws/ros2_ws/install/urg_node2/share/urg_node2/package.dsv
[1.057s] -- Up-to-date: /home/kousei/HaruRobo2024_ws/ros2_ws/install/urg_node2/share/ament_index/resource_index/packages/urg_node2
[1.057s] -- Up-to-date: /home/kousei/HaruRobo2024_ws/ros2_ws/install/urg_node2/share/ament_index/resource_index/rclcpp_components/urg_node2
[1.057s] -- Up-to-date: /home/kousei/HaruRobo2024_ws/ros2_ws/install/urg_node2/share/urg_node2/cmake/urg_node2Config.cmake
[1.057s] -- Up-to-date: /home/kousei/HaruRobo2024_ws/ros2_ws/install/urg_node2/share/urg_node2/cmake/urg_node2Config-version.cmake
[1.057s] -- Up-to-date: /home/kousei/HaruRobo2024_ws/ros2_ws/install/urg_node2/share/urg_node2/package.xml
[1.058s] Invoked command in '/home/kousei/HaruRobo2024_ws/ros2_ws/build/urg_node2' returned '0': CMAKE_PREFIX_PATH=${CMAKE_PREFIX_PATH}:/opt/ros/humble /usr/bin/cmake --install /home/kousei/HaruRobo2024_ws/ros2_ws/build/urg_node2
