[0.130s] Invoking command in '/home/kousei/HaruRobo2024_ws/ros2_ws/build/key_event_msgs': CMAKE_PREFIX_PATH=${CMAKE_PREFIX_PATH}:/opt/ros/humble /usr/bin/cmake --build /home/kousei/HaruRobo2024_ws/ros2_ws/build/key_event_msgs -- -j16 -l16
[0.165s] [  3%] Built target key_event_msgs__cpp
[0.171s] [ 12%] Built target key_event_msgs__rosidl_generator_c
[0.208s] [ 12%] Built target ament_cmake_python_copy_key_event_msgs
[0.210s] [ 32%] Built target key_event_msgs__rosidl_typesupport_introspection_cpp
[0.210s] [ 32%] Built target key_event_msgs__rosidl_typesupport_cpp
[0.212s] [ 41%] Built target key_event_msgs__rosidl_typesupport_fastrtps_c
[0.213s] [ 51%] Built target key_event_msgs__rosidl_typesupport_introspection_c
[0.215s] [ 64%] Built target key_event_msgs__rosidl_typesupport_c
[0.215s] [ 70%] Built target key_event_msgs__rosidl_typesupport_fastrtps_cpp
[0.235s] [ 70%] Built target key_event_msgs
[0.251s] [ 74%] Built target key_event_msgs__py
[0.268s] [ 80%] Built target key_event_msgs__rosidl_generator_py
[0.292s] [ 93%] Built target key_event_msgs__rosidl_typesupport_introspection_c__pyext
[0.292s] [ 93%] Built target key_event_msgs__rosidl_typesupport_fastrtps_c__pyext
[0.293s] [100%] Built target key_event_msgs__rosidl_typesupport_c__pyext
[0.380s] running egg_info
[0.380s] writing key_event_msgs.egg-info/PKG-INFO
[0.381s] writing dependency_links to key_event_msgs.egg-info/dependency_links.txt
[0.381s] writing top-level names to key_event_msgs.egg-info/top_level.txt
[0.382s] reading manifest file 'key_event_msgs.egg-info/SOURCES.txt'
[0.383s] writing manifest file 'key_event_msgs.egg-info/SOURCES.txt'
[0.403s] [100%] Built target ament_cmake_python_build_key_event_msgs_egg
[0.434s] Invoked command in '/home/kousei/HaruRobo2024_ws/ros2_ws/build/key_event_msgs' returned '0': CMAKE_PREFIX_PATH=${CMAKE_PREFIX_PATH}:/opt/ros/humble /usr/bin/cmake --build /home/kousei/HaruRobo2024_ws/ros2_ws/build/key_event_msgs -- -j16 -l16
[0.479s] Invoking command in '/home/kousei/HaruRobo2024_ws/ros2_ws/build/key_event_msgs': CMAKE_PREFIX_PATH=${CMAKE_PREFIX_PATH}:/opt/ros/humble /usr/bin/cmake --install /home/kousei/HaruRobo2024_ws/ros2_ws/build/key_event_msgs
[0.484s] -- Install configuration: ""
[0.485s] -- Up-to-date: /home/kousei/HaruRobo2024_ws/ros2_ws/install/key_event_msgs/share/ament_index/resource_index/rosidl_interfaces/key_event_msgs
[0.485s] -- Up-to-date: /home/kousei/HaruRobo2024_ws/ros2_ws/install/key_event_msgs/include/key_event_msgs/key_event_msgs
[0.485s] -- Up-to-date: /home/kousei/HaruRobo2024_ws/ros2_ws/install/key_event_msgs/include/key_event_msgs/key_event_msgs/msg
[0.485s] -- Up-to-date: /home/kousei/HaruRobo2024_ws/ros2_ws/install/key_event_msgs/include/key_event_msgs/key_event_msgs/msg/key_event.h
[0.485s] -- Up-to-date: /home/kousei/HaruRobo2024_ws/ros2_ws/install/key_event_msgs/include/key_event_msgs/key_event_msgs/msg/rosidl_generator_c__visibility_control.h
[0.485s] -- Up-to-date: /home/kousei/HaruRobo2024_ws/ros2_ws/install/key_event_msgs/include/key_event_msgs/key_event_msgs/msg/detail
[0.486s] -- Up-to-date: /home/kousei/HaruRobo2024_ws/ros2_ws/install/key_event_msgs/include/key_event_msgs/key_event_msgs/msg/detail/key_event__struct.h
[0.486s] -- Up-to-date: /home/kousei/HaruRobo2024_ws/ros2_ws/install/key_event_msgs/include/key_event_msgs/key_event_msgs/msg/detail/key_event__functions.h
[0.486s] -- Up-to-date: /home/kousei/HaruRobo2024_ws/ros2_ws/install/key_event_msgs/include/key_event_msgs/key_event_msgs/msg/detail/key_event__functions.c
[0.486s] -- Up-to-date: /home/kousei/HaruRobo2024_ws/ros2_ws/install/key_event_msgs/include/key_event_msgs/key_event_msgs/msg/detail/key_event__type_support.h
[0.486s] -- Up-to-date: /home/kousei/HaruRobo2024_ws/ros2_ws/install/key_event_msgs/share/key_event_msgs/environment/library_path.sh
[0.486s] -- Up-to-date: /home/kousei/HaruRobo2024_ws/ros2_ws/install/key_event_msgs/share/key_event_msgs/environment/library_path.dsv
[0.486s] -- Up-to-date: /home/kousei/HaruRobo2024_ws/ros2_ws/install/key_event_msgs/lib/libkey_event_msgs__rosidl_generator_c.so
[0.487s] -- Up-to-date: /home/kousei/HaruRobo2024_ws/ros2_ws/install/key_event_msgs/include/key_event_msgs/key_event_msgs
[0.487s] -- Up-to-date: /home/kousei/HaruRobo2024_ws/ros2_ws/install/key_event_msgs/include/key_event_msgs/key_event_msgs/msg
[0.487s] -- Up-to-date: /home/kousei/HaruRobo2024_ws/ros2_ws/install/key_event_msgs/include/key_event_msgs/key_event_msgs/msg/detail
[0.487s] -- Up-to-date: /home/kousei/HaruRobo2024_ws/ros2_ws/install/key_event_msgs/include/key_event_msgs/key_event_msgs/msg/detail/key_event__rosidl_typesupport_fastrtps_c.h
[0.487s] -- Up-to-date: /home/kousei/HaruRobo2024_ws/ros2_ws/install/key_event_msgs/include/key_event_msgs/key_event_msgs/msg/rosidl_typesupport_fastrtps_c__visibility_control.h
[0.487s] -- Up-to-date: /home/kousei/HaruRobo2024_ws/ros2_ws/install/key_event_msgs/lib/libkey_event_msgs__rosidl_typesupport_fastrtps_c.so
[0.488s] -- Up-to-date: /home/kousei/HaruRobo2024_ws/ros2_ws/install/key_event_msgs/include/key_event_msgs/key_event_msgs
[0.488s] -- Up-to-date: /home/kousei/HaruRobo2024_ws/ros2_ws/install/key_event_msgs/include/key_event_msgs/key_event_msgs/msg
[0.488s] -- Up-to-date: /home/kousei/HaruRobo2024_ws/ros2_ws/install/key_event_msgs/include/key_event_msgs/key_event_msgs/msg/detail
[0.488s] -- Up-to-date: /home/kousei/HaruRobo2024_ws/ros2_ws/install/key_event_msgs/include/key_event_msgs/key_event_msgs/msg/detail/key_event__type_support.c
[0.488s] -- Up-to-date: /home/kousei/HaruRobo2024_ws/ros2_ws/install/key_event_msgs/include/key_event_msgs/key_event_msgs/msg/detail/key_event__rosidl_typesupport_introspection_c.h
[0.488s] -- Up-to-date: /home/kousei/HaruRobo2024_ws/ros2_ws/install/key_event_msgs/include/key_event_msgs/key_event_msgs/msg/rosidl_typesupport_introspection_c__visibility_control.h
[0.488s] -- Up-to-date: /home/kousei/HaruRobo2024_ws/ros2_ws/install/key_event_msgs/lib/libkey_event_msgs__rosidl_typesupport_introspection_c.so
[0.488s] -- Up-to-date: /home/kousei/HaruRobo2024_ws/ros2_ws/install/key_event_msgs/lib/libkey_event_msgs__rosidl_typesupport_c.so
[0.488s] -- Up-to-date: /home/kousei/HaruRobo2024_ws/ros2_ws/install/key_event_msgs/include/key_event_msgs/key_event_msgs
[0.488s] -- Up-to-date: /home/kousei/HaruRobo2024_ws/ros2_ws/install/key_event_msgs/include/key_event_msgs/key_event_msgs/msg
[0.488s] -- Up-to-date: /home/kousei/HaruRobo2024_ws/ros2_ws/install/key_event_msgs/include/key_event_msgs/key_event_msgs/msg/key_event.hpp
[0.489s] -- Up-to-date: /home/kousei/HaruRobo2024_ws/ros2_ws/install/key_event_msgs/include/key_event_msgs/key_event_msgs/msg/detail
[0.489s] -- Up-to-date: /home/kousei/HaruRobo2024_ws/ros2_ws/install/key_event_msgs/include/key_event_msgs/key_event_msgs/msg/detail/key_event__traits.hpp
[0.489s] -- Up-to-date: /home/kousei/HaruRobo2024_ws/ros2_ws/install/key_event_msgs/include/key_event_msgs/key_event_msgs/msg/detail/key_event__struct.hpp
[0.489s] -- Up-to-date: /home/kousei/HaruRobo2024_ws/ros2_ws/install/key_event_msgs/include/key_event_msgs/key_event_msgs/msg/detail/key_event__builder.hpp
[0.489s] -- Up-to-date: /home/kousei/HaruRobo2024_ws/ros2_ws/install/key_event_msgs/include/key_event_msgs/key_event_msgs
[0.489s] -- Up-to-date: /home/kousei/HaruRobo2024_ws/ros2_ws/install/key_event_msgs/include/key_event_msgs/key_event_msgs/msg
[0.489s] -- Up-to-date: /home/kousei/HaruRobo2024_ws/ros2_ws/install/key_event_msgs/include/key_event_msgs/key_event_msgs/msg/detail
[0.489s] -- Up-to-date: /home/kousei/HaruRobo2024_ws/ros2_ws/install/key_event_msgs/include/key_event_msgs/key_event_msgs/msg/detail/dds_fastrtps
[0.489s] -- Up-to-date: /home/kousei/HaruRobo2024_ws/ros2_ws/install/key_event_msgs/include/key_event_msgs/key_event_msgs/msg/detail/key_event__rosidl_typesupport_fastrtps_cpp.hpp
[0.489s] -- Up-to-date: /home/kousei/HaruRobo2024_ws/ros2_ws/install/key_event_msgs/include/key_event_msgs/key_event_msgs/msg/rosidl_typesupport_fastrtps_cpp__visibility_control.h
[0.489s] -- Up-to-date: /home/kousei/HaruRobo2024_ws/ros2_ws/install/key_event_msgs/lib/libkey_event_msgs__rosidl_typesupport_fastrtps_cpp.so
[0.489s] -- Up-to-date: /home/kousei/HaruRobo2024_ws/ros2_ws/install/key_event_msgs/include/key_event_msgs/key_event_msgs
[0.490s] -- Up-to-date: /home/kousei/HaruRobo2024_ws/ros2_ws/install/key_event_msgs/include/key_event_msgs/key_event_msgs/msg
[0.490s] -- Up-to-date: /home/kousei/HaruRobo2024_ws/ros2_ws/install/key_event_msgs/include/key_event_msgs/key_event_msgs/msg/detail
[0.490s] -- Up-to-date: /home/kousei/HaruRobo2024_ws/ros2_ws/install/key_event_msgs/include/key_event_msgs/key_event_msgs/msg/detail/key_event__rosidl_typesupport_introspection_cpp.hpp
[0.490s] -- Up-to-date: /home/kousei/HaruRobo2024_ws/ros2_ws/install/key_event_msgs/include/key_event_msgs/key_event_msgs/msg/detail/key_event__type_support.cpp
[0.490s] -- Up-to-date: /home/kousei/HaruRobo2024_ws/ros2_ws/install/key_event_msgs/lib/libkey_event_msgs__rosidl_typesupport_introspection_cpp.so
[0.490s] -- Up-to-date: /home/kousei/HaruRobo2024_ws/ros2_ws/install/key_event_msgs/lib/libkey_event_msgs__rosidl_typesupport_cpp.so
[0.490s] -- Up-to-date: /home/kousei/HaruRobo2024_ws/ros2_ws/install/key_event_msgs/share/key_event_msgs/environment/pythonpath.sh
[0.490s] -- Up-to-date: /home/kousei/HaruRobo2024_ws/ros2_ws/install/key_event_msgs/share/key_event_msgs/environment/pythonpath.dsv
[0.490s] -- Up-to-date: /home/kousei/HaruRobo2024_ws/ros2_ws/install/key_event_msgs/local/lib/python3.10/dist-packages/key_event_msgs-0.0.0-py3.10.egg-info
[0.490s] -- Installing: /home/kousei/HaruRobo2024_ws/ros2_ws/install/key_event_msgs/local/lib/python3.10/dist-packages/key_event_msgs-0.0.0-py3.10.egg-info/dependency_links.txt
[0.490s] -- Installing: /home/kousei/HaruRobo2024_ws/ros2_ws/install/key_event_msgs/local/lib/python3.10/dist-packages/key_event_msgs-0.0.0-py3.10.egg-info/SOURCES.txt
[0.491s] -- Installing: /home/kousei/HaruRobo2024_ws/ros2_ws/install/key_event_msgs/local/lib/python3.10/dist-packages/key_event_msgs-0.0.0-py3.10.egg-info/top_level.txt
[0.491s] -- Installing: /home/kousei/HaruRobo2024_ws/ros2_ws/install/key_event_msgs/local/lib/python3.10/dist-packages/key_event_msgs-0.0.0-py3.10.egg-info/PKG-INFO
[0.491s] -- Up-to-date: /home/kousei/HaruRobo2024_ws/ros2_ws/install/key_event_msgs/local/lib/python3.10/dist-packages/key_event_msgs
[0.491s] -- Up-to-date: /home/kousei/HaruRobo2024_ws/ros2_ws/install/key_event_msgs/local/lib/python3.10/dist-packages/key_event_msgs/_key_event_msgs_s.ep.rosidl_typesupport_introspection_c.c
[0.491s] -- Up-to-date: /home/kousei/HaruRobo2024_ws/ros2_ws/install/key_event_msgs/local/lib/python3.10/dist-packages/key_event_msgs/__init__.py
[0.491s] -- Up-to-date: /home/kousei/HaruRobo2024_ws/ros2_ws/install/key_event_msgs/local/lib/python3.10/dist-packages/key_event_msgs/key_event_msgs_s__rosidl_typesupport_c.cpython-310-x86_64-linux-gnu.so
[0.491s] -- Up-to-date: /home/kousei/HaruRobo2024_ws/ros2_ws/install/key_event_msgs/local/lib/python3.10/dist-packages/key_event_msgs/_key_event_msgs_s.ep.rosidl_typesupport_c.c
[0.491s] -- Up-to-date: /home/kousei/HaruRobo2024_ws/ros2_ws/install/key_event_msgs/local/lib/python3.10/dist-packages/key_event_msgs/key_event_msgs_s__rosidl_typesupport_introspection_c.cpython-310-x86_64-linux-gnu.so
[0.491s] -- Up-to-date: /home/kousei/HaruRobo2024_ws/ros2_ws/install/key_event_msgs/local/lib/python3.10/dist-packages/key_event_msgs/_key_event_msgs_s.ep.rosidl_typesupport_fastrtps_c.c
[0.491s] -- Up-to-date: /home/kousei/HaruRobo2024_ws/ros2_ws/install/key_event_msgs/local/lib/python3.10/dist-packages/key_event_msgs/msg
[0.491s] -- Up-to-date: /home/kousei/HaruRobo2024_ws/ros2_ws/install/key_event_msgs/local/lib/python3.10/dist-packages/key_event_msgs/msg/__init__.py
[0.491s] -- Up-to-date: /home/kousei/HaruRobo2024_ws/ros2_ws/install/key_event_msgs/local/lib/python3.10/dist-packages/key_event_msgs/msg/_key_event_s.c
[0.492s] -- Up-to-date: /home/kousei/HaruRobo2024_ws/ros2_ws/install/key_event_msgs/local/lib/python3.10/dist-packages/key_event_msgs/msg/_key_event.py
[0.492s] -- Up-to-date: /home/kousei/HaruRobo2024_ws/ros2_ws/install/key_event_msgs/local/lib/python3.10/dist-packages/key_event_msgs/key_event_msgs_s__rosidl_typesupport_fastrtps_c.cpython-310-x86_64-linux-gnu.so
[0.492s] -- Up-to-date: /home/kousei/HaruRobo2024_ws/ros2_ws/install/key_event_msgs/local/lib/python3.10/dist-packages/key_event_msgs/libkey_event_msgs__rosidl_generator_py.so
[0.510s] Listing '/home/kousei/HaruRobo2024_ws/ros2_ws/install/key_event_msgs/local/lib/python3.10/dist-packages/key_event_msgs'...
[0.510s] Listing '/home/kousei/HaruRobo2024_ws/ros2_ws/install/key_event_msgs/local/lib/python3.10/dist-packages/key_event_msgs/msg'...
[0.513s] -- Up-to-date: /home/kousei/HaruRobo2024_ws/ros2_ws/install/key_event_msgs/local/lib/python3.10/dist-packages/key_event_msgs/key_event_msgs_s__rosidl_typesupport_fastrtps_c.cpython-310-x86_64-linux-gnu.so
[0.514s] -- Up-to-date: /home/kousei/HaruRobo2024_ws/ros2_ws/install/key_event_msgs/local/lib/python3.10/dist-packages/key_event_msgs/key_event_msgs_s__rosidl_typesupport_introspection_c.cpython-310-x86_64-linux-gnu.so
[0.514s] -- Up-to-date: /home/kousei/HaruRobo2024_ws/ros2_ws/install/key_event_msgs/local/lib/python3.10/dist-packages/key_event_msgs/key_event_msgs_s__rosidl_typesupport_c.cpython-310-x86_64-linux-gnu.so
[0.514s] -- Up-to-date: /home/kousei/HaruRobo2024_ws/ros2_ws/install/key_event_msgs/lib/libkey_event_msgs__rosidl_generator_py.so
[0.514s] -- Up-to-date: /home/kousei/HaruRobo2024_ws/ros2_ws/install/key_event_msgs/share/key_event_msgs/msg/KeyEvent.idl
[0.514s] -- Up-to-date: /home/kousei/HaruRobo2024_ws/ros2_ws/install/key_event_msgs/share/key_event_msgs/msg/KeyEvent.msg
[0.514s] -- Up-to-date: /home/kousei/HaruRobo2024_ws/ros2_ws/install/key_event_msgs/share/ament_index/resource_index/package_run_dependencies/key_event_msgs
[0.514s] -- Up-to-date: /home/kousei/HaruRobo2024_ws/ros2_ws/install/key_event_msgs/share/ament_index/resource_index/parent_prefix_path/key_event_msgs
[0.515s] -- Up-to-date: /home/kousei/HaruRobo2024_ws/ros2_ws/install/key_event_msgs/share/key_event_msgs/environment/ament_prefix_path.sh
[0.515s] -- Up-to-date: /home/kousei/HaruRobo2024_ws/ros2_ws/install/key_event_msgs/share/key_event_msgs/environment/ament_prefix_path.dsv
[0.515s] -- Up-to-date: /home/kousei/HaruRobo2024_ws/ros2_ws/install/key_event_msgs/share/key_event_msgs/environment/path.sh
[0.515s] -- Up-to-date: /home/kousei/HaruRobo2024_ws/ros2_ws/install/key_event_msgs/share/key_event_msgs/environment/path.dsv
[0.515s] -- Up-to-date: /home/kousei/HaruRobo2024_ws/ros2_ws/install/key_event_msgs/share/key_event_msgs/local_setup.bash
[0.515s] -- Up-to-date: /home/kousei/HaruRobo2024_ws/ros2_ws/install/key_event_msgs/share/key_event_msgs/local_setup.sh
[0.515s] -- Up-to-date: /home/kousei/HaruRobo2024_ws/ros2_ws/install/key_event_msgs/share/key_event_msgs/local_setup.zsh
[0.515s] -- Up-to-date: /home/kousei/HaruRobo2024_ws/ros2_ws/install/key_event_msgs/share/key_event_msgs/local_setup.dsv
[0.515s] -- Installing: /home/kousei/HaruRobo2024_ws/ros2_ws/install/key_event_msgs/share/key_event_msgs/package.dsv
[0.515s] -- Up-to-date: /home/kousei/HaruRobo2024_ws/ros2_ws/install/key_event_msgs/share/ament_index/resource_index/packages/key_event_msgs
[0.515s] -- Up-to-date: /home/kousei/HaruRobo2024_ws/ros2_ws/install/key_event_msgs/share/key_event_msgs/cmake/export_key_event_msgs__rosidl_generator_cExport.cmake
[0.516s] -- Up-to-date: /home/kousei/HaruRobo2024_ws/ros2_ws/install/key_event_msgs/share/key_event_msgs/cmake/export_key_event_msgs__rosidl_generator_cExport-noconfig.cmake
[0.516s] -- Up-to-date: /home/kousei/HaruRobo2024_ws/ros2_ws/install/key_event_msgs/share/key_event_msgs/cmake/export_key_event_msgs__rosidl_typesupport_fastrtps_cExport.cmake
[0.516s] -- Up-to-date: /home/kousei/HaruRobo2024_ws/ros2_ws/install/key_event_msgs/share/key_event_msgs/cmake/export_key_event_msgs__rosidl_typesupport_fastrtps_cExport-noconfig.cmake
[0.516s] -- Up-to-date: /home/kousei/HaruRobo2024_ws/ros2_ws/install/key_event_msgs/share/key_event_msgs/cmake/key_event_msgs__rosidl_typesupport_introspection_cExport.cmake
[0.517s] -- Up-to-date: /home/kousei/HaruRobo2024_ws/ros2_ws/install/key_event_msgs/share/key_event_msgs/cmake/key_event_msgs__rosidl_typesupport_introspection_cExport-noconfig.cmake
[0.517s] -- Up-to-date: /home/kousei/HaruRobo2024_ws/ros2_ws/install/key_event_msgs/share/key_event_msgs/cmake/key_event_msgs__rosidl_typesupport_cExport.cmake
[0.517s] -- Up-to-date: /home/kousei/HaruRobo2024_ws/ros2_ws/install/key_event_msgs/share/key_event_msgs/cmake/key_event_msgs__rosidl_typesupport_cExport-noconfig.cmake
[0.518s] -- Up-to-date: /home/kousei/HaruRobo2024_ws/ros2_ws/install/key_event_msgs/share/key_event_msgs/cmake/export_key_event_msgs__rosidl_generator_cppExport.cmake
[0.518s] -- Up-to-date: /home/kousei/HaruRobo2024_ws/ros2_ws/install/key_event_msgs/share/key_event_msgs/cmake/export_key_event_msgs__rosidl_typesupport_fastrtps_cppExport.cmake
[0.518s] -- Up-to-date: /home/kousei/HaruRobo2024_ws/ros2_ws/install/key_event_msgs/share/key_event_msgs/cmake/export_key_event_msgs__rosidl_typesupport_fastrtps_cppExport-noconfig.cmake
[0.518s] -- Up-to-date: /home/kousei/HaruRobo2024_ws/ros2_ws/install/key_event_msgs/share/key_event_msgs/cmake/key_event_msgs__rosidl_typesupport_introspection_cppExport.cmake
[0.519s] -- Up-to-date: /home/kousei/HaruRobo2024_ws/ros2_ws/install/key_event_msgs/share/key_event_msgs/cmake/key_event_msgs__rosidl_typesupport_introspection_cppExport-noconfig.cmake
[0.519s] -- Up-to-date: /home/kousei/HaruRobo2024_ws/ros2_ws/install/key_event_msgs/share/key_event_msgs/cmake/key_event_msgs__rosidl_typesupport_cppExport.cmake
[0.519s] -- Up-to-date: /home/kousei/HaruRobo2024_ws/ros2_ws/install/key_event_msgs/share/key_event_msgs/cmake/key_event_msgs__rosidl_typesupport_cppExport-noconfig.cmake
[0.519s] -- Up-to-date: /home/kousei/HaruRobo2024_ws/ros2_ws/install/key_event_msgs/share/key_event_msgs/cmake/export_key_event_msgs__rosidl_generator_pyExport.cmake
[0.519s] -- Up-to-date: /home/kousei/HaruRobo2024_ws/ros2_ws/install/key_event_msgs/share/key_event_msgs/cmake/export_key_event_msgs__rosidl_generator_pyExport-noconfig.cmake
[0.520s] -- Up-to-date: /home/kousei/HaruRobo2024_ws/ros2_ws/install/key_event_msgs/share/key_event_msgs/cmake/rosidl_cmake-extras.cmake
[0.520s] -- Up-to-date: /home/kousei/HaruRobo2024_ws/ros2_ws/install/key_event_msgs/share/key_event_msgs/cmake/ament_cmake_export_include_directories-extras.cmake
[0.520s] -- Up-to-date: /home/kousei/HaruRobo2024_ws/ros2_ws/install/key_event_msgs/share/key_event_msgs/cmake/ament_cmake_export_libraries-extras.cmake
[0.520s] -- Up-to-date: /home/kousei/HaruRobo2024_ws/ros2_ws/install/key_event_msgs/share/key_event_msgs/cmake/ament_cmake_export_targets-extras.cmake
[0.520s] -- Up-to-date: /home/kousei/HaruRobo2024_ws/ros2_ws/install/key_event_msgs/share/key_event_msgs/cmake/rosidl_cmake_export_typesupport_targets-extras.cmake
[0.520s] -- Up-to-date: /home/kousei/HaruRobo2024_ws/ros2_ws/install/key_event_msgs/share/key_event_msgs/cmake/ament_cmake_export_dependencies-extras.cmake
[0.520s] -- Up-to-date: /home/kousei/HaruRobo2024_ws/ros2_ws/install/key_event_msgs/share/key_event_msgs/cmake/rosidl_cmake_export_typesupport_libraries-extras.cmake
[0.521s] -- Up-to-date: /home/kousei/HaruRobo2024_ws/ros2_ws/install/key_event_msgs/share/key_event_msgs/cmake/key_event_msgsConfig.cmake
[0.521s] -- Up-to-date: /home/kousei/HaruRobo2024_ws/ros2_ws/install/key_event_msgs/share/key_event_msgs/cmake/key_event_msgsConfig-version.cmake
[0.521s] -- Up-to-date: /home/kousei/HaruRobo2024_ws/ros2_ws/install/key_event_msgs/share/key_event_msgs/package.xml
[0.522s] Invoked command in '/home/kousei/HaruRobo2024_ws/ros2_ws/build/key_event_msgs' returned '0': CMAKE_PREFIX_PATH=${CMAKE_PREFIX_PATH}:/opt/ros/humble /usr/bin/cmake --install /home/kousei/HaruRobo2024_ws/ros2_ws/build/key_event_msgs
