[0.484s] DEBUG:colcon:Command line arguments: ['/usr/bin/colcon', 'build']
[0.484s] DEBUG:colcon:Parsed command line arguments: Namespace(log_base=None, log_level=None, verb_name='build', build_base='build', install_base='install', merge_install=False, symlink_install=False, test_result_base=None, continue_on_error=False, executor='parallel', parallel_workers=16, event_handlers=None, ignore_user_meta=False, metas=['./colcon.meta'], base_paths=['.'], packages_ignore=None, packages_ignore_regex=None, paths=None, packages_up_to=None, packages_up_to_regex=None, packages_above=None, packages_above_and_dependencies=None, packages_above_depth=None, packages_select_by_dep=None, packages_skip_by_dep=None, packages_skip_up_to=None, packages_select_build_failed=False, packages_skip_build_finished=False, packages_select_test_failures=False, packages_skip_test_passed=False, packages_select=None, packages_skip=None, packages_select_regex=None, packages_skip_regex=None, packages_start=None, packages_end=None, allow_overriding=[], cmake_args=None, cmake_target=None, cmake_target_skip_unavailable=False, cmake_clean_cache=False, cmake_clean_first=False, cmake_force_configure=False, ament_cmake_args=None, catkin_cmake_args=None, catkin_skip_building_tests=False, verb_parser=<colcon_defaults.argument_parser.defaults.DefaultArgumentsDecorator object at 0x7eff27d8c4c0>, verb_extension=<colcon_core.verb.build.BuildVerb object at 0x7eff281bfc10>, main=<bound method BuildVerb.main of <colcon_core.verb.build.BuildVerb object at 0x7eff281bfc10>>)
[0.556s] Level 1:colcon.colcon_core.package_discovery:discover_packages(colcon_meta) check parameters
[0.556s] Level 1:colcon.colcon_core.package_discovery:discover_packages(recursive) check parameters
[0.556s] Level 1:colcon.colcon_core.package_discovery:discover_packages(ignore) check parameters
[0.556s] Level 1:colcon.colcon_core.package_discovery:discover_packages(path) check parameters
[0.556s] Level 1:colcon.colcon_core.package_discovery:discover_packages(colcon_meta) discover
[0.556s] Level 1:colcon.colcon_core.package_discovery:discover_packages(recursive) discover
[0.556s] INFO:colcon.colcon_core.package_discovery:Crawling recursively for packages in '/home/kousei/2DRoboPrac_ws/uros_ws'
[0.556s] Level 1:colcon.colcon_core.package_identification:_identify(.) by extensions ['ignore', 'ignore_ament_install']
[0.556s] Level 1:colcon.colcon_core.package_identification:_identify(.) by extension 'ignore'
[0.556s] Level 1:colcon.colcon_core.package_identification:_identify(.) by extension 'ignore_ament_install'
[0.556s] Level 1:colcon.colcon_core.package_identification:_identify(.) by extensions ['colcon_pkg']
[0.556s] Level 1:colcon.colcon_core.package_identification:_identify(.) by extension 'colcon_pkg'
[0.556s] Level 1:colcon.colcon_core.package_identification:_identify(.) by extensions ['colcon_meta']
[0.556s] Level 1:colcon.colcon_core.package_identification:_identify(.) by extension 'colcon_meta'
[0.556s] Level 1:colcon.colcon_core.package_identification:_identify(.) by extensions ['ros']
[0.556s] Level 1:colcon.colcon_core.package_identification:_identify(.) by extension 'ros'
[0.562s] Level 1:colcon.colcon_core.package_identification:_identify(.) by extensions ['cmake', 'python']
[0.562s] Level 1:colcon.colcon_core.package_identification:_identify(.) by extension 'cmake'
[0.562s] Level 1:colcon.colcon_core.package_identification:_identify(.) by extension 'python'
[0.562s] Level 1:colcon.colcon_core.package_identification:_identify(.) by extensions ['python_setup_py']
[0.562s] Level 1:colcon.colcon_core.package_identification:_identify(.) by extension 'python_setup_py'
[0.563s] Level 1:colcon.colcon_core.package_identification:_identify(build) by extensions ['ignore', 'ignore_ament_install']
[0.563s] Level 1:colcon.colcon_core.package_identification:_identify(build) by extension 'ignore'
[0.563s] Level 1:colcon.colcon_core.package_identification:_identify(build) ignored
[0.563s] Level 1:colcon.colcon_core.package_identification:_identify(install) by extensions ['ignore', 'ignore_ament_install']
[0.563s] Level 1:colcon.colcon_core.package_identification:_identify(install) by extension 'ignore'
[0.563s] Level 1:colcon.colcon_core.package_identification:_identify(install) ignored
[0.563s] Level 1:colcon.colcon_core.package_identification:_identify(log) by extensions ['ignore', 'ignore_ament_install']
[0.563s] Level 1:colcon.colcon_core.package_identification:_identify(log) by extension 'ignore'
[0.563s] Level 1:colcon.colcon_core.package_identification:_identify(log) ignored
[0.563s] Level 1:colcon.colcon_core.package_identification:_identify(src) by extensions ['ignore', 'ignore_ament_install']
[0.563s] Level 1:colcon.colcon_core.package_identification:_identify(src) by extension 'ignore'
[0.563s] Level 1:colcon.colcon_core.package_identification:_identify(src) by extension 'ignore_ament_install'
[0.563s] Level 1:colcon.colcon_core.package_identification:_identify(src) by extensions ['colcon_pkg']
[0.563s] Level 1:colcon.colcon_core.package_identification:_identify(src) by extension 'colcon_pkg'
[0.563s] Level 1:colcon.colcon_core.package_identification:_identify(src) by extensions ['colcon_meta']
[0.563s] Level 1:colcon.colcon_core.package_identification:_identify(src) by extension 'colcon_meta'
[0.563s] Level 1:colcon.colcon_core.package_identification:_identify(src) by extensions ['ros']
[0.563s] Level 1:colcon.colcon_core.package_identification:_identify(src) by extension 'ros'
[0.563s] Level 1:colcon.colcon_core.package_identification:_identify(src) by extensions ['cmake', 'python']
[0.563s] Level 1:colcon.colcon_core.package_identification:_identify(src) by extension 'cmake'
[0.563s] Level 1:colcon.colcon_core.package_identification:_identify(src) by extension 'python'
[0.563s] Level 1:colcon.colcon_core.package_identification:_identify(src) by extensions ['python_setup_py']
[0.563s] Level 1:colcon.colcon_core.package_identification:_identify(src) by extension 'python_setup_py'
[0.563s] Level 1:colcon.colcon_core.package_identification:_identify(src/micro_ros_setup) by extensions ['ignore', 'ignore_ament_install']
[0.563s] Level 1:colcon.colcon_core.package_identification:_identify(src/micro_ros_setup) by extension 'ignore'
[0.563s] Level 1:colcon.colcon_core.package_identification:_identify(src/micro_ros_setup) by extension 'ignore_ament_install'
[0.563s] Level 1:colcon.colcon_core.package_identification:_identify(src/micro_ros_setup) by extensions ['colcon_pkg']
[0.563s] Level 1:colcon.colcon_core.package_identification:_identify(src/micro_ros_setup) by extension 'colcon_pkg'
[0.563s] Level 1:colcon.colcon_core.package_identification:_identify(src/micro_ros_setup) by extensions ['colcon_meta']
[0.563s] Level 1:colcon.colcon_core.package_identification:_identify(src/micro_ros_setup) by extension 'colcon_meta'
[0.563s] Level 1:colcon.colcon_core.package_identification:_identify(src/micro_ros_setup) by extensions ['ros']
[0.563s] Level 1:colcon.colcon_core.package_identification:_identify(src/micro_ros_setup) by extension 'ros'
[0.565s] DEBUG:colcon.colcon_core.package_identification:Package 'src/micro_ros_setup' with type 'ros.ament_cmake' and name 'micro_ros_setup'
[0.565s] Level 1:colcon.colcon_core.package_identification:_identify(src/uros) by extensions ['ignore', 'ignore_ament_install']
[0.565s] Level 1:colcon.colcon_core.package_identification:_identify(src/uros) by extension 'ignore'
[0.565s] Level 1:colcon.colcon_core.package_identification:_identify(src/uros) by extension 'ignore_ament_install'
[0.565s] Level 1:colcon.colcon_core.package_identification:_identify(src/uros) by extensions ['colcon_pkg']
[0.565s] Level 1:colcon.colcon_core.package_identification:_identify(src/uros) by extension 'colcon_pkg'
[0.565s] Level 1:colcon.colcon_core.package_identification:_identify(src/uros) by extensions ['colcon_meta']
[0.565s] Level 1:colcon.colcon_core.package_identification:_identify(src/uros) by extension 'colcon_meta'
[0.565s] Level 1:colcon.colcon_core.package_identification:_identify(src/uros) by extensions ['ros']
[0.565s] Level 1:colcon.colcon_core.package_identification:_identify(src/uros) by extension 'ros'
[0.565s] Level 1:colcon.colcon_core.package_identification:_identify(src/uros) by extensions ['cmake', 'python']
[0.565s] Level 1:colcon.colcon_core.package_identification:_identify(src/uros) by extension 'cmake'
[0.565s] Level 1:colcon.colcon_core.package_identification:_identify(src/uros) by extension 'python'
[0.565s] Level 1:colcon.colcon_core.package_identification:_identify(src/uros) by extensions ['python_setup_py']
[0.565s] Level 1:colcon.colcon_core.package_identification:_identify(src/uros) by extension 'python_setup_py'
[0.565s] Level 1:colcon.colcon_core.package_identification:_identify(src/uros/micro-ROS-Agent) by extensions ['ignore', 'ignore_ament_install']
[0.565s] Level 1:colcon.colcon_core.package_identification:_identify(src/uros/micro-ROS-Agent) by extension 'ignore'
[0.565s] Level 1:colcon.colcon_core.package_identification:_identify(src/uros/micro-ROS-Agent) by extension 'ignore_ament_install'
[0.565s] Level 1:colcon.colcon_core.package_identification:_identify(src/uros/micro-ROS-Agent) by extensions ['colcon_pkg']
[0.565s] Level 1:colcon.colcon_core.package_identification:_identify(src/uros/micro-ROS-Agent) by extension 'colcon_pkg'
[0.565s] Level 1:colcon.colcon_core.package_identification:_identify(src/uros/micro-ROS-Agent) by extensions ['colcon_meta']
[0.565s] Level 1:colcon.colcon_core.package_identification:_identify(src/uros/micro-ROS-Agent) by extension 'colcon_meta'
[0.565s] Level 1:colcon.colcon_core.package_identification:_identify(src/uros/micro-ROS-Agent) by extensions ['ros']
[0.565s] Level 1:colcon.colcon_core.package_identification:_identify(src/uros/micro-ROS-Agent) by extension 'ros'
[0.565s] Level 1:colcon.colcon_core.package_identification:_identify(src/uros/micro-ROS-Agent) by extensions ['cmake', 'python']
[0.566s] Level 1:colcon.colcon_core.package_identification:_identify(src/uros/micro-ROS-Agent) by extension 'cmake'
[0.566s] Level 1:colcon.colcon_core.package_identification:_identify(src/uros/micro-ROS-Agent) by extension 'python'
[0.566s] Level 1:colcon.colcon_core.package_identification:_identify(src/uros/micro-ROS-Agent) by extensions ['python_setup_py']
[0.566s] Level 1:colcon.colcon_core.package_identification:_identify(src/uros/micro-ROS-Agent) by extension 'python_setup_py'
[0.566s] Level 1:colcon.colcon_core.package_identification:_identify(src/uros/micro-ROS-Agent/micro_ros_agent) by extensions ['ignore', 'ignore_ament_install']
[0.566s] Level 1:colcon.colcon_core.package_identification:_identify(src/uros/micro-ROS-Agent/micro_ros_agent) by extension 'ignore'
[0.566s] Level 1:colcon.colcon_core.package_identification:_identify(src/uros/micro-ROS-Agent/micro_ros_agent) by extension 'ignore_ament_install'
[0.566s] Level 1:colcon.colcon_core.package_identification:_identify(src/uros/micro-ROS-Agent/micro_ros_agent) by extensions ['colcon_pkg']
[0.566s] Level 1:colcon.colcon_core.package_identification:_identify(src/uros/micro-ROS-Agent/micro_ros_agent) by extension 'colcon_pkg'
[0.566s] Level 1:colcon.colcon_core.package_identification:_identify(src/uros/micro-ROS-Agent/micro_ros_agent) by extensions ['colcon_meta']
[0.566s] Level 1:colcon.colcon_core.package_identification:_identify(src/uros/micro-ROS-Agent/micro_ros_agent) by extension 'colcon_meta'
[0.566s] Level 1:colcon.colcon_core.package_identification:_identify(src/uros/micro-ROS-Agent/micro_ros_agent) by extensions ['ros']
[0.566s] Level 1:colcon.colcon_core.package_identification:_identify(src/uros/micro-ROS-Agent/micro_ros_agent) by extension 'ros'
[0.566s] DEBUG:colcon.colcon_core.package_identification:Package 'src/uros/micro-ROS-Agent/micro_ros_agent' with type 'ros.ament_cmake' and name 'micro_ros_agent'
[0.566s] Level 1:colcon.colcon_core.package_identification:_identify(src/uros/micro-ROS-Agent/snap) by extensions ['ignore', 'ignore_ament_install']
[0.566s] Level 1:colcon.colcon_core.package_identification:_identify(src/uros/micro-ROS-Agent/snap) by extension 'ignore'
[0.566s] Level 1:colcon.colcon_core.package_identification:_identify(src/uros/micro-ROS-Agent/snap) by extension 'ignore_ament_install'
[0.566s] Level 1:colcon.colcon_core.package_identification:_identify(src/uros/micro-ROS-Agent/snap) by extensions ['colcon_pkg']
[0.566s] Level 1:colcon.colcon_core.package_identification:_identify(src/uros/micro-ROS-Agent/snap) by extension 'colcon_pkg'
[0.566s] Level 1:colcon.colcon_core.package_identification:_identify(src/uros/micro-ROS-Agent/snap) by extensions ['colcon_meta']
[0.566s] Level 1:colcon.colcon_core.package_identification:_identify(src/uros/micro-ROS-Agent/snap) by extension 'colcon_meta'
[0.566s] Level 1:colcon.colcon_core.package_identification:_identify(src/uros/micro-ROS-Agent/snap) by extensions ['ros']
[0.566s] Level 1:colcon.colcon_core.package_identification:_identify(src/uros/micro-ROS-Agent/snap) by extension 'ros'
[0.567s] Level 1:colcon.colcon_core.package_identification:_identify(src/uros/micro-ROS-Agent/snap) by extensions ['cmake', 'python']
[0.567s] Level 1:colcon.colcon_core.package_identification:_identify(src/uros/micro-ROS-Agent/snap) by extension 'cmake'
[0.567s] Level 1:colcon.colcon_core.package_identification:_identify(src/uros/micro-ROS-Agent/snap) by extension 'python'
[0.567s] Level 1:colcon.colcon_core.package_identification:_identify(src/uros/micro-ROS-Agent/snap) by extensions ['python_setup_py']
[0.567s] Level 1:colcon.colcon_core.package_identification:_identify(src/uros/micro-ROS-Agent/snap) by extension 'python_setup_py'
[0.567s] Level 1:colcon.colcon_core.package_identification:_identify(src/uros/micro-ROS-Agent/snap/hooks) by extensions ['ignore', 'ignore_ament_install']
[0.567s] Level 1:colcon.colcon_core.package_identification:_identify(src/uros/micro-ROS-Agent/snap/hooks) by extension 'ignore'
[0.567s] Level 1:colcon.colcon_core.package_identification:_identify(src/uros/micro-ROS-Agent/snap/hooks) by extension 'ignore_ament_install'
[0.567s] Level 1:colcon.colcon_core.package_identification:_identify(src/uros/micro-ROS-Agent/snap/hooks) by extensions ['colcon_pkg']
[0.567s] Level 1:colcon.colcon_core.package_identification:_identify(src/uros/micro-ROS-Agent/snap/hooks) by extension 'colcon_pkg'
[0.567s] Level 1:colcon.colcon_core.package_identification:_identify(src/uros/micro-ROS-Agent/snap/hooks) by extensions ['colcon_meta']
[0.567s] Level 1:colcon.colcon_core.package_identification:_identify(src/uros/micro-ROS-Agent/snap/hooks) by extension 'colcon_meta'
[0.567s] Level 1:colcon.colcon_core.package_identification:_identify(src/uros/micro-ROS-Agent/snap/hooks) by extensions ['ros']
[0.567s] Level 1:colcon.colcon_core.package_identification:_identify(src/uros/micro-ROS-Agent/snap/hooks) by extension 'ros'
[0.567s] Level 1:colcon.colcon_core.package_identification:_identify(src/uros/micro-ROS-Agent/snap/hooks) by extensions ['cmake', 'python']
[0.567s] Level 1:colcon.colcon_core.package_identification:_identify(src/uros/micro-ROS-Agent/snap/hooks) by extension 'cmake'
[0.567s] Level 1:colcon.colcon_core.package_identification:_identify(src/uros/micro-ROS-Agent/snap/hooks) by extension 'python'
[0.567s] Level 1:colcon.colcon_core.package_identification:_identify(src/uros/micro-ROS-Agent/snap/hooks) by extensions ['python_setup_py']
[0.567s] Level 1:colcon.colcon_core.package_identification:_identify(src/uros/micro-ROS-Agent/snap/hooks) by extension 'python_setup_py'
[0.567s] Level 1:colcon.colcon_core.package_identification:_identify(src/uros/micro-ROS-Agent/snap/local) by extensions ['ignore', 'ignore_ament_install']
[0.567s] Level 1:colcon.colcon_core.package_identification:_identify(src/uros/micro-ROS-Agent/snap/local) by extension 'ignore'
[0.567s] Level 1:colcon.colcon_core.package_identification:_identify(src/uros/micro-ROS-Agent/snap/local) by extension 'ignore_ament_install'
[0.567s] Level 1:colcon.colcon_core.package_identification:_identify(src/uros/micro-ROS-Agent/snap/local) by extensions ['colcon_pkg']
[0.567s] Level 1:colcon.colcon_core.package_identification:_identify(src/uros/micro-ROS-Agent/snap/local) by extension 'colcon_pkg'
[0.567s] Level 1:colcon.colcon_core.package_identification:_identify(src/uros/micro-ROS-Agent/snap/local) by extensions ['colcon_meta']
[0.567s] Level 1:colcon.colcon_core.package_identification:_identify(src/uros/micro-ROS-Agent/snap/local) by extension 'colcon_meta'
[0.567s] Level 1:colcon.colcon_core.package_identification:_identify(src/uros/micro-ROS-Agent/snap/local) by extensions ['ros']
[0.567s] Level 1:colcon.colcon_core.package_identification:_identify(src/uros/micro-ROS-Agent/snap/local) by extension 'ros'
[0.567s] Level 1:colcon.colcon_core.package_identification:_identify(src/uros/micro-ROS-Agent/snap/local) by extensions ['cmake', 'python']
[0.567s] Level 1:colcon.colcon_core.package_identification:_identify(src/uros/micro-ROS-Agent/snap/local) by extension 'cmake'
[0.567s] Level 1:colcon.colcon_core.package_identification:_identify(src/uros/micro-ROS-Agent/snap/local) by extension 'python'
[0.567s] Level 1:colcon.colcon_core.package_identification:_identify(src/uros/micro-ROS-Agent/snap/local) by extensions ['python_setup_py']
[0.567s] Level 1:colcon.colcon_core.package_identification:_identify(src/uros/micro-ROS-Agent/snap/local) by extension 'python_setup_py'
[0.567s] Level 1:colcon.colcon_core.package_identification:_identify(src/uros/micro_ros_msgs) by extensions ['ignore', 'ignore_ament_install']
[0.567s] Level 1:colcon.colcon_core.package_identification:_identify(src/uros/micro_ros_msgs) by extension 'ignore'
[0.567s] Level 1:colcon.colcon_core.package_identification:_identify(src/uros/micro_ros_msgs) by extension 'ignore_ament_install'
[0.567s] Level 1:colcon.colcon_core.package_identification:_identify(src/uros/micro_ros_msgs) by extensions ['colcon_pkg']
[0.567s] Level 1:colcon.colcon_core.package_identification:_identify(src/uros/micro_ros_msgs) by extension 'colcon_pkg'
[0.567s] Level 1:colcon.colcon_core.package_identification:_identify(src/uros/micro_ros_msgs) by extensions ['colcon_meta']
[0.568s] Level 1:colcon.colcon_core.package_identification:_identify(src/uros/micro_ros_msgs) by extension 'colcon_meta'
[0.568s] Level 1:colcon.colcon_core.package_identification:_identify(src/uros/micro_ros_msgs) by extensions ['ros']
[0.568s] Level 1:colcon.colcon_core.package_identification:_identify(src/uros/micro_ros_msgs) by extension 'ros'
[0.568s] DEBUG:colcon.colcon_core.package_identification:Package 'src/uros/micro_ros_msgs' with type 'ros.ament_cmake' and name 'micro_ros_msgs'
[0.568s] Level 1:colcon.colcon_core.package_discovery:discover_packages(recursive) using defaults
[0.568s] Level 1:colcon.colcon_core.package_discovery:discover_packages(ignore) discover
[0.568s] Level 1:colcon.colcon_core.package_discovery:discover_packages(ignore) using defaults
[0.568s] Level 1:colcon.colcon_core.package_discovery:discover_packages(path) discover
[0.568s] Level 1:colcon.colcon_core.package_discovery:discover_packages(path) using defaults
[0.615s] Level 1:colcon.colcon_core.package_discovery:discover_packages(prefix_path) check parameters
[0.615s] Level 1:colcon.colcon_core.package_discovery:discover_packages(prefix_path) discover
[0.631s] DEBUG:colcon.colcon_installed_package_information.package_discovery:Found 62 installed packages in /home/kousei/2DRoboPrac_ws/ros2_ws/install
[0.640s] DEBUG:colcon.colcon_installed_package_information.package_discovery:Found 413 installed packages in /opt/ros/humble
[0.641s] Level 1:colcon.colcon_core.package_discovery:discover_packages(prefix_path) using defaults
[0.707s] Level 5:colcon.colcon_core.verb:set package 'micro_ros_msgs' build argument 'cmake_args' from command line to 'None'
[0.707s] Level 5:colcon.colcon_core.verb:set package 'micro_ros_msgs' build argument 'cmake_target' from command line to 'None'
[0.707s] Level 5:colcon.colcon_core.verb:set package 'micro_ros_msgs' build argument 'cmake_target_skip_unavailable' from command line to 'False'
[0.707s] Level 5:colcon.colcon_core.verb:set package 'micro_ros_msgs' build argument 'cmake_clean_cache' from command line to 'False'
[0.707s] Level 5:colcon.colcon_core.verb:set package 'micro_ros_msgs' build argument 'cmake_clean_first' from command line to 'False'
[0.707s] Level 5:colcon.colcon_core.verb:set package 'micro_ros_msgs' build argument 'cmake_force_configure' from command line to 'False'
[0.707s] Level 5:colcon.colcon_core.verb:set package 'micro_ros_msgs' build argument 'ament_cmake_args' from command line to 'None'
[0.707s] Level 5:colcon.colcon_core.verb:set package 'micro_ros_msgs' build argument 'catkin_cmake_args' from command line to 'None'
[0.707s] Level 5:colcon.colcon_core.verb:set package 'micro_ros_msgs' build argument 'catkin_skip_building_tests' from command line to 'False'
[0.707s] DEBUG:colcon.colcon_core.verb:Building package 'micro_ros_msgs' with the following arguments: {'ament_cmake_args': None, 'build_base': '/home/kousei/2DRoboPrac_ws/uros_ws/build/micro_ros_msgs', 'catkin_cmake_args': None, 'catkin_skip_building_tests': False, 'cmake_args': None, 'cmake_clean_cache': False, 'cmake_clean_first': False, 'cmake_force_configure': False, 'cmake_target': None, 'cmake_target_skip_unavailable': False, 'install_base': '/home/kousei/2DRoboPrac_ws/uros_ws/install/micro_ros_msgs', 'merge_install': False, 'path': '/home/kousei/2DRoboPrac_ws/uros_ws/src/uros/micro_ros_msgs', 'symlink_install': False, 'test_result_base': None}
[0.714s] Level 5:colcon.colcon_core.verb:set package 'micro_ros_setup' build argument 'cmake_args' from command line to 'None'
[0.714s] Level 5:colcon.colcon_core.verb:set package 'micro_ros_setup' build argument 'cmake_target' from command line to 'None'
[0.714s] Level 5:colcon.colcon_core.verb:set package 'micro_ros_setup' build argument 'cmake_target_skip_unavailable' from command line to 'False'
[0.714s] Level 5:colcon.colcon_core.verb:set package 'micro_ros_setup' build argument 'cmake_clean_cache' from command line to 'False'
[0.714s] Level 5:colcon.colcon_core.verb:set package 'micro_ros_setup' build argument 'cmake_clean_first' from command line to 'False'
[0.714s] Level 5:colcon.colcon_core.verb:set package 'micro_ros_setup' build argument 'cmake_force_configure' from command line to 'False'
[0.714s] Level 5:colcon.colcon_core.verb:set package 'micro_ros_setup' build argument 'ament_cmake_args' from command line to 'None'
[0.714s] Level 5:colcon.colcon_core.verb:set package 'micro_ros_setup' build argument 'catkin_cmake_args' from command line to 'None'
[0.714s] Level 5:colcon.colcon_core.verb:set package 'micro_ros_setup' build argument 'catkin_skip_building_tests' from command line to 'False'
[0.714s] DEBUG:colcon.colcon_core.verb:Building package 'micro_ros_setup' with the following arguments: {'ament_cmake_args': None, 'build_base': '/home/kousei/2DRoboPrac_ws/uros_ws/build/micro_ros_setup', 'catkin_cmake_args': None, 'catkin_skip_building_tests': False, 'cmake_args': None, 'cmake_clean_cache': False, 'cmake_clean_first': False, 'cmake_force_configure': False, 'cmake_target': None, 'cmake_target_skip_unavailable': False, 'install_base': '/home/kousei/2DRoboPrac_ws/uros_ws/install/micro_ros_setup', 'merge_install': False, 'path': '/home/kousei/2DRoboPrac_ws/uros_ws/src/micro_ros_setup', 'symlink_install': False, 'test_result_base': None}
[0.721s] Level 5:colcon.colcon_core.verb:set package 'micro_ros_agent' build argument 'cmake_args' from command line to 'None'
[0.721s] Level 5:colcon.colcon_core.verb:set package 'micro_ros_agent' build argument 'cmake_target' from command line to 'None'
[0.721s] Level 5:colcon.colcon_core.verb:set package 'micro_ros_agent' build argument 'cmake_target_skip_unavailable' from command line to 'False'
[0.721s] Level 5:colcon.colcon_core.verb:set package 'micro_ros_agent' build argument 'cmake_clean_cache' from command line to 'False'
[0.721s] Level 5:colcon.colcon_core.verb:set package 'micro_ros_agent' build argument 'cmake_clean_first' from command line to 'False'
[0.721s] Level 5:colcon.colcon_core.verb:set package 'micro_ros_agent' build argument 'cmake_force_configure' from command line to 'False'
[0.721s] Level 5:colcon.colcon_core.verb:set package 'micro_ros_agent' build argument 'ament_cmake_args' from command line to 'None'
[0.721s] Level 5:colcon.colcon_core.verb:set package 'micro_ros_agent' build argument 'catkin_cmake_args' from command line to 'None'
[0.721s] Level 5:colcon.colcon_core.verb:set package 'micro_ros_agent' build argument 'catkin_skip_building_tests' from command line to 'False'
[0.721s] DEBUG:colcon.colcon_core.verb:Building package 'micro_ros_agent' with the following arguments: {'ament_cmake_args': None, 'build_base': '/home/kousei/2DRoboPrac_ws/uros_ws/build/micro_ros_agent', 'catkin_cmake_args': None, 'catkin_skip_building_tests': False, 'cmake_args': None, 'cmake_clean_cache': False, 'cmake_clean_first': False, 'cmake_force_configure': False, 'cmake_target': None, 'cmake_target_skip_unavailable': False, 'install_base': '/home/kousei/2DRoboPrac_ws/uros_ws/install/micro_ros_agent', 'merge_install': False, 'path': '/home/kousei/2DRoboPrac_ws/uros_ws/src/uros/micro-ROS-Agent/micro_ros_agent', 'symlink_install': False, 'test_result_base': None}
[0.728s] INFO:colcon.colcon_core.executor:Executing jobs using 'parallel' executor
[0.736s] DEBUG:colcon.colcon_parallel_executor.executor.parallel:run_until_complete
[0.736s] INFO:colcon.colcon_ros.task.ament_cmake.build:Building ROS package in '/home/kousei/2DRoboPrac_ws/uros_ws/src/uros/micro_ros_msgs' with build type 'ament_cmake'
[0.736s] INFO:colcon.colcon_cmake.task.cmake.build:Building CMake package in '/home/kousei/2DRoboPrac_ws/uros_ws/src/uros/micro_ros_msgs'
[0.744s] INFO:colcon.colcon_core.plugin_system:Skipping extension 'colcon_core.shell.bat': Not used on non-Windows systems
[0.744s] INFO:colcon.colcon_core.shell:Skip shell extension 'powershell' for command environment: Not usable outside of PowerShell
[0.744s] DEBUG:colcon.colcon_core.shell:Skip shell extension 'dsv' for command environment
[0.771s] INFO:colcon.colcon_ros.task.ament_cmake.build:Building ROS package in '/home/kousei/2DRoboPrac_ws/uros_ws/src/micro_ros_setup' with build type 'ament_cmake'
[0.771s] INFO:colcon.colcon_cmake.task.cmake.build:Building CMake package in '/home/kousei/2DRoboPrac_ws/uros_ws/src/micro_ros_setup'
[0.780s] INFO:colcon.colcon_core.shell:Skip shell extension 'powershell' for command environment: Not usable outside of PowerShell
[0.780s] DEBUG:colcon.colcon_core.shell:Skip shell extension 'dsv' for command environment
[0.814s] DEBUG:colcon.colcon_core.event_handler.log_command:Invoking command in '/home/kousei/2DRoboPrac_ws/uros_ws/build/micro_ros_msgs': CMAKE_PREFIX_PATH=${CMAKE_PREFIX_PATH}:/home/kousei/2DRoboPrac_ws/ros2_ws/install/rqt_joint_trajectory_controller:/home/kousei/2DRoboPrac_ws/ros2_ws/install/rqt_controller_manager:/home/kousei/2DRoboPrac_ws/ros2_ws/install/ros2controlcli:/home/kousei/2DRoboPrac_ws/ros2_ws/install/ros2_controllers_test_nodes:/opt/ros/humble /usr/bin/cmake --build /home/kousei/2DRoboPrac_ws/uros_ws/build/micro_ros_msgs -- -j16 -l16
[0.818s] DEBUG:colcon.colcon_core.event_handler.log_command:Invoking command in '/home/kousei/2DRoboPrac_ws/uros_ws/build/micro_ros_setup': CMAKE_PREFIX_PATH=${CMAKE_PREFIX_PATH}:/home/kousei/2DRoboPrac_ws/ros2_ws/install/rqt_joint_trajectory_controller:/home/kousei/2DRoboPrac_ws/ros2_ws/install/rqt_controller_manager:/home/kousei/2DRoboPrac_ws/ros2_ws/install/ros2controlcli:/home/kousei/2DRoboPrac_ws/ros2_ws/install/ros2_controllers_test_nodes:/opt/ros/humble /usr/bin/cmake --build /home/kousei/2DRoboPrac_ws/uros_ws/build/micro_ros_setup -- -j16 -l16
[0.851s] DEBUG:colcon.colcon_core.event_handler.log_command:Invoked command in '/home/kousei/2DRoboPrac_ws/uros_ws/build/micro_ros_setup' returned '0': CMAKE_PREFIX_PATH=${CMAKE_PREFIX_PATH}:/home/kousei/2DRoboPrac_ws/ros2_ws/install/rqt_joint_trajectory_controller:/home/kousei/2DRoboPrac_ws/ros2_ws/install/rqt_controller_manager:/home/kousei/2DRoboPrac_ws/ros2_ws/install/ros2controlcli:/home/kousei/2DRoboPrac_ws/ros2_ws/install/ros2_controllers_test_nodes:/opt/ros/humble /usr/bin/cmake --build /home/kousei/2DRoboPrac_ws/uros_ws/build/micro_ros_setup -- -j16 -l16
[0.892s] DEBUG:colcon.colcon_core.event_handler.log_command:Invoking command in '/home/kousei/2DRoboPrac_ws/uros_ws/build/micro_ros_setup': CMAKE_PREFIX_PATH=${CMAKE_PREFIX_PATH}:/home/kousei/2DRoboPrac_ws/ros2_ws/install/rqt_joint_trajectory_controller:/home/kousei/2DRoboPrac_ws/ros2_ws/install/rqt_controller_manager:/home/kousei/2DRoboPrac_ws/ros2_ws/install/ros2controlcli:/home/kousei/2DRoboPrac_ws/ros2_ws/install/ros2_controllers_test_nodes:/opt/ros/humble /usr/bin/cmake --install /home/kousei/2DRoboPrac_ws/uros_ws/build/micro_ros_setup
[0.910s] Level 1:colcon.colcon_core.environment:create_environment_scripts_only(micro_ros_setup)
[0.916s] DEBUG:colcon.colcon_core.event_handler.log_command:Invoked command in '/home/kousei/2DRoboPrac_ws/uros_ws/build/micro_ros_setup' returned '0': CMAKE_PREFIX_PATH=${CMAKE_PREFIX_PATH}:/home/kousei/2DRoboPrac_ws/ros2_ws/install/rqt_joint_trajectory_controller:/home/kousei/2DRoboPrac_ws/ros2_ws/install/rqt_controller_manager:/home/kousei/2DRoboPrac_ws/ros2_ws/install/ros2controlcli:/home/kousei/2DRoboPrac_ws/ros2_ws/install/ros2_controllers_test_nodes:/opt/ros/humble /usr/bin/cmake --install /home/kousei/2DRoboPrac_ws/uros_ws/build/micro_ros_setup
[0.926s] Level 1:colcon.colcon_core.environment:checking '/home/kousei/2DRoboPrac_ws/uros_ws/install/micro_ros_setup' for CMake module files
[0.927s] Level 1:colcon.colcon_core.environment:checking '/home/kousei/2DRoboPrac_ws/uros_ws/install/micro_ros_setup' for CMake config files
[0.927s] Level 1:colcon.colcon_core.shell:create_environment_hook('micro_ros_setup', 'cmake_prefix_path')
[0.935s] INFO:colcon.colcon_core.shell:Creating environment hook '/home/kousei/2DRoboPrac_ws/uros_ws/install/micro_ros_setup/share/micro_ros_setup/hook/cmake_prefix_path.ps1'
[0.935s] INFO:colcon.colcon_core.shell:Creating environment descriptor '/home/kousei/2DRoboPrac_ws/uros_ws/install/micro_ros_setup/share/micro_ros_setup/hook/cmake_prefix_path.dsv'
[0.936s] INFO:colcon.colcon_core.shell:Creating environment hook '/home/kousei/2DRoboPrac_ws/uros_ws/install/micro_ros_setup/share/micro_ros_setup/hook/cmake_prefix_path.sh'
[0.936s] Level 1:colcon.colcon_core.environment:checking '/home/kousei/2DRoboPrac_ws/uros_ws/install/micro_ros_setup/lib'
[0.937s] Level 1:colcon.colcon_core.environment:checking '/home/kousei/2DRoboPrac_ws/uros_ws/install/micro_ros_setup/bin'
[0.937s] Level 1:colcon.colcon_core.environment:checking '/home/kousei/2DRoboPrac_ws/uros_ws/install/micro_ros_setup/lib/pkgconfig/micro_ros_setup.pc'
[0.937s] Level 1:colcon.colcon_core.environment:checking '/home/kousei/2DRoboPrac_ws/uros_ws/install/micro_ros_setup/lib/python3.10/site-packages'
[0.937s] Level 1:colcon.colcon_core.environment:checking '/home/kousei/2DRoboPrac_ws/uros_ws/install/micro_ros_setup/bin'
[0.945s] INFO:colcon.colcon_core.shell:Creating package script '/home/kousei/2DRoboPrac_ws/uros_ws/install/micro_ros_setup/share/micro_ros_setup/package.ps1'
[0.946s] INFO:colcon.colcon_core.shell:Creating package descriptor '/home/kousei/2DRoboPrac_ws/uros_ws/install/micro_ros_setup/share/micro_ros_setup/package.dsv'
[0.946s] INFO:colcon.colcon_core.shell:Creating package script '/home/kousei/2DRoboPrac_ws/uros_ws/install/micro_ros_setup/share/micro_ros_setup/package.sh'
[0.946s] INFO:colcon.colcon_core.shell:Creating package script '/home/kousei/2DRoboPrac_ws/uros_ws/install/micro_ros_setup/share/micro_ros_setup/package.bash'
[0.947s] INFO:colcon.colcon_core.shell:Creating package script '/home/kousei/2DRoboPrac_ws/uros_ws/install/micro_ros_setup/share/micro_ros_setup/package.zsh'
[0.947s] Level 1:colcon.colcon_core.environment:create_file_with_runtime_dependencies(/home/kousei/2DRoboPrac_ws/uros_ws/install/micro_ros_setup/share/colcon-core/packages/micro_ros_setup)
[0.992s] Level 1:colcon.colcon_core.environment:create_environment_scripts_only(micro_ros_setup)
[1.000s] Level 1:colcon.colcon_core.environment:checking '/home/kousei/2DRoboPrac_ws/uros_ws/install/micro_ros_setup' for CMake module files
[1.000s] Level 1:colcon.colcon_core.environment:checking '/home/kousei/2DRoboPrac_ws/uros_ws/install/micro_ros_setup' for CMake config files
[1.000s] Level 1:colcon.colcon_core.shell:create_environment_hook('micro_ros_setup', 'cmake_prefix_path')
[1.008s] INFO:colcon.colcon_core.shell:Creating environment hook '/home/kousei/2DRoboPrac_ws/uros_ws/install/micro_ros_setup/share/micro_ros_setup/hook/cmake_prefix_path.ps1'
[1.008s] INFO:colcon.colcon_core.shell:Creating environment descriptor '/home/kousei/2DRoboPrac_ws/uros_ws/install/micro_ros_setup/share/micro_ros_setup/hook/cmake_prefix_path.dsv'
[1.008s] INFO:colcon.colcon_core.shell:Creating environment hook '/home/kousei/2DRoboPrac_ws/uros_ws/install/micro_ros_setup/share/micro_ros_setup/hook/cmake_prefix_path.sh'
[1.008s] Level 1:colcon.colcon_core.environment:checking '/home/kousei/2DRoboPrac_ws/uros_ws/install/micro_ros_setup/lib'
[1.008s] Level 1:colcon.colcon_core.environment:checking '/home/kousei/2DRoboPrac_ws/uros_ws/install/micro_ros_setup/bin'
[1.008s] Level 1:colcon.colcon_core.environment:checking '/home/kousei/2DRoboPrac_ws/uros_ws/install/micro_ros_setup/lib/pkgconfig/micro_ros_setup.pc'
[1.009s] Level 1:colcon.colcon_core.environment:checking '/home/kousei/2DRoboPrac_ws/uros_ws/install/micro_ros_setup/lib/python3.10/site-packages'
[1.009s] Level 1:colcon.colcon_core.environment:checking '/home/kousei/2DRoboPrac_ws/uros_ws/install/micro_ros_setup/bin'
[1.016s] INFO:colcon.colcon_core.shell:Creating package script '/home/kousei/2DRoboPrac_ws/uros_ws/install/micro_ros_setup/share/micro_ros_setup/package.ps1'
[1.016s] INFO:colcon.colcon_core.shell:Creating package descriptor '/home/kousei/2DRoboPrac_ws/uros_ws/install/micro_ros_setup/share/micro_ros_setup/package.dsv'
[1.017s] INFO:colcon.colcon_core.shell:Creating package script '/home/kousei/2DRoboPrac_ws/uros_ws/install/micro_ros_setup/share/micro_ros_setup/package.sh'
[1.017s] INFO:colcon.colcon_core.shell:Creating package script '/home/kousei/2DRoboPrac_ws/uros_ws/install/micro_ros_setup/share/micro_ros_setup/package.bash'
[1.017s] INFO:colcon.colcon_core.shell:Creating package script '/home/kousei/2DRoboPrac_ws/uros_ws/install/micro_ros_setup/share/micro_ros_setup/package.zsh'
[1.017s] Level 1:colcon.colcon_core.environment:create_file_with_runtime_dependencies(/home/kousei/2DRoboPrac_ws/uros_ws/install/micro_ros_setup/share/colcon-core/packages/micro_ros_setup)
[1.071s] DEBUG:colcon.colcon_core.event_handler.log_command:Invoked command in '/home/kousei/2DRoboPrac_ws/uros_ws/build/micro_ros_msgs' returned '0': CMAKE_PREFIX_PATH=${CMAKE_PREFIX_PATH}:/home/kousei/2DRoboPrac_ws/ros2_ws/install/rqt_joint_trajectory_controller:/home/kousei/2DRoboPrac_ws/ros2_ws/install/rqt_controller_manager:/home/kousei/2DRoboPrac_ws/ros2_ws/install/ros2controlcli:/home/kousei/2DRoboPrac_ws/ros2_ws/install/ros2_controllers_test_nodes:/opt/ros/humble /usr/bin/cmake --build /home/kousei/2DRoboPrac_ws/uros_ws/build/micro_ros_msgs -- -j16 -l16
[1.194s] DEBUG:colcon.colcon_core.event_handler.log_command:Invoking command in '/home/kousei/2DRoboPrac_ws/uros_ws/build/micro_ros_msgs': CMAKE_PREFIX_PATH=${CMAKE_PREFIX_PATH}:/home/kousei/2DRoboPrac_ws/ros2_ws/install/rqt_joint_trajectory_controller:/home/kousei/2DRoboPrac_ws/ros2_ws/install/rqt_controller_manager:/home/kousei/2DRoboPrac_ws/ros2_ws/install/ros2controlcli:/home/kousei/2DRoboPrac_ws/ros2_ws/install/ros2_controllers_test_nodes:/opt/ros/humble /usr/bin/cmake --install /home/kousei/2DRoboPrac_ws/uros_ws/build/micro_ros_msgs
[1.236s] Level 1:colcon.colcon_core.environment:create_environment_scripts_only(micro_ros_msgs)
[1.236s] DEBUG:colcon.colcon_core.event_handler.log_command:Invoked command in '/home/kousei/2DRoboPrac_ws/uros_ws/build/micro_ros_msgs' returned '0': CMAKE_PREFIX_PATH=${CMAKE_PREFIX_PATH}:/home/kousei/2DRoboPrac_ws/ros2_ws/install/rqt_joint_trajectory_controller:/home/kousei/2DRoboPrac_ws/ros2_ws/install/rqt_controller_manager:/home/kousei/2DRoboPrac_ws/ros2_ws/install/ros2controlcli:/home/kousei/2DRoboPrac_ws/ros2_ws/install/ros2_controllers_test_nodes:/opt/ros/humble /usr/bin/cmake --install /home/kousei/2DRoboPrac_ws/uros_ws/build/micro_ros_msgs
[1.251s] Level 1:colcon.colcon_core.environment:checking '/home/kousei/2DRoboPrac_ws/uros_ws/install/micro_ros_msgs' for CMake module files
[1.251s] Level 1:colcon.colcon_core.environment:checking '/home/kousei/2DRoboPrac_ws/uros_ws/install/micro_ros_msgs' for CMake config files
[1.252s] Level 1:colcon.colcon_core.shell:create_environment_hook('micro_ros_msgs', 'cmake_prefix_path')
[1.259s] INFO:colcon.colcon_core.shell:Creating environment hook '/home/kousei/2DRoboPrac_ws/uros_ws/install/micro_ros_msgs/share/micro_ros_msgs/hook/cmake_prefix_path.ps1'
[1.259s] INFO:colcon.colcon_core.shell:Creating environment descriptor '/home/kousei/2DRoboPrac_ws/uros_ws/install/micro_ros_msgs/share/micro_ros_msgs/hook/cmake_prefix_path.dsv'
[1.260s] INFO:colcon.colcon_core.shell:Creating environment hook '/home/kousei/2DRoboPrac_ws/uros_ws/install/micro_ros_msgs/share/micro_ros_msgs/hook/cmake_prefix_path.sh'
[1.260s] Level 1:colcon.colcon_core.environment:checking '/home/kousei/2DRoboPrac_ws/uros_ws/install/micro_ros_msgs/lib'
[1.260s] Level 1:colcon.colcon_core.shell:create_environment_hook('micro_ros_msgs', 'ld_library_path_lib')
[1.268s] INFO:colcon.colcon_core.shell:Creating environment hook '/home/kousei/2DRoboPrac_ws/uros_ws/install/micro_ros_msgs/share/micro_ros_msgs/hook/ld_library_path_lib.ps1'
[1.268s] INFO:colcon.colcon_core.shell:Creating environment descriptor '/home/kousei/2DRoboPrac_ws/uros_ws/install/micro_ros_msgs/share/micro_ros_msgs/hook/ld_library_path_lib.dsv'
[1.268s] INFO:colcon.colcon_core.shell:Creating environment hook '/home/kousei/2DRoboPrac_ws/uros_ws/install/micro_ros_msgs/share/micro_ros_msgs/hook/ld_library_path_lib.sh'
[1.268s] Level 1:colcon.colcon_core.environment:checking '/home/kousei/2DRoboPrac_ws/uros_ws/install/micro_ros_msgs/bin'
[1.268s] Level 1:colcon.colcon_core.environment:checking '/home/kousei/2DRoboPrac_ws/uros_ws/install/micro_ros_msgs/lib/pkgconfig/micro_ros_msgs.pc'
[1.269s] Level 1:colcon.colcon_core.environment:checking '/home/kousei/2DRoboPrac_ws/uros_ws/install/micro_ros_msgs/lib/python3.10/site-packages'
[1.269s] Level 1:colcon.colcon_core.environment:checking '/home/kousei/2DRoboPrac_ws/uros_ws/install/micro_ros_msgs/bin'
[1.275s] INFO:colcon.colcon_core.shell:Creating package script '/home/kousei/2DRoboPrac_ws/uros_ws/install/micro_ros_msgs/share/micro_ros_msgs/package.ps1'
[1.275s] INFO:colcon.colcon_core.shell:Creating package descriptor '/home/kousei/2DRoboPrac_ws/uros_ws/install/micro_ros_msgs/share/micro_ros_msgs/package.dsv'
[1.276s] INFO:colcon.colcon_core.shell:Creating package script '/home/kousei/2DRoboPrac_ws/uros_ws/install/micro_ros_msgs/share/micro_ros_msgs/package.sh'
[1.276s] INFO:colcon.colcon_core.shell:Creating package script '/home/kousei/2DRoboPrac_ws/uros_ws/install/micro_ros_msgs/share/micro_ros_msgs/package.bash'
[1.276s] INFO:colcon.colcon_core.shell:Creating package script '/home/kousei/2DRoboPrac_ws/uros_ws/install/micro_ros_msgs/share/micro_ros_msgs/package.zsh'
[1.276s] Level 1:colcon.colcon_core.environment:create_file_with_runtime_dependencies(/home/kousei/2DRoboPrac_ws/uros_ws/install/micro_ros_msgs/share/colcon-core/packages/micro_ros_msgs)
[1.399s] Level 1:colcon.colcon_core.environment:create_environment_scripts_only(micro_ros_msgs)
[1.406s] Level 1:colcon.colcon_core.environment:checking '/home/kousei/2DRoboPrac_ws/uros_ws/install/micro_ros_msgs' for CMake module files
[1.407s] Level 1:colcon.colcon_core.environment:checking '/home/kousei/2DRoboPrac_ws/uros_ws/install/micro_ros_msgs' for CMake config files
[1.407s] Level 1:colcon.colcon_core.shell:create_environment_hook('micro_ros_msgs', 'cmake_prefix_path')
[1.414s] INFO:colcon.colcon_core.shell:Creating environment hook '/home/kousei/2DRoboPrac_ws/uros_ws/install/micro_ros_msgs/share/micro_ros_msgs/hook/cmake_prefix_path.ps1'
[1.415s] INFO:colcon.colcon_core.shell:Creating environment descriptor '/home/kousei/2DRoboPrac_ws/uros_ws/install/micro_ros_msgs/share/micro_ros_msgs/hook/cmake_prefix_path.dsv'
[1.415s] INFO:colcon.colcon_core.shell:Creating environment hook '/home/kousei/2DRoboPrac_ws/uros_ws/install/micro_ros_msgs/share/micro_ros_msgs/hook/cmake_prefix_path.sh'
[1.415s] Level 1:colcon.colcon_core.environment:checking '/home/kousei/2DRoboPrac_ws/uros_ws/install/micro_ros_msgs/lib'
[1.415s] Level 1:colcon.colcon_core.shell:create_environment_hook('micro_ros_msgs', 'ld_library_path_lib')
[1.422s] INFO:colcon.colcon_core.shell:Creating environment hook '/home/kousei/2DRoboPrac_ws/uros_ws/install/micro_ros_msgs/share/micro_ros_msgs/hook/ld_library_path_lib.ps1'
[1.422s] INFO:colcon.colcon_core.shell:Creating environment descriptor '/home/kousei/2DRoboPrac_ws/uros_ws/install/micro_ros_msgs/share/micro_ros_msgs/hook/ld_library_path_lib.dsv'
[1.422s] INFO:colcon.colcon_core.shell:Creating environment hook '/home/kousei/2DRoboPrac_ws/uros_ws/install/micro_ros_msgs/share/micro_ros_msgs/hook/ld_library_path_lib.sh'
[1.423s] Level 1:colcon.colcon_core.environment:checking '/home/kousei/2DRoboPrac_ws/uros_ws/install/micro_ros_msgs/bin'
[1.423s] Level 1:colcon.colcon_core.environment:checking '/home/kousei/2DRoboPrac_ws/uros_ws/install/micro_ros_msgs/lib/pkgconfig/micro_ros_msgs.pc'
[1.423s] Level 1:colcon.colcon_core.environment:checking '/home/kousei/2DRoboPrac_ws/uros_ws/install/micro_ros_msgs/lib/python3.10/site-packages'
[1.423s] Level 1:colcon.colcon_core.environment:checking '/home/kousei/2DRoboPrac_ws/uros_ws/install/micro_ros_msgs/bin'
[1.430s] INFO:colcon.colcon_core.shell:Creating package script '/home/kousei/2DRoboPrac_ws/uros_ws/install/micro_ros_msgs/share/micro_ros_msgs/package.ps1'
[1.430s] INFO:colcon.colcon_core.shell:Creating package descriptor '/home/kousei/2DRoboPrac_ws/uros_ws/install/micro_ros_msgs/share/micro_ros_msgs/package.dsv'
[1.430s] INFO:colcon.colcon_core.shell:Creating package script '/home/kousei/2DRoboPrac_ws/uros_ws/install/micro_ros_msgs/share/micro_ros_msgs/package.sh'
[1.431s] INFO:colcon.colcon_core.shell:Creating package script '/home/kousei/2DRoboPrac_ws/uros_ws/install/micro_ros_msgs/share/micro_ros_msgs/package.bash'
[1.431s] INFO:colcon.colcon_core.shell:Creating package script '/home/kousei/2DRoboPrac_ws/uros_ws/install/micro_ros_msgs/share/micro_ros_msgs/package.zsh'
[1.431s] Level 1:colcon.colcon_core.environment:create_file_with_runtime_dependencies(/home/kousei/2DRoboPrac_ws/uros_ws/install/micro_ros_msgs/share/colcon-core/packages/micro_ros_msgs)
[1.431s] INFO:colcon.colcon_ros.task.ament_cmake.build:Building ROS package in '/home/kousei/2DRoboPrac_ws/uros_ws/src/uros/micro-ROS-Agent/micro_ros_agent' with build type 'ament_cmake'
[1.431s] INFO:colcon.colcon_cmake.task.cmake.build:Building CMake package in '/home/kousei/2DRoboPrac_ws/uros_ws/src/uros/micro-ROS-Agent/micro_ros_agent'
[1.439s] INFO:colcon.colcon_core.shell:Skip shell extension 'powershell' for command environment: Not usable outside of PowerShell
[1.439s] DEBUG:colcon.colcon_core.shell:Skip shell extension 'dsv' for command environment
[1.477s] DEBUG:colcon.colcon_core.event_handler.log_command:Invoking command in '/home/kousei/2DRoboPrac_ws/uros_ws/build/micro_ros_agent': AMENT_PREFIX_PATH=/home/kousei/2DRoboPrac_ws/uros_ws/install/micro_ros_msgs:${AMENT_PREFIX_PATH} CMAKE_PREFIX_PATH=/home/kousei/2DRoboPrac_ws/uros_ws/install/micro_ros_msgs:/home/kousei/2DRoboPrac_ws/ros2_ws/install/gazebo_ros2_control_demos:/home/kousei/2DRoboPrac_ws/ros2_ws/install/ros2_controllers:/home/kousei/2DRoboPrac_ws/ros2_ws/install/ign_ros2_control_demos:/home/kousei/2DRoboPrac_ws/ros2_ws/install/velocity_controllers:/home/kousei/2DRoboPrac_ws/ros2_ws/install/urg_node2:/home/kousei/2DRoboPrac_ws/ros2_ws/install/tricycle_steering_controller:/home/kousei/2DRoboPrac_ws/ros2_ws/install/tricycle_controller:/home/kousei/2DRoboPrac_ws/ros2_ws/install/ros2_control_demos:/home/kousei/2DRoboPrac_ws/ros2_ws/install/ros2_control_demo_example_8:/home/kousei/2DRoboPrac_ws/ros2_ws/install/ros2_control:/home/kousei/2DRoboPrac_ws/ros2_ws/install/transmission_interface:/home/kousei/2DRoboPrac_ws/ros2_ws/install/tf2_real:/home/kousei/2DRoboPrac_ws/ros2_ws/install/bicycle_steering_controller:/home/kousei/2DRoboPrac_ws/ros2_ws/install/ackermann_steering_controller:/home/kousei/2DRoboPrac_ws/ros2_ws/install/steering_controllers_library:/home/kousei/2DRoboPrac_ws/ros2_ws/install/ros2_control_demo_example_9:/home/kousei/2DRoboPrac_ws/ros2_ws/install/ros2_control_demo_example_7:/home/kousei/2DRoboPrac_ws/ros2_ws/install/ros2_control_demo_example_6:/home/kousei/2DRoboPrac_ws/ros2_ws/install/ros2_control_demo_example_5:/home/kousei/2DRoboPrac_ws/ros2_ws/install/ros2_control_demo_example_4:/home/kousei/2DRoboPrac_ws/ros2_ws/install/ros2_control_demo_example_3:/home/kousei/2DRoboPrac_ws/ros2_ws/install/ros2_control_demo_example_2:/home/kousei/2DRoboPrac_ws/ros2_ws/install/ros2_control_demo_example_14:/home/kousei/2DRoboPrac_ws/ros2_ws/install/ros2_control_demo_example_12:/home/kousei/2DRoboPrac_ws/ros2_ws/install/ros2_control_demo_example_10:/home/kousei/2DRoboPrac_ws/ros2_ws/install/ros2_control_demo_example_1:/home/kousei/2DRoboPrac_ws/ros2_ws/install/gz_ros2_control_tests:/home/kousei/2DRoboPrac_ws/ros2_ws/install/ign_ros2_control:/home/kousei/2DRoboPrac_ws/ros2_ws/install/gazebo_ros2_control:/home/kousei/2DRoboPrac_ws/ros2_ws/install/controller_manager:/home/kousei/2DRoboPrac_ws/ros2_ws/install/ros2_control_test_assets:/home/kousei/2DRoboPrac_ws/ros2_ws/install/ros2_control_demo_description:/home/kousei/2DRoboPrac_ws/ros2_ws/install/range_sensor_broadcaster:/home/kousei/2DRoboPrac_ws/ros2_ws/install/position_controllers:/home/kousei/2DRoboPrac_ws/ros2_ws/install/admittance_controller:/home/kousei/2DRoboPrac_ws/ros2_ws/install/joint_trajectory_controller:/home/kousei/2DRoboPrac_ws/ros2_ws/install/joint_state_broadcaster:/home/kousei/2DRoboPrac_ws/ros2_ws/install/imu_sensor_broadcaster:/home/kousei/2DRoboPrac_ws/ros2_ws/install/gripper_controllers:/home/kousei/2DRoboPrac_ws/ros2_ws/install/effort_controllers:/home/kousei/2DRoboPrac_ws/ros2_ws/install/forward_command_controller:/home/kousei/2DRoboPrac_ws/ros2_ws/install/force_torque_sensor_broadcaster:/home/kousei/2DRoboPrac_ws/ros2_ws/install/diff_drive_controller:/home/kousei/2DRoboPrac_ws/ros2_ws/install/control_toolbox:/home/kousei/2DRoboPrac_ws/ros2_ws/install/realtime_tools:/home/kousei/2DRoboPrac_ws/ros2_ws/install/nav_real:/home/kousei/2DRoboPrac_ws/ros2_ws/install/nav_dev:/home/kousei/2DRoboPrac_ws/ros2_ws/install/learning_tf2_cpp:/home/kousei/2DRoboPrac_ws/ros2_ws/install/kinematics_interface_kdl:/home/kousei/2DRoboPrac_ws/ros2_ws/install/kinematics_interface:/home/kousei/2DRoboPrac_ws/ros2_ws/install/key_event_nodes:/home/kousei/2DRoboPrac_ws/ros2_ws/install/key_event_msgs:/home/kousei/2DRoboPrac_ws/ros2_ws/install/joint_limits:/home/kousei/2DRoboPrac_ws/ros2_ws/install/controller_interface:/home/kousei/2DRoboPrac_ws/ros2_ws/install/hardware_interface:/home/kousei/2DRoboPrac_ws/ros2_ws/install/drive_msgs:/home/kousei/2DRoboPrac_ws/ros2_ws/install/controller_manager_msgs:/home/kousei/2DRoboPrac_ws/ros2_ws/install/control_msgs:/home/kousei/2DRoboPrac_ws/ros2_ws/install/rqt_joint_trajectory_controller:/home/kousei/2DRoboPrac_ws/ros2_ws/install/rqt_controller_manager:/home/kousei/2DRoboPrac_ws/ros2_ws/install/ros2controlcli:/home/kousei/2DRoboPrac_ws/ros2_ws/install/ros2_controllers_test_nodes:/opt/ros/humble LD_LIBRARY_PATH=/home/kousei/2DRoboPrac_ws/uros_ws/install/micro_ros_msgs/lib:${LD_LIBRARY_PATH} PYTHONPATH=/home/kousei/2DRoboPrac_ws/uros_ws/install/micro_ros_msgs/local/lib/python3.10/dist-packages:${PYTHONPATH} /usr/bin/cmake --build /home/kousei/2DRoboPrac_ws/uros_ws/build/micro_ros_agent -- -j16 -l16
[1.541s] DEBUG:colcon.colcon_core.event_handler.log_command:Invoked command in '/home/kousei/2DRoboPrac_ws/uros_ws/build/micro_ros_agent' returned '0': AMENT_PREFIX_PATH=/home/kousei/2DRoboPrac_ws/uros_ws/install/micro_ros_msgs:${AMENT_PREFIX_PATH} CMAKE_PREFIX_PATH=/home/kousei/2DRoboPrac_ws/uros_ws/install/micro_ros_msgs:/home/kousei/2DRoboPrac_ws/ros2_ws/install/gazebo_ros2_control_demos:/home/kousei/2DRoboPrac_ws/ros2_ws/install/ros2_controllers:/home/kousei/2DRoboPrac_ws/ros2_ws/install/ign_ros2_control_demos:/home/kousei/2DRoboPrac_ws/ros2_ws/install/velocity_controllers:/home/kousei/2DRoboPrac_ws/ros2_ws/install/urg_node2:/home/kousei/2DRoboPrac_ws/ros2_ws/install/tricycle_steering_controller:/home/kousei/2DRoboPrac_ws/ros2_ws/install/tricycle_controller:/home/kousei/2DRoboPrac_ws/ros2_ws/install/ros2_control_demos:/home/kousei/2DRoboPrac_ws/ros2_ws/install/ros2_control_demo_example_8:/home/kousei/2DRoboPrac_ws/ros2_ws/install/ros2_control:/home/kousei/2DRoboPrac_ws/ros2_ws/install/transmission_interface:/home/kousei/2DRoboPrac_ws/ros2_ws/install/tf2_real:/home/kousei/2DRoboPrac_ws/ros2_ws/install/bicycle_steering_controller:/home/kousei/2DRoboPrac_ws/ros2_ws/install/ackermann_steering_controller:/home/kousei/2DRoboPrac_ws/ros2_ws/install/steering_controllers_library:/home/kousei/2DRoboPrac_ws/ros2_ws/install/ros2_control_demo_example_9:/home/kousei/2DRoboPrac_ws/ros2_ws/install/ros2_control_demo_example_7:/home/kousei/2DRoboPrac_ws/ros2_ws/install/ros2_control_demo_example_6:/home/kousei/2DRoboPrac_ws/ros2_ws/install/ros2_control_demo_example_5:/home/kousei/2DRoboPrac_ws/ros2_ws/install/ros2_control_demo_example_4:/home/kousei/2DRoboPrac_ws/ros2_ws/install/ros2_control_demo_example_3:/home/kousei/2DRoboPrac_ws/ros2_ws/install/ros2_control_demo_example_2:/home/kousei/2DRoboPrac_ws/ros2_ws/install/ros2_control_demo_example_14:/home/kousei/2DRoboPrac_ws/ros2_ws/install/ros2_control_demo_example_12:/home/kousei/2DRoboPrac_ws/ros2_ws/install/ros2_control_demo_example_10:/home/kousei/2DRoboPrac_ws/ros2_ws/install/ros2_control_demo_example_1:/home/kousei/2DRoboPrac_ws/ros2_ws/install/gz_ros2_control_tests:/home/kousei/2DRoboPrac_ws/ros2_ws/install/ign_ros2_control:/home/kousei/2DRoboPrac_ws/ros2_ws/install/gazebo_ros2_control:/home/kousei/2DRoboPrac_ws/ros2_ws/install/controller_manager:/home/kousei/2DRoboPrac_ws/ros2_ws/install/ros2_control_test_assets:/home/kousei/2DRoboPrac_ws/ros2_ws/install/ros2_control_demo_description:/home/kousei/2DRoboPrac_ws/ros2_ws/install/range_sensor_broadcaster:/home/kousei/2DRoboPrac_ws/ros2_ws/install/position_controllers:/home/kousei/2DRoboPrac_ws/ros2_ws/install/admittance_controller:/home/kousei/2DRoboPrac_ws/ros2_ws/install/joint_trajectory_controller:/home/kousei/2DRoboPrac_ws/ros2_ws/install/joint_state_broadcaster:/home/kousei/2DRoboPrac_ws/ros2_ws/install/imu_sensor_broadcaster:/home/kousei/2DRoboPrac_ws/ros2_ws/install/gripper_controllers:/home/kousei/2DRoboPrac_ws/ros2_ws/install/effort_controllers:/home/kousei/2DRoboPrac_ws/ros2_ws/install/forward_command_controller:/home/kousei/2DRoboPrac_ws/ros2_ws/install/force_torque_sensor_broadcaster:/home/kousei/2DRoboPrac_ws/ros2_ws/install/diff_drive_controller:/home/kousei/2DRoboPrac_ws/ros2_ws/install/control_toolbox:/home/kousei/2DRoboPrac_ws/ros2_ws/install/realtime_tools:/home/kousei/2DRoboPrac_ws/ros2_ws/install/nav_real:/home/kousei/2DRoboPrac_ws/ros2_ws/install/nav_dev:/home/kousei/2DRoboPrac_ws/ros2_ws/install/learning_tf2_cpp:/home/kousei/2DRoboPrac_ws/ros2_ws/install/kinematics_interface_kdl:/home/kousei/2DRoboPrac_ws/ros2_ws/install/kinematics_interface:/home/kousei/2DRoboPrac_ws/ros2_ws/install/key_event_nodes:/home/kousei/2DRoboPrac_ws/ros2_ws/install/key_event_msgs:/home/kousei/2DRoboPrac_ws/ros2_ws/install/joint_limits:/home/kousei/2DRoboPrac_ws/ros2_ws/install/controller_interface:/home/kousei/2DRoboPrac_ws/ros2_ws/install/hardware_interface:/home/kousei/2DRoboPrac_ws/ros2_ws/install/drive_msgs:/home/kousei/2DRoboPrac_ws/ros2_ws/install/controller_manager_msgs:/home/kousei/2DRoboPrac_ws/ros2_ws/install/control_msgs:/home/kousei/2DRoboPrac_ws/ros2_ws/install/rqt_joint_trajectory_controller:/home/kousei/2DRoboPrac_ws/ros2_ws/install/rqt_controller_manager:/home/kousei/2DRoboPrac_ws/ros2_ws/install/ros2controlcli:/home/kousei/2DRoboPrac_ws/ros2_ws/install/ros2_controllers_test_nodes:/opt/ros/humble LD_LIBRARY_PATH=/home/kousei/2DRoboPrac_ws/uros_ws/install/micro_ros_msgs/lib:${LD_LIBRARY_PATH} PYTHONPATH=/home/kousei/2DRoboPrac_ws/uros_ws/install/micro_ros_msgs/local/lib/python3.10/dist-packages:${PYTHONPATH} /usr/bin/cmake --build /home/kousei/2DRoboPrac_ws/uros_ws/build/micro_ros_agent -- -j16 -l16
[1.583s] DEBUG:colcon.colcon_core.event_handler.log_command:Invoking command in '/home/kousei/2DRoboPrac_ws/uros_ws/build/micro_ros_agent': AMENT_PREFIX_PATH=/home/kousei/2DRoboPrac_ws/uros_ws/install/micro_ros_msgs:${AMENT_PREFIX_PATH} CMAKE_PREFIX_PATH=/home/kousei/2DRoboPrac_ws/uros_ws/install/micro_ros_msgs:/home/kousei/2DRoboPrac_ws/ros2_ws/install/gazebo_ros2_control_demos:/home/kousei/2DRoboPrac_ws/ros2_ws/install/ros2_controllers:/home/kousei/2DRoboPrac_ws/ros2_ws/install/ign_ros2_control_demos:/home/kousei/2DRoboPrac_ws/ros2_ws/install/velocity_controllers:/home/kousei/2DRoboPrac_ws/ros2_ws/install/urg_node2:/home/kousei/2DRoboPrac_ws/ros2_ws/install/tricycle_steering_controller:/home/kousei/2DRoboPrac_ws/ros2_ws/install/tricycle_controller:/home/kousei/2DRoboPrac_ws/ros2_ws/install/ros2_control_demos:/home/kousei/2DRoboPrac_ws/ros2_ws/install/ros2_control_demo_example_8:/home/kousei/2DRoboPrac_ws/ros2_ws/install/ros2_control:/home/kousei/2DRoboPrac_ws/ros2_ws/install/transmission_interface:/home/kousei/2DRoboPrac_ws/ros2_ws/install/tf2_real:/home/kousei/2DRoboPrac_ws/ros2_ws/install/bicycle_steering_controller:/home/kousei/2DRoboPrac_ws/ros2_ws/install/ackermann_steering_controller:/home/kousei/2DRoboPrac_ws/ros2_ws/install/steering_controllers_library:/home/kousei/2DRoboPrac_ws/ros2_ws/install/ros2_control_demo_example_9:/home/kousei/2DRoboPrac_ws/ros2_ws/install/ros2_control_demo_example_7:/home/kousei/2DRoboPrac_ws/ros2_ws/install/ros2_control_demo_example_6:/home/kousei/2DRoboPrac_ws/ros2_ws/install/ros2_control_demo_example_5:/home/kousei/2DRoboPrac_ws/ros2_ws/install/ros2_control_demo_example_4:/home/kousei/2DRoboPrac_ws/ros2_ws/install/ros2_control_demo_example_3:/home/kousei/2DRoboPrac_ws/ros2_ws/install/ros2_control_demo_example_2:/home/kousei/2DRoboPrac_ws/ros2_ws/install/ros2_control_demo_example_14:/home/kousei/2DRoboPrac_ws/ros2_ws/install/ros2_control_demo_example_12:/home/kousei/2DRoboPrac_ws/ros2_ws/install/ros2_control_demo_example_10:/home/kousei/2DRoboPrac_ws/ros2_ws/install/ros2_control_demo_example_1:/home/kousei/2DRoboPrac_ws/ros2_ws/install/gz_ros2_control_tests:/home/kousei/2DRoboPrac_ws/ros2_ws/install/ign_ros2_control:/home/kousei/2DRoboPrac_ws/ros2_ws/install/gazebo_ros2_control:/home/kousei/2DRoboPrac_ws/ros2_ws/install/controller_manager:/home/kousei/2DRoboPrac_ws/ros2_ws/install/ros2_control_test_assets:/home/kousei/2DRoboPrac_ws/ros2_ws/install/ros2_control_demo_description:/home/kousei/2DRoboPrac_ws/ros2_ws/install/range_sensor_broadcaster:/home/kousei/2DRoboPrac_ws/ros2_ws/install/position_controllers:/home/kousei/2DRoboPrac_ws/ros2_ws/install/admittance_controller:/home/kousei/2DRoboPrac_ws/ros2_ws/install/joint_trajectory_controller:/home/kousei/2DRoboPrac_ws/ros2_ws/install/joint_state_broadcaster:/home/kousei/2DRoboPrac_ws/ros2_ws/install/imu_sensor_broadcaster:/home/kousei/2DRoboPrac_ws/ros2_ws/install/gripper_controllers:/home/kousei/2DRoboPrac_ws/ros2_ws/install/effort_controllers:/home/kousei/2DRoboPrac_ws/ros2_ws/install/forward_command_controller:/home/kousei/2DRoboPrac_ws/ros2_ws/install/force_torque_sensor_broadcaster:/home/kousei/2DRoboPrac_ws/ros2_ws/install/diff_drive_controller:/home/kousei/2DRoboPrac_ws/ros2_ws/install/control_toolbox:/home/kousei/2DRoboPrac_ws/ros2_ws/install/realtime_tools:/home/kousei/2DRoboPrac_ws/ros2_ws/install/nav_real:/home/kousei/2DRoboPrac_ws/ros2_ws/install/nav_dev:/home/kousei/2DRoboPrac_ws/ros2_ws/install/learning_tf2_cpp:/home/kousei/2DRoboPrac_ws/ros2_ws/install/kinematics_interface_kdl:/home/kousei/2DRoboPrac_ws/ros2_ws/install/kinematics_interface:/home/kousei/2DRoboPrac_ws/ros2_ws/install/key_event_nodes:/home/kousei/2DRoboPrac_ws/ros2_ws/install/key_event_msgs:/home/kousei/2DRoboPrac_ws/ros2_ws/install/joint_limits:/home/kousei/2DRoboPrac_ws/ros2_ws/install/controller_interface:/home/kousei/2DRoboPrac_ws/ros2_ws/install/hardware_interface:/home/kousei/2DRoboPrac_ws/ros2_ws/install/drive_msgs:/home/kousei/2DRoboPrac_ws/ros2_ws/install/controller_manager_msgs:/home/kousei/2DRoboPrac_ws/ros2_ws/install/control_msgs:/home/kousei/2DRoboPrac_ws/ros2_ws/install/rqt_joint_trajectory_controller:/home/kousei/2DRoboPrac_ws/ros2_ws/install/rqt_controller_manager:/home/kousei/2DRoboPrac_ws/ros2_ws/install/ros2controlcli:/home/kousei/2DRoboPrac_ws/ros2_ws/install/ros2_controllers_test_nodes:/opt/ros/humble LD_LIBRARY_PATH=/home/kousei/2DRoboPrac_ws/uros_ws/install/micro_ros_msgs/lib:${LD_LIBRARY_PATH} PYTHONPATH=/home/kousei/2DRoboPrac_ws/uros_ws/install/micro_ros_msgs/local/lib/python3.10/dist-packages:${PYTHONPATH} /usr/bin/cmake --install /home/kousei/2DRoboPrac_ws/uros_ws/build/micro_ros_agent
[1.592s] Level 1:colcon.colcon_core.environment:create_environment_scripts_only(micro_ros_agent)
[1.592s] DEBUG:colcon.colcon_core.event_handler.log_command:Invoked command in '/home/kousei/2DRoboPrac_ws/uros_ws/build/micro_ros_agent' returned '0': AMENT_PREFIX_PATH=/home/kousei/2DRoboPrac_ws/uros_ws/install/micro_ros_msgs:${AMENT_PREFIX_PATH} CMAKE_PREFIX_PATH=/home/kousei/2DRoboPrac_ws/uros_ws/install/micro_ros_msgs:/home/kousei/2DRoboPrac_ws/ros2_ws/install/gazebo_ros2_control_demos:/home/kousei/2DRoboPrac_ws/ros2_ws/install/ros2_controllers:/home/kousei/2DRoboPrac_ws/ros2_ws/install/ign_ros2_control_demos:/home/kousei/2DRoboPrac_ws/ros2_ws/install/velocity_controllers:/home/kousei/2DRoboPrac_ws/ros2_ws/install/urg_node2:/home/kousei/2DRoboPrac_ws/ros2_ws/install/tricycle_steering_controller:/home/kousei/2DRoboPrac_ws/ros2_ws/install/tricycle_controller:/home/kousei/2DRoboPrac_ws/ros2_ws/install/ros2_control_demos:/home/kousei/2DRoboPrac_ws/ros2_ws/install/ros2_control_demo_example_8:/home/kousei/2DRoboPrac_ws/ros2_ws/install/ros2_control:/home/kousei/2DRoboPrac_ws/ros2_ws/install/transmission_interface:/home/kousei/2DRoboPrac_ws/ros2_ws/install/tf2_real:/home/kousei/2DRoboPrac_ws/ros2_ws/install/bicycle_steering_controller:/home/kousei/2DRoboPrac_ws/ros2_ws/install/ackermann_steering_controller:/home/kousei/2DRoboPrac_ws/ros2_ws/install/steering_controllers_library:/home/kousei/2DRoboPrac_ws/ros2_ws/install/ros2_control_demo_example_9:/home/kousei/2DRoboPrac_ws/ros2_ws/install/ros2_control_demo_example_7:/home/kousei/2DRoboPrac_ws/ros2_ws/install/ros2_control_demo_example_6:/home/kousei/2DRoboPrac_ws/ros2_ws/install/ros2_control_demo_example_5:/home/kousei/2DRoboPrac_ws/ros2_ws/install/ros2_control_demo_example_4:/home/kousei/2DRoboPrac_ws/ros2_ws/install/ros2_control_demo_example_3:/home/kousei/2DRoboPrac_ws/ros2_ws/install/ros2_control_demo_example_2:/home/kousei/2DRoboPrac_ws/ros2_ws/install/ros2_control_demo_example_14:/home/kousei/2DRoboPrac_ws/ros2_ws/install/ros2_control_demo_example_12:/home/kousei/2DRoboPrac_ws/ros2_ws/install/ros2_control_demo_example_10:/home/kousei/2DRoboPrac_ws/ros2_ws/install/ros2_control_demo_example_1:/home/kousei/2DRoboPrac_ws/ros2_ws/install/gz_ros2_control_tests:/home/kousei/2DRoboPrac_ws/ros2_ws/install/ign_ros2_control:/home/kousei/2DRoboPrac_ws/ros2_ws/install/gazebo_ros2_control:/home/kousei/2DRoboPrac_ws/ros2_ws/install/controller_manager:/home/kousei/2DRoboPrac_ws/ros2_ws/install/ros2_control_test_assets:/home/kousei/2DRoboPrac_ws/ros2_ws/install/ros2_control_demo_description:/home/kousei/2DRoboPrac_ws/ros2_ws/install/range_sensor_broadcaster:/home/kousei/2DRoboPrac_ws/ros2_ws/install/position_controllers:/home/kousei/2DRoboPrac_ws/ros2_ws/install/admittance_controller:/home/kousei/2DRoboPrac_ws/ros2_ws/install/joint_trajectory_controller:/home/kousei/2DRoboPrac_ws/ros2_ws/install/joint_state_broadcaster:/home/kousei/2DRoboPrac_ws/ros2_ws/install/imu_sensor_broadcaster:/home/kousei/2DRoboPrac_ws/ros2_ws/install/gripper_controllers:/home/kousei/2DRoboPrac_ws/ros2_ws/install/effort_controllers:/home/kousei/2DRoboPrac_ws/ros2_ws/install/forward_command_controller:/home/kousei/2DRoboPrac_ws/ros2_ws/install/force_torque_sensor_broadcaster:/home/kousei/2DRoboPrac_ws/ros2_ws/install/diff_drive_controller:/home/kousei/2DRoboPrac_ws/ros2_ws/install/control_toolbox:/home/kousei/2DRoboPrac_ws/ros2_ws/install/realtime_tools:/home/kousei/2DRoboPrac_ws/ros2_ws/install/nav_real:/home/kousei/2DRoboPrac_ws/ros2_ws/install/nav_dev:/home/kousei/2DRoboPrac_ws/ros2_ws/install/learning_tf2_cpp:/home/kousei/2DRoboPrac_ws/ros2_ws/install/kinematics_interface_kdl:/home/kousei/2DRoboPrac_ws/ros2_ws/install/kinematics_interface:/home/kousei/2DRoboPrac_ws/ros2_ws/install/key_event_nodes:/home/kousei/2DRoboPrac_ws/ros2_ws/install/key_event_msgs:/home/kousei/2DRoboPrac_ws/ros2_ws/install/joint_limits:/home/kousei/2DRoboPrac_ws/ros2_ws/install/controller_interface:/home/kousei/2DRoboPrac_ws/ros2_ws/install/hardware_interface:/home/kousei/2DRoboPrac_ws/ros2_ws/install/drive_msgs:/home/kousei/2DRoboPrac_ws/ros2_ws/install/controller_manager_msgs:/home/kousei/2DRoboPrac_ws/ros2_ws/install/control_msgs:/home/kousei/2DRoboPrac_ws/ros2_ws/install/rqt_joint_trajectory_controller:/home/kousei/2DRoboPrac_ws/ros2_ws/install/rqt_controller_manager:/home/kousei/2DRoboPrac_ws/ros2_ws/install/ros2controlcli:/home/kousei/2DRoboPrac_ws/ros2_ws/install/ros2_controllers_test_nodes:/opt/ros/humble LD_LIBRARY_PATH=/home/kousei/2DRoboPrac_ws/uros_ws/install/micro_ros_msgs/lib:${LD_LIBRARY_PATH} PYTHONPATH=/home/kousei/2DRoboPrac_ws/uros_ws/install/micro_ros_msgs/local/lib/python3.10/dist-packages:${PYTHONPATH} /usr/bin/cmake --install /home/kousei/2DRoboPrac_ws/uros_ws/build/micro_ros_agent
[1.602s] Level 1:colcon.colcon_core.environment:checking '/home/kousei/2DRoboPrac_ws/uros_ws/install/micro_ros_agent' for CMake module files
[1.602s] Level 1:colcon.colcon_core.environment:checking '/home/kousei/2DRoboPrac_ws/uros_ws/install/micro_ros_agent' for CMake config files
[1.602s] Level 1:colcon.colcon_core.shell:create_environment_hook('micro_ros_agent', 'cmake_prefix_path')
[1.609s] INFO:colcon.colcon_core.shell:Creating environment hook '/home/kousei/2DRoboPrac_ws/uros_ws/install/micro_ros_agent/share/micro_ros_agent/hook/cmake_prefix_path.ps1'
[1.609s] INFO:colcon.colcon_core.shell:Creating environment descriptor '/home/kousei/2DRoboPrac_ws/uros_ws/install/micro_ros_agent/share/micro_ros_agent/hook/cmake_prefix_path.dsv'
[1.609s] INFO:colcon.colcon_core.shell:Creating environment hook '/home/kousei/2DRoboPrac_ws/uros_ws/install/micro_ros_agent/share/micro_ros_agent/hook/cmake_prefix_path.sh'
[1.610s] Level 1:colcon.colcon_core.environment:checking '/home/kousei/2DRoboPrac_ws/uros_ws/install/micro_ros_agent/lib'
[1.610s] Level 1:colcon.colcon_core.shell:create_environment_hook('micro_ros_agent', 'ld_library_path_lib')
[1.616s] INFO:colcon.colcon_core.shell:Creating environment hook '/home/kousei/2DRoboPrac_ws/uros_ws/install/micro_ros_agent/share/micro_ros_agent/hook/ld_library_path_lib.ps1'
[1.616s] INFO:colcon.colcon_core.shell:Creating environment descriptor '/home/kousei/2DRoboPrac_ws/uros_ws/install/micro_ros_agent/share/micro_ros_agent/hook/ld_library_path_lib.dsv'
[1.617s] INFO:colcon.colcon_core.shell:Creating environment hook '/home/kousei/2DRoboPrac_ws/uros_ws/install/micro_ros_agent/share/micro_ros_agent/hook/ld_library_path_lib.sh'
[1.617s] Level 1:colcon.colcon_core.environment:checking '/home/kousei/2DRoboPrac_ws/uros_ws/install/micro_ros_agent/bin'
[1.617s] Level 1:colcon.colcon_core.environment:checking '/home/kousei/2DRoboPrac_ws/uros_ws/install/micro_ros_agent/lib/pkgconfig/micro_ros_agent.pc'
[1.617s] Level 1:colcon.colcon_core.environment:checking '/home/kousei/2DRoboPrac_ws/uros_ws/install/micro_ros_agent/lib/python3.10/site-packages'
[1.617s] Level 1:colcon.colcon_core.environment:checking '/home/kousei/2DRoboPrac_ws/uros_ws/install/micro_ros_agent/bin'
[1.624s] INFO:colcon.colcon_core.shell:Creating package script '/home/kousei/2DRoboPrac_ws/uros_ws/install/micro_ros_agent/share/micro_ros_agent/package.ps1'
[1.624s] INFO:colcon.colcon_core.shell:Creating package descriptor '/home/kousei/2DRoboPrac_ws/uros_ws/install/micro_ros_agent/share/micro_ros_agent/package.dsv'
[1.624s] INFO:colcon.colcon_core.shell:Creating package script '/home/kousei/2DRoboPrac_ws/uros_ws/install/micro_ros_agent/share/micro_ros_agent/package.sh'
[1.625s] INFO:colcon.colcon_core.shell:Creating package script '/home/kousei/2DRoboPrac_ws/uros_ws/install/micro_ros_agent/share/micro_ros_agent/package.bash'
[1.625s] INFO:colcon.colcon_core.shell:Creating package script '/home/kousei/2DRoboPrac_ws/uros_ws/install/micro_ros_agent/share/micro_ros_agent/package.zsh'
[1.625s] Level 1:colcon.colcon_core.environment:create_file_with_runtime_dependencies(/home/kousei/2DRoboPrac_ws/uros_ws/install/micro_ros_agent/share/colcon-core/packages/micro_ros_agent)
[1.678s] Level 1:colcon.colcon_core.environment:create_environment_scripts_only(micro_ros_agent)
[1.690s] Level 1:colcon.colcon_core.environment:checking '/home/kousei/2DRoboPrac_ws/uros_ws/install/micro_ros_agent' for CMake module files
[1.690s] Level 1:colcon.colcon_core.environment:checking '/home/kousei/2DRoboPrac_ws/uros_ws/install/micro_ros_agent' for CMake config files
[1.690s] Level 1:colcon.colcon_core.shell:create_environment_hook('micro_ros_agent', 'cmake_prefix_path')
[1.698s] INFO:colcon.colcon_core.shell:Creating environment hook '/home/kousei/2DRoboPrac_ws/uros_ws/install/micro_ros_agent/share/micro_ros_agent/hook/cmake_prefix_path.ps1'
[1.698s] INFO:colcon.colcon_core.shell:Creating environment descriptor '/home/kousei/2DRoboPrac_ws/uros_ws/install/micro_ros_agent/share/micro_ros_agent/hook/cmake_prefix_path.dsv'
[1.699s] INFO:colcon.colcon_core.shell:Creating environment hook '/home/kousei/2DRoboPrac_ws/uros_ws/install/micro_ros_agent/share/micro_ros_agent/hook/cmake_prefix_path.sh'
[1.699s] Level 1:colcon.colcon_core.environment:checking '/home/kousei/2DRoboPrac_ws/uros_ws/install/micro_ros_agent/lib'
[1.699s] Level 1:colcon.colcon_core.shell:create_environment_hook('micro_ros_agent', 'ld_library_path_lib')
[1.707s] INFO:colcon.colcon_core.shell:Creating environment hook '/home/kousei/2DRoboPrac_ws/uros_ws/install/micro_ros_agent/share/micro_ros_agent/hook/ld_library_path_lib.ps1'
[1.707s] INFO:colcon.colcon_core.shell:Creating environment descriptor '/home/kousei/2DRoboPrac_ws/uros_ws/install/micro_ros_agent/share/micro_ros_agent/hook/ld_library_path_lib.dsv'
[1.707s] INFO:colcon.colcon_core.shell:Creating environment hook '/home/kousei/2DRoboPrac_ws/uros_ws/install/micro_ros_agent/share/micro_ros_agent/hook/ld_library_path_lib.sh'
[1.707s] Level 1:colcon.colcon_core.environment:checking '/home/kousei/2DRoboPrac_ws/uros_ws/install/micro_ros_agent/bin'
[1.707s] Level 1:colcon.colcon_core.environment:checking '/home/kousei/2DRoboPrac_ws/uros_ws/install/micro_ros_agent/lib/pkgconfig/micro_ros_agent.pc'
[1.708s] Level 1:colcon.colcon_core.environment:checking '/home/kousei/2DRoboPrac_ws/uros_ws/install/micro_ros_agent/lib/python3.10/site-packages'
[1.708s] Level 1:colcon.colcon_core.environment:checking '/home/kousei/2DRoboPrac_ws/uros_ws/install/micro_ros_agent/bin'
[1.715s] INFO:colcon.colcon_core.shell:Creating package script '/home/kousei/2DRoboPrac_ws/uros_ws/install/micro_ros_agent/share/micro_ros_agent/package.ps1'
[1.715s] INFO:colcon.colcon_core.shell:Creating package descriptor '/home/kousei/2DRoboPrac_ws/uros_ws/install/micro_ros_agent/share/micro_ros_agent/package.dsv'
[1.716s] INFO:colcon.colcon_core.shell:Creating package script '/home/kousei/2DRoboPrac_ws/uros_ws/install/micro_ros_agent/share/micro_ros_agent/package.sh'
[1.716s] INFO:colcon.colcon_core.shell:Creating package script '/home/kousei/2DRoboPrac_ws/uros_ws/install/micro_ros_agent/share/micro_ros_agent/package.bash'
[1.716s] INFO:colcon.colcon_core.shell:Creating package script '/home/kousei/2DRoboPrac_ws/uros_ws/install/micro_ros_agent/share/micro_ros_agent/package.zsh'
[1.716s] Level 1:colcon.colcon_core.environment:create_file_with_runtime_dependencies(/home/kousei/2DRoboPrac_ws/uros_ws/install/micro_ros_agent/share/colcon-core/packages/micro_ros_agent)
[1.716s] DEBUG:colcon.colcon_parallel_executor.executor.parallel:closing loop
[1.717s] DEBUG:colcon.colcon_parallel_executor.executor.parallel:loop closed
[1.717s] DEBUG:colcon.colcon_parallel_executor.executor.parallel:run_until_complete finished with '0'
[1.717s] DEBUG:colcon.colcon_core.event_reactor:joining thread
[1.739s] INFO:colcon.colcon_core.plugin_system:Skipping extension 'colcon_notification.desktop_notification.terminal_notifier': Not used on non-Darwin systems
[1.740s] INFO:colcon.colcon_core.plugin_system:Skipping extension 'colcon_notification.desktop_notification.win32': Not used on non-Windows systems
[1.740s] INFO:colcon.colcon_notification.desktop_notification:Sending desktop notification using 'notify2'
[1.750s] DEBUG:colcon.colcon_core.event_reactor:joined thread
[1.758s] INFO:colcon.colcon_core.shell:Creating prefix script '/home/kousei/2DRoboPrac_ws/uros_ws/install/local_setup.ps1'
[1.759s] INFO:colcon.colcon_core.shell:Creating prefix util module '/home/kousei/2DRoboPrac_ws/uros_ws/install/_local_setup_util_ps1.py'
[1.759s] INFO:colcon.colcon_core.shell:Creating prefix chain script '/home/kousei/2DRoboPrac_ws/uros_ws/install/setup.ps1'
[1.769s] INFO:colcon.colcon_core.shell:Creating prefix script '/home/kousei/2DRoboPrac_ws/uros_ws/install/local_setup.sh'
[1.769s] INFO:colcon.colcon_core.shell:Creating prefix util module '/home/kousei/2DRoboPrac_ws/uros_ws/install/_local_setup_util_sh.py'
[1.770s] INFO:colcon.colcon_core.shell:Creating prefix chain script '/home/kousei/2DRoboPrac_ws/uros_ws/install/setup.sh'
[1.779s] INFO:colcon.colcon_core.shell:Creating prefix script '/home/kousei/2DRoboPrac_ws/uros_ws/install/local_setup.bash'
[1.779s] INFO:colcon.colcon_core.shell:Creating prefix chain script '/home/kousei/2DRoboPrac_ws/uros_ws/install/setup.bash'
[1.789s] INFO:colcon.colcon_core.shell:Creating prefix script '/home/kousei/2DRoboPrac_ws/uros_ws/install/local_setup.zsh'
[1.789s] INFO:colcon.colcon_core.shell:Creating prefix chain script '/home/kousei/2DRoboPrac_ws/uros_ws/install/setup.zsh'
