[0.042s] Invoking command in '/home/kousei/HaruRobo2024_ws/ros2_ws/build/path_following': AMENT_PREFIX_PATH=/home/kousei/HaruRobo2024_ws/ros2_ws/install/manip:/home/kousei/HaruRobo2024_ws/ros2_ws/install/manip_msgs:/home/kousei/HaruRobo2024_ws/ros2_ws/install/drive_msgs:${AMENT_PREFIX_PATH} CMAKE_PREFIX_PATH=/home/kousei/HaruRobo2024_ws/ros2_ws/install/manip:/home/kousei/HaruRobo2024_ws/ros2_ws/install/manip_msgs:/home/kousei/HaruRobo2024_ws/ros2_ws/install/drive_msgs:/home/kousei/2DRoboPrac_ws/ros2_ws/install/urg_node2:/home/kousei/2DRoboPrac_ws/ros2_ws/install/omni_control:/home/kousei/2DRoboPrac_ws/ros2_ws/install/nav_real:/home/kousei/2DRoboPrac_ws/ros2_ws/install/nav_dev:/home/kousei/2DRoboPrac_ws/ros2_ws/install/key_event_nodes:/home/kousei/2DRoboPrac_ws/ros2_ws/install/key_event_msgs:/home/kousei/2DRoboPrac_ws/ros2_ws/install/drive_msgs:/opt/ros/humble LD_LIBRARY_PATH=/home/kousei/HaruRobo2024_ws/ros2_ws/install/manip/lib:/home/kousei/HaruRobo2024_ws/ros2_ws/install/manip_msgs/lib:/home/kousei/HaruRobo2024_ws/ros2_ws/install/drive_msgs/lib:${LD_LIBRARY_PATH} PYTHONPATH=/home/kousei/HaruRobo2024_ws/ros2_ws/install/manip/local/lib/python3.10/dist-packages:/home/kousei/HaruRobo2024_ws/ros2_ws/install/manip_msgs/local/lib/python3.10/dist-packages:/home/kousei/HaruRobo2024_ws/ros2_ws/install/drive_msgs/local/lib/python3.10/dist-packages:${PYTHONPATH} /usr/bin/cmake --build /home/kousei/HaruRobo2024_ws/ros2_ws/build/path_following -- -j16 -l16
[0.076s] [  3%] Built target path_following__cpp
[0.082s] [ 12%] Built target path_following__rosidl_generator_c
[0.083s] [ 12%] Built target ament_cmake_python_copy_path_following
[0.097s] [ 21%] Built target path_following__rosidl_typesupport_cpp
[0.098s] [ 30%] Built target path_following__rosidl_typesupport_introspection_cpp
[0.103s] [ 45%] Built target path_following__rosidl_typesupport_fastrtps_cpp
[0.103s] [ 48%] Built target path_following__rosidl_typesupport_c
[0.103s] [ 57%] Built target path_following__rosidl_typesupport_fastrtps_c
[0.106s] [ 66%] Built target path_following__rosidl_typesupport_introspection_c
[0.123s] [ 72%] Built target path_following_node
[0.125s] [ 72%] Built target path_following
[0.141s] [ 75%] Built target path_following__py
[0.158s] [ 81%] Built target path_following__rosidl_generator_py
[0.175s] [ 87%] Built target path_following__rosidl_typesupport_fastrtps_c__pyext
[0.179s] [ 93%] Built target path_following__rosidl_typesupport_c__pyext
[0.183s] [100%] Built target path_following__rosidl_typesupport_introspection_c__pyext
[0.244s] running egg_info
[0.245s] writing path_following.egg-info/PKG-INFO
[0.245s] writing dependency_links to path_following.egg-info/dependency_links.txt
[0.245s] writing top-level names to path_following.egg-info/top_level.txt
[0.247s] reading manifest file 'path_following.egg-info/SOURCES.txt'
[0.247s] writing manifest file 'path_following.egg-info/SOURCES.txt'
[0.265s] [100%] Built target ament_cmake_python_build_path_following_egg
[0.273s] Invoked command in '/home/kousei/HaruRobo2024_ws/ros2_ws/build/path_following' returned '0': AMENT_PREFIX_PATH=/home/kousei/HaruRobo2024_ws/ros2_ws/install/manip:/home/kousei/HaruRobo2024_ws/ros2_ws/install/manip_msgs:/home/kousei/HaruRobo2024_ws/ros2_ws/install/drive_msgs:${AMENT_PREFIX_PATH} CMAKE_PREFIX_PATH=/home/kousei/HaruRobo2024_ws/ros2_ws/install/manip:/home/kousei/HaruRobo2024_ws/ros2_ws/install/manip_msgs:/home/kousei/HaruRobo2024_ws/ros2_ws/install/drive_msgs:/home/kousei/2DRoboPrac_ws/ros2_ws/install/urg_node2:/home/kousei/2DRoboPrac_ws/ros2_ws/install/omni_control:/home/kousei/2DRoboPrac_ws/ros2_ws/install/nav_real:/home/kousei/2DRoboPrac_ws/ros2_ws/install/nav_dev:/home/kousei/2DRoboPrac_ws/ros2_ws/install/key_event_nodes:/home/kousei/2DRoboPrac_ws/ros2_ws/install/key_event_msgs:/home/kousei/2DRoboPrac_ws/ros2_ws/install/drive_msgs:/opt/ros/humble LD_LIBRARY_PATH=/home/kousei/HaruRobo2024_ws/ros2_ws/install/manip/lib:/home/kousei/HaruRobo2024_ws/ros2_ws/install/manip_msgs/lib:/home/kousei/HaruRobo2024_ws/ros2_ws/install/drive_msgs/lib:${LD_LIBRARY_PATH} PYTHONPATH=/home/kousei/HaruRobo2024_ws/ros2_ws/install/manip/local/lib/python3.10/dist-packages:/home/kousei/HaruRobo2024_ws/ros2_ws/install/manip_msgs/local/lib/python3.10/dist-packages:/home/kousei/HaruRobo2024_ws/ros2_ws/install/drive_msgs/local/lib/python3.10/dist-packages:${PYTHONPATH} /usr/bin/cmake --build /home/kousei/HaruRobo2024_ws/ros2_ws/build/path_following -- -j16 -l16
[0.315s] Invoking command in '/home/kousei/HaruRobo2024_ws/ros2_ws/build/path_following': AMENT_PREFIX_PATH=/home/kousei/HaruRobo2024_ws/ros2_ws/install/manip:/home/kousei/HaruRobo2024_ws/ros2_ws/install/manip_msgs:/home/kousei/HaruRobo2024_ws/ros2_ws/install/drive_msgs:${AMENT_PREFIX_PATH} CMAKE_PREFIX_PATH=/home/kousei/HaruRobo2024_ws/ros2_ws/install/manip:/home/kousei/HaruRobo2024_ws/ros2_ws/install/manip_msgs:/home/kousei/HaruRobo2024_ws/ros2_ws/install/drive_msgs:/home/kousei/2DRoboPrac_ws/ros2_ws/install/urg_node2:/home/kousei/2DRoboPrac_ws/ros2_ws/install/omni_control:/home/kousei/2DRoboPrac_ws/ros2_ws/install/nav_real:/home/kousei/2DRoboPrac_ws/ros2_ws/install/nav_dev:/home/kousei/2DRoboPrac_ws/ros2_ws/install/key_event_nodes:/home/kousei/2DRoboPrac_ws/ros2_ws/install/key_event_msgs:/home/kousei/2DRoboPrac_ws/ros2_ws/install/drive_msgs:/opt/ros/humble LD_LIBRARY_PATH=/home/kousei/HaruRobo2024_ws/ros2_ws/install/manip/lib:/home/kousei/HaruRobo2024_ws/ros2_ws/install/manip_msgs/lib:/home/kousei/HaruRobo2024_ws/ros2_ws/install/drive_msgs/lib:${LD_LIBRARY_PATH} PYTHONPATH=/home/kousei/HaruRobo2024_ws/ros2_ws/install/manip/local/lib/python3.10/dist-packages:/home/kousei/HaruRobo2024_ws/ros2_ws/install/manip_msgs/local/lib/python3.10/dist-packages:/home/kousei/HaruRobo2024_ws/ros2_ws/install/drive_msgs/local/lib/python3.10/dist-packages:${PYTHONPATH} /usr/bin/cmake --install /home/kousei/HaruRobo2024_ws/ros2_ws/build/path_following
[0.320s] -- Install configuration: ""
[0.321s] -- Up-to-date: /home/kousei/HaruRobo2024_ws/ros2_ws/install/path_following/share/ament_index/resource_index/rosidl_interfaces/path_following
[0.321s] -- Up-to-date: /home/kousei/HaruRobo2024_ws/ros2_ws/install/path_following/include/path_following/path_following
[0.321s] -- Up-to-date: /home/kousei/HaruRobo2024_ws/ros2_ws/install/path_following/include/path_following/path_following/msg
[0.321s] -- Up-to-date: /home/kousei/HaruRobo2024_ws/ros2_ws/install/path_following/include/path_following/path_following/msg/rosidl_generator_c__visibility_control.h
[0.322s] -- Up-to-date: /home/kousei/HaruRobo2024_ws/ros2_ws/install/path_following/include/path_following/path_following/action
[0.322s] -- Up-to-date: /home/kousei/HaruRobo2024_ws/ros2_ws/install/path_following/include/path_following/path_following/action/path.h
[0.322s] -- Up-to-date: /home/kousei/HaruRobo2024_ws/ros2_ws/install/path_following/include/path_following/path_following/action/detail
[0.322s] -- Up-to-date: /home/kousei/HaruRobo2024_ws/ros2_ws/install/path_following/include/path_following/path_following/action/detail/path__type_support.h
[0.322s] -- Up-to-date: /home/kousei/HaruRobo2024_ws/ros2_ws/install/path_following/include/path_following/path_following/action/detail/path__functions.c
[0.322s] -- Up-to-date: /home/kousei/HaruRobo2024_ws/ros2_ws/install/path_following/include/path_following/path_following/action/detail/path__functions.h
[0.322s] -- Up-to-date: /home/kousei/HaruRobo2024_ws/ros2_ws/install/path_following/include/path_following/path_following/action/detail/path__struct.h
[0.322s] -- Up-to-date: /home/kousei/HaruRobo2024_ws/ros2_ws/install/path_following/share/path_following/environment/library_path.sh
[0.322s] -- Up-to-date: /home/kousei/HaruRobo2024_ws/ros2_ws/install/path_following/share/path_following/environment/library_path.dsv
[0.323s] -- Up-to-date: /home/kousei/HaruRobo2024_ws/ros2_ws/install/path_following/lib/libpath_following__rosidl_generator_c.so
[0.323s] -- Up-to-date: /home/kousei/HaruRobo2024_ws/ros2_ws/install/path_following/include/path_following/path_following
[0.323s] -- Up-to-date: /home/kousei/HaruRobo2024_ws/ros2_ws/install/path_following/include/path_following/path_following/msg
[0.323s] -- Up-to-date: /home/kousei/HaruRobo2024_ws/ros2_ws/install/path_following/include/path_following/path_following/msg/rosidl_typesupport_fastrtps_c__visibility_control.h
[0.323s] -- Up-to-date: /home/kousei/HaruRobo2024_ws/ros2_ws/install/path_following/include/path_following/path_following/action
[0.323s] -- Up-to-date: /home/kousei/HaruRobo2024_ws/ros2_ws/install/path_following/include/path_following/path_following/action/detail
[0.323s] -- Up-to-date: /home/kousei/HaruRobo2024_ws/ros2_ws/install/path_following/include/path_following/path_following/action/detail/path__rosidl_typesupport_fastrtps_c.h
[0.323s] -- Up-to-date: /home/kousei/HaruRobo2024_ws/ros2_ws/install/path_following/lib/libpath_following__rosidl_typesupport_fastrtps_c.so
[0.323s] -- Up-to-date: /home/kousei/HaruRobo2024_ws/ros2_ws/install/path_following/include/path_following/path_following
[0.323s] -- Up-to-date: /home/kousei/HaruRobo2024_ws/ros2_ws/install/path_following/include/path_following/path_following/action
[0.323s] -- Up-to-date: /home/kousei/HaruRobo2024_ws/ros2_ws/install/path_following/include/path_following/path_following/action/path.hpp
[0.324s] -- Up-to-date: /home/kousei/HaruRobo2024_ws/ros2_ws/install/path_following/include/path_following/path_following/action/detail
[0.324s] -- Up-to-date: /home/kousei/HaruRobo2024_ws/ros2_ws/install/path_following/include/path_following/path_following/action/detail/path__traits.hpp
[0.324s] -- Up-to-date: /home/kousei/HaruRobo2024_ws/ros2_ws/install/path_following/include/path_following/path_following/action/detail/path__builder.hpp
[0.324s] -- Up-to-date: /home/kousei/HaruRobo2024_ws/ros2_ws/install/path_following/include/path_following/path_following/action/detail/path__struct.hpp
[0.324s] -- Up-to-date: /home/kousei/HaruRobo2024_ws/ros2_ws/install/path_following/include/path_following/path_following
[0.324s] -- Up-to-date: /home/kousei/HaruRobo2024_ws/ros2_ws/install/path_following/include/path_following/path_following/msg
[0.324s] -- Up-to-date: /home/kousei/HaruRobo2024_ws/ros2_ws/install/path_following/include/path_following/path_following/msg/rosidl_typesupport_fastrtps_cpp__visibility_control.h
[0.324s] -- Up-to-date: /home/kousei/HaruRobo2024_ws/ros2_ws/install/path_following/include/path_following/path_following/action
[0.324s] -- Up-to-date: /home/kousei/HaruRobo2024_ws/ros2_ws/install/path_following/include/path_following/path_following/action/detail
[0.324s] -- Up-to-date: /home/kousei/HaruRobo2024_ws/ros2_ws/install/path_following/include/path_following/path_following/action/detail/dds_fastrtps
[0.324s] -- Up-to-date: /home/kousei/HaruRobo2024_ws/ros2_ws/install/path_following/include/path_following/path_following/action/detail/path__rosidl_typesupport_fastrtps_cpp.hpp
[0.325s] -- Up-to-date: /home/kousei/HaruRobo2024_ws/ros2_ws/install/path_following/lib/libpath_following__rosidl_typesupport_fastrtps_cpp.so
[0.325s] -- Up-to-date: /home/kousei/HaruRobo2024_ws/ros2_ws/install/path_following/include/path_following/path_following
[0.325s] -- Up-to-date: /home/kousei/HaruRobo2024_ws/ros2_ws/install/path_following/include/path_following/path_following/msg
[0.325s] -- Up-to-date: /home/kousei/HaruRobo2024_ws/ros2_ws/install/path_following/include/path_following/path_following/msg/rosidl_typesupport_introspection_c__visibility_control.h
[0.325s] -- Up-to-date: /home/kousei/HaruRobo2024_ws/ros2_ws/install/path_following/include/path_following/path_following/action
[0.325s] -- Up-to-date: /home/kousei/HaruRobo2024_ws/ros2_ws/install/path_following/include/path_following/path_following/action/detail
[0.325s] -- Up-to-date: /home/kousei/HaruRobo2024_ws/ros2_ws/install/path_following/include/path_following/path_following/action/detail/path__type_support.c
[0.325s] -- Up-to-date: /home/kousei/HaruRobo2024_ws/ros2_ws/install/path_following/include/path_following/path_following/action/detail/path__rosidl_typesupport_introspection_c.h
[0.325s] -- Up-to-date: /home/kousei/HaruRobo2024_ws/ros2_ws/install/path_following/lib/libpath_following__rosidl_typesupport_introspection_c.so
[0.325s] -- Up-to-date: /home/kousei/HaruRobo2024_ws/ros2_ws/install/path_following/lib/libpath_following__rosidl_typesupport_c.so
[0.325s] -- Up-to-date: /home/kousei/HaruRobo2024_ws/ros2_ws/install/path_following/include/path_following/path_following
[0.326s] -- Up-to-date: /home/kousei/HaruRobo2024_ws/ros2_ws/install/path_following/include/path_following/path_following/action
[0.326s] -- Up-to-date: /home/kousei/HaruRobo2024_ws/ros2_ws/install/path_following/include/path_following/path_following/action/detail
[0.326s] -- Up-to-date: /home/kousei/HaruRobo2024_ws/ros2_ws/install/path_following/include/path_following/path_following/action/detail/path__type_support.cpp
[0.326s] -- Up-to-date: /home/kousei/HaruRobo2024_ws/ros2_ws/install/path_following/include/path_following/path_following/action/detail/path__rosidl_typesupport_introspection_cpp.hpp
[0.326s] -- Up-to-date: /home/kousei/HaruRobo2024_ws/ros2_ws/install/path_following/lib/libpath_following__rosidl_typesupport_introspection_cpp.so
[0.326s] -- Up-to-date: /home/kousei/HaruRobo2024_ws/ros2_ws/install/path_following/lib/libpath_following__rosidl_typesupport_cpp.so
[0.326s] -- Up-to-date: /home/kousei/HaruRobo2024_ws/ros2_ws/install/path_following/share/path_following/environment/pythonpath.sh
[0.326s] -- Up-to-date: /home/kousei/HaruRobo2024_ws/ros2_ws/install/path_following/share/path_following/environment/pythonpath.dsv
[0.326s] -- Up-to-date: /home/kousei/HaruRobo2024_ws/ros2_ws/install/path_following/local/lib/python3.10/dist-packages/path_following-0.0.0-py3.10.egg-info
[0.326s] -- Installing: /home/kousei/HaruRobo2024_ws/ros2_ws/install/path_following/local/lib/python3.10/dist-packages/path_following-0.0.0-py3.10.egg-info/dependency_links.txt
[0.326s] -- Installing: /home/kousei/HaruRobo2024_ws/ros2_ws/install/path_following/local/lib/python3.10/dist-packages/path_following-0.0.0-py3.10.egg-info/SOURCES.txt
[0.326s] -- Installing: /home/kousei/HaruRobo2024_ws/ros2_ws/install/path_following/local/lib/python3.10/dist-packages/path_following-0.0.0-py3.10.egg-info/top_level.txt
[0.326s] -- Installing: /home/kousei/HaruRobo2024_ws/ros2_ws/install/path_following/local/lib/python3.10/dist-packages/path_following-0.0.0-py3.10.egg-info/PKG-INFO
[0.326s] -- Up-to-date: /home/kousei/HaruRobo2024_ws/ros2_ws/install/path_following/local/lib/python3.10/dist-packages/path_following
[0.326s] -- Up-to-date: /home/kousei/HaruRobo2024_ws/ros2_ws/install/path_following/local/lib/python3.10/dist-packages/path_following/__init__.py
[0.326s] -- Up-to-date: /home/kousei/HaruRobo2024_ws/ros2_ws/install/path_following/local/lib/python3.10/dist-packages/path_following/path_following_s__rosidl_typesupport_fastrtps_c.cpython-310-x86_64-linux-gnu.so
[0.326s] -- Up-to-date: /home/kousei/HaruRobo2024_ws/ros2_ws/install/path_following/local/lib/python3.10/dist-packages/path_following/path_following_s__rosidl_typesupport_introspection_c.cpython-310-x86_64-linux-gnu.so
[0.326s] -- Up-to-date: /home/kousei/HaruRobo2024_ws/ros2_ws/install/path_following/local/lib/python3.10/dist-packages/path_following/_path_following_s.ep.rosidl_typesupport_c.c
[0.326s] -- Up-to-date: /home/kousei/HaruRobo2024_ws/ros2_ws/install/path_following/local/lib/python3.10/dist-packages/path_following/_path_following_s.ep.rosidl_typesupport_introspection_c.c
[0.326s] -- Up-to-date: /home/kousei/HaruRobo2024_ws/ros2_ws/install/path_following/local/lib/python3.10/dist-packages/path_following/libpath_following__rosidl_generator_py.so
[0.326s] -- Up-to-date: /home/kousei/HaruRobo2024_ws/ros2_ws/install/path_following/local/lib/python3.10/dist-packages/path_following/path_following_s__rosidl_typesupport_c.cpython-310-x86_64-linux-gnu.so
[0.326s] -- Up-to-date: /home/kousei/HaruRobo2024_ws/ros2_ws/install/path_following/local/lib/python3.10/dist-packages/path_following/_path_following_s.ep.rosidl_typesupport_fastrtps_c.c
[0.326s] -- Up-to-date: /home/kousei/HaruRobo2024_ws/ros2_ws/install/path_following/local/lib/python3.10/dist-packages/path_following/action
[0.327s] -- Up-to-date: /home/kousei/HaruRobo2024_ws/ros2_ws/install/path_following/local/lib/python3.10/dist-packages/path_following/action/_path_s.c
[0.327s] -- Up-to-date: /home/kousei/HaruRobo2024_ws/ros2_ws/install/path_following/local/lib/python3.10/dist-packages/path_following/action/__init__.py
[0.327s] -- Up-to-date: /home/kousei/HaruRobo2024_ws/ros2_ws/install/path_following/local/lib/python3.10/dist-packages/path_following/action/_path.py
[0.344s] Listing '/home/kousei/HaruRobo2024_ws/ros2_ws/install/path_following/local/lib/python3.10/dist-packages/path_following'...
[0.344s] Listing '/home/kousei/HaruRobo2024_ws/ros2_ws/install/path_following/local/lib/python3.10/dist-packages/path_following/action'...
[0.347s] -- Up-to-date: /home/kousei/HaruRobo2024_ws/ros2_ws/install/path_following/local/lib/python3.10/dist-packages/path_following/path_following_s__rosidl_typesupport_fastrtps_c.cpython-310-x86_64-linux-gnu.so
[0.347s] -- Up-to-date: /home/kousei/HaruRobo2024_ws/ros2_ws/install/path_following/local/lib/python3.10/dist-packages/path_following/path_following_s__rosidl_typesupport_introspection_c.cpython-310-x86_64-linux-gnu.so
[0.347s] -- Up-to-date: /home/kousei/HaruRobo2024_ws/ros2_ws/install/path_following/local/lib/python3.10/dist-packages/path_following/path_following_s__rosidl_typesupport_c.cpython-310-x86_64-linux-gnu.so
[0.348s] -- Up-to-date: /home/kousei/HaruRobo2024_ws/ros2_ws/install/path_following/lib/libpath_following__rosidl_generator_py.so
[0.348s] -- Up-to-date: /home/kousei/HaruRobo2024_ws/ros2_ws/install/path_following/share/path_following/action/Path.idl
[0.348s] -- Up-to-date: /home/kousei/HaruRobo2024_ws/ros2_ws/install/path_following/share/path_following/action/Path.action
[0.348s] -- Up-to-date: /home/kousei/HaruRobo2024_ws/ros2_ws/install/path_following/include
[0.348s] -- Up-to-date: /home/kousei/HaruRobo2024_ws/ros2_ws/install/path_following/include/path_following
[0.348s] -- Up-to-date: /home/kousei/HaruRobo2024_ws/ros2_ws/install/path_following/lib/path_following/path_following_node
[0.348s] -- Up-to-date: /home/kousei/HaruRobo2024_ws/ros2_ws/install/path_following/share/ament_index/resource_index/package_run_dependencies/path_following
[0.348s] -- Up-to-date: /home/kousei/HaruRobo2024_ws/ros2_ws/install/path_following/share/ament_index/resource_index/parent_prefix_path/path_following
[0.348s] -- Up-to-date: /home/kousei/HaruRobo2024_ws/ros2_ws/install/path_following/share/path_following/environment/ament_prefix_path.sh
[0.348s] -- Up-to-date: /home/kousei/HaruRobo2024_ws/ros2_ws/install/path_following/share/path_following/environment/ament_prefix_path.dsv
[0.348s] -- Up-to-date: /home/kousei/HaruRobo2024_ws/ros2_ws/install/path_following/share/path_following/environment/path.sh
[0.349s] -- Up-to-date: /home/kousei/HaruRobo2024_ws/ros2_ws/install/path_following/share/path_following/environment/path.dsv
[0.349s] -- Up-to-date: /home/kousei/HaruRobo2024_ws/ros2_ws/install/path_following/share/path_following/local_setup.bash
[0.349s] -- Up-to-date: /home/kousei/HaruRobo2024_ws/ros2_ws/install/path_following/share/path_following/local_setup.sh
[0.349s] -- Up-to-date: /home/kousei/HaruRobo2024_ws/ros2_ws/install/path_following/share/path_following/local_setup.zsh
[0.349s] -- Up-to-date: /home/kousei/HaruRobo2024_ws/ros2_ws/install/path_following/share/path_following/local_setup.dsv
[0.349s] -- Installing: /home/kousei/HaruRobo2024_ws/ros2_ws/install/path_following/share/path_following/package.dsv
[0.349s] -- Up-to-date: /home/kousei/HaruRobo2024_ws/ros2_ws/install/path_following/share/ament_index/resource_index/packages/path_following
[0.349s] -- Up-to-date: /home/kousei/HaruRobo2024_ws/ros2_ws/install/path_following/share/path_following/cmake/export_path_following__rosidl_generator_cExport.cmake
[0.349s] -- Up-to-date: /home/kousei/HaruRobo2024_ws/ros2_ws/install/path_following/share/path_following/cmake/export_path_following__rosidl_generator_cExport-noconfig.cmake
[0.349s] -- Up-to-date: /home/kousei/HaruRobo2024_ws/ros2_ws/install/path_following/share/path_following/cmake/export_path_following__rosidl_typesupport_fastrtps_cExport.cmake
[0.349s] -- Up-to-date: /home/kousei/HaruRobo2024_ws/ros2_ws/install/path_following/share/path_following/cmake/export_path_following__rosidl_typesupport_fastrtps_cExport-noconfig.cmake
[0.349s] -- Up-to-date: /home/kousei/HaruRobo2024_ws/ros2_ws/install/path_following/share/path_following/cmake/export_path_following__rosidl_generator_cppExport.cmake
[0.349s] -- Up-to-date: /home/kousei/HaruRobo2024_ws/ros2_ws/install/path_following/share/path_following/cmake/export_path_following__rosidl_typesupport_fastrtps_cppExport.cmake
[0.349s] -- Up-to-date: /home/kousei/HaruRobo2024_ws/ros2_ws/install/path_following/share/path_following/cmake/export_path_following__rosidl_typesupport_fastrtps_cppExport-noconfig.cmake
[0.349s] -- Up-to-date: /home/kousei/HaruRobo2024_ws/ros2_ws/install/path_following/share/path_following/cmake/path_following__rosidl_typesupport_introspection_cExport.cmake
[0.350s] -- Up-to-date: /home/kousei/HaruRobo2024_ws/ros2_ws/install/path_following/share/path_following/cmake/path_following__rosidl_typesupport_introspection_cExport-noconfig.cmake
[0.350s] -- Up-to-date: /home/kousei/HaruRobo2024_ws/ros2_ws/install/path_following/share/path_following/cmake/path_following__rosidl_typesupport_cExport.cmake
[0.350s] -- Up-to-date: /home/kousei/HaruRobo2024_ws/ros2_ws/install/path_following/share/path_following/cmake/path_following__rosidl_typesupport_cExport-noconfig.cmake
[0.350s] -- Up-to-date: /home/kousei/HaruRobo2024_ws/ros2_ws/install/path_following/share/path_following/cmake/path_following__rosidl_typesupport_introspection_cppExport.cmake
[0.350s] -- Up-to-date: /home/kousei/HaruRobo2024_ws/ros2_ws/install/path_following/share/path_following/cmake/path_following__rosidl_typesupport_introspection_cppExport-noconfig.cmake
[0.351s] -- Up-to-date: /home/kousei/HaruRobo2024_ws/ros2_ws/install/path_following/share/path_following/cmake/path_following__rosidl_typesupport_cppExport.cmake
[0.351s] -- Up-to-date: /home/kousei/HaruRobo2024_ws/ros2_ws/install/path_following/share/path_following/cmake/path_following__rosidl_typesupport_cppExport-noconfig.cmake
[0.351s] -- Up-to-date: /home/kousei/HaruRobo2024_ws/ros2_ws/install/path_following/share/path_following/cmake/export_path_following__rosidl_generator_pyExport.cmake
[0.351s] -- Up-to-date: /home/kousei/HaruRobo2024_ws/ros2_ws/install/path_following/share/path_following/cmake/export_path_following__rosidl_generator_pyExport-noconfig.cmake
[0.351s] -- Up-to-date: /home/kousei/HaruRobo2024_ws/ros2_ws/install/path_following/share/path_following/cmake/rosidl_cmake-extras.cmake
[0.351s] -- Up-to-date: /home/kousei/HaruRobo2024_ws/ros2_ws/install/path_following/share/path_following/cmake/ament_cmake_export_dependencies-extras.cmake
[0.351s] -- Up-to-date: /home/kousei/HaruRobo2024_ws/ros2_ws/install/path_following/share/path_following/cmake/ament_cmake_export_include_directories-extras.cmake
[0.351s] -- Up-to-date: /home/kousei/HaruRobo2024_ws/ros2_ws/install/path_following/share/path_following/cmake/ament_cmake_export_libraries-extras.cmake
[0.352s] -- Up-to-date: /home/kousei/HaruRobo2024_ws/ros2_ws/install/path_following/share/path_following/cmake/ament_cmake_export_targets-extras.cmake
[0.352s] -- Up-to-date: /home/kousei/HaruRobo2024_ws/ros2_ws/install/path_following/share/path_following/cmake/rosidl_cmake_export_typesupport_targets-extras.cmake
[0.352s] -- Up-to-date: /home/kousei/HaruRobo2024_ws/ros2_ws/install/path_following/share/path_following/cmake/rosidl_cmake_export_typesupport_libraries-extras.cmake
[0.352s] -- Up-to-date: /home/kousei/HaruRobo2024_ws/ros2_ws/install/path_following/share/path_following/cmake/path_followingConfig.cmake
[0.352s] -- Up-to-date: /home/kousei/HaruRobo2024_ws/ros2_ws/install/path_following/share/path_following/cmake/path_followingConfig-version.cmake
[0.352s] -- Up-to-date: /home/kousei/HaruRobo2024_ws/ros2_ws/install/path_following/share/path_following/package.xml
[0.352s] Invoked command in '/home/kousei/HaruRobo2024_ws/ros2_ws/build/path_following' returned '0': AMENT_PREFIX_PATH=/home/kousei/HaruRobo2024_ws/ros2_ws/install/manip:/home/kousei/HaruRobo2024_ws/ros2_ws/install/manip_msgs:/home/kousei/HaruRobo2024_ws/ros2_ws/install/drive_msgs:${AMENT_PREFIX_PATH} CMAKE_PREFIX_PATH=/home/kousei/HaruRobo2024_ws/ros2_ws/install/manip:/home/kousei/HaruRobo2024_ws/ros2_ws/install/manip_msgs:/home/kousei/HaruRobo2024_ws/ros2_ws/install/drive_msgs:/home/kousei/2DRoboPrac_ws/ros2_ws/install/urg_node2:/home/kousei/2DRoboPrac_ws/ros2_ws/install/omni_control:/home/kousei/2DRoboPrac_ws/ros2_ws/install/nav_real:/home/kousei/2DRoboPrac_ws/ros2_ws/install/nav_dev:/home/kousei/2DRoboPrac_ws/ros2_ws/install/key_event_nodes:/home/kousei/2DRoboPrac_ws/ros2_ws/install/key_event_msgs:/home/kousei/2DRoboPrac_ws/ros2_ws/install/drive_msgs:/opt/ros/humble LD_LIBRARY_PATH=/home/kousei/HaruRobo2024_ws/ros2_ws/install/manip/lib:/home/kousei/HaruRobo2024_ws/ros2_ws/install/manip_msgs/lib:/home/kousei/HaruRobo2024_ws/ros2_ws/install/drive_msgs/lib:${LD_LIBRARY_PATH} PYTHONPATH=/home/kousei/HaruRobo2024_ws/ros2_ws/install/manip/local/lib/python3.10/dist-packages:/home/kousei/HaruRobo2024_ws/ros2_ws/install/manip_msgs/local/lib/python3.10/dist-packages:/home/kousei/HaruRobo2024_ws/ros2_ws/install/drive_msgs/local/lib/python3.10/dist-packages:${PYTHONPATH} /usr/bin/cmake --install /home/kousei/HaruRobo2024_ws/ros2_ws/build/path_following
