[0.072s] Invoking command in '/home/kousei/HaruRobo2024_ws/ros2_ws/build/manip': CMAKE_PREFIX_PATH=${CMAKE_PREFIX_PATH}:/opt/ros/humble /usr/bin/cmake --build /home/kousei/HaruRobo2024_ws/ros2_ws/build/manip -- -j16 -l16
[0.110s] [  1%] Built target manip__cpp
[0.112s] [ 11%] Built target manip__rosidl_generator_c
[0.122s] [ 11%] Built target ament_cmake_python_copy_manip
[0.136s] [ 21%] Built target manip__rosidl_typesupport_cpp
[0.138s] [ 31%] Built target manip__rosidl_typesupport_fastrtps_cpp
[0.138s] [ 41%] Built target manip__rosidl_typesupport_introspection_cpp
[0.147s] [ 50%] Built target manip__rosidl_typesupport_c
[0.149s] [35m[1mConsolidate compiler generated dependencies of target manip_joy_node[0m
[0.152s] [ 60%] Built target manip__rosidl_typesupport_fastrtps_c
[0.153s] [ 70%] Built target manip__rosidl_typesupport_introspection_c
[0.163s] [ 74%] Built target manip_control_node
[0.169s] [ 76%] [32mBuilding CXX object CMakeFiles/manip_joy_node.dir/src/manip_joy_node.cpp.o[0m
[0.171s] [ 76%] Built target manip
[0.186s] [ 78%] Built target manip__py
[0.208s] [ 86%] Built target manip__rosidl_generator_py
[0.230s] [ 90%] Built target manip__rosidl_typesupport_introspection_c__pyext
[0.233s] [ 98%] Built target manip__rosidl_typesupport_fastrtps_c__pyext
[0.233s] [ 98%] Built target manip__rosidl_typesupport_c__pyext
[0.302s] running egg_info
[0.303s] writing manip.egg-info/PKG-INFO
[0.303s] writing dependency_links to manip.egg-info/dependency_links.txt
[0.303s] writing top-level names to manip.egg-info/top_level.txt
[0.305s] reading manifest file 'manip.egg-info/SOURCES.txt'
[0.305s] writing manifest file 'manip.egg-info/SOURCES.txt'
[0.325s] [ 98%] Built target ament_cmake_python_build_manip_egg
[1.639s] [01m[K/home/kousei/HaruRobo2024_ws/ros2_ws/src/manip/src/manip_joy_node.cpp:[m[K In member function ‘[01m[Kvoid ManipJoyNode::feedback_callback(rclcpp_action::ClientGoalHandle<manip::action::State>::SharedPtr, std::shared_ptr<const manip::action::State_Feedback_<std::allocator<void> > >)[m[K’:
[1.639s] [01m[K/home/kousei/HaruRobo2024_ws/ros2_ws/src/manip/src/manip_joy_node.cpp:65:50:[m[K [01;35m[Kwarning: [m[Kunused parameter ‘[01m[Kfeedback[m[K’ [[01;35m[K]8;;https://gcc.gnu.org/onlinedocs/gcc/Warning-Options.html#index-Wunused-parameter-Wunused-parameter]8;;[m[K]
[1.639s]    65 |     [01;35m[Kconst std::shared_ptr<const State::Feedback> feedback[m[K)
[1.639s]       |     [01;35m[K~~~~~~~~~~~~~~~~~~~~~~~~~~~~~~~~~~~~~~~~~~~~~^~~~~~~~[m[K
[1.639s] [01m[K/home/kousei/HaruRobo2024_ws/ros2_ws/src/manip/src/manip_joy_node.cpp:[m[K In member function ‘[01m[Kvoid ManipJoyNode::result_callback(const rclcpp_action::ClientGoalHandle<manip::action::State>::WrappedResult&)[m[K’:
[1.639s] [01m[K/home/kousei/HaruRobo2024_ws/ros2_ws/src/manip/src/manip_joy_node.cpp:70:63:[m[K [01;35m[Kwarning: [m[Kunused parameter ‘[01m[Kresult[m[K’ [[01;35m[K]8;;https://gcc.gnu.org/onlinedocs/gcc/Warning-Options.html#index-Wunused-parameter-Wunused-parameter]8;;[m[K]
[1.639s]    70 |   void result_callback([01;35m[Kconst GoalHandleState::WrappedResult & result[m[K)
[1.639s]       |                        [01;35m[K~~~~~~~~~~~~~~~~~~~~~~~~~~~~~~~~~~~~~~~^~~~~~[m[K
[1.969s] In file included from [01m[K/usr/include/x86_64-linux-gnu/c++/11/bits/c++allocator.h:33[m[K,
[1.969s]                  from [01m[K/usr/include/c++/11/bits/allocator.h:46[m[K,
[1.969s]                  from [01m[K/usr/include/c++/11/unordered_map:40[m[K,
[1.969s]                  from [01m[K/usr/include/c++/11/functional:61[m[K,
[1.969s]                  from [01m[K/home/kousei/HaruRobo2024_ws/ros2_ws/src/manip/src/manip_joy_node.cpp:1[m[K:
[1.970s] /usr/include/c++/11/ext/new_allocator.h: In instantiation of ‘[01m[Kvoid __gnu_cxx::new_allocator<_Tp>::construct(_Up*, _Args&& ...) [with _Up = ManipJoyNode; _Args = {}; _Tp = ManipJoyNode][m[K’:
[1.970s] [01m[K/usr/include/c++/11/bits/alloc_traits.h:516:17:[m[K   required from ‘[01m[Kstatic void std::allocator_traits<std::allocator<_Tp1> >::construct(std::allocator_traits<std::allocator<_Tp1> >::allocator_type&, _Up*, _Args&& ...) [with _Up = ManipJoyNode; _Args = {}; _Tp = ManipJoyNode; std::allocator_traits<std::allocator<_Tp1> >::allocator_type = std::allocator<ManipJoyNode>][m[K’
[1.970s] [01m[K/usr/include/c++/11/bits/shared_ptr_base.h:519:39:[m[K   required from ‘[01m[Kstd::_Sp_counted_ptr_inplace<_Tp, _Alloc, _Lp>::_Sp_counted_ptr_inplace(_Alloc, _Args&& ...) [with _Args = {}; _Tp = ManipJoyNode; _Alloc = std::allocator<ManipJoyNode>; __gnu_cxx::_Lock_policy _Lp = __gnu_cxx::_S_atomic][m[K’
[1.970s] [01m[K/usr/include/c++/11/bits/shared_ptr_base.h:650:16:[m[K   required from ‘[01m[Kstd::__shared_count<_Lp>::__shared_count(_Tp*&, std::_Sp_alloc_shared_tag<_Alloc>, _Args&& ...) [with _Tp = ManipJoyNode; _Alloc = std::allocator<ManipJoyNode>; _Args = {}; __gnu_cxx::_Lock_policy _Lp = __gnu_cxx::_S_atomic][m[K’
[1.970s] [01m[K/usr/include/c++/11/bits/shared_ptr_base.h:1342:14:[m[K   required from ‘[01m[Kstd::__shared_ptr<_Tp, _Lp>::__shared_ptr(std::_Sp_alloc_shared_tag<_Tp>, _Args&& ...) [with _Alloc = std::allocator<ManipJoyNode>; _Args = {}; _Tp = ManipJoyNode; __gnu_cxx::_Lock_policy _Lp = __gnu_cxx::_S_atomic][m[K’
[1.970s] [01m[K/usr/include/c++/11/bits/shared_ptr.h:409:59:[m[K   required from ‘[01m[Kstd::shared_ptr<_Tp>::shared_ptr(std::_Sp_alloc_shared_tag<_Tp>, _Args&& ...) [with _Alloc = std::allocator<ManipJoyNode>; _Args = {}; _Tp = ManipJoyNode][m[K’
[1.970s] [01m[K/usr/include/c++/11/bits/shared_ptr.h:862:14:[m[K   required from ‘[01m[Kstd::shared_ptr<_Tp> std::allocate_shared(const _Alloc&, _Args&& ...) [with _Tp = ManipJoyNode; _Alloc = std::allocator<ManipJoyNode>; _Args = {}][m[K’
[1.970s] [01m[K/usr/include/c++/11/bits/shared_ptr.h:878:39:[m[K   required from ‘[01m[Kstd::shared_ptr<_Tp> std::make_shared(_Args&& ...) [with _Tp = ManipJoyNode; _Args = {}][m[K’
[1.970s] [01m[K/home/kousei/HaruRobo2024_ws/ros2_ws/src/manip/src/manip_joy_node.cpp:79:48:[m[K   required from here
[1.970s] [01m[K/usr/include/c++/11/ext/new_allocator.h:162:11:[m[K [01;31m[Kerror: [m[Kno matching function for call to ‘[01m[KManipJoyNode::ManipJoyNode()[m[K’
[1.970s]   162 |         { [01;31m[K::new((void *)__p) _Up(std::forward<_Args>(__args)...)[m[K; }
[1.970s]       |           [01;31m[K^~~~~~~~~~~~~~~~~~~~~~~~~~~~~~~~~~~~~~~~~~~~~~~~~~~~~~[m[K
[1.970s] [01m[K/home/kousei/HaruRobo2024_ws/ros2_ws/src/manip/src/manip_joy_node.cpp:15:5:[m[K [01;36m[Knote: [m[Kcandidate: ‘[01m[KManipJoyNode::ManipJoyNode(const rclcpp::NodeOptions&)[m[K’
[1.970s]    15 |     [01;36m[KManipJoyNode[m[K(const rclcpp::NodeOptions & options) : Node("manip_joy_node",options) {
[1.970s]       |     [01;36m[K^~~~~~~~~~~~[m[K
[1.970s] [01m[K/home/kousei/HaruRobo2024_ws/ros2_ws/src/manip/src/manip_joy_node.cpp:15:5:[m[K [01;36m[Knote: [m[K  candidate expects 1 argument, 0 provided
[2.049s] gmake[2]: *** [CMakeFiles/manip_joy_node.dir/build.make:76: CMakeFiles/manip_joy_node.dir/src/manip_joy_node.cpp.o] エラー 1
[2.049s] gmake[1]: *** [CMakeFiles/Makefile2:185: CMakeFiles/manip_joy_node.dir/all] エラー 2
[2.050s] gmake: *** [Makefile:146: all] エラー 2
[2.051s] Invoked command in '/home/kousei/HaruRobo2024_ws/ros2_ws/build/manip' returned '2': CMAKE_PREFIX_PATH=${CMAKE_PREFIX_PATH}:/opt/ros/humble /usr/bin/cmake --build /home/kousei/HaruRobo2024_ws/ros2_ws/build/manip -- -j16 -l16
