[  1%] Built target manip__cpp
[ 11%] Built target manip__rosidl_generator_c
[ 11%] Built target ament_cmake_python_copy_manip
[ 21%] Built target manip__rosidl_typesupport_cpp
[ 31%] Built target manip__rosidl_typesupport_introspection_cpp
[ 43%] Built target manip__rosidl_typesupport_introspection_c
[ 50%] Built target manip__rosidl_typesupport_fastrtps_cpp
[ 60%] Built target manip__rosidl_typesupport_c
[ 70%] Built target manip__rosidl_typesupport_fastrtps_c
[ 72%] [32mBuilding CXX object CMakeFiles/manip_control_node.dir/src/manip_control_node.cpp.o[0m
[ 76%] Built target manip_joy_node
[ 76%] Built target manip
[ 78%] Built target manip__py
[35m[1mConsolidate compiler generated dependencies of target manip__rosidl_generator_py[0m
[ 86%] Built target manip__rosidl_generator_py
[ 88%] [32mBuilding C object CMakeFiles/manip__rosidl_typesupport_introspection_c__pyext.dir/rosidl_generator_py/manip/_manip_s.ep.rosidl_typesupport_introspection_c.c.o[0m
[ 90%] [32mBuilding C object CMakeFiles/manip__rosidl_typesupport_c__pyext.dir/rosidl_generator_py/manip/_manip_s.ep.rosidl_typesupport_c.c.o[0m
[ 92%] [32mBuilding C object CMakeFiles/manip__rosidl_typesupport_fastrtps_c__pyext.dir/rosidl_generator_py/manip/_manip_s.ep.rosidl_typesupport_fastrtps_c.c.o[0m
[ 94%] [32m[1mLinking C shared library rosidl_generator_py/manip/manip_s__rosidl_typesupport_c.cpython-310-x86_64-linux-gnu.so[0m
[ 96%] [32m[1mLinking C shared library rosidl_generator_py/manip/manip_s__rosidl_typesupport_introspection_c.cpython-310-x86_64-linux-gnu.so[0m
[ 96%] Built target manip__rosidl_typesupport_introspection_c__pyext
[ 96%] Built target manip__rosidl_typesupport_c__pyext
[ 98%] [32m[1mLinking C shared library rosidl_generator_py/manip/manip_s__rosidl_typesupport_fastrtps_c.cpython-310-x86_64-linux-gnu.so[0m
running egg_info
[01m[K/home/kousei/HaruRobo2024_ws/ros2_ws/src/manip/src/manip_control_node.cpp:7:10:[m[K [01;31m[Kfatal error: [m[Kmanip/srv/state.hpp: そのようなファイルやディレクトリはありません
    7 | #include [01;31m[K"manip/srv/state.hpp"[m[K
      |          [01;31m[K^~~~~~~~~~~~~~~~~~~~~[m[K
compilation terminated.
writing manip.egg-info/PKG-INFO
writing dependency_links to manip.egg-info/dependency_links.txt
writing top-level names to manip.egg-info/top_level.txt
gmake[2]: *** [CMakeFiles/manip_control_node.dir/build.make:76: CMakeFiles/manip_control_node.dir/src/manip_control_node.cpp.o] エラー 1
gmake[1]: *** [CMakeFiles/Makefile2:212: CMakeFiles/manip_control_node.dir/all] エラー 2
gmake[1]: *** 未完了のジョブを待っています....
reading manifest file 'manip.egg-info/SOURCES.txt'
writing manifest file 'manip.egg-info/SOURCES.txt'
[ 98%] Built target manip__rosidl_typesupport_fastrtps_c__pyext
[ 98%] Built target ament_cmake_python_build_manip_egg
gmake: *** [Makefile:146: all] エラー 2
