[0.079s] Invoking command in '/home/kousei/HaruRobo2024_ws/ros2_ws/build/manip': CMAKE_PREFIX_PATH=${CMAKE_PREFIX_PATH}:/opt/ros/humble /usr/bin/cmake --build /home/kousei/HaruRobo2024_ws/ros2_ws/build/manip -- -j16 -l16
[0.124s] [  1%] Built target manip__cpp
[0.130s] [ 11%] Built target manip__rosidl_generator_c
[0.133s] [ 11%] Built target ament_cmake_python_copy_manip
[0.150s] [ 21%] Built target manip__rosidl_typesupport_cpp
[0.152s] [ 31%] Built target manip__rosidl_typesupport_introspection_cpp
[0.158s] [ 43%] Built target manip__rosidl_typesupport_introspection_c
[0.159s] [ 50%] Built target manip__rosidl_typesupport_fastrtps_cpp
[0.160s] [ 60%] Built target manip__rosidl_typesupport_c
[0.172s] [ 70%] Built target manip__rosidl_typesupport_fastrtps_c
[0.182s] [ 72%] [32mBuilding CXX object CMakeFiles/manip_control_node.dir/src/manip_control_node.cpp.o[0m
[0.184s] [ 76%] Built target manip_joy_node
[0.190s] [ 76%] Built target manip
[0.205s] [ 78%] Built target manip__py
[0.216s] [35m[1mConsolidate compiler generated dependencies of target manip__rosidl_generator_py[0m
[0.232s] [ 86%] Built target manip__rosidl_generator_py
[0.251s] [ 88%] [32mBuilding C object CMakeFiles/manip__rosidl_typesupport_introspection_c__pyext.dir/rosidl_generator_py/manip/_manip_s.ep.rosidl_typesupport_introspection_c.c.o[0m
[0.252s] [ 90%] [32mBuilding C object CMakeFiles/manip__rosidl_typesupport_c__pyext.dir/rosidl_generator_py/manip/_manip_s.ep.rosidl_typesupport_c.c.o[0m
[0.257s] [ 92%] [32mBuilding C object CMakeFiles/manip__rosidl_typesupport_fastrtps_c__pyext.dir/rosidl_generator_py/manip/_manip_s.ep.rosidl_typesupport_fastrtps_c.c.o[0m
[0.342s] [ 94%] [32m[1mLinking C shared library rosidl_generator_py/manip/manip_s__rosidl_typesupport_c.cpython-310-x86_64-linux-gnu.so[0m
[0.343s] [ 96%] [32m[1mLinking C shared library rosidl_generator_py/manip/manip_s__rosidl_typesupport_introspection_c.cpython-310-x86_64-linux-gnu.so[0m
[0.387s] [ 96%] Built target manip__rosidl_typesupport_introspection_c__pyext
[0.387s] [ 96%] Built target manip__rosidl_typesupport_c__pyext
[0.400s] [ 98%] [32m[1mLinking C shared library rosidl_generator_py/manip/manip_s__rosidl_typesupport_fastrtps_c.cpython-310-x86_64-linux-gnu.so[0m
[0.422s] running egg_info
[0.423s] [01m[K/home/kousei/HaruRobo2024_ws/ros2_ws/src/manip/src/manip_control_node.cpp:7:10:[m[K [01;31m[Kfatal error: [m[Kmanip/srv/state.hpp: そのようなファイルやディレクトリはありません
[0.423s]     7 | #include [01;31m[K"manip/srv/state.hpp"[m[K
[0.423s]       |          [01;31m[K^~~~~~~~~~~~~~~~~~~~~[m[K
[0.423s] compilation terminated.
[0.423s] writing manip.egg-info/PKG-INFO
[0.423s] writing dependency_links to manip.egg-info/dependency_links.txt
[0.424s] writing top-level names to manip.egg-info/top_level.txt
[0.425s] gmake[2]: *** [CMakeFiles/manip_control_node.dir/build.make:76: CMakeFiles/manip_control_node.dir/src/manip_control_node.cpp.o] エラー 1
[0.425s] gmake[1]: *** [CMakeFiles/Makefile2:212: CMakeFiles/manip_control_node.dir/all] エラー 2
[0.425s] gmake[1]: *** 未完了のジョブを待っています....
[0.426s] reading manifest file 'manip.egg-info/SOURCES.txt'
[0.427s] writing manifest file 'manip.egg-info/SOURCES.txt'
[0.443s] [ 98%] Built target manip__rosidl_typesupport_fastrtps_c__pyext
[0.449s] [ 98%] Built target ament_cmake_python_build_manip_egg
[0.449s] gmake: *** [Makefile:146: all] エラー 2
[0.450s] Invoked command in '/home/kousei/HaruRobo2024_ws/ros2_ws/build/manip' returned '2': CMAKE_PREFIX_PATH=${CMAKE_PREFIX_PATH}:/opt/ros/humble /usr/bin/cmake --build /home/kousei/HaruRobo2024_ws/ros2_ws/build/manip -- -j16 -l16
