[0.088s] Invoking command in '/home/kousei/HaruRobo2024_ws/ros2_ws/build/manip': CMAKE_PREFIX_PATH=${CMAKE_PREFIX_PATH}:/opt/ros/humble /usr/bin/cmake --build /home/kousei/HaruRobo2024_ws/ros2_ws/build/manip -- -j16 -l16
[0.125s] [  1%] Built target manip__cpp
[0.133s] [ 11%] Built target manip__rosidl_generator_c
[0.140s] [ 11%] Built target ament_cmake_python_copy_manip
[0.156s] [ 21%] Built target manip__rosidl_typesupport_cpp
[0.158s] [ 31%] Built target manip__rosidl_typesupport_fastrtps_cpp
[0.160s] [ 41%] Built target manip__rosidl_typesupport_introspection_c
[0.167s] [ 50%] Built target manip__rosidl_typesupport_c
[0.170s] [35m[1mConsolidate compiler generated dependencies of target manip_control_node[0m
[0.173s] [ 60%] Built target manip__rosidl_typesupport_introspection_cpp
[0.176s] [ 70%] Built target manip__rosidl_typesupport_fastrtps_c
[0.184s] [ 72%] [32mBuilding CXX object CMakeFiles/manip_joy_node.dir/src/manip_joy_node.cpp.o[0m
[0.191s] [ 76%] Built target manip_control_node
[0.198s] [ 76%] Built target manip
[0.215s] [ 78%] Built target manip__py
[0.241s] [ 86%] Built target manip__rosidl_generator_py
[0.264s] [ 90%] Built target manip__rosidl_typesupport_c__pyext
[0.267s] [ 98%] Built target manip__rosidl_typesupport_fastrtps_c__pyext
[0.268s] [ 98%] Built target manip__rosidl_typesupport_introspection_c__pyext
[0.426s] running egg_info
[0.426s] writing manip.egg-info/PKG-INFO
[0.427s] writing dependency_links to manip.egg-info/dependency_links.txt
[0.427s] writing top-level names to manip.egg-info/top_level.txt
[0.430s] reading manifest file 'manip.egg-info/SOURCES.txt'
[0.430s] writing manifest file 'manip.egg-info/SOURCES.txt'
[0.454s] [ 98%] Built target ament_cmake_python_build_manip_egg
[5.671s] [100%] [32m[1mLinking CXX executable manip_joy_node[0m
[5.971s] [100%] Built target manip_joy_node
[5.978s] Invoked command in '/home/kousei/HaruRobo2024_ws/ros2_ws/build/manip' returned '0': CMAKE_PREFIX_PATH=${CMAKE_PREFIX_PATH}:/opt/ros/humble /usr/bin/cmake --build /home/kousei/HaruRobo2024_ws/ros2_ws/build/manip -- -j16 -l16
[6.057s] Invoking command in '/home/kousei/HaruRobo2024_ws/ros2_ws/build/manip': CMAKE_PREFIX_PATH=${CMAKE_PREFIX_PATH}:/opt/ros/humble /usr/bin/cmake --install /home/kousei/HaruRobo2024_ws/ros2_ws/build/manip
[6.062s] -- Install configuration: ""
[6.062s] -- Up-to-date: /home/kousei/HaruRobo2024_ws/ros2_ws/install/manip/share/ament_index/resource_index/rosidl_interfaces/manip
[6.063s] -- Up-to-date: /home/kousei/HaruRobo2024_ws/ros2_ws/install/manip/include/manip/manip
[6.063s] -- Up-to-date: /home/kousei/HaruRobo2024_ws/ros2_ws/install/manip/include/manip/manip/msg
[6.063s] -- Up-to-date: /home/kousei/HaruRobo2024_ws/ros2_ws/install/manip/include/manip/manip/msg/cmd.h
[6.063s] -- Up-to-date: /home/kousei/HaruRobo2024_ws/ros2_ws/install/manip/include/manip/manip/msg/rosidl_generator_c__visibility_control.h
[6.063s] -- Up-to-date: /home/kousei/HaruRobo2024_ws/ros2_ws/install/manip/include/manip/manip/msg/result.h
[6.063s] -- Up-to-date: /home/kousei/HaruRobo2024_ws/ros2_ws/install/manip/include/manip/manip/msg/detail
[6.063s] -- Up-to-date: /home/kousei/HaruRobo2024_ws/ros2_ws/install/manip/include/manip/manip/msg/detail/result__functions.h
[6.063s] -- Up-to-date: /home/kousei/HaruRobo2024_ws/ros2_ws/install/manip/include/manip/manip/msg/detail/cmd__type_support.h
[6.064s] -- Up-to-date: /home/kousei/HaruRobo2024_ws/ros2_ws/install/manip/include/manip/manip/msg/detail/result__functions.c
[6.064s] -- Up-to-date: /home/kousei/HaruRobo2024_ws/ros2_ws/install/manip/include/manip/manip/msg/detail/result__struct.h
[6.064s] -- Up-to-date: /home/kousei/HaruRobo2024_ws/ros2_ws/install/manip/include/manip/manip/msg/detail/cmd__struct.h
[6.064s] -- Up-to-date: /home/kousei/HaruRobo2024_ws/ros2_ws/install/manip/include/manip/manip/msg/detail/cmd__functions.c
[6.064s] -- Up-to-date: /home/kousei/HaruRobo2024_ws/ros2_ws/install/manip/include/manip/manip/msg/detail/cmd__functions.h
[6.064s] -- Up-to-date: /home/kousei/HaruRobo2024_ws/ros2_ws/install/manip/include/manip/manip/msg/detail/result__type_support.h
[6.064s] -- Up-to-date: /home/kousei/HaruRobo2024_ws/ros2_ws/install/manip/include/manip/manip/action
[6.064s] -- Up-to-date: /home/kousei/HaruRobo2024_ws/ros2_ws/install/manip/include/manip/manip/action/state.h
[6.064s] -- Up-to-date: /home/kousei/HaruRobo2024_ws/ros2_ws/install/manip/include/manip/manip/action/detail
[6.064s] -- Up-to-date: /home/kousei/HaruRobo2024_ws/ros2_ws/install/manip/include/manip/manip/action/detail/state__struct.h
[6.065s] -- Up-to-date: /home/kousei/HaruRobo2024_ws/ros2_ws/install/manip/include/manip/manip/action/detail/state__functions.h
[6.065s] -- Up-to-date: /home/kousei/HaruRobo2024_ws/ros2_ws/install/manip/include/manip/manip/action/detail/state__type_support.h
[6.065s] -- Up-to-date: /home/kousei/HaruRobo2024_ws/ros2_ws/install/manip/include/manip/manip/action/detail/state__functions.c
[6.065s] -- Up-to-date: /home/kousei/HaruRobo2024_ws/ros2_ws/install/manip/share/manip/environment/library_path.sh
[6.065s] -- Up-to-date: /home/kousei/HaruRobo2024_ws/ros2_ws/install/manip/share/manip/environment/library_path.dsv
[6.065s] -- Up-to-date: /home/kousei/HaruRobo2024_ws/ros2_ws/install/manip/lib/libmanip__rosidl_generator_c.so
[6.065s] -- Up-to-date: /home/kousei/HaruRobo2024_ws/ros2_ws/install/manip/include/manip/manip
[6.065s] -- Up-to-date: /home/kousei/HaruRobo2024_ws/ros2_ws/install/manip/include/manip/manip/msg
[6.066s] -- Up-to-date: /home/kousei/HaruRobo2024_ws/ros2_ws/install/manip/include/manip/manip/msg/detail
[6.066s] -- Up-to-date: /home/kousei/HaruRobo2024_ws/ros2_ws/install/manip/include/manip/manip/msg/detail/cmd__rosidl_typesupport_fastrtps_c.h
[6.066s] -- Up-to-date: /home/kousei/HaruRobo2024_ws/ros2_ws/install/manip/include/manip/manip/msg/detail/result__rosidl_typesupport_fastrtps_c.h
[6.066s] -- Up-to-date: /home/kousei/HaruRobo2024_ws/ros2_ws/install/manip/include/manip/manip/msg/rosidl_typesupport_fastrtps_c__visibility_control.h
[6.066s] -- Up-to-date: /home/kousei/HaruRobo2024_ws/ros2_ws/install/manip/include/manip/manip/action
[6.066s] -- Up-to-date: /home/kousei/HaruRobo2024_ws/ros2_ws/install/manip/include/manip/manip/action/detail
[6.066s] -- Up-to-date: /home/kousei/HaruRobo2024_ws/ros2_ws/install/manip/include/manip/manip/action/detail/state__rosidl_typesupport_fastrtps_c.h
[6.066s] -- Up-to-date: /home/kousei/HaruRobo2024_ws/ros2_ws/install/manip/lib/libmanip__rosidl_typesupport_fastrtps_c.so
[6.066s] -- Up-to-date: /home/kousei/HaruRobo2024_ws/ros2_ws/install/manip/include/manip/manip
[6.066s] -- Up-to-date: /home/kousei/HaruRobo2024_ws/ros2_ws/install/manip/include/manip/manip/msg
[6.066s] -- Up-to-date: /home/kousei/HaruRobo2024_ws/ros2_ws/install/manip/include/manip/manip/msg/result.hpp
[6.066s] -- Up-to-date: /home/kousei/HaruRobo2024_ws/ros2_ws/install/manip/include/manip/manip/msg/cmd.hpp
[6.066s] -- Up-to-date: /home/kousei/HaruRobo2024_ws/ros2_ws/install/manip/include/manip/manip/msg/detail
[6.066s] -- Up-to-date: /home/kousei/HaruRobo2024_ws/ros2_ws/install/manip/include/manip/manip/msg/detail/cmd__struct.hpp
[6.066s] -- Up-to-date: /home/kousei/HaruRobo2024_ws/ros2_ws/install/manip/include/manip/manip/msg/detail/result__struct.hpp
[6.066s] -- Up-to-date: /home/kousei/HaruRobo2024_ws/ros2_ws/install/manip/include/manip/manip/msg/detail/result__traits.hpp
[6.066s] -- Up-to-date: /home/kousei/HaruRobo2024_ws/ros2_ws/install/manip/include/manip/manip/msg/detail/cmd__builder.hpp
[6.066s] -- Up-to-date: /home/kousei/HaruRobo2024_ws/ros2_ws/install/manip/include/manip/manip/msg/detail/cmd__traits.hpp
[6.066s] -- Up-to-date: /home/kousei/HaruRobo2024_ws/ros2_ws/install/manip/include/manip/manip/msg/detail/result__builder.hpp
[6.066s] -- Up-to-date: /home/kousei/HaruRobo2024_ws/ros2_ws/install/manip/include/manip/manip/action
[6.066s] -- Up-to-date: /home/kousei/HaruRobo2024_ws/ros2_ws/install/manip/include/manip/manip/action/state.hpp
[6.066s] -- Up-to-date: /home/kousei/HaruRobo2024_ws/ros2_ws/install/manip/include/manip/manip/action/detail
[6.066s] -- Up-to-date: /home/kousei/HaruRobo2024_ws/ros2_ws/install/manip/include/manip/manip/action/detail/state__builder.hpp
[6.066s] -- Up-to-date: /home/kousei/HaruRobo2024_ws/ros2_ws/install/manip/include/manip/manip/action/detail/state__traits.hpp
[6.066s] -- Up-to-date: /home/kousei/HaruRobo2024_ws/ros2_ws/install/manip/include/manip/manip/action/detail/state__struct.hpp
[6.066s] -- Up-to-date: /home/kousei/HaruRobo2024_ws/ros2_ws/install/manip/include/manip/manip
[6.066s] -- Up-to-date: /home/kousei/HaruRobo2024_ws/ros2_ws/install/manip/include/manip/manip/msg
[6.066s] -- Up-to-date: /home/kousei/HaruRobo2024_ws/ros2_ws/install/manip/include/manip/manip/msg/detail
[6.066s] -- Up-to-date: /home/kousei/HaruRobo2024_ws/ros2_ws/install/manip/include/manip/manip/msg/detail/dds_fastrtps
[6.066s] -- Up-to-date: /home/kousei/HaruRobo2024_ws/ros2_ws/install/manip/include/manip/manip/msg/detail/cmd__rosidl_typesupport_fastrtps_cpp.hpp
[6.067s] -- Up-to-date: /home/kousei/HaruRobo2024_ws/ros2_ws/install/manip/include/manip/manip/msg/detail/result__rosidl_typesupport_fastrtps_cpp.hpp
[6.067s] -- Up-to-date: /home/kousei/HaruRobo2024_ws/ros2_ws/install/manip/include/manip/manip/msg/rosidl_typesupport_fastrtps_cpp__visibility_control.h
[6.067s] -- Up-to-date: /home/kousei/HaruRobo2024_ws/ros2_ws/install/manip/include/manip/manip/action
[6.067s] -- Up-to-date: /home/kousei/HaruRobo2024_ws/ros2_ws/install/manip/include/manip/manip/action/detail
[6.067s] -- Up-to-date: /home/kousei/HaruRobo2024_ws/ros2_ws/install/manip/include/manip/manip/action/detail/dds_fastrtps
[6.067s] -- Up-to-date: /home/kousei/HaruRobo2024_ws/ros2_ws/install/manip/include/manip/manip/action/detail/state__rosidl_typesupport_fastrtps_cpp.hpp
[6.067s] -- Up-to-date: /home/kousei/HaruRobo2024_ws/ros2_ws/install/manip/lib/libmanip__rosidl_typesupport_fastrtps_cpp.so
[6.067s] -- Up-to-date: /home/kousei/HaruRobo2024_ws/ros2_ws/install/manip/include/manip/manip
[6.067s] -- Up-to-date: /home/kousei/HaruRobo2024_ws/ros2_ws/install/manip/include/manip/manip/msg
[6.067s] -- Up-to-date: /home/kousei/HaruRobo2024_ws/ros2_ws/install/manip/include/manip/manip/msg/detail
[6.067s] -- Up-to-date: /home/kousei/HaruRobo2024_ws/ros2_ws/install/manip/include/manip/manip/msg/detail/cmd__rosidl_typesupport_introspection_c.h
[6.067s] -- Up-to-date: /home/kousei/HaruRobo2024_ws/ros2_ws/install/manip/include/manip/manip/msg/detail/result__type_support.c
[6.067s] -- Up-to-date: /home/kousei/HaruRobo2024_ws/ros2_ws/install/manip/include/manip/manip/msg/detail/cmd__type_support.c
[6.067s] -- Up-to-date: /home/kousei/HaruRobo2024_ws/ros2_ws/install/manip/include/manip/manip/msg/detail/result__rosidl_typesupport_introspection_c.h
[6.067s] -- Up-to-date: /home/kousei/HaruRobo2024_ws/ros2_ws/install/manip/include/manip/manip/msg/rosidl_typesupport_introspection_c__visibility_control.h
[6.067s] -- Up-to-date: /home/kousei/HaruRobo2024_ws/ros2_ws/install/manip/include/manip/manip/action
[6.067s] -- Up-to-date: /home/kousei/HaruRobo2024_ws/ros2_ws/install/manip/include/manip/manip/action/detail
[6.067s] -- Up-to-date: /home/kousei/HaruRobo2024_ws/ros2_ws/install/manip/include/manip/manip/action/detail/state__type_support.c
[6.067s] -- Up-to-date: /home/kousei/HaruRobo2024_ws/ros2_ws/install/manip/include/manip/manip/action/detail/state__rosidl_typesupport_introspection_c.h
[6.067s] -- Up-to-date: /home/kousei/HaruRobo2024_ws/ros2_ws/install/manip/lib/libmanip__rosidl_typesupport_introspection_c.so
[6.067s] -- Up-to-date: /home/kousei/HaruRobo2024_ws/ros2_ws/install/manip/lib/libmanip__rosidl_typesupport_c.so
[6.067s] -- Up-to-date: /home/kousei/HaruRobo2024_ws/ros2_ws/install/manip/include/manip/manip
[6.067s] -- Up-to-date: /home/kousei/HaruRobo2024_ws/ros2_ws/install/manip/include/manip/manip/msg
[6.067s] -- Up-to-date: /home/kousei/HaruRobo2024_ws/ros2_ws/install/manip/include/manip/manip/msg/detail
[6.067s] -- Up-to-date: /home/kousei/HaruRobo2024_ws/ros2_ws/install/manip/include/manip/manip/msg/detail/cmd__rosidl_typesupport_introspection_cpp.hpp
[6.067s] -- Up-to-date: /home/kousei/HaruRobo2024_ws/ros2_ws/install/manip/include/manip/manip/msg/detail/result__type_support.cpp
[6.067s] -- Up-to-date: /home/kousei/HaruRobo2024_ws/ros2_ws/install/manip/include/manip/manip/msg/detail/cmd__type_support.cpp
[6.067s] -- Up-to-date: /home/kousei/HaruRobo2024_ws/ros2_ws/install/manip/include/manip/manip/msg/detail/result__rosidl_typesupport_introspection_cpp.hpp
[6.067s] -- Up-to-date: /home/kousei/HaruRobo2024_ws/ros2_ws/install/manip/include/manip/manip/action
[6.067s] -- Up-to-date: /home/kousei/HaruRobo2024_ws/ros2_ws/install/manip/include/manip/manip/action/detail
[6.067s] -- Up-to-date: /home/kousei/HaruRobo2024_ws/ros2_ws/install/manip/include/manip/manip/action/detail/state__type_support.cpp
[6.067s] -- Up-to-date: /home/kousei/HaruRobo2024_ws/ros2_ws/install/manip/include/manip/manip/action/detail/state__rosidl_typesupport_introspection_cpp.hpp
[6.067s] -- Up-to-date: /home/kousei/HaruRobo2024_ws/ros2_ws/install/manip/lib/libmanip__rosidl_typesupport_introspection_cpp.so
[6.068s] -- Up-to-date: /home/kousei/HaruRobo2024_ws/ros2_ws/install/manip/lib/libmanip__rosidl_typesupport_cpp.so
[6.068s] -- Up-to-date: /home/kousei/HaruRobo2024_ws/ros2_ws/install/manip/share/manip/environment/pythonpath.sh
[6.068s] -- Up-to-date: /home/kousei/HaruRobo2024_ws/ros2_ws/install/manip/share/manip/environment/pythonpath.dsv
[6.068s] -- Up-to-date: /home/kousei/HaruRobo2024_ws/ros2_ws/install/manip/local/lib/python3.10/dist-packages/manip-0.0.0-py3.10.egg-info
[6.068s] -- Installing: /home/kousei/HaruRobo2024_ws/ros2_ws/install/manip/local/lib/python3.10/dist-packages/manip-0.0.0-py3.10.egg-info/dependency_links.txt
[6.068s] -- Installing: /home/kousei/HaruRobo2024_ws/ros2_ws/install/manip/local/lib/python3.10/dist-packages/manip-0.0.0-py3.10.egg-info/SOURCES.txt
[6.068s] -- Installing: /home/kousei/HaruRobo2024_ws/ros2_ws/install/manip/local/lib/python3.10/dist-packages/manip-0.0.0-py3.10.egg-info/top_level.txt
[6.068s] -- Installing: /home/kousei/HaruRobo2024_ws/ros2_ws/install/manip/local/lib/python3.10/dist-packages/manip-0.0.0-py3.10.egg-info/PKG-INFO
[6.068s] -- Up-to-date: /home/kousei/HaruRobo2024_ws/ros2_ws/install/manip/local/lib/python3.10/dist-packages/manip
[6.068s] -- Up-to-date: /home/kousei/HaruRobo2024_ws/ros2_ws/install/manip/local/lib/python3.10/dist-packages/manip/libmanip__rosidl_generator_py.so
[6.068s] -- Up-to-date: /home/kousei/HaruRobo2024_ws/ros2_ws/install/manip/local/lib/python3.10/dist-packages/manip/__init__.py
[6.068s] -- Up-to-date: /home/kousei/HaruRobo2024_ws/ros2_ws/install/manip/local/lib/python3.10/dist-packages/manip/_manip_s.ep.rosidl_typesupport_introspection_c.c
[6.068s] -- Up-to-date: /home/kousei/HaruRobo2024_ws/ros2_ws/install/manip/local/lib/python3.10/dist-packages/manip/_manip_s.ep.rosidl_typesupport_fastrtps_c.c
[6.068s] -- Up-to-date: /home/kousei/HaruRobo2024_ws/ros2_ws/install/manip/local/lib/python3.10/dist-packages/manip/manip_s__rosidl_typesupport_fastrtps_c.cpython-310-x86_64-linux-gnu.so
[6.068s] -- Up-to-date: /home/kousei/HaruRobo2024_ws/ros2_ws/install/manip/local/lib/python3.10/dist-packages/manip/manip_s__rosidl_typesupport_c.cpython-310-x86_64-linux-gnu.so
[6.068s] -- Up-to-date: /home/kousei/HaruRobo2024_ws/ros2_ws/install/manip/local/lib/python3.10/dist-packages/manip/_manip_s.ep.rosidl_typesupport_c.c
[6.068s] -- Up-to-date: /home/kousei/HaruRobo2024_ws/ros2_ws/install/manip/local/lib/python3.10/dist-packages/manip/msg
[6.068s] -- Up-to-date: /home/kousei/HaruRobo2024_ws/ros2_ws/install/manip/local/lib/python3.10/dist-packages/manip/msg/__init__.py
[6.068s] -- Up-to-date: /home/kousei/HaruRobo2024_ws/ros2_ws/install/manip/local/lib/python3.10/dist-packages/manip/msg/_result.py
[6.068s] -- Up-to-date: /home/kousei/HaruRobo2024_ws/ros2_ws/install/manip/local/lib/python3.10/dist-packages/manip/msg/_cmd_s.c
[6.068s] -- Up-to-date: /home/kousei/HaruRobo2024_ws/ros2_ws/install/manip/local/lib/python3.10/dist-packages/manip/msg/_cmd.py
[6.068s] -- Up-to-date: /home/kousei/HaruRobo2024_ws/ros2_ws/install/manip/local/lib/python3.10/dist-packages/manip/msg/_result_s.c
[6.068s] -- Up-to-date: /home/kousei/HaruRobo2024_ws/ros2_ws/install/manip/local/lib/python3.10/dist-packages/manip/manip_s__rosidl_typesupport_introspection_c.cpython-310-x86_64-linux-gnu.so
[6.068s] -- Up-to-date: /home/kousei/HaruRobo2024_ws/ros2_ws/install/manip/local/lib/python3.10/dist-packages/manip/action
[6.068s] -- Up-to-date: /home/kousei/HaruRobo2024_ws/ros2_ws/install/manip/local/lib/python3.10/dist-packages/manip/action/__init__.py
[6.068s] -- Up-to-date: /home/kousei/HaruRobo2024_ws/ros2_ws/install/manip/local/lib/python3.10/dist-packages/manip/action/_state.py
[6.068s] -- Up-to-date: /home/kousei/HaruRobo2024_ws/ros2_ws/install/manip/local/lib/python3.10/dist-packages/manip/action/_state_s.c
[6.088s] Listing '/home/kousei/HaruRobo2024_ws/ros2_ws/install/manip/local/lib/python3.10/dist-packages/manip'...
[6.088s] Listing '/home/kousei/HaruRobo2024_ws/ros2_ws/install/manip/local/lib/python3.10/dist-packages/manip/action'...
[6.088s] Listing '/home/kousei/HaruRobo2024_ws/ros2_ws/install/manip/local/lib/python3.10/dist-packages/manip/msg'...
[6.091s] -- Up-to-date: /home/kousei/HaruRobo2024_ws/ros2_ws/install/manip/local/lib/python3.10/dist-packages/manip/manip_s__rosidl_typesupport_fastrtps_c.cpython-310-x86_64-linux-gnu.so
[6.091s] -- Up-to-date: /home/kousei/HaruRobo2024_ws/ros2_ws/install/manip/local/lib/python3.10/dist-packages/manip/manip_s__rosidl_typesupport_introspection_c.cpython-310-x86_64-linux-gnu.so
[6.092s] -- Up-to-date: /home/kousei/HaruRobo2024_ws/ros2_ws/install/manip/local/lib/python3.10/dist-packages/manip/manip_s__rosidl_typesupport_c.cpython-310-x86_64-linux-gnu.so
[6.092s] -- Up-to-date: /home/kousei/HaruRobo2024_ws/ros2_ws/install/manip/lib/libmanip__rosidl_generator_py.so
[6.092s] -- Up-to-date: /home/kousei/HaruRobo2024_ws/ros2_ws/install/manip/share/manip/msg/Cmd.idl
[6.092s] -- Up-to-date: /home/kousei/HaruRobo2024_ws/ros2_ws/install/manip/share/manip/msg/Result.idl
[6.092s] -- Up-to-date: /home/kousei/HaruRobo2024_ws/ros2_ws/install/manip/share/manip/action/State.idl
[6.092s] -- Up-to-date: /home/kousei/HaruRobo2024_ws/ros2_ws/install/manip/share/manip/msg/Cmd.msg
[6.092s] -- Up-to-date: /home/kousei/HaruRobo2024_ws/ros2_ws/install/manip/share/manip/msg/Result.msg
[6.092s] -- Up-to-date: /home/kousei/HaruRobo2024_ws/ros2_ws/install/manip/share/manip/action/State.action
[6.092s] -- Up-to-date: /home/kousei/HaruRobo2024_ws/ros2_ws/install/manip/include
[6.093s] -- Up-to-date: /home/kousei/HaruRobo2024_ws/ros2_ws/install/manip/include/manip
[6.093s] -- Installing: /home/kousei/HaruRobo2024_ws/ros2_ws/install/manip/lib/manip/manip_joy_node
[6.096s] -- Set runtime path of "/home/kousei/HaruRobo2024_ws/ros2_ws/install/manip/lib/manip/manip_joy_node" to ""
[6.096s] -- Up-to-date: /home/kousei/HaruRobo2024_ws/ros2_ws/install/manip/lib/manip/manip_control_node
[6.096s] -- Up-to-date: /home/kousei/HaruRobo2024_ws/ros2_ws/install/manip/share/ament_index/resource_index/package_run_dependencies/manip
[6.096s] -- Up-to-date: /home/kousei/HaruRobo2024_ws/ros2_ws/install/manip/share/ament_index/resource_index/parent_prefix_path/manip
[6.096s] -- Up-to-date: /home/kousei/HaruRobo2024_ws/ros2_ws/install/manip/share/manip/environment/ament_prefix_path.sh
[6.097s] -- Up-to-date: /home/kousei/HaruRobo2024_ws/ros2_ws/install/manip/share/manip/environment/ament_prefix_path.dsv
[6.097s] -- Up-to-date: /home/kousei/HaruRobo2024_ws/ros2_ws/install/manip/share/manip/environment/path.sh
[6.097s] -- Up-to-date: /home/kousei/HaruRobo2024_ws/ros2_ws/install/manip/share/manip/environment/path.dsv
[6.097s] -- Up-to-date: /home/kousei/HaruRobo2024_ws/ros2_ws/install/manip/share/manip/local_setup.bash
[6.097s] -- Up-to-date: /home/kousei/HaruRobo2024_ws/ros2_ws/install/manip/share/manip/local_setup.sh
[6.097s] -- Up-to-date: /home/kousei/HaruRobo2024_ws/ros2_ws/install/manip/share/manip/local_setup.zsh
[6.097s] -- Up-to-date: /home/kousei/HaruRobo2024_ws/ros2_ws/install/manip/share/manip/local_setup.dsv
[6.097s] -- Installing: /home/kousei/HaruRobo2024_ws/ros2_ws/install/manip/share/manip/package.dsv
[6.097s] -- Up-to-date: /home/kousei/HaruRobo2024_ws/ros2_ws/install/manip/share/ament_index/resource_index/packages/manip
[6.097s] -- Up-to-date: /home/kousei/HaruRobo2024_ws/ros2_ws/install/manip/share/manip/cmake/export_manip__rosidl_generator_cExport.cmake
[6.097s] -- Up-to-date: /home/kousei/HaruRobo2024_ws/ros2_ws/install/manip/share/manip/cmake/export_manip__rosidl_generator_cExport-noconfig.cmake
[6.098s] -- Up-to-date: /home/kousei/HaruRobo2024_ws/ros2_ws/install/manip/share/manip/cmake/export_manip__rosidl_typesupport_fastrtps_cExport.cmake
[6.098s] -- Up-to-date: /home/kousei/HaruRobo2024_ws/ros2_ws/install/manip/share/manip/cmake/export_manip__rosidl_typesupport_fastrtps_cExport-noconfig.cmake
[6.098s] -- Up-to-date: /home/kousei/HaruRobo2024_ws/ros2_ws/install/manip/share/manip/cmake/export_manip__rosidl_generator_cppExport.cmake
[6.098s] -- Up-to-date: /home/kousei/HaruRobo2024_ws/ros2_ws/install/manip/share/manip/cmake/export_manip__rosidl_typesupport_fastrtps_cppExport.cmake
[6.098s] -- Up-to-date: /home/kousei/HaruRobo2024_ws/ros2_ws/install/manip/share/manip/cmake/export_manip__rosidl_typesupport_fastrtps_cppExport-noconfig.cmake
[6.098s] -- Up-to-date: /home/kousei/HaruRobo2024_ws/ros2_ws/install/manip/share/manip/cmake/manip__rosidl_typesupport_introspection_cExport.cmake
[6.098s] -- Up-to-date: /home/kousei/HaruRobo2024_ws/ros2_ws/install/manip/share/manip/cmake/manip__rosidl_typesupport_introspection_cExport-noconfig.cmake
[6.098s] -- Up-to-date: /home/kousei/HaruRobo2024_ws/ros2_ws/install/manip/share/manip/cmake/manip__rosidl_typesupport_cExport.cmake
[6.098s] -- Up-to-date: /home/kousei/HaruRobo2024_ws/ros2_ws/install/manip/share/manip/cmake/manip__rosidl_typesupport_cExport-noconfig.cmake
[6.098s] -- Up-to-date: /home/kousei/HaruRobo2024_ws/ros2_ws/install/manip/share/manip/cmake/manip__rosidl_typesupport_introspection_cppExport.cmake
[6.098s] -- Up-to-date: /home/kousei/HaruRobo2024_ws/ros2_ws/install/manip/share/manip/cmake/manip__rosidl_typesupport_introspection_cppExport-noconfig.cmake
[6.098s] -- Up-to-date: /home/kousei/HaruRobo2024_ws/ros2_ws/install/manip/share/manip/cmake/manip__rosidl_typesupport_cppExport.cmake
[6.098s] -- Up-to-date: /home/kousei/HaruRobo2024_ws/ros2_ws/install/manip/share/manip/cmake/manip__rosidl_typesupport_cppExport-noconfig.cmake
[6.098s] -- Up-to-date: /home/kousei/HaruRobo2024_ws/ros2_ws/install/manip/share/manip/cmake/export_manip__rosidl_generator_pyExport.cmake
[6.099s] -- Up-to-date: /home/kousei/HaruRobo2024_ws/ros2_ws/install/manip/share/manip/cmake/export_manip__rosidl_generator_pyExport-noconfig.cmake
[6.099s] -- Up-to-date: /home/kousei/HaruRobo2024_ws/ros2_ws/install/manip/share/manip/cmake/rosidl_cmake-extras.cmake
[6.099s] -- Up-to-date: /home/kousei/HaruRobo2024_ws/ros2_ws/install/manip/share/manip/cmake/ament_cmake_export_dependencies-extras.cmake
[6.099s] -- Up-to-date: /home/kousei/HaruRobo2024_ws/ros2_ws/install/manip/share/manip/cmake/ament_cmake_export_include_directories-extras.cmake
[6.099s] -- Up-to-date: /home/kousei/HaruRobo2024_ws/ros2_ws/install/manip/share/manip/cmake/ament_cmake_export_libraries-extras.cmake
[6.099s] -- Up-to-date: /home/kousei/HaruRobo2024_ws/ros2_ws/install/manip/share/manip/cmake/ament_cmake_export_targets-extras.cmake
[6.099s] -- Up-to-date: /home/kousei/HaruRobo2024_ws/ros2_ws/install/manip/share/manip/cmake/rosidl_cmake_export_typesupport_targets-extras.cmake
[6.099s] -- Up-to-date: /home/kousei/HaruRobo2024_ws/ros2_ws/install/manip/share/manip/cmake/rosidl_cmake_export_typesupport_libraries-extras.cmake
[6.099s] -- Up-to-date: /home/kousei/HaruRobo2024_ws/ros2_ws/install/manip/share/manip/cmake/manipConfig.cmake
[6.099s] -- Up-to-date: /home/kousei/HaruRobo2024_ws/ros2_ws/install/manip/share/manip/cmake/manipConfig-version.cmake
[6.099s] -- Up-to-date: /home/kousei/HaruRobo2024_ws/ros2_ws/install/manip/share/manip/package.xml
[6.101s] Invoked command in '/home/kousei/HaruRobo2024_ws/ros2_ws/build/manip' returned '0': CMAKE_PREFIX_PATH=${CMAKE_PREFIX_PATH}:/opt/ros/humble /usr/bin/cmake --install /home/kousei/HaruRobo2024_ws/ros2_ws/build/manip
