[0.080s] Invoking command in '/home/kousei/HaruRobo2024_ws/ros2_ws/build/manip': CMAKE_PREFIX_PATH=${CMAKE_PREFIX_PATH}:/opt/ros/humble /usr/bin/cmake --build /home/kousei/HaruRobo2024_ws/ros2_ws/build/manip -- -j16 -l16
[0.097s] -- Found ament_cmake: 1.3.6 (/opt/ros/humble/share/ament_cmake/cmake)
[0.224s] -- Found action_tutorials_interfaces: 0.20.3 (/opt/ros/humble/share/action_tutorials_interfaces/cmake)
[0.243s] -- Found rosidl_generator_c: 3.1.5 (/opt/ros/humble/share/rosidl_generator_c/cmake)
[0.244s] -- Found rosidl_adapter: 3.1.5 (/opt/ros/humble/share/rosidl_adapter/cmake)
[0.249s] -- Found rosidl_generator_cpp: 3.1.5 (/opt/ros/humble/share/rosidl_generator_cpp/cmake)
[0.256s] -- Using all available rosidl_typesupport_c: rosidl_typesupport_fastrtps_c;rosidl_typesupport_introspection_c
[0.267s] -- Using all available rosidl_typesupport_cpp: rosidl_typesupport_fastrtps_cpp;rosidl_typesupport_introspection_cpp
[0.360s] -- Found rclcpp: 16.0.7 (/opt/ros/humble/share/rclcpp/cmake)
[0.392s] -- Found rmw_implementation_cmake: 6.1.1 (/opt/ros/humble/share/rmw_implementation_cmake/cmake)
[0.393s] -- Found rmw_fastrtps_cpp: 6.2.5 (/opt/ros/humble/share/rmw_fastrtps_cpp/cmake)
[0.479s] -- Using RMW implementation 'rmw_fastrtps_cpp' as default
[0.581s] -- Found rclcpp_action: 16.0.7 (/opt/ros/humble/share/rclcpp_action/cmake)
[0.600s] -- Found rclcpp_components: 16.0.7 (/opt/ros/humble/share/rclcpp_components/cmake)
[0.639s] -- Found ament_lint_auto: 0.12.9 (/opt/ros/humble/share/ament_lint_auto/cmake)
[0.688s] -- Added test 'cppcheck' to perform static code analysis on C / C++ code
[0.689s] -- Configured cppcheck include dirs: $<BUILD_INTERFACE:/home/kousei/HaruRobo2024_ws/ros2_ws/src/manip/include>
[0.690s] -- Configured cppcheck exclude dirs and/or files: 
[0.690s] -- Added test 'lint_cmake' to check CMake code style
[0.690s] -- Added test 'uncrustify' to check C / C++ code style
[0.690s] -- Configured uncrustify additional arguments: 
[0.690s] -- Added test 'xmllint' to check XML markup files
[0.690s] -- Configuring done
[0.701s] -- Generating done
[0.702s] -- Build files have been written to: /home/kousei/HaruRobo2024_ws/ros2_ws/build/manip
[0.729s] [ 12%] [32mBuilding CXX object CMakeFiles/action_server.dir/src/manip_control_node.cpp.o[0m
[0.732s] [ 25%] [32mBuilding CXX object CMakeFiles/action_client.dir/src/manip_joy_node.cpp.o[0m
[0.732s] [ 37%] [32mBuilding CXX object CMakeFiles/fibonacci_action_server.dir/rclcpp_components/node_main_fibonacci_action_server.cpp.o[0m
[0.734s] [ 50%] [32mBuilding CXX object CMakeFiles/fibonacci_action_client.dir/rclcpp_components/node_main_fibonacci_action_client.cpp.o[0m
[0.870s] [01m[K/home/kousei/HaruRobo2024_ws/ros2_ws/src/manip/src/manip_control_node.cpp:5:10:[m[K [01;31m[Kfatal error: [m[Kmanip/msg/cmd.hpp: そのようなファイルやディレクトリはありません
[0.870s]     5 | #include [01;31m[K"manip/msg/cmd.hpp"[m[K
[0.870s]       |          [01;31m[K^~~~~~~~~~~~~~~~~~~[m[K
[0.870s] compilation terminated.
[0.871s] [01m[K/home/kousei/HaruRobo2024_ws/ros2_ws/src/manip/src/manip_joy_node.cpp:8:10:[m[K [01;31m[Kfatal error: [m[Kmanip/action/state.hpp: そのようなファイルやディレクトリはありません
[0.872s]     8 | #include [01;31m[K"manip/action/state.hpp"[m[K
[0.872s]       |          [01;31m[K^~~~~~~~~~~~~~~~~~~~~~~~[m[K
[0.872s] compilation terminated.
[0.872s] gmake[2]: *** [CMakeFiles/action_server.dir/build.make:76: CMakeFiles/action_server.dir/src/manip_control_node.cpp.o] エラー 1
[0.872s] gmake[1]: *** [CMakeFiles/Makefile2:143: CMakeFiles/action_server.dir/all] エラー 2
[0.872s] gmake[1]: *** 未完了のジョブを待っています....
[0.874s] gmake[2]: *** [CMakeFiles/action_client.dir/build.make:76: CMakeFiles/action_client.dir/src/manip_joy_node.cpp.o] エラー 1
[0.874s] gmake[1]: *** [CMakeFiles/Makefile2:195: CMakeFiles/action_client.dir/all] エラー 2
[2.679s] [ 75%] [32m[1mLinking CXX executable fibonacci_action_client[0m
[2.680s] [ 75%] [32m[1mLinking CXX executable fibonacci_action_server[0m
[2.762s] [ 75%] Built target fibonacci_action_server
[2.762s] [ 75%] Built target fibonacci_action_client
[2.763s] gmake: *** [Makefile:146: all] エラー 2
[2.765s] Invoked command in '/home/kousei/HaruRobo2024_ws/ros2_ws/build/manip' returned '2': CMAKE_PREFIX_PATH=${CMAKE_PREFIX_PATH}:/opt/ros/humble /usr/bin/cmake --build /home/kousei/HaruRobo2024_ws/ros2_ws/build/manip -- -j16 -l16
