[35m[1mConsolidate compiler generated dependencies of target key_hit_event_node[0m
[100%] Built target key_hit_event_node
-- Install configuration: ""
-- Installing: /home/kousei/HaruRobo2024_ws/ros2_ws/install/key_event_nodes/share/key_event_nodes/environment/library_path.sh
-- Installing: /home/kousei/HaruRobo2024_ws/ros2_ws/install/key_event_nodes/share/key_event_nodes/environment/library_path.dsv
-- Up-to-date: /home/kousei/HaruRobo2024_ws/ros2_ws/install/key_event_nodes/share/key_event_nodes/environment/library_path.sh
-- Up-to-date: /home/kousei/HaruRobo2024_ws/ros2_ws/install/key_event_nodes/share/key_event_nodes/environment/library_path.dsv
-- Installing: /home/kousei/HaruRobo2024_ws/ros2_ws/install/key_event_nodes/include
-- Installing: /home/kousei/HaruRobo2024_ws/ros2_ws/install/key_event_nodes/include/key_event_nodes
-- Installing: /home/kousei/HaruRobo2024_ws/ros2_ws/install/key_event_nodes/include/key_event_nodes/visibility.h
-- Installing: /home/kousei/HaruRobo2024_ws/ros2_ws/install/key_event_nodes/include/key_event_nodes/key_hit_event_node.hpp
-- Installing: /home/kousei/HaruRobo2024_ws/ros2_ws/install/key_event_nodes/lib/libkey_hit_event_node.so
-- Set runtime path of "/home/kousei/HaruRobo2024_ws/ros2_ws/install/key_event_nodes/lib/libkey_hit_event_node.so" to ""
-- Installing: /home/kousei/HaruRobo2024_ws/ros2_ws/install/key_event_nodes/share/ament_index/resource_index/package_run_dependencies/key_event_nodes
-- Installing: /home/kousei/HaruRobo2024_ws/ros2_ws/install/key_event_nodes/share/ament_index/resource_index/parent_prefix_path/key_event_nodes
-- Installing: /home/kousei/HaruRobo2024_ws/ros2_ws/install/key_event_nodes/share/key_event_nodes/environment/ament_prefix_path.sh
-- Installing: /home/kousei/HaruRobo2024_ws/ros2_ws/install/key_event_nodes/share/key_event_nodes/environment/ament_prefix_path.dsv
-- Installing: /home/kousei/HaruRobo2024_ws/ros2_ws/install/key_event_nodes/share/key_event_nodes/environment/path.sh
-- Installing: /home/kousei/HaruRobo2024_ws/ros2_ws/install/key_event_nodes/share/key_event_nodes/environment/path.dsv
-- Installing: /home/kousei/HaruRobo2024_ws/ros2_ws/install/key_event_nodes/share/key_event_nodes/local_setup.bash
-- Installing: /home/kousei/HaruRobo2024_ws/ros2_ws/install/key_event_nodes/share/key_event_nodes/local_setup.sh
-- Installing: /home/kousei/HaruRobo2024_ws/ros2_ws/install/key_event_nodes/share/key_event_nodes/local_setup.zsh
-- Installing: /home/kousei/HaruRobo2024_ws/ros2_ws/install/key_event_nodes/share/key_event_nodes/local_setup.dsv
-- Installing: /home/kousei/HaruRobo2024_ws/ros2_ws/install/key_event_nodes/share/key_event_nodes/package.dsv
-- Installing: /home/kousei/HaruRobo2024_ws/ros2_ws/install/key_event_nodes/share/ament_index/resource_index/packages/key_event_nodes
-- Installing: /home/kousei/HaruRobo2024_ws/ros2_ws/install/key_event_nodes/share/ament_index/resource_index/rclcpp_components/key_event_nodes
-- Installing: /home/kousei/HaruRobo2024_ws/ros2_ws/install/key_event_nodes/share/key_event_nodes/cmake/export_key_event_nodesExport.cmake
-- Installing: /home/kousei/HaruRobo2024_ws/ros2_ws/install/key_event_nodes/share/key_event_nodes/cmake/export_key_event_nodesExport-noconfig.cmake
-- Installing: /home/kousei/HaruRobo2024_ws/ros2_ws/install/key_event_nodes/share/key_event_nodes/cmake/ament_cmake_export_targets-extras.cmake
-- Installing: /home/kousei/HaruRobo2024_ws/ros2_ws/install/key_event_nodes/share/key_event_nodes/cmake/ament_cmake_export_dependencies-extras.cmake
-- Installing: /home/kousei/HaruRobo2024_ws/ros2_ws/install/key_event_nodes/share/key_event_nodes/cmake/key_event_nodesConfig.cmake
-- Installing: /home/kousei/HaruRobo2024_ws/ros2_ws/install/key_event_nodes/share/key_event_nodes/cmake/key_event_nodesConfig-version.cmake
-- Installing: /home/kousei/HaruRobo2024_ws/ros2_ws/install/key_event_nodes/share/key_event_nodes/package.xml
