[  1%] Built target manip__cpp
[ 11%] Built target manip__rosidl_generator_c
[ 11%] Built target ament_cmake_python_copy_manip
[ 21%] Built target manip__rosidl_typesupport_fastrtps_cpp
[ 33%] Built target manip__rosidl_typesupport_fastrtps_c
[ 41%] Built target manip__rosidl_typesupport_cpp
[ 50%] Built target manip__rosidl_typesupport_introspection_cpp
[ 60%] Built target manip__rosidl_typesupport_c
[ 70%] Built target manip__rosidl_typesupport_introspection_c
[35m[1mConsolidate compiler generated dependencies of target manip_control_node[0m
[ 70%] Built target manip
[ 72%] [32mBuilding CXX object CMakeFiles/manip_joy_node.dir/src/manip_joy_node.cpp.o[0m
[ 76%] Built target manip_control_node
[ 78%] Built target manip__py
[ 86%] Built target manip__rosidl_generator_py
[ 90%] Built target manip__rosidl_typesupport_fastrtps_c__pyext
[ 94%] Built target manip__rosidl_typesupport_introspection_c__pyext
[ 98%] Built target manip__rosidl_typesupport_c__pyext
running egg_info
writing manip.egg-info/PKG-INFO
writing dependency_links to manip.egg-info/dependency_links.txt
writing top-level names to manip.egg-info/top_level.txt
reading manifest file 'manip.egg-info/SOURCES.txt'
writing manifest file 'manip.egg-info/SOURCES.txt'
[ 98%] Built target ament_cmake_python_build_manip_egg
[01m[K/home/kousei/HaruRobo2024_ws/ros2_ws/src/manip/src/manip_joy_node.cpp:[m[K In lambda function:
[01m[K/home/kousei/HaruRobo2024_ws/ros2_ws/src/manip/src/manip_joy_node.cpp:56:11:[m[K [01;31m[Kerror: [m[Kexpected ‘[01m[K;[m[K’ before ‘[01m[K}[m[K’ token
   56 |           [01;31m[K}[m[K
      |           [01;31m[K^[m[K
gmake[2]: *** [CMakeFiles/manip_joy_node.dir/build.make:76: CMakeFiles/manip_joy_node.dir/src/manip_joy_node.cpp.o] エラー 1
gmake[1]: *** [CMakeFiles/Makefile2:185: CMakeFiles/manip_joy_node.dir/all] エラー 2
gmake: *** [Makefile:146: all] エラー 2
