[0.082s] Invoking command in '/home/kousei/HaruRobo2024_ws/ros2_ws/build/manip': CMAKE_PREFIX_PATH=${CMAKE_PREFIX_PATH}:/opt/ros/humble /usr/bin/cmake --build /home/kousei/HaruRobo2024_ws/ros2_ws/build/manip -- -j16 -l16
[0.117s] [  1%] Built target manip__cpp
[0.129s] [ 11%] Built target manip__rosidl_generator_c
[0.132s] [ 11%] Built target ament_cmake_python_copy_manip
[0.154s] [ 21%] Built target manip__rosidl_typesupport_fastrtps_cpp
[0.164s] [ 33%] Built target manip__rosidl_typesupport_fastrtps_c
[0.164s] [ 41%] Built target manip__rosidl_typesupport_cpp
[0.165s] [ 50%] Built target manip__rosidl_typesupport_introspection_cpp
[0.167s] [ 60%] Built target manip__rosidl_typesupport_c
[0.169s] [ 70%] Built target manip__rosidl_typesupport_introspection_c
[0.178s] [35m[1mConsolidate compiler generated dependencies of target manip_control_node[0m
[0.184s] [ 70%] Built target manip
[0.187s] [ 72%] [32mBuilding CXX object CMakeFiles/manip_joy_node.dir/src/manip_joy_node.cpp.o[0m
[0.198s] [ 76%] Built target manip_control_node
[0.199s] [ 78%] Built target manip__py
[0.216s] [ 86%] Built target manip__rosidl_generator_py
[0.240s] [ 90%] Built target manip__rosidl_typesupport_fastrtps_c__pyext
[0.241s] [ 94%] Built target manip__rosidl_typesupport_introspection_c__pyext
[0.242s] [ 98%] Built target manip__rosidl_typesupport_c__pyext
[0.317s] running egg_info
[0.317s] writing manip.egg-info/PKG-INFO
[0.317s] writing dependency_links to manip.egg-info/dependency_links.txt
[0.317s] writing top-level names to manip.egg-info/top_level.txt
[0.319s] reading manifest file 'manip.egg-info/SOURCES.txt'
[0.319s] writing manifest file 'manip.egg-info/SOURCES.txt'
[0.342s] [ 98%] Built target ament_cmake_python_build_manip_egg
[1.776s] [01m[K/home/kousei/HaruRobo2024_ws/ros2_ws/src/manip/src/manip_joy_node.cpp:[m[K In lambda function:
[1.776s] [01m[K/home/kousei/HaruRobo2024_ws/ros2_ws/src/manip/src/manip_joy_node.cpp:56:11:[m[K [01;31m[Kerror: [m[Kexpected ‘[01m[K;[m[K’ before ‘[01m[K}[m[K’ token
[1.776s]    56 |           [01;31m[K}[m[K
[1.776s]       |           [01;31m[K^[m[K
[3.358s] gmake[2]: *** [CMakeFiles/manip_joy_node.dir/build.make:76: CMakeFiles/manip_joy_node.dir/src/manip_joy_node.cpp.o] エラー 1
[3.358s] gmake[1]: *** [CMakeFiles/Makefile2:185: CMakeFiles/manip_joy_node.dir/all] エラー 2
[3.358s] gmake: *** [Makefile:146: all] エラー 2
[3.360s] Invoked command in '/home/kousei/HaruRobo2024_ws/ros2_ws/build/manip' returned '2': CMAKE_PREFIX_PATH=${CMAKE_PREFIX_PATH}:/opt/ros/humble /usr/bin/cmake --build /home/kousei/HaruRobo2024_ws/ros2_ws/build/manip -- -j16 -l16
