[  1%] Built target drive_msgs__cpp
[ 12%] Built target drive_msgs__rosidl_generator_c
[ 12%] Built target ament_cmake_python_copy_drive_msgs
[ 27%] Built target drive_msgs__rosidl_typesupport_fastrtps_cpp
[ 38%] Built target drive_msgs__rosidl_typesupport_introspection_c
[ 45%] Built target drive_msgs__rosidl_typesupport_cpp
[ 60%] Built target drive_msgs__rosidl_typesupport_introspection_cpp
[ 67%] Built target drive_msgs__rosidl_typesupport_fastrtps_c
[ 78%] Built target drive_msgs__rosidl_typesupport_c
[ 78%] Built target drive_msgs
[ 80%] Built target drive_msgs__py
[ 89%] Built target drive_msgs__rosidl_generator_py
[ 92%] Built target drive_msgs__rosidl_typesupport_c__pyext
[ 96%] Built target drive_msgs__rosidl_typesupport_introspection_c__pyext
[100%] Built target drive_msgs__rosidl_typesupport_fastrtps_c__pyext
running egg_info
writing drive_msgs.egg-info/PKG-INFO
writing dependency_links to drive_msgs.egg-info/dependency_links.txt
writing top-level names to drive_msgs.egg-info/top_level.txt
reading manifest file 'drive_msgs.egg-info/SOURCES.txt'
writing manifest file 'drive_msgs.egg-info/SOURCES.txt'
[100%] Built target ament_cmake_python_build_drive_msgs_egg
