[0.044s] Invoking command in '/home/kousei/HaruRobo2024_ws/ros2_ws/build/path_following': AMENT_PREFIX_PATH=/home/kousei/HaruRobo2024_ws/ros2_ws/install/manip:/home/kousei/HaruRobo2024_ws/ros2_ws/install/manip_msgs:${AMENT_PREFIX_PATH} CMAKE_PREFIX_PATH=/home/kousei/HaruRobo2024_ws/ros2_ws/install/manip:/home/kousei/HaruRobo2024_ws/ros2_ws/install/manip_msgs:/home/kousei/2DRoboPrac_ws/ros2_ws/install/urg_node2:/home/kousei/2DRoboPrac_ws/ros2_ws/install/omni_control:/home/kousei/2DRoboPrac_ws/ros2_ws/install/nav_real:/home/kousei/2DRoboPrac_ws/ros2_ws/install/nav_dev:/home/kousei/2DRoboPrac_ws/ros2_ws/install/key_event_nodes:/home/kousei/2DRoboPrac_ws/ros2_ws/install/key_event_msgs:/home/kousei/2DRoboPrac_ws/ros2_ws/install/drive_msgs:/opt/ros/humble LD_LIBRARY_PATH=/home/kousei/HaruRobo2024_ws/ros2_ws/install/manip/lib:/home/kousei/HaruRobo2024_ws/ros2_ws/install/manip_msgs/lib:${LD_LIBRARY_PATH} PYTHONPATH=/home/kousei/HaruRobo2024_ws/ros2_ws/install/manip/local/lib/python3.10/dist-packages:/home/kousei/HaruRobo2024_ws/ros2_ws/install/manip_msgs/local/lib/python3.10/dist-packages:${PYTHONPATH} /usr/bin/cmake --build /home/kousei/HaruRobo2024_ws/ros2_ws/build/path_following -- -j16 -l16
[0.062s] -- Found ament_cmake_auto: 1.3.7 (/opt/ros/humble/share/ament_cmake_auto/cmake)
[0.222s] -- Found rosidl_generator_c: 3.1.5 (/opt/ros/humble/share/rosidl_generator_c/cmake)
[0.223s] -- Found rosidl_adapter: 3.1.5 (/opt/ros/humble/share/rosidl_adapter/cmake)
[0.227s] -- Found rosidl_generator_cpp: 3.1.5 (/opt/ros/humble/share/rosidl_generator_cpp/cmake)
[0.236s] -- Using all available rosidl_typesupport_c: rosidl_typesupport_fastrtps_c;rosidl_typesupport_introspection_c
[0.246s] -- Using all available rosidl_typesupport_cpp: rosidl_typesupport_fastrtps_cpp;rosidl_typesupport_introspection_cpp
[0.282s] -- Found rmw_implementation_cmake: 6.1.1 (/opt/ros/humble/share/rmw_implementation_cmake/cmake)
[0.282s] -- Found rmw_fastrtps_cpp: 6.2.6 (/opt/ros/humble/share/rmw_fastrtps_cpp/cmake)
[0.362s] -- Using RMW implementation 'rmw_fastrtps_cpp' as default
[1.136s] -- Found ament_lint_auto: 0.12.10 (/opt/ros/humble/share/ament_lint_auto/cmake)
[1.315s] -- Found ament_cmake_ros: 0.10.0 (/opt/ros/humble/share/ament_cmake_ros/cmake)
[1.658s] -- Using all available rosidl_typesupport_c: rosidl_typesupport_fastrtps_c;rosidl_typesupport_introspection_c
[1.794s] -- Using all available rosidl_typesupport_cpp: rosidl_typesupport_fastrtps_cpp;rosidl_typesupport_introspection_cpp
[1.812s] -- Found python_cmake_module: 0.10.0 (/opt/ros/humble/share/python_cmake_module/cmake)
[1.828s] -- Using PYTHON_EXECUTABLE: /usr/bin/python3
[1.828s] -- Using PYTHON_INCLUDE_DIRS: /usr/include/python3.10
[1.828s] -- Using PYTHON_LIBRARIES: /usr/lib/x86_64-linux-gnu/libpython3.10.so
[1.881s] -- Configuring incomplete, errors occurred!
[1.881s] See also "/home/kousei/HaruRobo2024_ws/ros2_ws/build/path_following/CMakeFiles/CMakeOutput.log".
[1.881s] [31mCMake Error at CMakeLists.txt:41 (target_link_libraries):
[1.881s]   Cannot specify link libraries for target "path_following_node" which is not
[1.881s]   built by this project.
[1.881s] 
[1.881s] [0m
[1.887s] gmake: *** [Makefile:788: cmake_check_build_system] エラー 1
[1.889s] Invoked command in '/home/kousei/HaruRobo2024_ws/ros2_ws/build/path_following' returned '2': AMENT_PREFIX_PATH=/home/kousei/HaruRobo2024_ws/ros2_ws/install/manip:/home/kousei/HaruRobo2024_ws/ros2_ws/install/manip_msgs:${AMENT_PREFIX_PATH} CMAKE_PREFIX_PATH=/home/kousei/HaruRobo2024_ws/ros2_ws/install/manip:/home/kousei/HaruRobo2024_ws/ros2_ws/install/manip_msgs:/home/kousei/2DRoboPrac_ws/ros2_ws/install/urg_node2:/home/kousei/2DRoboPrac_ws/ros2_ws/install/omni_control:/home/kousei/2DRoboPrac_ws/ros2_ws/install/nav_real:/home/kousei/2DRoboPrac_ws/ros2_ws/install/nav_dev:/home/kousei/2DRoboPrac_ws/ros2_ws/install/key_event_nodes:/home/kousei/2DRoboPrac_ws/ros2_ws/install/key_event_msgs:/home/kousei/2DRoboPrac_ws/ros2_ws/install/drive_msgs:/opt/ros/humble LD_LIBRARY_PATH=/home/kousei/HaruRobo2024_ws/ros2_ws/install/manip/lib:/home/kousei/HaruRobo2024_ws/ros2_ws/install/manip_msgs/lib:${LD_LIBRARY_PATH} PYTHONPATH=/home/kousei/HaruRobo2024_ws/ros2_ws/install/manip/local/lib/python3.10/dist-packages:/home/kousei/HaruRobo2024_ws/ros2_ws/install/manip_msgs/local/lib/python3.10/dist-packages:${PYTHONPATH} /usr/bin/cmake --build /home/kousei/HaruRobo2024_ws/ros2_ws/build/path_following -- -j16 -l16
