[0.036s] Invoking command in '/home/kousei/HaruRobo2024_ws/ros2_ws/build/bt': AMENT_PREFIX_PATH=/home/kousei/HaruRobo2024_ws/ros2_ws/install/manip:/home/kousei/HaruRobo2024_ws/ros2_ws/install/manip_msgs:${AMENT_PREFIX_PATH} CMAKE_PREFIX_PATH=/home/kousei/HaruRobo2024_ws/ros2_ws/install/manip:/home/kousei/HaruRobo2024_ws/ros2_ws/install/manip_msgs:/home/kousei/2DRoboPrac_ws/ros2_ws/install/urg_node2:/home/kousei/2DRoboPrac_ws/ros2_ws/install/omni_control:/home/kousei/2DRoboPrac_ws/ros2_ws/install/nav_real:/home/kousei/2DRoboPrac_ws/ros2_ws/install/nav_dev:/home/kousei/2DRoboPrac_ws/ros2_ws/install/key_event_nodes:/home/kousei/2DRoboPrac_ws/ros2_ws/install/key_event_msgs:/home/kousei/2DRoboPrac_ws/ros2_ws/install/drive_msgs:/opt/ros/humble LD_LIBRARY_PATH=/home/kousei/HaruRobo2024_ws/ros2_ws/install/manip/lib:/home/kousei/HaruRobo2024_ws/ros2_ws/install/manip_msgs/lib:${LD_LIBRARY_PATH} PYTHONPATH=/home/kousei/HaruRobo2024_ws/ros2_ws/install/manip/local/lib/python3.10/dist-packages:/home/kousei/HaruRobo2024_ws/ros2_ws/install/manip_msgs/local/lib/python3.10/dist-packages:${PYTHONPATH} /usr/bin/cmake --build /home/kousei/HaruRobo2024_ws/ros2_ws/build/bt -- -j16 -l16
[0.054s] -- Found ament_cmake_auto: 1.3.7 (/opt/ros/humble/share/ament_cmake_auto/cmake)
[0.206s] -- Found rosidl_generator_c: 3.1.5 (/opt/ros/humble/share/rosidl_generator_c/cmake)
[0.207s] -- Found rosidl_adapter: 3.1.5 (/opt/ros/humble/share/rosidl_adapter/cmake)
[0.210s] -- Found rosidl_generator_cpp: 3.1.5 (/opt/ros/humble/share/rosidl_generator_cpp/cmake)
[0.220s] -- Using all available rosidl_typesupport_c: rosidl_typesupport_fastrtps_c;rosidl_typesupport_introspection_c
[0.229s] -- Using all available rosidl_typesupport_cpp: rosidl_typesupport_fastrtps_cpp;rosidl_typesupport_introspection_cpp
[0.265s] -- Found rmw_implementation_cmake: 6.1.1 (/opt/ros/humble/share/rmw_implementation_cmake/cmake)
[0.266s] -- Found rmw_fastrtps_cpp: 6.2.6 (/opt/ros/humble/share/rmw_fastrtps_cpp/cmake)
[0.345s] -- Using RMW implementation 'rmw_fastrtps_cpp' as default
[1.119s] -- Found ament_lint_auto: 0.12.10 (/opt/ros/humble/share/ament_lint_auto/cmake)
[1.129s] -- Added test 'cppcheck' to perform static code analysis on C / C++ code
[1.129s] -- Configured cppcheck include dirs: /home/kousei/HaruRobo2024_ws/ros2_ws/src/bt/include
[1.129s] -- Configured cppcheck exclude dirs and/or files: 
[1.129s] -- Added test 'lint_cmake' to check CMake code style
[1.130s] -- Added test 'uncrustify' to check C / C++ code style
[1.130s] -- Configured uncrustify additional arguments: 
[1.130s] -- Added test 'xmllint' to check XML markup files
[1.131s] -- Configuring done
[1.140s] -- Generating done
[1.141s] -- Build files have been written to: /home/kousei/HaruRobo2024_ws/ros2_ws/build/bt
[1.165s] [ 50%] [32mBuilding CXX object CMakeFiles/bt_node.dir/src/bt_node.cpp.o[0m
[4.415s] [100%] [32m[1mLinking CXX executable bt_node[0m
[4.579s] [100%] Built target bt_node
[4.585s] Invoked command in '/home/kousei/HaruRobo2024_ws/ros2_ws/build/bt' returned '0': AMENT_PREFIX_PATH=/home/kousei/HaruRobo2024_ws/ros2_ws/install/manip:/home/kousei/HaruRobo2024_ws/ros2_ws/install/manip_msgs:${AMENT_PREFIX_PATH} CMAKE_PREFIX_PATH=/home/kousei/HaruRobo2024_ws/ros2_ws/install/manip:/home/kousei/HaruRobo2024_ws/ros2_ws/install/manip_msgs:/home/kousei/2DRoboPrac_ws/ros2_ws/install/urg_node2:/home/kousei/2DRoboPrac_ws/ros2_ws/install/omni_control:/home/kousei/2DRoboPrac_ws/ros2_ws/install/nav_real:/home/kousei/2DRoboPrac_ws/ros2_ws/install/nav_dev:/home/kousei/2DRoboPrac_ws/ros2_ws/install/key_event_nodes:/home/kousei/2DRoboPrac_ws/ros2_ws/install/key_event_msgs:/home/kousei/2DRoboPrac_ws/ros2_ws/install/drive_msgs:/opt/ros/humble LD_LIBRARY_PATH=/home/kousei/HaruRobo2024_ws/ros2_ws/install/manip/lib:/home/kousei/HaruRobo2024_ws/ros2_ws/install/manip_msgs/lib:${LD_LIBRARY_PATH} PYTHONPATH=/home/kousei/HaruRobo2024_ws/ros2_ws/install/manip/local/lib/python3.10/dist-packages:/home/kousei/HaruRobo2024_ws/ros2_ws/install/manip_msgs/local/lib/python3.10/dist-packages:${PYTHONPATH} /usr/bin/cmake --build /home/kousei/HaruRobo2024_ws/ros2_ws/build/bt -- -j16 -l16
[4.601s] Invoking command in '/home/kousei/HaruRobo2024_ws/ros2_ws/build/bt': AMENT_PREFIX_PATH=/home/kousei/HaruRobo2024_ws/ros2_ws/install/manip:/home/kousei/HaruRobo2024_ws/ros2_ws/install/manip_msgs:${AMENT_PREFIX_PATH} CMAKE_PREFIX_PATH=/home/kousei/HaruRobo2024_ws/ros2_ws/install/manip:/home/kousei/HaruRobo2024_ws/ros2_ws/install/manip_msgs:/home/kousei/2DRoboPrac_ws/ros2_ws/install/urg_node2:/home/kousei/2DRoboPrac_ws/ros2_ws/install/omni_control:/home/kousei/2DRoboPrac_ws/ros2_ws/install/nav_real:/home/kousei/2DRoboPrac_ws/ros2_ws/install/nav_dev:/home/kousei/2DRoboPrac_ws/ros2_ws/install/key_event_nodes:/home/kousei/2DRoboPrac_ws/ros2_ws/install/key_event_msgs:/home/kousei/2DRoboPrac_ws/ros2_ws/install/drive_msgs:/opt/ros/humble LD_LIBRARY_PATH=/home/kousei/HaruRobo2024_ws/ros2_ws/install/manip/lib:/home/kousei/HaruRobo2024_ws/ros2_ws/install/manip_msgs/lib:${LD_LIBRARY_PATH} PYTHONPATH=/home/kousei/HaruRobo2024_ws/ros2_ws/install/manip/local/lib/python3.10/dist-packages:/home/kousei/HaruRobo2024_ws/ros2_ws/install/manip_msgs/local/lib/python3.10/dist-packages:${PYTHONPATH} /usr/bin/cmake --install /home/kousei/HaruRobo2024_ws/ros2_ws/build/bt
[4.606s] -- Install configuration: ""
[4.606s] -- Up-to-date: /home/kousei/HaruRobo2024_ws/ros2_ws/install/bt/share/bt//config
[4.606s] -- Up-to-date: /home/kousei/HaruRobo2024_ws/ros2_ws/install/bt/share/bt//config/HaruRobo_BT.xml
[4.607s] -- Up-to-date: /home/kousei/HaruRobo2024_ws/ros2_ws/install/bt/include
[4.607s] -- Up-to-date: /home/kousei/HaruRobo2024_ws/ros2_ws/install/bt/include/action_node.hpp
[4.607s] -- Up-to-date: /home/kousei/HaruRobo2024_ws/ros2_ws/install/bt/include/bt
[4.607s] -- Up-to-date: /home/kousei/HaruRobo2024_ws/ros2_ws/install/bt/include/catch_node.hpp
[4.607s] -- Installing: /home/kousei/HaruRobo2024_ws/ros2_ws/install/bt/lib/bt/bt_node
[4.608s] -- Set runtime path of "/home/kousei/HaruRobo2024_ws/ros2_ws/install/bt/lib/bt/bt_node" to ""
[4.608s] -- Installing: /home/kousei/HaruRobo2024_ws/ros2_ws/install/bt/share/ament_index/resource_index/package_run_dependencies/bt
[4.608s] -- Installing: /home/kousei/HaruRobo2024_ws/ros2_ws/install/bt/share/ament_index/resource_index/parent_prefix_path/bt
[4.608s] -- Up-to-date: /home/kousei/HaruRobo2024_ws/ros2_ws/install/bt/share/bt/environment/ament_prefix_path.sh
[4.608s] -- Installing: /home/kousei/HaruRobo2024_ws/ros2_ws/install/bt/share/bt/environment/ament_prefix_path.dsv
[4.608s] -- Up-to-date: /home/kousei/HaruRobo2024_ws/ros2_ws/install/bt/share/bt/environment/path.sh
[4.608s] -- Installing: /home/kousei/HaruRobo2024_ws/ros2_ws/install/bt/share/bt/environment/path.dsv
[4.608s] -- Up-to-date: /home/kousei/HaruRobo2024_ws/ros2_ws/install/bt/share/bt/local_setup.bash
[4.609s] -- Up-to-date: /home/kousei/HaruRobo2024_ws/ros2_ws/install/bt/share/bt/local_setup.sh
[4.609s] -- Up-to-date: /home/kousei/HaruRobo2024_ws/ros2_ws/install/bt/share/bt/local_setup.zsh
[4.609s] -- Installing: /home/kousei/HaruRobo2024_ws/ros2_ws/install/bt/share/bt/local_setup.dsv
[4.609s] -- Installing: /home/kousei/HaruRobo2024_ws/ros2_ws/install/bt/share/bt/package.dsv
[4.609s] -- Up-to-date: /home/kousei/HaruRobo2024_ws/ros2_ws/install/bt/share/ament_index/resource_index/packages/bt
[4.609s] -- Installing: /home/kousei/HaruRobo2024_ws/ros2_ws/install/bt/share/bt/cmake/ament_cmake_export_dependencies-extras.cmake
[4.609s] -- Up-to-date: /home/kousei/HaruRobo2024_ws/ros2_ws/install/bt/share/bt/cmake/ament_cmake_export_include_directories-extras.cmake
[4.609s] -- Up-to-date: /home/kousei/HaruRobo2024_ws/ros2_ws/install/bt/share/bt/cmake/btConfig.cmake
[4.609s] -- Up-to-date: /home/kousei/HaruRobo2024_ws/ros2_ws/install/bt/share/bt/cmake/btConfig-version.cmake
[4.609s] -- Installing: /home/kousei/HaruRobo2024_ws/ros2_ws/install/bt/share/bt/package.xml
[4.610s] Invoked command in '/home/kousei/HaruRobo2024_ws/ros2_ws/build/bt' returned '0': AMENT_PREFIX_PATH=/home/kousei/HaruRobo2024_ws/ros2_ws/install/manip:/home/kousei/HaruRobo2024_ws/ros2_ws/install/manip_msgs:${AMENT_PREFIX_PATH} CMAKE_PREFIX_PATH=/home/kousei/HaruRobo2024_ws/ros2_ws/install/manip:/home/kousei/HaruRobo2024_ws/ros2_ws/install/manip_msgs:/home/kousei/2DRoboPrac_ws/ros2_ws/install/urg_node2:/home/kousei/2DRoboPrac_ws/ros2_ws/install/omni_control:/home/kousei/2DRoboPrac_ws/ros2_ws/install/nav_real:/home/kousei/2DRoboPrac_ws/ros2_ws/install/nav_dev:/home/kousei/2DRoboPrac_ws/ros2_ws/install/key_event_nodes:/home/kousei/2DRoboPrac_ws/ros2_ws/install/key_event_msgs:/home/kousei/2DRoboPrac_ws/ros2_ws/install/drive_msgs:/opt/ros/humble LD_LIBRARY_PATH=/home/kousei/HaruRobo2024_ws/ros2_ws/install/manip/lib:/home/kousei/HaruRobo2024_ws/ros2_ws/install/manip_msgs/lib:${LD_LIBRARY_PATH} PYTHONPATH=/home/kousei/HaruRobo2024_ws/ros2_ws/install/manip/local/lib/python3.10/dist-packages:/home/kousei/HaruRobo2024_ws/ros2_ws/install/manip_msgs/local/lib/python3.10/dist-packages:${PYTHONPATH} /usr/bin/cmake --install /home/kousei/HaruRobo2024_ws/ros2_ws/build/bt
