[0.126s] Invoking command in '/home/kousei/HaruRobo2024_ws/ros2_ws/build/drive_msgs': CMAKE_PREFIX_PATH=${CMAKE_PREFIX_PATH}:/opt/ros/humble /usr/bin/cmake --build /home/kousei/HaruRobo2024_ws/ros2_ws/build/drive_msgs -- -j16 -l16
[0.254s] [  1%] Built target drive_msgs__cpp
[0.311s] [ 12%] Built target drive_msgs__rosidl_generator_c
[0.516s] [ 12%] Built target ament_cmake_python_copy_drive_msgs
[0.678s] [ 23%] Built target drive_msgs__rosidl_typesupport_cpp
[0.690s] [ 34%] Built target drive_msgs__rosidl_typesupport_fastrtps_cpp
[0.714s] [ 45%] Built target drive_msgs__rosidl_typesupport_c
[0.732s] [ 56%] Built target drive_msgs__rosidl_typesupport_introspection_cpp
[0.743s] [ 67%] Built target drive_msgs__rosidl_typesupport_introspection_c
[0.751s] [ 78%] Built target drive_msgs__rosidl_typesupport_fastrtps_c
[0.919s] [ 78%] Built target drive_msgs
[1.092s] [ 80%] Built target drive_msgs__py
[1.290s] [ 89%] Built target drive_msgs__rosidl_generator_py
[1.485s] [ 92%] Built target drive_msgs__rosidl_typesupport_fastrtps_c__pyext
[1.525s] [ 96%] Built target drive_msgs__rosidl_typesupport_introspection_c__pyext
[1.549s] [100%] Built target drive_msgs__rosidl_typesupport_c__pyext
[1.951s] running egg_info
[1.952s] writing drive_msgs.egg-info/PKG-INFO
[1.954s] writing dependency_links to drive_msgs.egg-info/dependency_links.txt
[1.954s] writing top-level names to drive_msgs.egg-info/top_level.txt
[1.954s] reading manifest file 'drive_msgs.egg-info/SOURCES.txt'
[1.955s] writing manifest file 'drive_msgs.egg-info/SOURCES.txt'
[1.976s] [100%] Built target ament_cmake_python_build_drive_msgs_egg
[2.011s] Invoked command in '/home/kousei/HaruRobo2024_ws/ros2_ws/build/drive_msgs' returned '0': CMAKE_PREFIX_PATH=${CMAKE_PREFIX_PATH}:/opt/ros/humble /usr/bin/cmake --build /home/kousei/HaruRobo2024_ws/ros2_ws/build/drive_msgs -- -j16 -l16
[2.112s] Invoking command in '/home/kousei/HaruRobo2024_ws/ros2_ws/build/drive_msgs': CMAKE_PREFIX_PATH=${CMAKE_PREFIX_PATH}:/opt/ros/humble /usr/bin/cmake --install /home/kousei/HaruRobo2024_ws/ros2_ws/build/drive_msgs
[2.117s] -- Install configuration: ""
[2.117s] -- Up-to-date: /home/kousei/HaruRobo2024_ws/ros2_ws/install/drive_msgs/share/ament_index/resource_index/rosidl_interfaces/drive_msgs
[2.117s] -- Up-to-date: /home/kousei/HaruRobo2024_ws/ros2_ws/install/drive_msgs/include/drive_msgs/drive_msgs
[2.118s] -- Up-to-date: /home/kousei/HaruRobo2024_ws/ros2_ws/install/drive_msgs/include/drive_msgs/drive_msgs/msg
[2.118s] -- Up-to-date: /home/kousei/HaruRobo2024_ws/ros2_ws/install/drive_msgs/include/drive_msgs/drive_msgs/msg/diff_drive_enc.h
[2.118s] -- Up-to-date: /home/kousei/HaruRobo2024_ws/ros2_ws/install/drive_msgs/include/drive_msgs/drive_msgs/msg/diff_drive.h
[2.118s] -- Up-to-date: /home/kousei/HaruRobo2024_ws/ros2_ws/install/drive_msgs/include/drive_msgs/drive_msgs/msg/omni_enc.h
[2.118s] -- Up-to-date: /home/kousei/HaruRobo2024_ws/ros2_ws/install/drive_msgs/include/drive_msgs/drive_msgs/msg/rosidl_generator_c__visibility_control.h
[2.118s] -- Up-to-date: /home/kousei/HaruRobo2024_ws/ros2_ws/install/drive_msgs/include/drive_msgs/drive_msgs/msg/omni.h
[2.118s] -- Up-to-date: /home/kousei/HaruRobo2024_ws/ros2_ws/install/drive_msgs/include/drive_msgs/drive_msgs/msg/detail
[2.118s] -- Up-to-date: /home/kousei/HaruRobo2024_ws/ros2_ws/install/drive_msgs/include/drive_msgs/drive_msgs/msg/detail/diff_drive_enc__type_support.h
[2.119s] -- Up-to-date: /home/kousei/HaruRobo2024_ws/ros2_ws/install/drive_msgs/include/drive_msgs/drive_msgs/msg/detail/diff_drive__struct.h
[2.119s] -- Up-to-date: /home/kousei/HaruRobo2024_ws/ros2_ws/install/drive_msgs/include/drive_msgs/drive_msgs/msg/detail/omni_enc__struct.h
[2.119s] -- Up-to-date: /home/kousei/HaruRobo2024_ws/ros2_ws/install/drive_msgs/include/drive_msgs/drive_msgs/msg/detail/diff_drive_enc__functions.c
[2.119s] -- Up-to-date: /home/kousei/HaruRobo2024_ws/ros2_ws/install/drive_msgs/include/drive_msgs/drive_msgs/msg/detail/omni_enc__functions.c
[2.119s] -- Up-to-date: /home/kousei/HaruRobo2024_ws/ros2_ws/install/drive_msgs/include/drive_msgs/drive_msgs/msg/detail/diff_drive__type_support.h
[2.119s] -- Up-to-date: /home/kousei/HaruRobo2024_ws/ros2_ws/install/drive_msgs/include/drive_msgs/drive_msgs/msg/detail/omni__functions.c
[2.119s] -- Up-to-date: /home/kousei/HaruRobo2024_ws/ros2_ws/install/drive_msgs/include/drive_msgs/drive_msgs/msg/detail/diff_drive__functions.c
[2.119s] -- Up-to-date: /home/kousei/HaruRobo2024_ws/ros2_ws/install/drive_msgs/include/drive_msgs/drive_msgs/msg/detail/omni_enc__functions.h
[2.120s] -- Up-to-date: /home/kousei/HaruRobo2024_ws/ros2_ws/install/drive_msgs/include/drive_msgs/drive_msgs/msg/detail/omni_enc__type_support.h
[2.120s] -- Up-to-date: /home/kousei/HaruRobo2024_ws/ros2_ws/install/drive_msgs/include/drive_msgs/drive_msgs/msg/detail/diff_drive__functions.h
[2.120s] -- Up-to-date: /home/kousei/HaruRobo2024_ws/ros2_ws/install/drive_msgs/include/drive_msgs/drive_msgs/msg/detail/omni__type_support.h
[2.120s] -- Up-to-date: /home/kousei/HaruRobo2024_ws/ros2_ws/install/drive_msgs/include/drive_msgs/drive_msgs/msg/detail/omni__functions.h
[2.121s] -- Up-to-date: /home/kousei/HaruRobo2024_ws/ros2_ws/install/drive_msgs/include/drive_msgs/drive_msgs/msg/detail/diff_drive_enc__functions.h
[2.121s] -- Up-to-date: /home/kousei/HaruRobo2024_ws/ros2_ws/install/drive_msgs/include/drive_msgs/drive_msgs/msg/detail/omni__struct.h
[2.121s] -- Up-to-date: /home/kousei/HaruRobo2024_ws/ros2_ws/install/drive_msgs/include/drive_msgs/drive_msgs/msg/detail/diff_drive_enc__struct.h
[2.121s] -- Up-to-date: /home/kousei/HaruRobo2024_ws/ros2_ws/install/drive_msgs/share/drive_msgs/environment/library_path.sh
[2.121s] -- Up-to-date: /home/kousei/HaruRobo2024_ws/ros2_ws/install/drive_msgs/share/drive_msgs/environment/library_path.dsv
[2.121s] -- Up-to-date: /home/kousei/HaruRobo2024_ws/ros2_ws/install/drive_msgs/lib/libdrive_msgs__rosidl_generator_c.so
[2.121s] -- Up-to-date: /home/kousei/HaruRobo2024_ws/ros2_ws/install/drive_msgs/include/drive_msgs/drive_msgs
[2.121s] -- Up-to-date: /home/kousei/HaruRobo2024_ws/ros2_ws/install/drive_msgs/include/drive_msgs/drive_msgs/msg
[2.121s] -- Up-to-date: /home/kousei/HaruRobo2024_ws/ros2_ws/install/drive_msgs/include/drive_msgs/drive_msgs/msg/detail
[2.121s] -- Up-to-date: /home/kousei/HaruRobo2024_ws/ros2_ws/install/drive_msgs/include/drive_msgs/drive_msgs/msg/detail/diff_drive__rosidl_typesupport_fastrtps_c.h
[2.121s] -- Up-to-date: /home/kousei/HaruRobo2024_ws/ros2_ws/install/drive_msgs/include/drive_msgs/drive_msgs/msg/detail/diff_drive_enc__rosidl_typesupport_fastrtps_c.h
[2.122s] -- Up-to-date: /home/kousei/HaruRobo2024_ws/ros2_ws/install/drive_msgs/include/drive_msgs/drive_msgs/msg/detail/omni_enc__rosidl_typesupport_fastrtps_c.h
[2.122s] -- Up-to-date: /home/kousei/HaruRobo2024_ws/ros2_ws/install/drive_msgs/include/drive_msgs/drive_msgs/msg/detail/omni__rosidl_typesupport_fastrtps_c.h
[2.122s] -- Up-to-date: /home/kousei/HaruRobo2024_ws/ros2_ws/install/drive_msgs/include/drive_msgs/drive_msgs/msg/rosidl_typesupport_fastrtps_c__visibility_control.h
[2.122s] -- Up-to-date: /home/kousei/HaruRobo2024_ws/ros2_ws/install/drive_msgs/lib/libdrive_msgs__rosidl_typesupport_fastrtps_c.so
[2.122s] -- Up-to-date: /home/kousei/HaruRobo2024_ws/ros2_ws/install/drive_msgs/include/drive_msgs/drive_msgs
[2.122s] -- Up-to-date: /home/kousei/HaruRobo2024_ws/ros2_ws/install/drive_msgs/include/drive_msgs/drive_msgs/msg
[2.122s] -- Up-to-date: /home/kousei/HaruRobo2024_ws/ros2_ws/install/drive_msgs/include/drive_msgs/drive_msgs/msg/omni_enc.hpp
[2.122s] -- Up-to-date: /home/kousei/HaruRobo2024_ws/ros2_ws/install/drive_msgs/include/drive_msgs/drive_msgs/msg/omni.hpp
[2.122s] -- Up-to-date: /home/kousei/HaruRobo2024_ws/ros2_ws/install/drive_msgs/include/drive_msgs/drive_msgs/msg/diff_drive.hpp
[2.122s] -- Up-to-date: /home/kousei/HaruRobo2024_ws/ros2_ws/install/drive_msgs/include/drive_msgs/drive_msgs/msg/detail
[2.123s] -- Up-to-date: /home/kousei/HaruRobo2024_ws/ros2_ws/install/drive_msgs/include/drive_msgs/drive_msgs/msg/detail/omni_enc__struct.hpp
[2.123s] -- Up-to-date: /home/kousei/HaruRobo2024_ws/ros2_ws/install/drive_msgs/include/drive_msgs/drive_msgs/msg/detail/diff_drive__builder.hpp
[2.123s] -- Up-to-date: /home/kousei/HaruRobo2024_ws/ros2_ws/install/drive_msgs/include/drive_msgs/drive_msgs/msg/detail/omni__builder.hpp
[2.123s] -- Up-to-date: /home/kousei/HaruRobo2024_ws/ros2_ws/install/drive_msgs/include/drive_msgs/drive_msgs/msg/detail/diff_drive__struct.hpp
[2.123s] -- Up-to-date: /home/kousei/HaruRobo2024_ws/ros2_ws/install/drive_msgs/include/drive_msgs/drive_msgs/msg/detail/omni__struct.hpp
[2.123s] -- Up-to-date: /home/kousei/HaruRobo2024_ws/ros2_ws/install/drive_msgs/include/drive_msgs/drive_msgs/msg/detail/omni_enc__builder.hpp
[2.123s] -- Up-to-date: /home/kousei/HaruRobo2024_ws/ros2_ws/install/drive_msgs/include/drive_msgs/drive_msgs/msg/detail/omni_enc__traits.hpp
[2.123s] -- Up-to-date: /home/kousei/HaruRobo2024_ws/ros2_ws/install/drive_msgs/include/drive_msgs/drive_msgs/msg/detail/diff_drive_enc__struct.hpp
[2.123s] -- Up-to-date: /home/kousei/HaruRobo2024_ws/ros2_ws/install/drive_msgs/include/drive_msgs/drive_msgs/msg/detail/omni__traits.hpp
[2.123s] -- Up-to-date: /home/kousei/HaruRobo2024_ws/ros2_ws/install/drive_msgs/include/drive_msgs/drive_msgs/msg/detail/diff_drive_enc__builder.hpp
[2.123s] -- Up-to-date: /home/kousei/HaruRobo2024_ws/ros2_ws/install/drive_msgs/include/drive_msgs/drive_msgs/msg/detail/diff_drive__traits.hpp
[2.124s] -- Up-to-date: /home/kousei/HaruRobo2024_ws/ros2_ws/install/drive_msgs/include/drive_msgs/drive_msgs/msg/detail/diff_drive_enc__traits.hpp
[2.124s] -- Up-to-date: /home/kousei/HaruRobo2024_ws/ros2_ws/install/drive_msgs/include/drive_msgs/drive_msgs/msg/diff_drive_enc.hpp
[2.124s] -- Up-to-date: /home/kousei/HaruRobo2024_ws/ros2_ws/install/drive_msgs/include/drive_msgs/drive_msgs
[2.124s] -- Up-to-date: /home/kousei/HaruRobo2024_ws/ros2_ws/install/drive_msgs/include/drive_msgs/drive_msgs/msg
[2.124s] -- Up-to-date: /home/kousei/HaruRobo2024_ws/ros2_ws/install/drive_msgs/include/drive_msgs/drive_msgs/msg/detail
[2.124s] -- Up-to-date: /home/kousei/HaruRobo2024_ws/ros2_ws/install/drive_msgs/include/drive_msgs/drive_msgs/msg/detail/omni__rosidl_typesupport_fastrtps_cpp.hpp
[2.124s] -- Up-to-date: /home/kousei/HaruRobo2024_ws/ros2_ws/install/drive_msgs/include/drive_msgs/drive_msgs/msg/detail/diff_drive__rosidl_typesupport_fastrtps_cpp.hpp
[2.125s] -- Up-to-date: /home/kousei/HaruRobo2024_ws/ros2_ws/install/drive_msgs/include/drive_msgs/drive_msgs/msg/detail/dds_fastrtps
[2.125s] -- Up-to-date: /home/kousei/HaruRobo2024_ws/ros2_ws/install/drive_msgs/include/drive_msgs/drive_msgs/msg/detail/diff_drive_enc__rosidl_typesupport_fastrtps_cpp.hpp
[2.125s] -- Up-to-date: /home/kousei/HaruRobo2024_ws/ros2_ws/install/drive_msgs/include/drive_msgs/drive_msgs/msg/detail/omni_enc__rosidl_typesupport_fastrtps_cpp.hpp
[2.125s] -- Up-to-date: /home/kousei/HaruRobo2024_ws/ros2_ws/install/drive_msgs/include/drive_msgs/drive_msgs/msg/rosidl_typesupport_fastrtps_cpp__visibility_control.h
[2.125s] -- Up-to-date: /home/kousei/HaruRobo2024_ws/ros2_ws/install/drive_msgs/lib/libdrive_msgs__rosidl_typesupport_fastrtps_cpp.so
[2.126s] -- Up-to-date: /home/kousei/HaruRobo2024_ws/ros2_ws/install/drive_msgs/include/drive_msgs/drive_msgs
[2.126s] -- Up-to-date: /home/kousei/HaruRobo2024_ws/ros2_ws/install/drive_msgs/include/drive_msgs/drive_msgs/msg
[2.126s] -- Up-to-date: /home/kousei/HaruRobo2024_ws/ros2_ws/install/drive_msgs/include/drive_msgs/drive_msgs/msg/detail
[2.126s] -- Up-to-date: /home/kousei/HaruRobo2024_ws/ros2_ws/install/drive_msgs/include/drive_msgs/drive_msgs/msg/detail/diff_drive_enc__rosidl_typesupport_introspection_c.h
[2.126s] -- Up-to-date: /home/kousei/HaruRobo2024_ws/ros2_ws/install/drive_msgs/include/drive_msgs/drive_msgs/msg/detail/diff_drive__type_support.c
[2.126s] -- Up-to-date: /home/kousei/HaruRobo2024_ws/ros2_ws/install/drive_msgs/include/drive_msgs/drive_msgs/msg/detail/omni__rosidl_typesupport_introspection_c.h
[2.126s] -- Up-to-date: /home/kousei/HaruRobo2024_ws/ros2_ws/install/drive_msgs/include/drive_msgs/drive_msgs/msg/detail/diff_drive_enc__type_support.c
[2.126s] -- Up-to-date: /home/kousei/HaruRobo2024_ws/ros2_ws/install/drive_msgs/include/drive_msgs/drive_msgs/msg/detail/omni_enc__rosidl_typesupport_introspection_c.h
[2.126s] -- Up-to-date: /home/kousei/HaruRobo2024_ws/ros2_ws/install/drive_msgs/include/drive_msgs/drive_msgs/msg/detail/omni__type_support.c
[2.127s] -- Up-to-date: /home/kousei/HaruRobo2024_ws/ros2_ws/install/drive_msgs/include/drive_msgs/drive_msgs/msg/detail/omni_enc__type_support.c
[2.127s] -- Up-to-date: /home/kousei/HaruRobo2024_ws/ros2_ws/install/drive_msgs/include/drive_msgs/drive_msgs/msg/detail/diff_drive__rosidl_typesupport_introspection_c.h
[2.127s] -- Up-to-date: /home/kousei/HaruRobo2024_ws/ros2_ws/install/drive_msgs/include/drive_msgs/drive_msgs/msg/rosidl_typesupport_introspection_c__visibility_control.h
[2.128s] -- Up-to-date: /home/kousei/HaruRobo2024_ws/ros2_ws/install/drive_msgs/lib/libdrive_msgs__rosidl_typesupport_introspection_c.so
[2.128s] -- Up-to-date: /home/kousei/HaruRobo2024_ws/ros2_ws/install/drive_msgs/lib/libdrive_msgs__rosidl_typesupport_c.so
[2.128s] -- Up-to-date: /home/kousei/HaruRobo2024_ws/ros2_ws/install/drive_msgs/include/drive_msgs/drive_msgs
[2.128s] -- Up-to-date: /home/kousei/HaruRobo2024_ws/ros2_ws/install/drive_msgs/include/drive_msgs/drive_msgs/msg
[2.128s] -- Up-to-date: /home/kousei/HaruRobo2024_ws/ros2_ws/install/drive_msgs/include/drive_msgs/drive_msgs/msg/detail
[2.128s] -- Up-to-date: /home/kousei/HaruRobo2024_ws/ros2_ws/install/drive_msgs/include/drive_msgs/drive_msgs/msg/detail/omni__rosidl_typesupport_introspection_cpp.hpp
[2.128s] -- Up-to-date: /home/kousei/HaruRobo2024_ws/ros2_ws/install/drive_msgs/include/drive_msgs/drive_msgs/msg/detail/omni_enc__type_support.cpp
[2.128s] -- Up-to-date: /home/kousei/HaruRobo2024_ws/ros2_ws/install/drive_msgs/include/drive_msgs/drive_msgs/msg/detail/diff_drive__type_support.cpp
[2.128s] -- Up-to-date: /home/kousei/HaruRobo2024_ws/ros2_ws/install/drive_msgs/include/drive_msgs/drive_msgs/msg/detail/diff_drive__rosidl_typesupport_introspection_cpp.hpp
[2.128s] -- Up-to-date: /home/kousei/HaruRobo2024_ws/ros2_ws/install/drive_msgs/include/drive_msgs/drive_msgs/msg/detail/diff_drive_enc__type_support.cpp
[2.128s] -- Up-to-date: /home/kousei/HaruRobo2024_ws/ros2_ws/install/drive_msgs/include/drive_msgs/drive_msgs/msg/detail/diff_drive_enc__rosidl_typesupport_introspection_cpp.hpp
[2.128s] -- Up-to-date: /home/kousei/HaruRobo2024_ws/ros2_ws/install/drive_msgs/include/drive_msgs/drive_msgs/msg/detail/omni_enc__rosidl_typesupport_introspection_cpp.hpp
[2.128s] -- Up-to-date: /home/kousei/HaruRobo2024_ws/ros2_ws/install/drive_msgs/include/drive_msgs/drive_msgs/msg/detail/omni__type_support.cpp
[2.129s] -- Up-to-date: /home/kousei/HaruRobo2024_ws/ros2_ws/install/drive_msgs/lib/libdrive_msgs__rosidl_typesupport_introspection_cpp.so
[2.129s] -- Up-to-date: /home/kousei/HaruRobo2024_ws/ros2_ws/install/drive_msgs/lib/libdrive_msgs__rosidl_typesupport_cpp.so
[2.129s] -- Up-to-date: /home/kousei/HaruRobo2024_ws/ros2_ws/install/drive_msgs/share/drive_msgs/environment/pythonpath.sh
[2.129s] -- Up-to-date: /home/kousei/HaruRobo2024_ws/ros2_ws/install/drive_msgs/share/drive_msgs/environment/pythonpath.dsv
[2.129s] -- Up-to-date: /home/kousei/HaruRobo2024_ws/ros2_ws/install/drive_msgs/local/lib/python3.10/dist-packages/drive_msgs-0.0.0-py3.10.egg-info
[2.129s] -- Installing: /home/kousei/HaruRobo2024_ws/ros2_ws/install/drive_msgs/local/lib/python3.10/dist-packages/drive_msgs-0.0.0-py3.10.egg-info/dependency_links.txt
[2.129s] -- Installing: /home/kousei/HaruRobo2024_ws/ros2_ws/install/drive_msgs/local/lib/python3.10/dist-packages/drive_msgs-0.0.0-py3.10.egg-info/SOURCES.txt
[2.129s] -- Installing: /home/kousei/HaruRobo2024_ws/ros2_ws/install/drive_msgs/local/lib/python3.10/dist-packages/drive_msgs-0.0.0-py3.10.egg-info/top_level.txt
[2.129s] -- Installing: /home/kousei/HaruRobo2024_ws/ros2_ws/install/drive_msgs/local/lib/python3.10/dist-packages/drive_msgs-0.0.0-py3.10.egg-info/PKG-INFO
[2.129s] -- Up-to-date: /home/kousei/HaruRobo2024_ws/ros2_ws/install/drive_msgs/local/lib/python3.10/dist-packages/drive_msgs
[2.129s] -- Up-to-date: /home/kousei/HaruRobo2024_ws/ros2_ws/install/drive_msgs/local/lib/python3.10/dist-packages/drive_msgs/__init__.py
[2.129s] -- Up-to-date: /home/kousei/HaruRobo2024_ws/ros2_ws/install/drive_msgs/local/lib/python3.10/dist-packages/drive_msgs/_drive_msgs_s.ep.rosidl_typesupport_fastrtps_c.c
[2.129s] -- Up-to-date: /home/kousei/HaruRobo2024_ws/ros2_ws/install/drive_msgs/local/lib/python3.10/dist-packages/drive_msgs/drive_msgs_s__rosidl_typesupport_c.cpython-310-x86_64-linux-gnu.so
[2.129s] -- Up-to-date: /home/kousei/HaruRobo2024_ws/ros2_ws/install/drive_msgs/local/lib/python3.10/dist-packages/drive_msgs/_drive_msgs_s.ep.rosidl_typesupport_introspection_c.c
[2.129s] -- Up-to-date: /home/kousei/HaruRobo2024_ws/ros2_ws/install/drive_msgs/local/lib/python3.10/dist-packages/drive_msgs/drive_msgs_s__rosidl_typesupport_fastrtps_c.cpython-310-x86_64-linux-gnu.so
[2.129s] -- Up-to-date: /home/kousei/HaruRobo2024_ws/ros2_ws/install/drive_msgs/local/lib/python3.10/dist-packages/drive_msgs/_drive_msgs_s.ep.rosidl_typesupport_c.c
[2.129s] -- Up-to-date: /home/kousei/HaruRobo2024_ws/ros2_ws/install/drive_msgs/local/lib/python3.10/dist-packages/drive_msgs/msg
[2.129s] -- Up-to-date: /home/kousei/HaruRobo2024_ws/ros2_ws/install/drive_msgs/local/lib/python3.10/dist-packages/drive_msgs/msg/__init__.py
[2.129s] -- Up-to-date: /home/kousei/HaruRobo2024_ws/ros2_ws/install/drive_msgs/local/lib/python3.10/dist-packages/drive_msgs/msg/_omni_enc.py
[2.129s] -- Up-to-date: /home/kousei/HaruRobo2024_ws/ros2_ws/install/drive_msgs/local/lib/python3.10/dist-packages/drive_msgs/msg/_diff_drive_enc.py
[2.129s] -- Up-to-date: /home/kousei/HaruRobo2024_ws/ros2_ws/install/drive_msgs/local/lib/python3.10/dist-packages/drive_msgs/msg/_diff_drive_enc_s.c
[2.129s] -- Up-to-date: /home/kousei/HaruRobo2024_ws/ros2_ws/install/drive_msgs/local/lib/python3.10/dist-packages/drive_msgs/msg/_diff_drive_s.c
[2.130s] -- Up-to-date: /home/kousei/HaruRobo2024_ws/ros2_ws/install/drive_msgs/local/lib/python3.10/dist-packages/drive_msgs/msg/_diff_drive.py
[2.130s] -- Up-to-date: /home/kousei/HaruRobo2024_ws/ros2_ws/install/drive_msgs/local/lib/python3.10/dist-packages/drive_msgs/msg/_omni_enc_s.c
[2.130s] -- Up-to-date: /home/kousei/HaruRobo2024_ws/ros2_ws/install/drive_msgs/local/lib/python3.10/dist-packages/drive_msgs/msg/_omni.py
[2.130s] -- Up-to-date: /home/kousei/HaruRobo2024_ws/ros2_ws/install/drive_msgs/local/lib/python3.10/dist-packages/drive_msgs/msg/_omni_s.c
[2.130s] -- Up-to-date: /home/kousei/HaruRobo2024_ws/ros2_ws/install/drive_msgs/local/lib/python3.10/dist-packages/drive_msgs/libdrive_msgs__rosidl_generator_py.so
[2.130s] -- Up-to-date: /home/kousei/HaruRobo2024_ws/ros2_ws/install/drive_msgs/local/lib/python3.10/dist-packages/drive_msgs/drive_msgs_s__rosidl_typesupport_introspection_c.cpython-310-x86_64-linux-gnu.so
[2.148s] Listing '/home/kousei/HaruRobo2024_ws/ros2_ws/install/drive_msgs/local/lib/python3.10/dist-packages/drive_msgs'...
[2.149s] Listing '/home/kousei/HaruRobo2024_ws/ros2_ws/install/drive_msgs/local/lib/python3.10/dist-packages/drive_msgs/msg'...
[2.152s] -- Up-to-date: /home/kousei/HaruRobo2024_ws/ros2_ws/install/drive_msgs/local/lib/python3.10/dist-packages/drive_msgs/drive_msgs_s__rosidl_typesupport_fastrtps_c.cpython-310-x86_64-linux-gnu.so
[2.153s] -- Up-to-date: /home/kousei/HaruRobo2024_ws/ros2_ws/install/drive_msgs/local/lib/python3.10/dist-packages/drive_msgs/drive_msgs_s__rosidl_typesupport_introspection_c.cpython-310-x86_64-linux-gnu.so
[2.153s] -- Up-to-date: /home/kousei/HaruRobo2024_ws/ros2_ws/install/drive_msgs/local/lib/python3.10/dist-packages/drive_msgs/drive_msgs_s__rosidl_typesupport_c.cpython-310-x86_64-linux-gnu.so
[2.153s] -- Up-to-date: /home/kousei/HaruRobo2024_ws/ros2_ws/install/drive_msgs/lib/libdrive_msgs__rosidl_generator_py.so
[2.154s] -- Up-to-date: /home/kousei/HaruRobo2024_ws/ros2_ws/install/drive_msgs/share/drive_msgs/msg/DiffDrive.idl
[2.154s] -- Up-to-date: /home/kousei/HaruRobo2024_ws/ros2_ws/install/drive_msgs/share/drive_msgs/msg/DiffDriveEnc.idl
[2.154s] -- Up-to-date: /home/kousei/HaruRobo2024_ws/ros2_ws/install/drive_msgs/share/drive_msgs/msg/Omni.idl
[2.154s] -- Up-to-date: /home/kousei/HaruRobo2024_ws/ros2_ws/install/drive_msgs/share/drive_msgs/msg/OmniEnc.idl
[2.155s] -- Up-to-date: /home/kousei/HaruRobo2024_ws/ros2_ws/install/drive_msgs/share/drive_msgs/msg/DiffDrive.msg
[2.155s] -- Up-to-date: /home/kousei/HaruRobo2024_ws/ros2_ws/install/drive_msgs/share/drive_msgs/msg/DiffDriveEnc.msg
[2.155s] -- Up-to-date: /home/kousei/HaruRobo2024_ws/ros2_ws/install/drive_msgs/share/drive_msgs/msg/Omni.msg
[2.155s] -- Up-to-date: /home/kousei/HaruRobo2024_ws/ros2_ws/install/drive_msgs/share/drive_msgs/msg/OmniEnc.msg
[2.155s] -- Up-to-date: /home/kousei/HaruRobo2024_ws/ros2_ws/install/drive_msgs/include
[2.156s] -- Up-to-date: /home/kousei/HaruRobo2024_ws/ros2_ws/install/drive_msgs/include/drive_msgs
[2.156s] -- Up-to-date: /home/kousei/HaruRobo2024_ws/ros2_ws/install/drive_msgs/share/ament_index/resource_index/package_run_dependencies/drive_msgs
[2.156s] -- Up-to-date: /home/kousei/HaruRobo2024_ws/ros2_ws/install/drive_msgs/share/ament_index/resource_index/parent_prefix_path/drive_msgs
[2.156s] -- Up-to-date: /home/kousei/HaruRobo2024_ws/ros2_ws/install/drive_msgs/share/drive_msgs/environment/ament_prefix_path.sh
[2.156s] -- Up-to-date: /home/kousei/HaruRobo2024_ws/ros2_ws/install/drive_msgs/share/drive_msgs/environment/ament_prefix_path.dsv
[2.156s] -- Up-to-date: /home/kousei/HaruRobo2024_ws/ros2_ws/install/drive_msgs/share/drive_msgs/environment/path.sh
[2.157s] -- Up-to-date: /home/kousei/HaruRobo2024_ws/ros2_ws/install/drive_msgs/share/drive_msgs/environment/path.dsv
[2.157s] -- Up-to-date: /home/kousei/HaruRobo2024_ws/ros2_ws/install/drive_msgs/share/drive_msgs/local_setup.bash
[2.157s] -- Up-to-date: /home/kousei/HaruRobo2024_ws/ros2_ws/install/drive_msgs/share/drive_msgs/local_setup.sh
[2.157s] -- Up-to-date: /home/kousei/HaruRobo2024_ws/ros2_ws/install/drive_msgs/share/drive_msgs/local_setup.zsh
[2.157s] -- Up-to-date: /home/kousei/HaruRobo2024_ws/ros2_ws/install/drive_msgs/share/drive_msgs/local_setup.dsv
[2.158s] -- Installing: /home/kousei/HaruRobo2024_ws/ros2_ws/install/drive_msgs/share/drive_msgs/package.dsv
[2.158s] -- Up-to-date: /home/kousei/HaruRobo2024_ws/ros2_ws/install/drive_msgs/share/ament_index/resource_index/packages/drive_msgs
[2.158s] -- Up-to-date: /home/kousei/HaruRobo2024_ws/ros2_ws/install/drive_msgs/share/drive_msgs/cmake/export_drive_msgs__rosidl_generator_cExport.cmake
[2.159s] -- Up-to-date: /home/kousei/HaruRobo2024_ws/ros2_ws/install/drive_msgs/share/drive_msgs/cmake/export_drive_msgs__rosidl_generator_cExport-noconfig.cmake
[2.159s] -- Up-to-date: /home/kousei/HaruRobo2024_ws/ros2_ws/install/drive_msgs/share/drive_msgs/cmake/export_drive_msgs__rosidl_typesupport_fastrtps_cExport.cmake
[2.159s] -- Up-to-date: /home/kousei/HaruRobo2024_ws/ros2_ws/install/drive_msgs/share/drive_msgs/cmake/export_drive_msgs__rosidl_typesupport_fastrtps_cExport-noconfig.cmake
[2.159s] -- Up-to-date: /home/kousei/HaruRobo2024_ws/ros2_ws/install/drive_msgs/share/drive_msgs/cmake/export_drive_msgs__rosidl_generator_cppExport.cmake
[2.160s] -- Up-to-date: /home/kousei/HaruRobo2024_ws/ros2_ws/install/drive_msgs/share/drive_msgs/cmake/export_drive_msgs__rosidl_typesupport_fastrtps_cppExport.cmake
[2.160s] -- Up-to-date: /home/kousei/HaruRobo2024_ws/ros2_ws/install/drive_msgs/share/drive_msgs/cmake/export_drive_msgs__rosidl_typesupport_fastrtps_cppExport-noconfig.cmake
[2.160s] -- Up-to-date: /home/kousei/HaruRobo2024_ws/ros2_ws/install/drive_msgs/share/drive_msgs/cmake/drive_msgs__rosidl_typesupport_introspection_cExport.cmake
[2.160s] -- Up-to-date: /home/kousei/HaruRobo2024_ws/ros2_ws/install/drive_msgs/share/drive_msgs/cmake/drive_msgs__rosidl_typesupport_introspection_cExport-noconfig.cmake
[2.160s] -- Up-to-date: /home/kousei/HaruRobo2024_ws/ros2_ws/install/drive_msgs/share/drive_msgs/cmake/drive_msgs__rosidl_typesupport_cExport.cmake
[2.160s] -- Up-to-date: /home/kousei/HaruRobo2024_ws/ros2_ws/install/drive_msgs/share/drive_msgs/cmake/drive_msgs__rosidl_typesupport_cExport-noconfig.cmake
[2.161s] -- Up-to-date: /home/kousei/HaruRobo2024_ws/ros2_ws/install/drive_msgs/share/drive_msgs/cmake/drive_msgs__rosidl_typesupport_introspection_cppExport.cmake
[2.161s] -- Up-to-date: /home/kousei/HaruRobo2024_ws/ros2_ws/install/drive_msgs/share/drive_msgs/cmake/drive_msgs__rosidl_typesupport_introspection_cppExport-noconfig.cmake
[2.161s] -- Up-to-date: /home/kousei/HaruRobo2024_ws/ros2_ws/install/drive_msgs/share/drive_msgs/cmake/drive_msgs__rosidl_typesupport_cppExport.cmake
[2.161s] -- Up-to-date: /home/kousei/HaruRobo2024_ws/ros2_ws/install/drive_msgs/share/drive_msgs/cmake/drive_msgs__rosidl_typesupport_cppExport-noconfig.cmake
[2.162s] -- Up-to-date: /home/kousei/HaruRobo2024_ws/ros2_ws/install/drive_msgs/share/drive_msgs/cmake/export_drive_msgs__rosidl_generator_pyExport.cmake
[2.162s] -- Up-to-date: /home/kousei/HaruRobo2024_ws/ros2_ws/install/drive_msgs/share/drive_msgs/cmake/export_drive_msgs__rosidl_generator_pyExport-noconfig.cmake
[2.162s] -- Up-to-date: /home/kousei/HaruRobo2024_ws/ros2_ws/install/drive_msgs/share/drive_msgs/cmake/rosidl_cmake-extras.cmake
[2.162s] -- Up-to-date: /home/kousei/HaruRobo2024_ws/ros2_ws/install/drive_msgs/share/drive_msgs/cmake/ament_cmake_export_dependencies-extras.cmake
[2.162s] -- Up-to-date: /home/kousei/HaruRobo2024_ws/ros2_ws/install/drive_msgs/share/drive_msgs/cmake/ament_cmake_export_include_directories-extras.cmake
[2.162s] -- Up-to-date: /home/kousei/HaruRobo2024_ws/ros2_ws/install/drive_msgs/share/drive_msgs/cmake/ament_cmake_export_libraries-extras.cmake
[2.162s] -- Up-to-date: /home/kousei/HaruRobo2024_ws/ros2_ws/install/drive_msgs/share/drive_msgs/cmake/ament_cmake_export_targets-extras.cmake
[2.162s] -- Up-to-date: /home/kousei/HaruRobo2024_ws/ros2_ws/install/drive_msgs/share/drive_msgs/cmake/rosidl_cmake_export_typesupport_targets-extras.cmake
[2.162s] -- Up-to-date: /home/kousei/HaruRobo2024_ws/ros2_ws/install/drive_msgs/share/drive_msgs/cmake/rosidl_cmake_export_typesupport_libraries-extras.cmake
[2.162s] -- Up-to-date: /home/kousei/HaruRobo2024_ws/ros2_ws/install/drive_msgs/share/drive_msgs/cmake/drive_msgsConfig.cmake
[2.162s] -- Up-to-date: /home/kousei/HaruRobo2024_ws/ros2_ws/install/drive_msgs/share/drive_msgs/cmake/drive_msgsConfig-version.cmake
[2.163s] -- Up-to-date: /home/kousei/HaruRobo2024_ws/ros2_ws/install/drive_msgs/share/drive_msgs/package.xml
[2.223s] Invoked command in '/home/kousei/HaruRobo2024_ws/ros2_ws/build/drive_msgs' returned '0': CMAKE_PREFIX_PATH=${CMAKE_PREFIX_PATH}:/opt/ros/humble /usr/bin/cmake --install /home/kousei/HaruRobo2024_ws/ros2_ws/build/drive_msgs
