-- The C compiler identification is GNU 11.4.0
-- The CXX compiler identification is GNU 11.4.0
-- Detecting C compiler ABI info
-- Detecting C compiler ABI info - done
-- Check for working C compiler: /usr/bin/cc - skipped
-- Detecting C compile features
-- Detecting C compile features - done
-- Detecting CXX compiler ABI info
-- Detecting CXX compiler ABI info - done
-- Check for working CXX compiler: /usr/bin/c++ - skipped
-- Detecting CXX compile features
-- Detecting CXX compile features - done
-- Found ament_cmake_auto: 1.3.6 (/opt/ros/humble/share/ament_cmake_auto/cmake)
-- Found Python3: /usr/bin/python3.10 (found version "3.10.12") found components: Interpreter 
-- Found rosidl_generator_c: 3.1.5 (/opt/ros/humble/share/rosidl_generator_c/cmake)
-- Found rosidl_adapter: 3.1.5 (/opt/ros/humble/share/rosidl_adapter/cmake)
-- Found rosidl_generator_cpp: 3.1.5 (/opt/ros/humble/share/rosidl_generator_cpp/cmake)
-- Using all available rosidl_typesupport_c: rosidl_typesupport_fastrtps_c;rosidl_typesupport_introspection_c
-- Using all available rosidl_typesupport_cpp: rosidl_typesupport_fastrtps_cpp;rosidl_typesupport_introspection_cpp
-- Found rmw_implementation_cmake: 6.1.1 (/opt/ros/humble/share/rmw_implementation_cmake/cmake)
-- Found rmw_fastrtps_cpp: 6.2.5 (/opt/ros/humble/share/rmw_fastrtps_cpp/cmake)
-- Found OpenSSL: /usr/lib/x86_64-linux-gnu/libcrypto.so (found version "3.0.2")  
-- Found FastRTPS: /opt/ros/humble/include  
-- Using RMW implementation 'rmw_fastrtps_cpp' as default
-- Looking for pthread.h
-- Looking for pthread.h - found
-- Performing Test CMAKE_HAVE_LIBC_PTHREAD
-- Performing Test CMAKE_HAVE_LIBC_PTHREAD - Success
-- Found Threads: TRUE  
-- Found ament_lint_auto: 0.12.9 (/opt/ros/humble/share/ament_lint_auto/cmake)
-- Found ament_cmake_ros: 0.10.0 (/opt/ros/humble/share/ament_cmake_ros/cmake)
-- Using all available rosidl_typesupport_c: rosidl_typesupport_fastrtps_c;rosidl_typesupport_introspection_c
-- Using all available rosidl_typesupport_cpp: rosidl_typesupport_fastrtps_cpp;rosidl_typesupport_introspection_cpp
-- Found PythonInterp: /usr/bin/python3 (found suitable version "3.10.12", minimum required is "3.6") 
-- Found python_cmake_module: 0.10.0 (/opt/ros/humble/share/python_cmake_module/cmake)
-- Found PythonLibs: /usr/lib/x86_64-linux-gnu/libpython3.10.so (found suitable version "3.10.12", minimum required is "3.5") 
-- Using PYTHON_EXECUTABLE: /usr/bin/python3
-- Using PYTHON_INCLUDE_DIRS: /usr/include/python3.10
-- Using PYTHON_LIBRARIES: /usr/lib/x86_64-linux-gnu/libpython3.10.so
-- Found PythonExtra: .so  
-- Added test 'cppcheck' to perform static code analysis on C / C++ code
-- Configured cppcheck include dirs: /home/kousei/HaruRobo2024_ws/ros2_ws/src/manip/include
-- Configured cppcheck exclude dirs and/or files: 
-- Added test 'lint_cmake' to check CMake code style
-- Added test 'uncrustify' to check C / C++ code style
-- Configured uncrustify additional arguments: 
-- Added test 'xmllint' to check XML markup files
-- Configuring done
-- Generating done
-- Build files have been written to: /home/kousei/HaruRobo2024_ws/ros2_ws/build/manip
[  1%] [34m[1mGenerating C code for ROS interfaces[0m
[  3%] [34m[1mGenerating C++ code for ROS interfaces[0m
[  3%] Built target ament_cmake_python_copy_manip
running egg_info
creating manip.egg-info
writing manip.egg-info/PKG-INFO
writing dependency_links to manip.egg-info/dependency_links.txt
writing top-level names to manip.egg-info/top_level.txt
writing manifest file 'manip.egg-info/SOURCES.txt'
reading manifest file 'manip.egg-info/SOURCES.txt'
writing manifest file 'manip.egg-info/SOURCES.txt'
[  3%] Built target ament_cmake_python_build_manip_egg
[  3%] Built target manip__cpp
[  5%] [32mBuilding C object CMakeFiles/manip__rosidl_generator_c.dir/rosidl_generator_c/manip/msg/detail/cmd__functions.c.o[0m
[  7%] [32mBuilding C object CMakeFiles/manip__rosidl_generator_c.dir/rosidl_generator_c/manip/msg/detail/result__functions.c.o[0m
[  9%] [34m[1mGenerating C++ type support dispatch for ROS interfaces[0m
[ 11%] [34m[1mGenerating C++ type support for eProsima Fast-RTPS[0m
[ 13%] [34m[1mGenerating C++ introspection for ROS interfaces[0m
[ 15%] [32mBuilding C object CMakeFiles/manip__rosidl_generator_c.dir/rosidl_generator_c/manip/action/detail/state__functions.c.o[0m
[ 17%] [32m[1mLinking C shared library libmanip__rosidl_generator_c.so[0m
[ 17%] Built target manip__rosidl_generator_c
[ 19%] [34m[1mGenerating C type support for eProsima Fast-RTPS[0m
[ 21%] [34m[1mGenerating C type support dispatch for ROS interfaces[0m
[ 23%] [34m[1mGenerating C introspection for ROS interfaces[0m
[ 25%] [32mBuilding CXX object CMakeFiles/manip__rosidl_typesupport_fastrtps_cpp.dir/rosidl_typesupport_fastrtps_cpp/manip/msg/detail/dds_fastrtps/cmd__type_support.cpp.o[0m
[ 29%] [32mBuilding CXX object CMakeFiles/manip__rosidl_typesupport_fastrtps_cpp.dir/rosidl_typesupport_fastrtps_cpp/manip/msg/detail/dds_fastrtps/result__type_support.cpp.o[0m
[ 29%] [32mBuilding CXX object CMakeFiles/manip__rosidl_typesupport_fastrtps_cpp.dir/rosidl_typesupport_fastrtps_cpp/manip/action/detail/dds_fastrtps/state__type_support.cpp.o[0m
[ 31%] [32mBuilding CXX object CMakeFiles/manip__rosidl_typesupport_cpp.dir/rosidl_typesupport_cpp/manip/action/state__type_support.cpp.o[0m
[ 33%] [32mBuilding CXX object CMakeFiles/manip__rosidl_typesupport_cpp.dir/rosidl_typesupport_cpp/manip/msg/result__type_support.cpp.o[0m
[ 35%] [32mBuilding CXX object CMakeFiles/manip__rosidl_typesupport_cpp.dir/rosidl_typesupport_cpp/manip/msg/cmd__type_support.cpp.o[0m
[ 37%] [32mBuilding CXX object CMakeFiles/manip__rosidl_typesupport_introspection_cpp.dir/rosidl_typesupport_introspection_cpp/manip/msg/detail/result__type_support.cpp.o[0m
[ 41%] [32mBuilding CXX object CMakeFiles/manip__rosidl_typesupport_introspection_cpp.dir/rosidl_typesupport_introspection_cpp/manip/action/detail/state__type_support.cpp.o[0m
[ 41%] [32mBuilding CXX object CMakeFiles/manip__rosidl_typesupport_introspection_cpp.dir/rosidl_typesupport_introspection_cpp/manip/msg/detail/cmd__type_support.cpp.o[0m
[ 43%] [32mBuilding CXX object CMakeFiles/manip__rosidl_typesupport_fastrtps_c.dir/rosidl_typesupport_fastrtps_c/manip/msg/detail/result__type_support_c.cpp.o[0m
[ 45%] [32mBuilding CXX object CMakeFiles/manip__rosidl_typesupport_fastrtps_c.dir/rosidl_typesupport_fastrtps_c/manip/action/detail/state__type_support_c.cpp.o[0m
[ 47%] [32mBuilding CXX object CMakeFiles/manip__rosidl_typesupport_fastrtps_c.dir/rosidl_typesupport_fastrtps_c/manip/msg/detail/cmd__type_support_c.cpp.o[0m
[ 49%] [32mBuilding CXX object CMakeFiles/manip__rosidl_typesupport_c.dir/rosidl_typesupport_c/manip/msg/cmd__type_support.cpp.o[0m
[ 50%] [32mBuilding CXX object CMakeFiles/manip__rosidl_typesupport_c.dir/rosidl_typesupport_c/manip/msg/result__type_support.cpp.o[0m
[ 52%] [32mBuilding CXX object CMakeFiles/manip__rosidl_typesupport_c.dir/rosidl_typesupport_c/manip/action/state__type_support.cpp.o[0m
[ 54%] [32m[1mLinking CXX shared library libmanip__rosidl_typesupport_c.so[0m
[ 56%] [32mBuilding C object CMakeFiles/manip__rosidl_typesupport_introspection_c.dir/rosidl_typesupport_introspection_c/manip/msg/detail/cmd__type_support.c.o[0m
[ 58%] [32mBuilding C object CMakeFiles/manip__rosidl_typesupport_introspection_c.dir/rosidl_typesupport_introspection_c/manip/msg/detail/result__type_support.c.o[0m
[ 60%] [32mBuilding C object CMakeFiles/manip__rosidl_typesupport_introspection_c.dir/rosidl_typesupport_introspection_c/manip/action/detail/state__type_support.c.o[0m
[ 60%] Built target manip__rosidl_typesupport_c
[ 62%] [32m[1mLinking CXX shared library libmanip__rosidl_typesupport_cpp.so[0m
[ 64%] [32m[1mLinking C shared library libmanip__rosidl_typesupport_introspection_c.so[0m
[ 64%] Built target manip__rosidl_typesupport_cpp
[ 66%] [32mBuilding CXX object CMakeFiles/manip_joy_node.dir/src/manip_joy_node.cpp.o[0m
[ 68%] [32mBuilding CXX object CMakeFiles/manip_control_node.dir/src/manip_control_node.cpp.o[0m
[ 70%] [32m[1mLinking CXX shared library libmanip__rosidl_typesupport_fastrtps_cpp.so[0m
[ 70%] Built target manip__rosidl_typesupport_introspection_c
[ 72%] [32m[1mLinking CXX shared library libmanip__rosidl_typesupport_fastrtps_c.so[0m
[ 72%] Built target manip__rosidl_typesupport_fastrtps_cpp
[ 72%] Built target manip__rosidl_typesupport_fastrtps_c
[ 74%] [32m[1mLinking CXX shared library libmanip__rosidl_typesupport_introspection_cpp.so[0m
[ 74%] Built target manip__rosidl_typesupport_introspection_cpp
[ 76%] [32m[1mLinking CXX executable manip_joy_node[0m
[ 76%] Built target manip_joy_node
