[0.186s] Invoking command in '/home/kousei/HaruRobo2024_ws/ros2_ws/build/manip_msgs': CMAKE_PREFIX_PATH=${CMAKE_PREFIX_PATH}:/opt/ros/humble /usr/bin/cmake --build /home/kousei/HaruRobo2024_ws/ros2_ws/build/manip_msgs -- -j16 -l16
[0.231s] [  2%] Built target manip_msgs__cpp
[0.237s] [ 12%] Built target manip_msgs__rosidl_generator_c
[0.396s] [ 12%] Built target ament_cmake_python_copy_manip_msgs
[0.442s] [ 23%] Built target manip_msgs__rosidl_typesupport_cpp
[0.486s] [ 33%] Built target manip_msgs__rosidl_typesupport_fastrtps_cpp
[0.534s] [ 43%] Built target manip_msgs__rosidl_typesupport_introspection_c
[0.549s] [ 64%] Built target manip_msgs__rosidl_typesupport_c
[0.550s] [ 56%] Built target manip_msgs__rosidl_typesupport_introspection_cpp
[0.579s] [ 74%] Built target manip_msgs__rosidl_typesupport_fastrtps_c
[0.753s] [ 74%] Built target manip_msgs
[0.884s] [ 76%] Built target manip_msgs__py
[0.906s] [ 84%] Built target manip_msgs__rosidl_generator_py
[0.943s] [ 89%] Built target manip_msgs__rosidl_typesupport_introspection_c__pyext
[0.947s] [ 94%] Built target manip_msgs__rosidl_typesupport_fastrtps_c__pyext
[0.966s] [100%] Built target manip_msgs__rosidl_typesupport_c__pyext
[1.909s] running egg_info
[1.910s] writing manip_msgs.egg-info/PKG-INFO
[1.911s] writing dependency_links to manip_msgs.egg-info/dependency_links.txt
[1.911s] writing top-level names to manip_msgs.egg-info/top_level.txt
[1.913s] reading manifest file 'manip_msgs.egg-info/SOURCES.txt'
[1.915s] writing manifest file 'manip_msgs.egg-info/SOURCES.txt'
[1.938s] [100%] Built target ament_cmake_python_build_manip_msgs_egg
[1.975s] Invoked command in '/home/kousei/HaruRobo2024_ws/ros2_ws/build/manip_msgs' returned '0': CMAKE_PREFIX_PATH=${CMAKE_PREFIX_PATH}:/opt/ros/humble /usr/bin/cmake --build /home/kousei/HaruRobo2024_ws/ros2_ws/build/manip_msgs -- -j16 -l16
[2.047s] Invoking command in '/home/kousei/HaruRobo2024_ws/ros2_ws/build/manip_msgs': CMAKE_PREFIX_PATH=${CMAKE_PREFIX_PATH}:/opt/ros/humble /usr/bin/cmake --install /home/kousei/HaruRobo2024_ws/ros2_ws/build/manip_msgs
[2.054s] -- Install configuration: ""
[2.055s] -- Up-to-date: /home/kousei/HaruRobo2024_ws/ros2_ws/install/manip_msgs/share/ament_index/resource_index/rosidl_interfaces/manip_msgs
[2.055s] -- Up-to-date: /home/kousei/HaruRobo2024_ws/ros2_ws/install/manip_msgs/include/manip_msgs/manip_msgs
[2.055s] -- Up-to-date: /home/kousei/HaruRobo2024_ws/ros2_ws/install/manip_msgs/include/manip_msgs/manip_msgs/msg
[2.055s] -- Up-to-date: /home/kousei/HaruRobo2024_ws/ros2_ws/install/manip_msgs/include/manip_msgs/manip_msgs/msg/cmd.h
[2.055s] -- Up-to-date: /home/kousei/HaruRobo2024_ws/ros2_ws/install/manip_msgs/include/manip_msgs/manip_msgs/msg/rosidl_generator_c__visibility_control.h
[2.056s] -- Up-to-date: /home/kousei/HaruRobo2024_ws/ros2_ws/install/manip_msgs/include/manip_msgs/manip_msgs/msg/result.h
[2.056s] -- Up-to-date: /home/kousei/HaruRobo2024_ws/ros2_ws/install/manip_msgs/include/manip_msgs/manip_msgs/msg/detail
[2.056s] -- Up-to-date: /home/kousei/HaruRobo2024_ws/ros2_ws/install/manip_msgs/include/manip_msgs/manip_msgs/msg/detail/result__functions.h
[2.056s] -- Up-to-date: /home/kousei/HaruRobo2024_ws/ros2_ws/install/manip_msgs/include/manip_msgs/manip_msgs/msg/detail/cmd__type_support.h
[2.056s] -- Up-to-date: /home/kousei/HaruRobo2024_ws/ros2_ws/install/manip_msgs/include/manip_msgs/manip_msgs/msg/detail/result__functions.c
[2.056s] -- Up-to-date: /home/kousei/HaruRobo2024_ws/ros2_ws/install/manip_msgs/include/manip_msgs/manip_msgs/msg/detail/result__struct.h
[2.057s] -- Up-to-date: /home/kousei/HaruRobo2024_ws/ros2_ws/install/manip_msgs/include/manip_msgs/manip_msgs/msg/detail/cmd__struct.h
[2.057s] -- Up-to-date: /home/kousei/HaruRobo2024_ws/ros2_ws/install/manip_msgs/include/manip_msgs/manip_msgs/msg/detail/cmd__functions.c
[2.057s] -- Up-to-date: /home/kousei/HaruRobo2024_ws/ros2_ws/install/manip_msgs/include/manip_msgs/manip_msgs/msg/detail/cmd__functions.h
[2.057s] -- Up-to-date: /home/kousei/HaruRobo2024_ws/ros2_ws/install/manip_msgs/include/manip_msgs/manip_msgs/msg/detail/result__type_support.h
[2.057s] -- Up-to-date: /home/kousei/HaruRobo2024_ws/ros2_ws/install/manip_msgs/share/manip_msgs/environment/library_path.sh
[2.057s] -- Up-to-date: /home/kousei/HaruRobo2024_ws/ros2_ws/install/manip_msgs/share/manip_msgs/environment/library_path.dsv
[2.058s] -- Up-to-date: /home/kousei/HaruRobo2024_ws/ros2_ws/install/manip_msgs/lib/libmanip_msgs__rosidl_generator_c.so
[2.058s] -- Up-to-date: /home/kousei/HaruRobo2024_ws/ros2_ws/install/manip_msgs/include/manip_msgs/manip_msgs
[2.058s] -- Up-to-date: /home/kousei/HaruRobo2024_ws/ros2_ws/install/manip_msgs/include/manip_msgs/manip_msgs/msg
[2.058s] -- Up-to-date: /home/kousei/HaruRobo2024_ws/ros2_ws/install/manip_msgs/include/manip_msgs/manip_msgs/msg/detail
[2.058s] -- Up-to-date: /home/kousei/HaruRobo2024_ws/ros2_ws/install/manip_msgs/include/manip_msgs/manip_msgs/msg/detail/cmd__rosidl_typesupport_fastrtps_c.h
[2.058s] -- Up-to-date: /home/kousei/HaruRobo2024_ws/ros2_ws/install/manip_msgs/include/manip_msgs/manip_msgs/msg/detail/result__rosidl_typesupport_fastrtps_c.h
[2.058s] -- Up-to-date: /home/kousei/HaruRobo2024_ws/ros2_ws/install/manip_msgs/include/manip_msgs/manip_msgs/msg/rosidl_typesupport_fastrtps_c__visibility_control.h
[2.059s] -- Up-to-date: /home/kousei/HaruRobo2024_ws/ros2_ws/install/manip_msgs/lib/libmanip_msgs__rosidl_typesupport_fastrtps_c.so
[2.059s] -- Up-to-date: /home/kousei/HaruRobo2024_ws/ros2_ws/install/manip_msgs/include/manip_msgs/manip_msgs
[2.059s] -- Up-to-date: /home/kousei/HaruRobo2024_ws/ros2_ws/install/manip_msgs/include/manip_msgs/manip_msgs/msg
[2.059s] -- Up-to-date: /home/kousei/HaruRobo2024_ws/ros2_ws/install/manip_msgs/include/manip_msgs/manip_msgs/msg/result.hpp
[2.059s] -- Up-to-date: /home/kousei/HaruRobo2024_ws/ros2_ws/install/manip_msgs/include/manip_msgs/manip_msgs/msg/cmd.hpp
[2.059s] -- Up-to-date: /home/kousei/HaruRobo2024_ws/ros2_ws/install/manip_msgs/include/manip_msgs/manip_msgs/msg/detail
[2.059s] -- Up-to-date: /home/kousei/HaruRobo2024_ws/ros2_ws/install/manip_msgs/include/manip_msgs/manip_msgs/msg/detail/cmd__struct.hpp
[2.059s] -- Up-to-date: /home/kousei/HaruRobo2024_ws/ros2_ws/install/manip_msgs/include/manip_msgs/manip_msgs/msg/detail/result__struct.hpp
[2.060s] -- Up-to-date: /home/kousei/HaruRobo2024_ws/ros2_ws/install/manip_msgs/include/manip_msgs/manip_msgs/msg/detail/result__traits.hpp
[2.060s] -- Up-to-date: /home/kousei/HaruRobo2024_ws/ros2_ws/install/manip_msgs/include/manip_msgs/manip_msgs/msg/detail/cmd__builder.hpp
[2.060s] -- Up-to-date: /home/kousei/HaruRobo2024_ws/ros2_ws/install/manip_msgs/include/manip_msgs/manip_msgs/msg/detail/cmd__traits.hpp
[2.060s] -- Up-to-date: /home/kousei/HaruRobo2024_ws/ros2_ws/install/manip_msgs/include/manip_msgs/manip_msgs/msg/detail/result__builder.hpp
[2.060s] -- Up-to-date: /home/kousei/HaruRobo2024_ws/ros2_ws/install/manip_msgs/include/manip_msgs/manip_msgs
[2.060s] -- Up-to-date: /home/kousei/HaruRobo2024_ws/ros2_ws/install/manip_msgs/include/manip_msgs/manip_msgs/msg
[2.060s] -- Up-to-date: /home/kousei/HaruRobo2024_ws/ros2_ws/install/manip_msgs/include/manip_msgs/manip_msgs/msg/detail
[2.061s] -- Up-to-date: /home/kousei/HaruRobo2024_ws/ros2_ws/install/manip_msgs/include/manip_msgs/manip_msgs/msg/detail/dds_fastrtps
[2.061s] -- Up-to-date: /home/kousei/HaruRobo2024_ws/ros2_ws/install/manip_msgs/include/manip_msgs/manip_msgs/msg/detail/cmd__rosidl_typesupport_fastrtps_cpp.hpp
[2.061s] -- Up-to-date: /home/kousei/HaruRobo2024_ws/ros2_ws/install/manip_msgs/include/manip_msgs/manip_msgs/msg/detail/result__rosidl_typesupport_fastrtps_cpp.hpp
[2.061s] -- Up-to-date: /home/kousei/HaruRobo2024_ws/ros2_ws/install/manip_msgs/include/manip_msgs/manip_msgs/msg/rosidl_typesupport_fastrtps_cpp__visibility_control.h
[2.061s] -- Up-to-date: /home/kousei/HaruRobo2024_ws/ros2_ws/install/manip_msgs/lib/libmanip_msgs__rosidl_typesupport_fastrtps_cpp.so
[2.061s] -- Up-to-date: /home/kousei/HaruRobo2024_ws/ros2_ws/install/manip_msgs/include/manip_msgs/manip_msgs
[2.061s] -- Up-to-date: /home/kousei/HaruRobo2024_ws/ros2_ws/install/manip_msgs/include/manip_msgs/manip_msgs/msg
[2.061s] -- Up-to-date: /home/kousei/HaruRobo2024_ws/ros2_ws/install/manip_msgs/include/manip_msgs/manip_msgs/msg/detail
[2.061s] -- Up-to-date: /home/kousei/HaruRobo2024_ws/ros2_ws/install/manip_msgs/include/manip_msgs/manip_msgs/msg/detail/cmd__rosidl_typesupport_introspection_c.h
[2.062s] -- Up-to-date: /home/kousei/HaruRobo2024_ws/ros2_ws/install/manip_msgs/include/manip_msgs/manip_msgs/msg/detail/result__type_support.c
[2.062s] -- Up-to-date: /home/kousei/HaruRobo2024_ws/ros2_ws/install/manip_msgs/include/manip_msgs/manip_msgs/msg/detail/cmd__type_support.c
[2.062s] -- Up-to-date: /home/kousei/HaruRobo2024_ws/ros2_ws/install/manip_msgs/include/manip_msgs/manip_msgs/msg/detail/result__rosidl_typesupport_introspection_c.h
[2.062s] -- Up-to-date: /home/kousei/HaruRobo2024_ws/ros2_ws/install/manip_msgs/include/manip_msgs/manip_msgs/msg/rosidl_typesupport_introspection_c__visibility_control.h
[2.062s] -- Up-to-date: /home/kousei/HaruRobo2024_ws/ros2_ws/install/manip_msgs/lib/libmanip_msgs__rosidl_typesupport_introspection_c.so
[2.062s] -- Up-to-date: /home/kousei/HaruRobo2024_ws/ros2_ws/install/manip_msgs/lib/libmanip_msgs__rosidl_typesupport_c.so
[2.062s] -- Up-to-date: /home/kousei/HaruRobo2024_ws/ros2_ws/install/manip_msgs/include/manip_msgs/manip_msgs
[2.063s] -- Up-to-date: /home/kousei/HaruRobo2024_ws/ros2_ws/install/manip_msgs/include/manip_msgs/manip_msgs/msg
[2.063s] -- Up-to-date: /home/kousei/HaruRobo2024_ws/ros2_ws/install/manip_msgs/include/manip_msgs/manip_msgs/msg/detail
[2.063s] -- Up-to-date: /home/kousei/HaruRobo2024_ws/ros2_ws/install/manip_msgs/include/manip_msgs/manip_msgs/msg/detail/cmd__rosidl_typesupport_introspection_cpp.hpp
[2.063s] -- Up-to-date: /home/kousei/HaruRobo2024_ws/ros2_ws/install/manip_msgs/include/manip_msgs/manip_msgs/msg/detail/result__type_support.cpp
[2.063s] -- Up-to-date: /home/kousei/HaruRobo2024_ws/ros2_ws/install/manip_msgs/include/manip_msgs/manip_msgs/msg/detail/cmd__type_support.cpp
[2.063s] -- Up-to-date: /home/kousei/HaruRobo2024_ws/ros2_ws/install/manip_msgs/include/manip_msgs/manip_msgs/msg/detail/result__rosidl_typesupport_introspection_cpp.hpp
[2.063s] -- Up-to-date: /home/kousei/HaruRobo2024_ws/ros2_ws/install/manip_msgs/lib/libmanip_msgs__rosidl_typesupport_introspection_cpp.so
[2.063s] -- Up-to-date: /home/kousei/HaruRobo2024_ws/ros2_ws/install/manip_msgs/lib/libmanip_msgs__rosidl_typesupport_cpp.so
[2.064s] -- Up-to-date: /home/kousei/HaruRobo2024_ws/ros2_ws/install/manip_msgs/share/manip_msgs/environment/pythonpath.sh
[2.064s] -- Up-to-date: /home/kousei/HaruRobo2024_ws/ros2_ws/install/manip_msgs/share/manip_msgs/environment/pythonpath.dsv
[2.064s] -- Up-to-date: /home/kousei/HaruRobo2024_ws/ros2_ws/install/manip_msgs/local/lib/python3.10/dist-packages/manip_msgs-0.0.0-py3.10.egg-info
[2.064s] -- Installing: /home/kousei/HaruRobo2024_ws/ros2_ws/install/manip_msgs/local/lib/python3.10/dist-packages/manip_msgs-0.0.0-py3.10.egg-info/dependency_links.txt
[2.064s] -- Installing: /home/kousei/HaruRobo2024_ws/ros2_ws/install/manip_msgs/local/lib/python3.10/dist-packages/manip_msgs-0.0.0-py3.10.egg-info/SOURCES.txt
[2.064s] -- Installing: /home/kousei/HaruRobo2024_ws/ros2_ws/install/manip_msgs/local/lib/python3.10/dist-packages/manip_msgs-0.0.0-py3.10.egg-info/top_level.txt
[2.064s] -- Installing: /home/kousei/HaruRobo2024_ws/ros2_ws/install/manip_msgs/local/lib/python3.10/dist-packages/manip_msgs-0.0.0-py3.10.egg-info/PKG-INFO
[2.064s] -- Up-to-date: /home/kousei/HaruRobo2024_ws/ros2_ws/install/manip_msgs/local/lib/python3.10/dist-packages/manip_msgs
[2.064s] -- Up-to-date: /home/kousei/HaruRobo2024_ws/ros2_ws/install/manip_msgs/local/lib/python3.10/dist-packages/manip_msgs/__init__.py
[2.064s] -- Up-to-date: /home/kousei/HaruRobo2024_ws/ros2_ws/install/manip_msgs/local/lib/python3.10/dist-packages/manip_msgs/manip_msgs_s__rosidl_typesupport_fastrtps_c.cpython-310-x86_64-linux-gnu.so
[2.064s] -- Up-to-date: /home/kousei/HaruRobo2024_ws/ros2_ws/install/manip_msgs/local/lib/python3.10/dist-packages/manip_msgs/_manip_msgs_s.ep.rosidl_typesupport_fastrtps_c.c
[2.064s] -- Up-to-date: /home/kousei/HaruRobo2024_ws/ros2_ws/install/manip_msgs/local/lib/python3.10/dist-packages/manip_msgs/_manip_msgs_s.ep.rosidl_typesupport_introspection_c.c
[2.064s] -- Up-to-date: /home/kousei/HaruRobo2024_ws/ros2_ws/install/manip_msgs/local/lib/python3.10/dist-packages/manip_msgs/manip_msgs_s__rosidl_typesupport_c.cpython-310-x86_64-linux-gnu.so
[2.064s] -- Up-to-date: /home/kousei/HaruRobo2024_ws/ros2_ws/install/manip_msgs/local/lib/python3.10/dist-packages/manip_msgs/libmanip_msgs__rosidl_generator_py.so
[2.065s] -- Up-to-date: /home/kousei/HaruRobo2024_ws/ros2_ws/install/manip_msgs/local/lib/python3.10/dist-packages/manip_msgs/manip_msgs_s__rosidl_typesupport_introspection_c.cpython-310-x86_64-linux-gnu.so
[2.065s] -- Up-to-date: /home/kousei/HaruRobo2024_ws/ros2_ws/install/manip_msgs/local/lib/python3.10/dist-packages/manip_msgs/msg
[2.065s] -- Up-to-date: /home/kousei/HaruRobo2024_ws/ros2_ws/install/manip_msgs/local/lib/python3.10/dist-packages/manip_msgs/msg/__init__.py
[2.065s] -- Up-to-date: /home/kousei/HaruRobo2024_ws/ros2_ws/install/manip_msgs/local/lib/python3.10/dist-packages/manip_msgs/msg/_result.py
[2.065s] -- Up-to-date: /home/kousei/HaruRobo2024_ws/ros2_ws/install/manip_msgs/local/lib/python3.10/dist-packages/manip_msgs/msg/_cmd_s.c
[2.065s] -- Up-to-date: /home/kousei/HaruRobo2024_ws/ros2_ws/install/manip_msgs/local/lib/python3.10/dist-packages/manip_msgs/msg/_cmd.py
[2.065s] -- Up-to-date: /home/kousei/HaruRobo2024_ws/ros2_ws/install/manip_msgs/local/lib/python3.10/dist-packages/manip_msgs/msg/_result_s.c
[2.065s] -- Up-to-date: /home/kousei/HaruRobo2024_ws/ros2_ws/install/manip_msgs/local/lib/python3.10/dist-packages/manip_msgs/_manip_msgs_s.ep.rosidl_typesupport_c.c
[2.098s] Listing '/home/kousei/HaruRobo2024_ws/ros2_ws/install/manip_msgs/local/lib/python3.10/dist-packages/manip_msgs'...
[2.098s] Listing '/home/kousei/HaruRobo2024_ws/ros2_ws/install/manip_msgs/local/lib/python3.10/dist-packages/manip_msgs/msg'...
[2.101s] -- Up-to-date: /home/kousei/HaruRobo2024_ws/ros2_ws/install/manip_msgs/local/lib/python3.10/dist-packages/manip_msgs/manip_msgs_s__rosidl_typesupport_fastrtps_c.cpython-310-x86_64-linux-gnu.so
[2.101s] -- Up-to-date: /home/kousei/HaruRobo2024_ws/ros2_ws/install/manip_msgs/local/lib/python3.10/dist-packages/manip_msgs/manip_msgs_s__rosidl_typesupport_introspection_c.cpython-310-x86_64-linux-gnu.so
[2.101s] -- Up-to-date: /home/kousei/HaruRobo2024_ws/ros2_ws/install/manip_msgs/local/lib/python3.10/dist-packages/manip_msgs/manip_msgs_s__rosidl_typesupport_c.cpython-310-x86_64-linux-gnu.so
[2.101s] -- Up-to-date: /home/kousei/HaruRobo2024_ws/ros2_ws/install/manip_msgs/lib/libmanip_msgs__rosidl_generator_py.so
[2.101s] -- Up-to-date: /home/kousei/HaruRobo2024_ws/ros2_ws/install/manip_msgs/share/manip_msgs/msg/Cmd.idl
[2.101s] -- Up-to-date: /home/kousei/HaruRobo2024_ws/ros2_ws/install/manip_msgs/share/manip_msgs/msg/Result.idl
[2.101s] -- Up-to-date: /home/kousei/HaruRobo2024_ws/ros2_ws/install/manip_msgs/share/manip_msgs/msg/Cmd.msg
[2.101s] -- Up-to-date: /home/kousei/HaruRobo2024_ws/ros2_ws/install/manip_msgs/share/manip_msgs/msg/Result.msg
[2.101s] -- Up-to-date: /home/kousei/HaruRobo2024_ws/ros2_ws/install/manip_msgs/include
[2.101s] -- Up-to-date: /home/kousei/HaruRobo2024_ws/ros2_ws/install/manip_msgs/include/manip_msgs
[2.101s] -- Up-to-date: /home/kousei/HaruRobo2024_ws/ros2_ws/install/manip_msgs/share/ament_index/resource_index/package_run_dependencies/manip_msgs
[2.101s] -- Up-to-date: /home/kousei/HaruRobo2024_ws/ros2_ws/install/manip_msgs/share/ament_index/resource_index/parent_prefix_path/manip_msgs
[2.101s] -- Up-to-date: /home/kousei/HaruRobo2024_ws/ros2_ws/install/manip_msgs/share/manip_msgs/environment/ament_prefix_path.sh
[2.101s] -- Up-to-date: /home/kousei/HaruRobo2024_ws/ros2_ws/install/manip_msgs/share/manip_msgs/environment/ament_prefix_path.dsv
[2.101s] -- Up-to-date: /home/kousei/HaruRobo2024_ws/ros2_ws/install/manip_msgs/share/manip_msgs/environment/path.sh
[2.101s] -- Up-to-date: /home/kousei/HaruRobo2024_ws/ros2_ws/install/manip_msgs/share/manip_msgs/environment/path.dsv
[2.101s] -- Up-to-date: /home/kousei/HaruRobo2024_ws/ros2_ws/install/manip_msgs/share/manip_msgs/local_setup.bash
[2.102s] -- Up-to-date: /home/kousei/HaruRobo2024_ws/ros2_ws/install/manip_msgs/share/manip_msgs/local_setup.sh
[2.102s] -- Up-to-date: /home/kousei/HaruRobo2024_ws/ros2_ws/install/manip_msgs/share/manip_msgs/local_setup.zsh
[2.102s] -- Up-to-date: /home/kousei/HaruRobo2024_ws/ros2_ws/install/manip_msgs/share/manip_msgs/local_setup.dsv
[2.102s] -- Installing: /home/kousei/HaruRobo2024_ws/ros2_ws/install/manip_msgs/share/manip_msgs/package.dsv
[2.102s] -- Up-to-date: /home/kousei/HaruRobo2024_ws/ros2_ws/install/manip_msgs/share/ament_index/resource_index/packages/manip_msgs
[2.102s] -- Up-to-date: /home/kousei/HaruRobo2024_ws/ros2_ws/install/manip_msgs/share/manip_msgs/cmake/export_manip_msgs__rosidl_generator_cExport.cmake
[2.102s] -- Up-to-date: /home/kousei/HaruRobo2024_ws/ros2_ws/install/manip_msgs/share/manip_msgs/cmake/export_manip_msgs__rosidl_generator_cExport-noconfig.cmake
[2.102s] -- Up-to-date: /home/kousei/HaruRobo2024_ws/ros2_ws/install/manip_msgs/share/manip_msgs/cmake/export_manip_msgs__rosidl_typesupport_fastrtps_cExport.cmake
[2.102s] -- Up-to-date: /home/kousei/HaruRobo2024_ws/ros2_ws/install/manip_msgs/share/manip_msgs/cmake/export_manip_msgs__rosidl_typesupport_fastrtps_cExport-noconfig.cmake
[2.102s] -- Up-to-date: /home/kousei/HaruRobo2024_ws/ros2_ws/install/manip_msgs/share/manip_msgs/cmake/export_manip_msgs__rosidl_generator_cppExport.cmake
[2.102s] -- Up-to-date: /home/kousei/HaruRobo2024_ws/ros2_ws/install/manip_msgs/share/manip_msgs/cmake/export_manip_msgs__rosidl_typesupport_fastrtps_cppExport.cmake
[2.102s] -- Up-to-date: /home/kousei/HaruRobo2024_ws/ros2_ws/install/manip_msgs/share/manip_msgs/cmake/export_manip_msgs__rosidl_typesupport_fastrtps_cppExport-noconfig.cmake
[2.102s] -- Up-to-date: /home/kousei/HaruRobo2024_ws/ros2_ws/install/manip_msgs/share/manip_msgs/cmake/manip_msgs__rosidl_typesupport_introspection_cExport.cmake
[2.102s] -- Up-to-date: /home/kousei/HaruRobo2024_ws/ros2_ws/install/manip_msgs/share/manip_msgs/cmake/manip_msgs__rosidl_typesupport_introspection_cExport-noconfig.cmake
[2.102s] -- Up-to-date: /home/kousei/HaruRobo2024_ws/ros2_ws/install/manip_msgs/share/manip_msgs/cmake/manip_msgs__rosidl_typesupport_cExport.cmake
[2.102s] -- Up-to-date: /home/kousei/HaruRobo2024_ws/ros2_ws/install/manip_msgs/share/manip_msgs/cmake/manip_msgs__rosidl_typesupport_cExport-noconfig.cmake
[2.102s] -- Up-to-date: /home/kousei/HaruRobo2024_ws/ros2_ws/install/manip_msgs/share/manip_msgs/cmake/manip_msgs__rosidl_typesupport_introspection_cppExport.cmake
[2.102s] -- Up-to-date: /home/kousei/HaruRobo2024_ws/ros2_ws/install/manip_msgs/share/manip_msgs/cmake/manip_msgs__rosidl_typesupport_introspection_cppExport-noconfig.cmake
[2.102s] -- Up-to-date: /home/kousei/HaruRobo2024_ws/ros2_ws/install/manip_msgs/share/manip_msgs/cmake/manip_msgs__rosidl_typesupport_cppExport.cmake
[2.102s] -- Up-to-date: /home/kousei/HaruRobo2024_ws/ros2_ws/install/manip_msgs/share/manip_msgs/cmake/manip_msgs__rosidl_typesupport_cppExport-noconfig.cmake
[2.102s] -- Up-to-date: /home/kousei/HaruRobo2024_ws/ros2_ws/install/manip_msgs/share/manip_msgs/cmake/export_manip_msgs__rosidl_generator_pyExport.cmake
[2.102s] -- Up-to-date: /home/kousei/HaruRobo2024_ws/ros2_ws/install/manip_msgs/share/manip_msgs/cmake/export_manip_msgs__rosidl_generator_pyExport-noconfig.cmake
[2.102s] -- Up-to-date: /home/kousei/HaruRobo2024_ws/ros2_ws/install/manip_msgs/share/manip_msgs/cmake/rosidl_cmake-extras.cmake
[2.102s] -- Up-to-date: /home/kousei/HaruRobo2024_ws/ros2_ws/install/manip_msgs/share/manip_msgs/cmake/ament_cmake_export_dependencies-extras.cmake
[2.102s] -- Up-to-date: /home/kousei/HaruRobo2024_ws/ros2_ws/install/manip_msgs/share/manip_msgs/cmake/ament_cmake_export_include_directories-extras.cmake
[2.102s] -- Up-to-date: /home/kousei/HaruRobo2024_ws/ros2_ws/install/manip_msgs/share/manip_msgs/cmake/ament_cmake_export_libraries-extras.cmake
[2.102s] -- Up-to-date: /home/kousei/HaruRobo2024_ws/ros2_ws/install/manip_msgs/share/manip_msgs/cmake/ament_cmake_export_targets-extras.cmake
[2.103s] -- Up-to-date: /home/kousei/HaruRobo2024_ws/ros2_ws/install/manip_msgs/share/manip_msgs/cmake/rosidl_cmake_export_typesupport_targets-extras.cmake
[2.103s] -- Up-to-date: /home/kousei/HaruRobo2024_ws/ros2_ws/install/manip_msgs/share/manip_msgs/cmake/rosidl_cmake_export_typesupport_libraries-extras.cmake
[2.103s] -- Up-to-date: /home/kousei/HaruRobo2024_ws/ros2_ws/install/manip_msgs/share/manip_msgs/cmake/manip_msgsConfig.cmake
[2.103s] -- Up-to-date: /home/kousei/HaruRobo2024_ws/ros2_ws/install/manip_msgs/share/manip_msgs/cmake/manip_msgsConfig-version.cmake
[2.103s] -- Up-to-date: /home/kousei/HaruRobo2024_ws/ros2_ws/install/manip_msgs/share/manip_msgs/package.xml
[2.151s] Invoked command in '/home/kousei/HaruRobo2024_ws/ros2_ws/build/manip_msgs' returned '0': CMAKE_PREFIX_PATH=${CMAKE_PREFIX_PATH}:/opt/ros/humble /usr/bin/cmake --install /home/kousei/HaruRobo2024_ws/ros2_ws/build/manip_msgs
