[0.163s] Invoking command in '/home/kousei/HaruRobo2024_ws/ros2_ws/build/manip_msgs': CMAKE_PREFIX_PATH=${CMAKE_PREFIX_PATH}:/opt/ros/humble /usr/bin/cmake --build /home/kousei/HaruRobo2024_ws/ros2_ws/build/manip_msgs -- -j16 -l16
[0.205s] [  2%] Built target manip_msgs__cpp
[0.229s] [ 12%] Built target manip_msgs__rosidl_generator_c
[0.230s] [ 12%] Built target ament_cmake_python_copy_manip_msgs
[0.233s] [ 23%] Built target manip_msgs__rosidl_typesupport_cpp
[0.242s] [ 33%] Built target manip_msgs__rosidl_typesupport_fastrtps_cpp
[0.243s] [ 43%] Built target manip_msgs__rosidl_typesupport_introspection_cpp
[0.256s] [ 53%] Built target manip_msgs__rosidl_typesupport_c
[0.258s] [ 74%] Built target manip_msgs__rosidl_typesupport_introspection_c
[0.258s] [ 74%] Built target manip_msgs__rosidl_typesupport_fastrtps_c
[0.275s] [ 74%] Built target manip_msgs
[0.292s] [ 76%] Built target manip_msgs__py
[0.311s] [ 84%] Built target manip_msgs__rosidl_generator_py
[0.335s] [ 89%] Built target manip_msgs__rosidl_typesupport_fastrtps_c__pyext
[0.336s] [ 94%] Built target manip_msgs__rosidl_typesupport_c__pyext
[0.337s] [100%] Built target manip_msgs__rosidl_typesupport_introspection_c__pyext
[0.484s] running egg_info
[0.485s] writing manip_msgs.egg-info/PKG-INFO
[0.485s] writing dependency_links to manip_msgs.egg-info/dependency_links.txt
[0.486s] writing top-level names to manip_msgs.egg-info/top_level.txt
[0.486s] reading manifest file 'manip_msgs.egg-info/SOURCES.txt'
[0.486s] writing manifest file 'manip_msgs.egg-info/SOURCES.txt'
[0.505s] [100%] Built target ament_cmake_python_build_manip_msgs_egg
[0.512s] Invoked command in '/home/kousei/HaruRobo2024_ws/ros2_ws/build/manip_msgs' returned '0': CMAKE_PREFIX_PATH=${CMAKE_PREFIX_PATH}:/opt/ros/humble /usr/bin/cmake --build /home/kousei/HaruRobo2024_ws/ros2_ws/build/manip_msgs -- -j16 -l16
[0.581s] Invoking command in '/home/kousei/HaruRobo2024_ws/ros2_ws/build/manip_msgs': CMAKE_PREFIX_PATH=${CMAKE_PREFIX_PATH}:/opt/ros/humble /usr/bin/cmake --install /home/kousei/HaruRobo2024_ws/ros2_ws/build/manip_msgs
[0.586s] -- Install configuration: ""
[0.586s] -- Up-to-date: /home/kousei/HaruRobo2024_ws/ros2_ws/install/manip_msgs/share/ament_index/resource_index/rosidl_interfaces/manip_msgs
[0.586s] -- Up-to-date: /home/kousei/HaruRobo2024_ws/ros2_ws/install/manip_msgs/include/manip_msgs/manip_msgs
[0.586s] -- Up-to-date: /home/kousei/HaruRobo2024_ws/ros2_ws/install/manip_msgs/include/manip_msgs/manip_msgs/msg
[0.587s] -- Up-to-date: /home/kousei/HaruRobo2024_ws/ros2_ws/install/manip_msgs/include/manip_msgs/manip_msgs/msg/cmd.h
[0.587s] -- Up-to-date: /home/kousei/HaruRobo2024_ws/ros2_ws/install/manip_msgs/include/manip_msgs/manip_msgs/msg/rosidl_generator_c__visibility_control.h
[0.587s] -- Up-to-date: /home/kousei/HaruRobo2024_ws/ros2_ws/install/manip_msgs/include/manip_msgs/manip_msgs/msg/result.h
[0.587s] -- Up-to-date: /home/kousei/HaruRobo2024_ws/ros2_ws/install/manip_msgs/include/manip_msgs/manip_msgs/msg/detail
[0.587s] -- Up-to-date: /home/kousei/HaruRobo2024_ws/ros2_ws/install/manip_msgs/include/manip_msgs/manip_msgs/msg/detail/result__functions.h
[0.588s] -- Up-to-date: /home/kousei/HaruRobo2024_ws/ros2_ws/install/manip_msgs/include/manip_msgs/manip_msgs/msg/detail/cmd__type_support.h
[0.588s] -- Up-to-date: /home/kousei/HaruRobo2024_ws/ros2_ws/install/manip_msgs/include/manip_msgs/manip_msgs/msg/detail/result__functions.c
[0.588s] -- Up-to-date: /home/kousei/HaruRobo2024_ws/ros2_ws/install/manip_msgs/include/manip_msgs/manip_msgs/msg/detail/result__struct.h
[0.588s] -- Up-to-date: /home/kousei/HaruRobo2024_ws/ros2_ws/install/manip_msgs/include/manip_msgs/manip_msgs/msg/detail/cmd__struct.h
[0.588s] -- Up-to-date: /home/kousei/HaruRobo2024_ws/ros2_ws/install/manip_msgs/include/manip_msgs/manip_msgs/msg/detail/cmd__functions.c
[0.589s] -- Up-to-date: /home/kousei/HaruRobo2024_ws/ros2_ws/install/manip_msgs/include/manip_msgs/manip_msgs/msg/detail/cmd__functions.h
[0.589s] -- Up-to-date: /home/kousei/HaruRobo2024_ws/ros2_ws/install/manip_msgs/include/manip_msgs/manip_msgs/msg/detail/result__type_support.h
[0.589s] -- Up-to-date: /home/kousei/HaruRobo2024_ws/ros2_ws/install/manip_msgs/share/manip_msgs/environment/library_path.sh
[0.589s] -- Up-to-date: /home/kousei/HaruRobo2024_ws/ros2_ws/install/manip_msgs/share/manip_msgs/environment/library_path.dsv
[0.590s] -- Up-to-date: /home/kousei/HaruRobo2024_ws/ros2_ws/install/manip_msgs/lib/libmanip_msgs__rosidl_generator_c.so
[0.590s] -- Up-to-date: /home/kousei/HaruRobo2024_ws/ros2_ws/install/manip_msgs/include/manip_msgs/manip_msgs
[0.591s] -- Up-to-date: /home/kousei/HaruRobo2024_ws/ros2_ws/install/manip_msgs/include/manip_msgs/manip_msgs/msg
[0.591s] -- Up-to-date: /home/kousei/HaruRobo2024_ws/ros2_ws/install/manip_msgs/include/manip_msgs/manip_msgs/msg/detail
[0.591s] -- Up-to-date: /home/kousei/HaruRobo2024_ws/ros2_ws/install/manip_msgs/include/manip_msgs/manip_msgs/msg/detail/cmd__rosidl_typesupport_fastrtps_c.h
[0.591s] -- Up-to-date: /home/kousei/HaruRobo2024_ws/ros2_ws/install/manip_msgs/include/manip_msgs/manip_msgs/msg/detail/result__rosidl_typesupport_fastrtps_c.h
[0.591s] -- Up-to-date: /home/kousei/HaruRobo2024_ws/ros2_ws/install/manip_msgs/include/manip_msgs/manip_msgs/msg/rosidl_typesupport_fastrtps_c__visibility_control.h
[0.592s] -- Up-to-date: /home/kousei/HaruRobo2024_ws/ros2_ws/install/manip_msgs/lib/libmanip_msgs__rosidl_typesupport_fastrtps_c.so
[0.592s] -- Up-to-date: /home/kousei/HaruRobo2024_ws/ros2_ws/install/manip_msgs/include/manip_msgs/manip_msgs
[0.592s] -- Up-to-date: /home/kousei/HaruRobo2024_ws/ros2_ws/install/manip_msgs/include/manip_msgs/manip_msgs/msg
[0.593s] -- Up-to-date: /home/kousei/HaruRobo2024_ws/ros2_ws/install/manip_msgs/include/manip_msgs/manip_msgs/msg/result.hpp
[0.593s] -- Up-to-date: /home/kousei/HaruRobo2024_ws/ros2_ws/install/manip_msgs/include/manip_msgs/manip_msgs/msg/cmd.hpp
[0.593s] -- Up-to-date: /home/kousei/HaruRobo2024_ws/ros2_ws/install/manip_msgs/include/manip_msgs/manip_msgs/msg/detail
[0.593s] -- Up-to-date: /home/kousei/HaruRobo2024_ws/ros2_ws/install/manip_msgs/include/manip_msgs/manip_msgs/msg/detail/cmd__struct.hpp
[0.593s] -- Up-to-date: /home/kousei/HaruRobo2024_ws/ros2_ws/install/manip_msgs/include/manip_msgs/manip_msgs/msg/detail/result__struct.hpp
[0.593s] -- Up-to-date: /home/kousei/HaruRobo2024_ws/ros2_ws/install/manip_msgs/include/manip_msgs/manip_msgs/msg/detail/result__traits.hpp
[0.593s] -- Up-to-date: /home/kousei/HaruRobo2024_ws/ros2_ws/install/manip_msgs/include/manip_msgs/manip_msgs/msg/detail/cmd__builder.hpp
[0.593s] -- Up-to-date: /home/kousei/HaruRobo2024_ws/ros2_ws/install/manip_msgs/include/manip_msgs/manip_msgs/msg/detail/cmd__traits.hpp
[0.593s] -- Up-to-date: /home/kousei/HaruRobo2024_ws/ros2_ws/install/manip_msgs/include/manip_msgs/manip_msgs/msg/detail/result__builder.hpp
[0.593s] -- Up-to-date: /home/kousei/HaruRobo2024_ws/ros2_ws/install/manip_msgs/include/manip_msgs/manip_msgs
[0.594s] -- Up-to-date: /home/kousei/HaruRobo2024_ws/ros2_ws/install/manip_msgs/include/manip_msgs/manip_msgs/msg
[0.594s] -- Up-to-date: /home/kousei/HaruRobo2024_ws/ros2_ws/install/manip_msgs/include/manip_msgs/manip_msgs/msg/detail
[0.594s] -- Up-to-date: /home/kousei/HaruRobo2024_ws/ros2_ws/install/manip_msgs/include/manip_msgs/manip_msgs/msg/detail/dds_fastrtps
[0.594s] -- Up-to-date: /home/kousei/HaruRobo2024_ws/ros2_ws/install/manip_msgs/include/manip_msgs/manip_msgs/msg/detail/cmd__rosidl_typesupport_fastrtps_cpp.hpp
[0.595s] -- Up-to-date: /home/kousei/HaruRobo2024_ws/ros2_ws/install/manip_msgs/include/manip_msgs/manip_msgs/msg/detail/result__rosidl_typesupport_fastrtps_cpp.hpp
[0.595s] -- Up-to-date: /home/kousei/HaruRobo2024_ws/ros2_ws/install/manip_msgs/include/manip_msgs/manip_msgs/msg/rosidl_typesupport_fastrtps_cpp__visibility_control.h
[0.596s] -- Up-to-date: /home/kousei/HaruRobo2024_ws/ros2_ws/install/manip_msgs/lib/libmanip_msgs__rosidl_typesupport_fastrtps_cpp.so
[0.596s] -- Up-to-date: /home/kousei/HaruRobo2024_ws/ros2_ws/install/manip_msgs/include/manip_msgs/manip_msgs
[0.596s] -- Up-to-date: /home/kousei/HaruRobo2024_ws/ros2_ws/install/manip_msgs/include/manip_msgs/manip_msgs/msg
[0.596s] -- Up-to-date: /home/kousei/HaruRobo2024_ws/ros2_ws/install/manip_msgs/include/manip_msgs/manip_msgs/msg/detail
[0.597s] -- Up-to-date: /home/kousei/HaruRobo2024_ws/ros2_ws/install/manip_msgs/include/manip_msgs/manip_msgs/msg/detail/cmd__rosidl_typesupport_introspection_c.h
[0.597s] -- Up-to-date: /home/kousei/HaruRobo2024_ws/ros2_ws/install/manip_msgs/include/manip_msgs/manip_msgs/msg/detail/result__type_support.c
[0.597s] -- Up-to-date: /home/kousei/HaruRobo2024_ws/ros2_ws/install/manip_msgs/include/manip_msgs/manip_msgs/msg/detail/cmd__type_support.c
[0.597s] -- Up-to-date: /home/kousei/HaruRobo2024_ws/ros2_ws/install/manip_msgs/include/manip_msgs/manip_msgs/msg/detail/result__rosidl_typesupport_introspection_c.h
[0.597s] -- Up-to-date: /home/kousei/HaruRobo2024_ws/ros2_ws/install/manip_msgs/include/manip_msgs/manip_msgs/msg/rosidl_typesupport_introspection_c__visibility_control.h
[0.597s] -- Up-to-date: /home/kousei/HaruRobo2024_ws/ros2_ws/install/manip_msgs/lib/libmanip_msgs__rosidl_typesupport_introspection_c.so
[0.597s] -- Up-to-date: /home/kousei/HaruRobo2024_ws/ros2_ws/install/manip_msgs/lib/libmanip_msgs__rosidl_typesupport_c.so
[0.598s] -- Up-to-date: /home/kousei/HaruRobo2024_ws/ros2_ws/install/manip_msgs/include/manip_msgs/manip_msgs
[0.598s] -- Up-to-date: /home/kousei/HaruRobo2024_ws/ros2_ws/install/manip_msgs/include/manip_msgs/manip_msgs/msg
[0.598s] -- Up-to-date: /home/kousei/HaruRobo2024_ws/ros2_ws/install/manip_msgs/include/manip_msgs/manip_msgs/msg/detail
[0.598s] -- Up-to-date: /home/kousei/HaruRobo2024_ws/ros2_ws/install/manip_msgs/include/manip_msgs/manip_msgs/msg/detail/cmd__rosidl_typesupport_introspection_cpp.hpp
[0.598s] -- Up-to-date: /home/kousei/HaruRobo2024_ws/ros2_ws/install/manip_msgs/include/manip_msgs/manip_msgs/msg/detail/result__type_support.cpp
[0.598s] -- Up-to-date: /home/kousei/HaruRobo2024_ws/ros2_ws/install/manip_msgs/include/manip_msgs/manip_msgs/msg/detail/cmd__type_support.cpp
[0.598s] -- Up-to-date: /home/kousei/HaruRobo2024_ws/ros2_ws/install/manip_msgs/include/manip_msgs/manip_msgs/msg/detail/result__rosidl_typesupport_introspection_cpp.hpp
[0.599s] -- Up-to-date: /home/kousei/HaruRobo2024_ws/ros2_ws/install/manip_msgs/lib/libmanip_msgs__rosidl_typesupport_introspection_cpp.so
[0.599s] -- Up-to-date: /home/kousei/HaruRobo2024_ws/ros2_ws/install/manip_msgs/lib/libmanip_msgs__rosidl_typesupport_cpp.so
[0.599s] -- Up-to-date: /home/kousei/HaruRobo2024_ws/ros2_ws/install/manip_msgs/share/manip_msgs/environment/pythonpath.sh
[0.599s] -- Up-to-date: /home/kousei/HaruRobo2024_ws/ros2_ws/install/manip_msgs/share/manip_msgs/environment/pythonpath.dsv
[0.599s] -- Up-to-date: /home/kousei/HaruRobo2024_ws/ros2_ws/install/manip_msgs/local/lib/python3.10/dist-packages/manip_msgs-0.0.0-py3.10.egg-info
[0.600s] -- Installing: /home/kousei/HaruRobo2024_ws/ros2_ws/install/manip_msgs/local/lib/python3.10/dist-packages/manip_msgs-0.0.0-py3.10.egg-info/dependency_links.txt
[0.600s] -- Installing: /home/kousei/HaruRobo2024_ws/ros2_ws/install/manip_msgs/local/lib/python3.10/dist-packages/manip_msgs-0.0.0-py3.10.egg-info/SOURCES.txt
[0.600s] -- Installing: /home/kousei/HaruRobo2024_ws/ros2_ws/install/manip_msgs/local/lib/python3.10/dist-packages/manip_msgs-0.0.0-py3.10.egg-info/top_level.txt
[0.600s] -- Installing: /home/kousei/HaruRobo2024_ws/ros2_ws/install/manip_msgs/local/lib/python3.10/dist-packages/manip_msgs-0.0.0-py3.10.egg-info/PKG-INFO
[0.601s] -- Up-to-date: /home/kousei/HaruRobo2024_ws/ros2_ws/install/manip_msgs/local/lib/python3.10/dist-packages/manip_msgs
[0.601s] -- Up-to-date: /home/kousei/HaruRobo2024_ws/ros2_ws/install/manip_msgs/local/lib/python3.10/dist-packages/manip_msgs/__init__.py
[0.601s] -- Up-to-date: /home/kousei/HaruRobo2024_ws/ros2_ws/install/manip_msgs/local/lib/python3.10/dist-packages/manip_msgs/manip_msgs_s__rosidl_typesupport_fastrtps_c.cpython-310-x86_64-linux-gnu.so
[0.601s] -- Up-to-date: /home/kousei/HaruRobo2024_ws/ros2_ws/install/manip_msgs/local/lib/python3.10/dist-packages/manip_msgs/_manip_msgs_s.ep.rosidl_typesupport_fastrtps_c.c
[0.601s] -- Up-to-date: /home/kousei/HaruRobo2024_ws/ros2_ws/install/manip_msgs/local/lib/python3.10/dist-packages/manip_msgs/_manip_msgs_s.ep.rosidl_typesupport_introspection_c.c
[0.601s] -- Up-to-date: /home/kousei/HaruRobo2024_ws/ros2_ws/install/manip_msgs/local/lib/python3.10/dist-packages/manip_msgs/manip_msgs_s__rosidl_typesupport_c.cpython-310-x86_64-linux-gnu.so
[0.601s] -- Up-to-date: /home/kousei/HaruRobo2024_ws/ros2_ws/install/manip_msgs/local/lib/python3.10/dist-packages/manip_msgs/libmanip_msgs__rosidl_generator_py.so
[0.601s] -- Up-to-date: /home/kousei/HaruRobo2024_ws/ros2_ws/install/manip_msgs/local/lib/python3.10/dist-packages/manip_msgs/manip_msgs_s__rosidl_typesupport_introspection_c.cpython-310-x86_64-linux-gnu.so
[0.601s] -- Up-to-date: /home/kousei/HaruRobo2024_ws/ros2_ws/install/manip_msgs/local/lib/python3.10/dist-packages/manip_msgs/msg
[0.602s] -- Up-to-date: /home/kousei/HaruRobo2024_ws/ros2_ws/install/manip_msgs/local/lib/python3.10/dist-packages/manip_msgs/msg/__init__.py
[0.602s] -- Up-to-date: /home/kousei/HaruRobo2024_ws/ros2_ws/install/manip_msgs/local/lib/python3.10/dist-packages/manip_msgs/msg/_result.py
[0.602s] -- Up-to-date: /home/kousei/HaruRobo2024_ws/ros2_ws/install/manip_msgs/local/lib/python3.10/dist-packages/manip_msgs/msg/_cmd_s.c
[0.602s] -- Up-to-date: /home/kousei/HaruRobo2024_ws/ros2_ws/install/manip_msgs/local/lib/python3.10/dist-packages/manip_msgs/msg/_cmd.py
[0.602s] -- Up-to-date: /home/kousei/HaruRobo2024_ws/ros2_ws/install/manip_msgs/local/lib/python3.10/dist-packages/manip_msgs/msg/_result_s.c
[0.602s] -- Up-to-date: /home/kousei/HaruRobo2024_ws/ros2_ws/install/manip_msgs/local/lib/python3.10/dist-packages/manip_msgs/_manip_msgs_s.ep.rosidl_typesupport_c.c
[0.612s] Listing '/home/kousei/HaruRobo2024_ws/ros2_ws/install/manip_msgs/local/lib/python3.10/dist-packages/manip_msgs'...
[0.612s] Listing '/home/kousei/HaruRobo2024_ws/ros2_ws/install/manip_msgs/local/lib/python3.10/dist-packages/manip_msgs/msg'...
[0.615s] -- Up-to-date: /home/kousei/HaruRobo2024_ws/ros2_ws/install/manip_msgs/local/lib/python3.10/dist-packages/manip_msgs/manip_msgs_s__rosidl_typesupport_fastrtps_c.cpython-310-x86_64-linux-gnu.so
[0.615s] -- Up-to-date: /home/kousei/HaruRobo2024_ws/ros2_ws/install/manip_msgs/local/lib/python3.10/dist-packages/manip_msgs/manip_msgs_s__rosidl_typesupport_introspection_c.cpython-310-x86_64-linux-gnu.so
[0.617s] -- Up-to-date: /home/kousei/HaruRobo2024_ws/ros2_ws/install/manip_msgs/local/lib/python3.10/dist-packages/manip_msgs/manip_msgs_s__rosidl_typesupport_c.cpython-310-x86_64-linux-gnu.so
[0.617s] -- Up-to-date: /home/kousei/HaruRobo2024_ws/ros2_ws/install/manip_msgs/lib/libmanip_msgs__rosidl_generator_py.so
[0.617s] -- Up-to-date: /home/kousei/HaruRobo2024_ws/ros2_ws/install/manip_msgs/share/manip_msgs/msg/Cmd.idl
[0.618s] -- Up-to-date: /home/kousei/HaruRobo2024_ws/ros2_ws/install/manip_msgs/share/manip_msgs/msg/Result.idl
[0.618s] -- Up-to-date: /home/kousei/HaruRobo2024_ws/ros2_ws/install/manip_msgs/share/manip_msgs/msg/Cmd.msg
[0.618s] -- Up-to-date: /home/kousei/HaruRobo2024_ws/ros2_ws/install/manip_msgs/share/manip_msgs/msg/Result.msg
[0.618s] -- Up-to-date: /home/kousei/HaruRobo2024_ws/ros2_ws/install/manip_msgs/include
[0.618s] -- Up-to-date: /home/kousei/HaruRobo2024_ws/ros2_ws/install/manip_msgs/include/manip_msgs
[0.618s] -- Up-to-date: /home/kousei/HaruRobo2024_ws/ros2_ws/install/manip_msgs/share/ament_index/resource_index/package_run_dependencies/manip_msgs
[0.618s] -- Up-to-date: /home/kousei/HaruRobo2024_ws/ros2_ws/install/manip_msgs/share/ament_index/resource_index/parent_prefix_path/manip_msgs
[0.618s] -- Up-to-date: /home/kousei/HaruRobo2024_ws/ros2_ws/install/manip_msgs/share/manip_msgs/environment/ament_prefix_path.sh
[0.618s] -- Up-to-date: /home/kousei/HaruRobo2024_ws/ros2_ws/install/manip_msgs/share/manip_msgs/environment/ament_prefix_path.dsv
[0.619s] -- Up-to-date: /home/kousei/HaruRobo2024_ws/ros2_ws/install/manip_msgs/share/manip_msgs/environment/path.sh
[0.619s] -- Up-to-date: /home/kousei/HaruRobo2024_ws/ros2_ws/install/manip_msgs/share/manip_msgs/environment/path.dsv
[0.619s] -- Up-to-date: /home/kousei/HaruRobo2024_ws/ros2_ws/install/manip_msgs/share/manip_msgs/local_setup.bash
[0.619s] -- Up-to-date: /home/kousei/HaruRobo2024_ws/ros2_ws/install/manip_msgs/share/manip_msgs/local_setup.sh
[0.620s] -- Up-to-date: /home/kousei/HaruRobo2024_ws/ros2_ws/install/manip_msgs/share/manip_msgs/local_setup.zsh
[0.620s] -- Up-to-date: /home/kousei/HaruRobo2024_ws/ros2_ws/install/manip_msgs/share/manip_msgs/local_setup.dsv
[0.621s] -- Installing: /home/kousei/HaruRobo2024_ws/ros2_ws/install/manip_msgs/share/manip_msgs/package.dsv
[0.623s] -- Up-to-date: /home/kousei/HaruRobo2024_ws/ros2_ws/install/manip_msgs/share/ament_index/resource_index/packages/manip_msgs
[0.624s] -- Up-to-date: /home/kousei/HaruRobo2024_ws/ros2_ws/install/manip_msgs/share/manip_msgs/cmake/export_manip_msgs__rosidl_generator_cExport.cmake
[0.624s] -- Up-to-date: /home/kousei/HaruRobo2024_ws/ros2_ws/install/manip_msgs/share/manip_msgs/cmake/export_manip_msgs__rosidl_generator_cExport-noconfig.cmake
[0.624s] -- Up-to-date: /home/kousei/HaruRobo2024_ws/ros2_ws/install/manip_msgs/share/manip_msgs/cmake/export_manip_msgs__rosidl_typesupport_fastrtps_cExport.cmake
[0.624s] -- Up-to-date: /home/kousei/HaruRobo2024_ws/ros2_ws/install/manip_msgs/share/manip_msgs/cmake/export_manip_msgs__rosidl_typesupport_fastrtps_cExport-noconfig.cmake
[0.625s] -- Up-to-date: /home/kousei/HaruRobo2024_ws/ros2_ws/install/manip_msgs/share/manip_msgs/cmake/export_manip_msgs__rosidl_generator_cppExport.cmake
[0.625s] -- Up-to-date: /home/kousei/HaruRobo2024_ws/ros2_ws/install/manip_msgs/share/manip_msgs/cmake/export_manip_msgs__rosidl_typesupport_fastrtps_cppExport.cmake
[0.625s] -- Up-to-date: /home/kousei/HaruRobo2024_ws/ros2_ws/install/manip_msgs/share/manip_msgs/cmake/export_manip_msgs__rosidl_typesupport_fastrtps_cppExport-noconfig.cmake
[0.625s] -- Up-to-date: /home/kousei/HaruRobo2024_ws/ros2_ws/install/manip_msgs/share/manip_msgs/cmake/manip_msgs__rosidl_typesupport_introspection_cExport.cmake
[0.626s] -- Up-to-date: /home/kousei/HaruRobo2024_ws/ros2_ws/install/manip_msgs/share/manip_msgs/cmake/manip_msgs__rosidl_typesupport_introspection_cExport-noconfig.cmake
[0.626s] -- Up-to-date: /home/kousei/HaruRobo2024_ws/ros2_ws/install/manip_msgs/share/manip_msgs/cmake/manip_msgs__rosidl_typesupport_cExport.cmake
[0.626s] -- Up-to-date: /home/kousei/HaruRobo2024_ws/ros2_ws/install/manip_msgs/share/manip_msgs/cmake/manip_msgs__rosidl_typesupport_cExport-noconfig.cmake
[0.627s] -- Up-to-date: /home/kousei/HaruRobo2024_ws/ros2_ws/install/manip_msgs/share/manip_msgs/cmake/manip_msgs__rosidl_typesupport_introspection_cppExport.cmake
[0.627s] -- Up-to-date: /home/kousei/HaruRobo2024_ws/ros2_ws/install/manip_msgs/share/manip_msgs/cmake/manip_msgs__rosidl_typesupport_introspection_cppExport-noconfig.cmake
[0.628s] -- Up-to-date: /home/kousei/HaruRobo2024_ws/ros2_ws/install/manip_msgs/share/manip_msgs/cmake/manip_msgs__rosidl_typesupport_cppExport.cmake
[0.628s] -- Up-to-date: /home/kousei/HaruRobo2024_ws/ros2_ws/install/manip_msgs/share/manip_msgs/cmake/manip_msgs__rosidl_typesupport_cppExport-noconfig.cmake
[0.628s] -- Up-to-date: /home/kousei/HaruRobo2024_ws/ros2_ws/install/manip_msgs/share/manip_msgs/cmake/export_manip_msgs__rosidl_generator_pyExport.cmake
[0.628s] -- Up-to-date: /home/kousei/HaruRobo2024_ws/ros2_ws/install/manip_msgs/share/manip_msgs/cmake/export_manip_msgs__rosidl_generator_pyExport-noconfig.cmake
[0.628s] -- Up-to-date: /home/kousei/HaruRobo2024_ws/ros2_ws/install/manip_msgs/share/manip_msgs/cmake/rosidl_cmake-extras.cmake
[0.628s] -- Up-to-date: /home/kousei/HaruRobo2024_ws/ros2_ws/install/manip_msgs/share/manip_msgs/cmake/ament_cmake_export_dependencies-extras.cmake
[0.629s] -- Up-to-date: /home/kousei/HaruRobo2024_ws/ros2_ws/install/manip_msgs/share/manip_msgs/cmake/ament_cmake_export_include_directories-extras.cmake
[0.629s] -- Up-to-date: /home/kousei/HaruRobo2024_ws/ros2_ws/install/manip_msgs/share/manip_msgs/cmake/ament_cmake_export_libraries-extras.cmake
[0.629s] -- Up-to-date: /home/kousei/HaruRobo2024_ws/ros2_ws/install/manip_msgs/share/manip_msgs/cmake/ament_cmake_export_targets-extras.cmake
[0.630s] -- Up-to-date: /home/kousei/HaruRobo2024_ws/ros2_ws/install/manip_msgs/share/manip_msgs/cmake/rosidl_cmake_export_typesupport_targets-extras.cmake
[0.630s] -- Up-to-date: /home/kousei/HaruRobo2024_ws/ros2_ws/install/manip_msgs/share/manip_msgs/cmake/rosidl_cmake_export_typesupport_libraries-extras.cmake
[0.630s] -- Up-to-date: /home/kousei/HaruRobo2024_ws/ros2_ws/install/manip_msgs/share/manip_msgs/cmake/manip_msgsConfig.cmake
[0.630s] -- Up-to-date: /home/kousei/HaruRobo2024_ws/ros2_ws/install/manip_msgs/share/manip_msgs/cmake/manip_msgsConfig-version.cmake
[0.631s] -- Up-to-date: /home/kousei/HaruRobo2024_ws/ros2_ws/install/manip_msgs/share/manip_msgs/package.xml
[0.633s] Invoked command in '/home/kousei/HaruRobo2024_ws/ros2_ws/build/manip_msgs' returned '0': CMAKE_PREFIX_PATH=${CMAKE_PREFIX_PATH}:/opt/ros/humble /usr/bin/cmake --install /home/kousei/HaruRobo2024_ws/ros2_ws/build/manip_msgs
