[  8%] Built target manip__rosidl_generator_c
[ 11%] Built target manip__cpp
[ 11%] Built target ament_cmake_python_copy_manip
[ 20%] Built target manip__rosidl_typesupport_introspection_c
[ 31%] Built target manip__rosidl_typesupport_c
[ 37%] Built target manip__rosidl_typesupport_fastrtps_c
[ 54%] Built target manip__rosidl_typesupport_cpp
[ 54%] Built target manip__rosidl_typesupport_fastrtps_cpp
[ 62%] Built target manip__rosidl_typesupport_introspection_cpp
[35m[1mConsolidate compiler generated dependencies of target manip_control_node[0m
[35m[1mConsolidate compiler generated dependencies of target manip_joy_node[0m
[ 62%] Built target manip
[ 65%] [32mBuilding CXX object CMakeFiles/manip_control_node.dir/src/manip_control_node.cpp.o[0m
[ 68%] [32mBuilding CXX object CMakeFiles/manip_joy_node.dir/src/manip_joy_node.cpp.o[0m
[ 71%] Built target manip__py
[ 77%] Built target manip__rosidl_generator_py
[ 85%] Built target manip__rosidl_typesupport_fastrtps_c__pyext
[ 88%] Built target manip__rosidl_typesupport_c__pyext
[ 94%] Built target manip__rosidl_typesupport_introspection_c__pyext
running egg_info
writing manip.egg-info/PKG-INFO
writing dependency_links to manip.egg-info/dependency_links.txt
writing top-level names to manip.egg-info/top_level.txt
reading manifest file 'manip.egg-info/SOURCES.txt'
writing manifest file 'manip.egg-info/SOURCES.txt'
[ 94%] Built target ament_cmake_python_build_manip_egg
[01m[K/home/kousei/HaruRobo2024_ws/ros2_ws/src/manip/src/manip_control_node.cpp:[m[K In member function ‘[01m[Kvoid ManipControlNode::initialize_state()[m[K’:
[01m[K/home/kousei/HaruRobo2024_ws/ros2_ws/src/manip/src/manip_control_node.cpp:24:13:[m[K [01;31m[Kerror: [m[K‘[01m[Kusing State_Goal = struct manip::action::State_Goal_<std::allocator<void> >[m[K’ {aka ‘[01m[Kstruct manip::action::State_Goal_<std::allocator<void> >[m[K’} has no member named ‘[01m[Kwork1[m[K’; did you mean ‘[01m[Kwork[m[K’?
   24 |       state.[01;31m[Kwork1[m[K = {0,0,0};
      |             [01;31m[K^~~~~[m[K
      |             [32m[Kwork[m[K
[01m[K/home/kousei/HaruRobo2024_ws/ros2_ws/src/manip/src/manip_control_node.cpp:[m[K In lambda function:
[01m[K/home/kousei/HaruRobo2024_ws/ros2_ws/src/manip/src/manip_control_node.cpp:47:69:[m[K [01;35m[Kwarning: [m[Kunused parameter ‘[01m[Kmsg[m[K’ [[01;35m[K]8;;https://gcc.gnu.org/onlinedocs/gcc/Warning-Options.html#index-Wunused-parameter-Wunused-parameter]8;;[m[K]
   47 |         auto topic_callback = [this]([01;35m[Kconst manip_msgs::msg::Result &msg[m[K) -> void {
      |                                      [01;35m[K~~~~~~~~~~~~~~~~~~~~~~~~~~~~~~~^~~[m[K
[01m[K/home/kousei/HaruRobo2024_ws/ros2_ws/src/manip/src/manip_control_node.cpp:[m[K In member function ‘[01m[Krclcpp_action::GoalResponse ManipControlNode::handle_goal(const GoalUUID&, std::shared_ptr<const manip::action::State_Goal_<std::allocator<void> > >)[m[K’:
[01m[K/home/kousei/HaruRobo2024_ws/ros2_ws/src/manip/src/manip_control_node.cpp:71:40:[m[K [01;35m[Kwarning: [m[Kunused parameter ‘[01m[Kgoal[m[K’ [[01;35m[K]8;;https://gcc.gnu.org/onlinedocs/gcc/Warning-Options.html#index-Wunused-parameter-Wunused-parameter]8;;[m[K]
   71 |     [01;35m[Kstd::shared_ptr<const State::Goal> goal[m[K)
      |     [01;35m[K~~~~~~~~~~~~~~~~~~~~~~~~~~~~~~~~~~~^~~~[m[K
[01m[K/home/kousei/HaruRobo2024_ws/ros2_ws/src/manip/src/manip_control_node.cpp:[m[K In member function ‘[01m[Kvoid ManipControlNode::make_cmd(std::shared_ptr<rclcpp_action::ServerGoalHandle<manip::action::State> >)[m[K’:
[01m[K/home/kousei/HaruRobo2024_ws/ros2_ws/src/manip/src/manip_control_node.cpp:133:35:[m[K [01;31m[Kerror: [m[K‘[01m[Kusing element_type = const struct manip::action::State_Goal_<std::allocator<void> >[m[K’ {aka ‘[01m[Kconst struct manip::action::State_Goal_<std::allocator<void> >[m[K’} has no member named ‘[01m[Kwork1[m[K’; did you mean ‘[01m[Kwork[m[K’?
  133 |       cmd.work_arm_deploy = goal->[01;31m[Kwork1[m[K[0];
      |                                   [01;31m[K^~~~~[m[K
      |                                   [32m[Kwork[m[K
[01m[K/home/kousei/HaruRobo2024_ws/ros2_ws/src/manip/src/manip_control_node.cpp:136:28:[m[K [01;31m[Kerror: [m[K‘[01m[Kusing element_type = const struct manip::action::State_Goal_<std::allocator<void> >[m[K’ {aka ‘[01m[Kconst struct manip::action::State_Goal_<std::allocator<void> >[m[K’} has no member named ‘[01m[Kwork1[m[K’; did you mean ‘[01m[Kwork[m[K’?
  136 |       cmd.work_arm = goal->[01;31m[Kwork1[m[K[1];
      |                            [01;31m[K^~~~~[m[K
      |                            [32m[Kwork[m[K
gmake[2]: *** [CMakeFiles/manip_control_node.dir/build.make:76: CMakeFiles/manip_control_node.dir/src/manip_control_node.cpp.o] エラー 1
gmake[1]: *** [CMakeFiles/Makefile2:212: CMakeFiles/manip_control_node.dir/all] エラー 2
gmake[1]: *** 未完了のジョブを待っています....
[ 97%] [32m[1mLinking CXX executable manip_joy_node[0m
[ 97%] Built target manip_joy_node
gmake: *** [Makefile:146: all] エラー 2
