[  1%] Built target manip__cpp
[ 11%] Built target manip__rosidl_generator_c
[ 11%] Built target ament_cmake_python_copy_manip
[ 23%] Built target manip__rosidl_typesupport_fastrtps_cpp
[ 31%] Built target manip__rosidl_typesupport_introspection_c
[ 52%] Built target manip__rosidl_typesupport_introspection_cpp
[ 54%] Built target manip__rosidl_typesupport_cpp
[ 60%] Built target manip__rosidl_typesupport_c
[ 70%] Built target manip__rosidl_typesupport_fastrtps_c
[35m[1mConsolidate compiler generated dependencies of target manip_control_node[0m
[ 74%] Built target manip_joy_node
[ 76%] [32mBuilding CXX object CMakeFiles/manip_control_node.dir/src/manip_control_node.cpp.o[0m
[ 76%] Built target manip
[ 78%] Built target manip__py
[ 86%] Built target manip__rosidl_generator_py
[ 90%] Built target manip__rosidl_typesupport_introspection_c__pyext
[ 94%] Built target manip__rosidl_typesupport_c__pyext
[ 98%] Built target manip__rosidl_typesupport_fastrtps_c__pyext
running egg_info
writing manip.egg-info/PKG-INFO
writing dependency_links to manip.egg-info/dependency_links.txt
writing top-level names to manip.egg-info/top_level.txt
reading manifest file 'manip.egg-info/SOURCES.txt'
writing manifest file 'manip.egg-info/SOURCES.txt'
[ 98%] Built target ament_cmake_python_build_manip_egg
In file included from [01m[K/opt/ros/humble/include/rclcpp/rclcpp/logging.hpp:24[m[K,
                 from [01m[K/opt/ros/humble/include/rclcpp/rclcpp/client.hpp:40[m[K,
                 from [01m[K/opt/ros/humble/include/rclcpp/rclcpp/callback_group.hpp:24[m[K,
                 from [01m[K/opt/ros/humble/include/rclcpp/rclcpp/any_executable.hpp:20[m[K,
                 from [01m[K/opt/ros/humble/include/rclcpp/rclcpp/memory_strategy.hpp:25[m[K,
                 from [01m[K/opt/ros/humble/include/rclcpp/rclcpp/memory_strategies.hpp:18[m[K,
                 from [01m[K/opt/ros/humble/include/rclcpp/rclcpp/executor_options.hpp:20[m[K,
                 from [01m[K/opt/ros/humble/include/rclcpp/rclcpp/executor.hpp:37[m[K,
                 from [01m[K/opt/ros/humble/include/rclcpp/rclcpp/executors/multi_threaded_executor.hpp:25[m[K,
                 from [01m[K/opt/ros/humble/include/rclcpp/rclcpp/executors.hpp:21[m[K,
                 from [01m[K/opt/ros/humble/include/rclcpp/rclcpp/rclcpp.hpp:155[m[K,
                 from [01m[K/home/kousei/HaruRobo2024_ws/ros2_ws/src/manip/src/manip_control_node.cpp:3[m[K:
[01m[K/home/kousei/HaruRobo2024_ws/ros2_ws/src/manip/src/manip_control_node.cpp:[m[K In member function ‘[01m[Krclcpp_action::GoalResponse ManipControlNode::handle_goal(const GoalUUID&, std::shared_ptr<const manip::action::State_Goal_<std::allocator<void> > >)[m[K’:
[01m[K/home/kousei/HaruRobo2024_ws/ros2_ws/src/manip/src/manip_control_node.cpp:33:82:[m[K [01;31m[Kerror: [m[K‘[01m[Kusing element_type = const struct manip::action::State_Goal_<std::allocator<void> >[m[K’ {aka ‘[01m[Kconst struct manip::action::State_Goal_<std::allocator<void> >[m[K’} has no member named ‘[01m[Korder[m[K’
   33 |     RCLCPP_INFO(this->get_logger(), "Received goal request with order %d", goal->[01;31m[Korder[m[K);
      |                                                                                  [01;31m[K^~~~~[m[K
[01m[K/home/kousei/HaruRobo2024_ws/ros2_ws/src/manip/src/manip_control_node.cpp:[m[K In member function ‘[01m[Kvoid ManipControlNode::execute(std::shared_ptr<rclcpp_action::ServerGoalHandle<manip::action::State> >)[m[K’:
[01m[K/home/kousei/HaruRobo2024_ws/ros2_ws/src/manip/src/manip_control_node.cpp:59:33:[m[K [01;31m[Kerror: [m[K‘[01m[Kusing element_type = struct manip::action::State_Feedback_<std::allocator<void> >[m[K’ {aka ‘[01m[Kstruct manip::action::State_Feedback_<std::allocator<void> >[m[K’} has no member named ‘[01m[Kpartial_sequence[m[K’
   59 |     auto & sequence = feedback->[01;31m[Kpartial_sequence[m[K;
      |                                 [01;31m[K^~~~~~~~~~~~~~~~[m[K
[01m[K/home/kousei/HaruRobo2024_ws/ros2_ws/src/manip/src/manip_control_node.cpp:64:32:[m[K [01;31m[Kerror: [m[K‘[01m[Kusing element_type = const struct manip::action::State_Goal_<std::allocator<void> >[m[K’ {aka ‘[01m[Kconst struct manip::action::State_Goal_<std::allocator<void> >[m[K’} has no member named ‘[01m[Korder[m[K’
   64 |     for (int i = 1; (i < goal->[01;31m[Korder[m[K) && rclcpp::ok(); ++i) {
      |                                [01;31m[K^~~~~[m[K
[01m[K/home/kousei/HaruRobo2024_ws/ros2_ws/src/manip/src/manip_control_node.cpp:67:17:[m[K [01;31m[Kerror: [m[K‘[01m[Kusing element_type = struct manip::action::State_Result_<std::allocator<void> >[m[K’ {aka ‘[01m[Kstruct manip::action::State_Result_<std::allocator<void> >[m[K’} has no member named ‘[01m[Ksequence[m[K’
   67 |         result->[01;31m[Ksequence[m[K = sequence;
      |                 [01;31m[K^~~~~~~~[m[K
[01m[K/home/kousei/HaruRobo2024_ws/ros2_ws/src/manip/src/manip_control_node.cpp:83:15:[m[K [01;31m[Kerror: [m[K‘[01m[Kusing element_type = struct manip::action::State_Result_<std::allocator<void> >[m[K’ {aka ‘[01m[Kstruct manip::action::State_Result_<std::allocator<void> >[m[K’} has no member named ‘[01m[Ksequence[m[K’
   83 |       result->[01;31m[Ksequence[m[K = sequence;
      |               [01;31m[K^~~~~~~~[m[K
gmake[2]: *** [CMakeFiles/manip_control_node.dir/build.make:76: CMakeFiles/manip_control_node.dir/src/manip_control_node.cpp.o] エラー 1
gmake[1]: *** [CMakeFiles/Makefile2:212: CMakeFiles/manip_control_node.dir/all] エラー 2
gmake: *** [Makefile:146: all] エラー 2
