[0.183s] Invoking command in '/home/kousei/HaruRobo2024_ws/ros2_ws/build/manip_msgs': CMAKE_PREFIX_PATH=${CMAKE_PREFIX_PATH}:/opt/ros/humble /usr/bin/cmake --build /home/kousei/HaruRobo2024_ws/ros2_ws/build/manip_msgs -- -j16 -l16
[0.226s] [  2%] Built target manip_msgs__cpp
[0.232s] [ 12%] Built target manip_msgs__rosidl_generator_c
[0.363s] [ 12%] Built target ament_cmake_python_copy_manip_msgs
[0.529s] [ 23%] Built target manip_msgs__rosidl_typesupport_cpp
[0.572s] [ 33%] Built target manip_msgs__rosidl_typesupport_fastrtps_c
[0.576s] [ 43%] Built target manip_msgs__rosidl_typesupport_fastrtps_cpp
[0.588s] [ 53%] Built target manip_msgs__rosidl_typesupport_introspection_c
[0.593s] [ 64%] Built target manip_msgs__rosidl_typesupport_introspection_cpp
[0.652s] [ 74%] Built target manip_msgs__rosidl_typesupport_c
[0.799s] [ 74%] Built target manip_msgs
[0.950s] [ 76%] Built target manip_msgs__py
[0.979s] [ 84%] Built target manip_msgs__rosidl_generator_py
[1.010s] [ 89%] Built target manip_msgs__rosidl_typesupport_fastrtps_c__pyext
[1.012s] [ 94%] Built target manip_msgs__rosidl_typesupport_introspection_c__pyext
[1.012s] [100%] Built target manip_msgs__rosidl_typesupport_c__pyext
[1.111s] running egg_info
[1.112s] writing manip_msgs.egg-info/PKG-INFO
[1.112s] writing dependency_links to manip_msgs.egg-info/dependency_links.txt
[1.112s] writing top-level names to manip_msgs.egg-info/top_level.txt
[1.114s] reading manifest file 'manip_msgs.egg-info/SOURCES.txt'
[1.114s] writing manifest file 'manip_msgs.egg-info/SOURCES.txt'
[1.141s] [100%] Built target ament_cmake_python_build_manip_msgs_egg
[1.157s] Invoked command in '/home/kousei/HaruRobo2024_ws/ros2_ws/build/manip_msgs' returned '0': CMAKE_PREFIX_PATH=${CMAKE_PREFIX_PATH}:/opt/ros/humble /usr/bin/cmake --build /home/kousei/HaruRobo2024_ws/ros2_ws/build/manip_msgs -- -j16 -l16
[1.236s] Invoking command in '/home/kousei/HaruRobo2024_ws/ros2_ws/build/manip_msgs': CMAKE_PREFIX_PATH=${CMAKE_PREFIX_PATH}:/opt/ros/humble /usr/bin/cmake --install /home/kousei/HaruRobo2024_ws/ros2_ws/build/manip_msgs
[1.241s] -- Install configuration: ""
[1.241s] -- Up-to-date: /home/kousei/HaruRobo2024_ws/ros2_ws/install/manip_msgs/share/ament_index/resource_index/rosidl_interfaces/manip_msgs
[1.241s] -- Up-to-date: /home/kousei/HaruRobo2024_ws/ros2_ws/install/manip_msgs/include/manip_msgs/manip_msgs
[1.241s] -- Up-to-date: /home/kousei/HaruRobo2024_ws/ros2_ws/install/manip_msgs/include/manip_msgs/manip_msgs/msg
[1.241s] -- Up-to-date: /home/kousei/HaruRobo2024_ws/ros2_ws/install/manip_msgs/include/manip_msgs/manip_msgs/msg/cmd.h
[1.241s] -- Up-to-date: /home/kousei/HaruRobo2024_ws/ros2_ws/install/manip_msgs/include/manip_msgs/manip_msgs/msg/rosidl_generator_c__visibility_control.h
[1.241s] -- Up-to-date: /home/kousei/HaruRobo2024_ws/ros2_ws/install/manip_msgs/include/manip_msgs/manip_msgs/msg/result.h
[1.241s] -- Up-to-date: /home/kousei/HaruRobo2024_ws/ros2_ws/install/manip_msgs/include/manip_msgs/manip_msgs/msg/detail
[1.242s] -- Up-to-date: /home/kousei/HaruRobo2024_ws/ros2_ws/install/manip_msgs/include/manip_msgs/manip_msgs/msg/detail/result__functions.h
[1.242s] -- Up-to-date: /home/kousei/HaruRobo2024_ws/ros2_ws/install/manip_msgs/include/manip_msgs/manip_msgs/msg/detail/cmd__type_support.h
[1.242s] -- Up-to-date: /home/kousei/HaruRobo2024_ws/ros2_ws/install/manip_msgs/include/manip_msgs/manip_msgs/msg/detail/result__functions.c
[1.242s] -- Up-to-date: /home/kousei/HaruRobo2024_ws/ros2_ws/install/manip_msgs/include/manip_msgs/manip_msgs/msg/detail/result__struct.h
[1.242s] -- Up-to-date: /home/kousei/HaruRobo2024_ws/ros2_ws/install/manip_msgs/include/manip_msgs/manip_msgs/msg/detail/cmd__struct.h
[1.242s] -- Up-to-date: /home/kousei/HaruRobo2024_ws/ros2_ws/install/manip_msgs/include/manip_msgs/manip_msgs/msg/detail/cmd__functions.c
[1.242s] -- Up-to-date: /home/kousei/HaruRobo2024_ws/ros2_ws/install/manip_msgs/include/manip_msgs/manip_msgs/msg/detail/cmd__functions.h
[1.243s] -- Up-to-date: /home/kousei/HaruRobo2024_ws/ros2_ws/install/manip_msgs/include/manip_msgs/manip_msgs/msg/detail/result__type_support.h
[1.243s] -- Up-to-date: /home/kousei/HaruRobo2024_ws/ros2_ws/install/manip_msgs/share/manip_msgs/environment/library_path.sh
[1.243s] -- Up-to-date: /home/kousei/HaruRobo2024_ws/ros2_ws/install/manip_msgs/share/manip_msgs/environment/library_path.dsv
[1.243s] -- Up-to-date: /home/kousei/HaruRobo2024_ws/ros2_ws/install/manip_msgs/lib/libmanip_msgs__rosidl_generator_c.so
[1.243s] -- Up-to-date: /home/kousei/HaruRobo2024_ws/ros2_ws/install/manip_msgs/include/manip_msgs/manip_msgs
[1.243s] -- Up-to-date: /home/kousei/HaruRobo2024_ws/ros2_ws/install/manip_msgs/include/manip_msgs/manip_msgs/msg
[1.243s] -- Up-to-date: /home/kousei/HaruRobo2024_ws/ros2_ws/install/manip_msgs/include/manip_msgs/manip_msgs/msg/detail
[1.244s] -- Up-to-date: /home/kousei/HaruRobo2024_ws/ros2_ws/install/manip_msgs/include/manip_msgs/manip_msgs/msg/detail/cmd__rosidl_typesupport_fastrtps_c.h
[1.244s] -- Up-to-date: /home/kousei/HaruRobo2024_ws/ros2_ws/install/manip_msgs/include/manip_msgs/manip_msgs/msg/detail/result__rosidl_typesupport_fastrtps_c.h
[1.244s] -- Up-to-date: /home/kousei/HaruRobo2024_ws/ros2_ws/install/manip_msgs/include/manip_msgs/manip_msgs/msg/rosidl_typesupport_fastrtps_c__visibility_control.h
[1.244s] -- Up-to-date: /home/kousei/HaruRobo2024_ws/ros2_ws/install/manip_msgs/lib/libmanip_msgs__rosidl_typesupport_fastrtps_c.so
[1.244s] -- Up-to-date: /home/kousei/HaruRobo2024_ws/ros2_ws/install/manip_msgs/include/manip_msgs/manip_msgs
[1.245s] -- Up-to-date: /home/kousei/HaruRobo2024_ws/ros2_ws/install/manip_msgs/include/manip_msgs/manip_msgs/msg
[1.245s] -- Up-to-date: /home/kousei/HaruRobo2024_ws/ros2_ws/install/manip_msgs/include/manip_msgs/manip_msgs/msg/result.hpp
[1.245s] -- Up-to-date: /home/kousei/HaruRobo2024_ws/ros2_ws/install/manip_msgs/include/manip_msgs/manip_msgs/msg/cmd.hpp
[1.245s] -- Up-to-date: /home/kousei/HaruRobo2024_ws/ros2_ws/install/manip_msgs/include/manip_msgs/manip_msgs/msg/detail
[1.246s] -- Up-to-date: /home/kousei/HaruRobo2024_ws/ros2_ws/install/manip_msgs/include/manip_msgs/manip_msgs/msg/detail/cmd__struct.hpp
[1.246s] -- Up-to-date: /home/kousei/HaruRobo2024_ws/ros2_ws/install/manip_msgs/include/manip_msgs/manip_msgs/msg/detail/result__struct.hpp
[1.246s] -- Up-to-date: /home/kousei/HaruRobo2024_ws/ros2_ws/install/manip_msgs/include/manip_msgs/manip_msgs/msg/detail/result__traits.hpp
[1.246s] -- Up-to-date: /home/kousei/HaruRobo2024_ws/ros2_ws/install/manip_msgs/include/manip_msgs/manip_msgs/msg/detail/cmd__builder.hpp
[1.246s] -- Up-to-date: /home/kousei/HaruRobo2024_ws/ros2_ws/install/manip_msgs/include/manip_msgs/manip_msgs/msg/detail/cmd__traits.hpp
[1.246s] -- Up-to-date: /home/kousei/HaruRobo2024_ws/ros2_ws/install/manip_msgs/include/manip_msgs/manip_msgs/msg/detail/result__builder.hpp
[1.246s] -- Up-to-date: /home/kousei/HaruRobo2024_ws/ros2_ws/install/manip_msgs/include/manip_msgs/manip_msgs
[1.246s] -- Up-to-date: /home/kousei/HaruRobo2024_ws/ros2_ws/install/manip_msgs/include/manip_msgs/manip_msgs/msg
[1.246s] -- Up-to-date: /home/kousei/HaruRobo2024_ws/ros2_ws/install/manip_msgs/include/manip_msgs/manip_msgs/msg/detail
[1.246s] -- Up-to-date: /home/kousei/HaruRobo2024_ws/ros2_ws/install/manip_msgs/include/manip_msgs/manip_msgs/msg/detail/dds_fastrtps
[1.246s] -- Up-to-date: /home/kousei/HaruRobo2024_ws/ros2_ws/install/manip_msgs/include/manip_msgs/manip_msgs/msg/detail/cmd__rosidl_typesupport_fastrtps_cpp.hpp
[1.247s] -- Up-to-date: /home/kousei/HaruRobo2024_ws/ros2_ws/install/manip_msgs/include/manip_msgs/manip_msgs/msg/detail/result__rosidl_typesupport_fastrtps_cpp.hpp
[1.247s] -- Up-to-date: /home/kousei/HaruRobo2024_ws/ros2_ws/install/manip_msgs/include/manip_msgs/manip_msgs/msg/rosidl_typesupport_fastrtps_cpp__visibility_control.h
[1.247s] -- Up-to-date: /home/kousei/HaruRobo2024_ws/ros2_ws/install/manip_msgs/lib/libmanip_msgs__rosidl_typesupport_fastrtps_cpp.so
[1.247s] -- Up-to-date: /home/kousei/HaruRobo2024_ws/ros2_ws/install/manip_msgs/include/manip_msgs/manip_msgs
[1.247s] -- Up-to-date: /home/kousei/HaruRobo2024_ws/ros2_ws/install/manip_msgs/include/manip_msgs/manip_msgs/msg
[1.247s] -- Up-to-date: /home/kousei/HaruRobo2024_ws/ros2_ws/install/manip_msgs/include/manip_msgs/manip_msgs/msg/detail
[1.247s] -- Up-to-date: /home/kousei/HaruRobo2024_ws/ros2_ws/install/manip_msgs/include/manip_msgs/manip_msgs/msg/detail/cmd__rosidl_typesupport_introspection_c.h
[1.247s] -- Up-to-date: /home/kousei/HaruRobo2024_ws/ros2_ws/install/manip_msgs/include/manip_msgs/manip_msgs/msg/detail/result__type_support.c
[1.248s] -- Up-to-date: /home/kousei/HaruRobo2024_ws/ros2_ws/install/manip_msgs/include/manip_msgs/manip_msgs/msg/detail/cmd__type_support.c
[1.248s] -- Up-to-date: /home/kousei/HaruRobo2024_ws/ros2_ws/install/manip_msgs/include/manip_msgs/manip_msgs/msg/detail/result__rosidl_typesupport_introspection_c.h
[1.248s] -- Up-to-date: /home/kousei/HaruRobo2024_ws/ros2_ws/install/manip_msgs/include/manip_msgs/manip_msgs/msg/rosidl_typesupport_introspection_c__visibility_control.h
[1.248s] -- Up-to-date: /home/kousei/HaruRobo2024_ws/ros2_ws/install/manip_msgs/lib/libmanip_msgs__rosidl_typesupport_introspection_c.so
[1.248s] -- Up-to-date: /home/kousei/HaruRobo2024_ws/ros2_ws/install/manip_msgs/lib/libmanip_msgs__rosidl_typesupport_c.so
[1.248s] -- Up-to-date: /home/kousei/HaruRobo2024_ws/ros2_ws/install/manip_msgs/include/manip_msgs/manip_msgs
[1.248s] -- Up-to-date: /home/kousei/HaruRobo2024_ws/ros2_ws/install/manip_msgs/include/manip_msgs/manip_msgs/msg
[1.248s] -- Up-to-date: /home/kousei/HaruRobo2024_ws/ros2_ws/install/manip_msgs/include/manip_msgs/manip_msgs/msg/detail
[1.248s] -- Up-to-date: /home/kousei/HaruRobo2024_ws/ros2_ws/install/manip_msgs/include/manip_msgs/manip_msgs/msg/detail/cmd__rosidl_typesupport_introspection_cpp.hpp
[1.249s] -- Up-to-date: /home/kousei/HaruRobo2024_ws/ros2_ws/install/manip_msgs/include/manip_msgs/manip_msgs/msg/detail/result__type_support.cpp
[1.249s] -- Up-to-date: /home/kousei/HaruRobo2024_ws/ros2_ws/install/manip_msgs/include/manip_msgs/manip_msgs/msg/detail/cmd__type_support.cpp
[1.249s] -- Up-to-date: /home/kousei/HaruRobo2024_ws/ros2_ws/install/manip_msgs/include/manip_msgs/manip_msgs/msg/detail/result__rosidl_typesupport_introspection_cpp.hpp
[1.249s] -- Up-to-date: /home/kousei/HaruRobo2024_ws/ros2_ws/install/manip_msgs/lib/libmanip_msgs__rosidl_typesupport_introspection_cpp.so
[1.249s] -- Up-to-date: /home/kousei/HaruRobo2024_ws/ros2_ws/install/manip_msgs/lib/libmanip_msgs__rosidl_typesupport_cpp.so
[1.249s] -- Up-to-date: /home/kousei/HaruRobo2024_ws/ros2_ws/install/manip_msgs/share/manip_msgs/environment/pythonpath.sh
[1.249s] -- Up-to-date: /home/kousei/HaruRobo2024_ws/ros2_ws/install/manip_msgs/share/manip_msgs/environment/pythonpath.dsv
[1.249s] -- Up-to-date: /home/kousei/HaruRobo2024_ws/ros2_ws/install/manip_msgs/local/lib/python3.10/dist-packages/manip_msgs-0.0.0-py3.10.egg-info
[1.250s] -- Installing: /home/kousei/HaruRobo2024_ws/ros2_ws/install/manip_msgs/local/lib/python3.10/dist-packages/manip_msgs-0.0.0-py3.10.egg-info/dependency_links.txt
[1.250s] -- Installing: /home/kousei/HaruRobo2024_ws/ros2_ws/install/manip_msgs/local/lib/python3.10/dist-packages/manip_msgs-0.0.0-py3.10.egg-info/SOURCES.txt
[1.250s] -- Installing: /home/kousei/HaruRobo2024_ws/ros2_ws/install/manip_msgs/local/lib/python3.10/dist-packages/manip_msgs-0.0.0-py3.10.egg-info/top_level.txt
[1.250s] -- Installing: /home/kousei/HaruRobo2024_ws/ros2_ws/install/manip_msgs/local/lib/python3.10/dist-packages/manip_msgs-0.0.0-py3.10.egg-info/PKG-INFO
[1.250s] -- Up-to-date: /home/kousei/HaruRobo2024_ws/ros2_ws/install/manip_msgs/local/lib/python3.10/dist-packages/manip_msgs
[1.250s] -- Up-to-date: /home/kousei/HaruRobo2024_ws/ros2_ws/install/manip_msgs/local/lib/python3.10/dist-packages/manip_msgs/__init__.py
[1.250s] -- Up-to-date: /home/kousei/HaruRobo2024_ws/ros2_ws/install/manip_msgs/local/lib/python3.10/dist-packages/manip_msgs/manip_msgs_s__rosidl_typesupport_fastrtps_c.cpython-310-x86_64-linux-gnu.so
[1.250s] -- Up-to-date: /home/kousei/HaruRobo2024_ws/ros2_ws/install/manip_msgs/local/lib/python3.10/dist-packages/manip_msgs/_manip_msgs_s.ep.rosidl_typesupport_fastrtps_c.c
[1.251s] -- Up-to-date: /home/kousei/HaruRobo2024_ws/ros2_ws/install/manip_msgs/local/lib/python3.10/dist-packages/manip_msgs/_manip_msgs_s.ep.rosidl_typesupport_introspection_c.c
[1.251s] -- Up-to-date: /home/kousei/HaruRobo2024_ws/ros2_ws/install/manip_msgs/local/lib/python3.10/dist-packages/manip_msgs/manip_msgs_s__rosidl_typesupport_c.cpython-310-x86_64-linux-gnu.so
[1.251s] -- Up-to-date: /home/kousei/HaruRobo2024_ws/ros2_ws/install/manip_msgs/local/lib/python3.10/dist-packages/manip_msgs/libmanip_msgs__rosidl_generator_py.so
[1.251s] -- Up-to-date: /home/kousei/HaruRobo2024_ws/ros2_ws/install/manip_msgs/local/lib/python3.10/dist-packages/manip_msgs/manip_msgs_s__rosidl_typesupport_introspection_c.cpython-310-x86_64-linux-gnu.so
[1.251s] -- Up-to-date: /home/kousei/HaruRobo2024_ws/ros2_ws/install/manip_msgs/local/lib/python3.10/dist-packages/manip_msgs/msg
[1.251s] -- Up-to-date: /home/kousei/HaruRobo2024_ws/ros2_ws/install/manip_msgs/local/lib/python3.10/dist-packages/manip_msgs/msg/__init__.py
[1.251s] -- Up-to-date: /home/kousei/HaruRobo2024_ws/ros2_ws/install/manip_msgs/local/lib/python3.10/dist-packages/manip_msgs/msg/_result.py
[1.251s] -- Up-to-date: /home/kousei/HaruRobo2024_ws/ros2_ws/install/manip_msgs/local/lib/python3.10/dist-packages/manip_msgs/msg/_cmd_s.c
[1.251s] -- Up-to-date: /home/kousei/HaruRobo2024_ws/ros2_ws/install/manip_msgs/local/lib/python3.10/dist-packages/manip_msgs/msg/_cmd.py
[1.252s] -- Up-to-date: /home/kousei/HaruRobo2024_ws/ros2_ws/install/manip_msgs/local/lib/python3.10/dist-packages/manip_msgs/msg/_result_s.c
[1.252s] -- Up-to-date: /home/kousei/HaruRobo2024_ws/ros2_ws/install/manip_msgs/local/lib/python3.10/dist-packages/manip_msgs/_manip_msgs_s.ep.rosidl_typesupport_c.c
[1.280s] Listing '/home/kousei/HaruRobo2024_ws/ros2_ws/install/manip_msgs/local/lib/python3.10/dist-packages/manip_msgs'...
[1.280s] Listing '/home/kousei/HaruRobo2024_ws/ros2_ws/install/manip_msgs/local/lib/python3.10/dist-packages/manip_msgs/msg'...
[1.284s] -- Up-to-date: /home/kousei/HaruRobo2024_ws/ros2_ws/install/manip_msgs/local/lib/python3.10/dist-packages/manip_msgs/manip_msgs_s__rosidl_typesupport_fastrtps_c.cpython-310-x86_64-linux-gnu.so
[1.284s] -- Up-to-date: /home/kousei/HaruRobo2024_ws/ros2_ws/install/manip_msgs/local/lib/python3.10/dist-packages/manip_msgs/manip_msgs_s__rosidl_typesupport_introspection_c.cpython-310-x86_64-linux-gnu.so
[1.284s] -- Up-to-date: /home/kousei/HaruRobo2024_ws/ros2_ws/install/manip_msgs/local/lib/python3.10/dist-packages/manip_msgs/manip_msgs_s__rosidl_typesupport_c.cpython-310-x86_64-linux-gnu.so
[1.284s] -- Up-to-date: /home/kousei/HaruRobo2024_ws/ros2_ws/install/manip_msgs/lib/libmanip_msgs__rosidl_generator_py.so
[1.285s] -- Up-to-date: /home/kousei/HaruRobo2024_ws/ros2_ws/install/manip_msgs/share/manip_msgs/msg/Cmd.idl
[1.285s] -- Up-to-date: /home/kousei/HaruRobo2024_ws/ros2_ws/install/manip_msgs/share/manip_msgs/msg/Result.idl
[1.286s] -- Up-to-date: /home/kousei/HaruRobo2024_ws/ros2_ws/install/manip_msgs/share/manip_msgs/msg/Cmd.msg
[1.286s] -- Up-to-date: /home/kousei/HaruRobo2024_ws/ros2_ws/install/manip_msgs/share/manip_msgs/msg/Result.msg
[1.287s] -- Up-to-date: /home/kousei/HaruRobo2024_ws/ros2_ws/install/manip_msgs/include
[1.287s] -- Up-to-date: /home/kousei/HaruRobo2024_ws/ros2_ws/install/manip_msgs/include/manip_msgs
[1.287s] -- Up-to-date: /home/kousei/HaruRobo2024_ws/ros2_ws/install/manip_msgs/share/ament_index/resource_index/package_run_dependencies/manip_msgs
[1.288s] -- Up-to-date: /home/kousei/HaruRobo2024_ws/ros2_ws/install/manip_msgs/share/ament_index/resource_index/parent_prefix_path/manip_msgs
[1.288s] -- Up-to-date: /home/kousei/HaruRobo2024_ws/ros2_ws/install/manip_msgs/share/manip_msgs/environment/ament_prefix_path.sh
[1.289s] -- Up-to-date: /home/kousei/HaruRobo2024_ws/ros2_ws/install/manip_msgs/share/manip_msgs/environment/ament_prefix_path.dsv
[1.289s] -- Up-to-date: /home/kousei/HaruRobo2024_ws/ros2_ws/install/manip_msgs/share/manip_msgs/environment/path.sh
[1.289s] -- Up-to-date: /home/kousei/HaruRobo2024_ws/ros2_ws/install/manip_msgs/share/manip_msgs/environment/path.dsv
[1.289s] -- Up-to-date: /home/kousei/HaruRobo2024_ws/ros2_ws/install/manip_msgs/share/manip_msgs/local_setup.bash
[1.290s] -- Up-to-date: /home/kousei/HaruRobo2024_ws/ros2_ws/install/manip_msgs/share/manip_msgs/local_setup.sh
[1.290s] -- Up-to-date: /home/kousei/HaruRobo2024_ws/ros2_ws/install/manip_msgs/share/manip_msgs/local_setup.zsh
[1.290s] -- Up-to-date: /home/kousei/HaruRobo2024_ws/ros2_ws/install/manip_msgs/share/manip_msgs/local_setup.dsv
[1.290s] -- Installing: /home/kousei/HaruRobo2024_ws/ros2_ws/install/manip_msgs/share/manip_msgs/package.dsv
[1.291s] -- Up-to-date: /home/kousei/HaruRobo2024_ws/ros2_ws/install/manip_msgs/share/ament_index/resource_index/packages/manip_msgs
[1.291s] -- Up-to-date: /home/kousei/HaruRobo2024_ws/ros2_ws/install/manip_msgs/share/manip_msgs/cmake/export_manip_msgs__rosidl_generator_cExport.cmake
[1.291s] -- Up-to-date: /home/kousei/HaruRobo2024_ws/ros2_ws/install/manip_msgs/share/manip_msgs/cmake/export_manip_msgs__rosidl_generator_cExport-noconfig.cmake
[1.291s] -- Up-to-date: /home/kousei/HaruRobo2024_ws/ros2_ws/install/manip_msgs/share/manip_msgs/cmake/export_manip_msgs__rosidl_typesupport_fastrtps_cExport.cmake
[1.292s] -- Up-to-date: /home/kousei/HaruRobo2024_ws/ros2_ws/install/manip_msgs/share/manip_msgs/cmake/export_manip_msgs__rosidl_typesupport_fastrtps_cExport-noconfig.cmake
[1.292s] -- Up-to-date: /home/kousei/HaruRobo2024_ws/ros2_ws/install/manip_msgs/share/manip_msgs/cmake/export_manip_msgs__rosidl_generator_cppExport.cmake
[1.292s] -- Up-to-date: /home/kousei/HaruRobo2024_ws/ros2_ws/install/manip_msgs/share/manip_msgs/cmake/export_manip_msgs__rosidl_typesupport_fastrtps_cppExport.cmake
[1.292s] -- Up-to-date: /home/kousei/HaruRobo2024_ws/ros2_ws/install/manip_msgs/share/manip_msgs/cmake/export_manip_msgs__rosidl_typesupport_fastrtps_cppExport-noconfig.cmake
[1.292s] -- Up-to-date: /home/kousei/HaruRobo2024_ws/ros2_ws/install/manip_msgs/share/manip_msgs/cmake/manip_msgs__rosidl_typesupport_introspection_cExport.cmake
[1.293s] -- Up-to-date: /home/kousei/HaruRobo2024_ws/ros2_ws/install/manip_msgs/share/manip_msgs/cmake/manip_msgs__rosidl_typesupport_introspection_cExport-noconfig.cmake
[1.293s] -- Up-to-date: /home/kousei/HaruRobo2024_ws/ros2_ws/install/manip_msgs/share/manip_msgs/cmake/manip_msgs__rosidl_typesupport_cExport.cmake
[1.293s] -- Up-to-date: /home/kousei/HaruRobo2024_ws/ros2_ws/install/manip_msgs/share/manip_msgs/cmake/manip_msgs__rosidl_typesupport_cExport-noconfig.cmake
[1.293s] -- Up-to-date: /home/kousei/HaruRobo2024_ws/ros2_ws/install/manip_msgs/share/manip_msgs/cmake/manip_msgs__rosidl_typesupport_introspection_cppExport.cmake
[1.293s] -- Up-to-date: /home/kousei/HaruRobo2024_ws/ros2_ws/install/manip_msgs/share/manip_msgs/cmake/manip_msgs__rosidl_typesupport_introspection_cppExport-noconfig.cmake
[1.294s] -- Up-to-date: /home/kousei/HaruRobo2024_ws/ros2_ws/install/manip_msgs/share/manip_msgs/cmake/manip_msgs__rosidl_typesupport_cppExport.cmake
[1.294s] -- Up-to-date: /home/kousei/HaruRobo2024_ws/ros2_ws/install/manip_msgs/share/manip_msgs/cmake/manip_msgs__rosidl_typesupport_cppExport-noconfig.cmake
[1.294s] -- Up-to-date: /home/kousei/HaruRobo2024_ws/ros2_ws/install/manip_msgs/share/manip_msgs/cmake/export_manip_msgs__rosidl_generator_pyExport.cmake
[1.295s] -- Up-to-date: /home/kousei/HaruRobo2024_ws/ros2_ws/install/manip_msgs/share/manip_msgs/cmake/export_manip_msgs__rosidl_generator_pyExport-noconfig.cmake
[1.295s] -- Up-to-date: /home/kousei/HaruRobo2024_ws/ros2_ws/install/manip_msgs/share/manip_msgs/cmake/rosidl_cmake-extras.cmake
[1.295s] -- Up-to-date: /home/kousei/HaruRobo2024_ws/ros2_ws/install/manip_msgs/share/manip_msgs/cmake/ament_cmake_export_dependencies-extras.cmake
[1.295s] -- Up-to-date: /home/kousei/HaruRobo2024_ws/ros2_ws/install/manip_msgs/share/manip_msgs/cmake/ament_cmake_export_include_directories-extras.cmake
[1.295s] -- Up-to-date: /home/kousei/HaruRobo2024_ws/ros2_ws/install/manip_msgs/share/manip_msgs/cmake/ament_cmake_export_libraries-extras.cmake
[1.295s] -- Up-to-date: /home/kousei/HaruRobo2024_ws/ros2_ws/install/manip_msgs/share/manip_msgs/cmake/ament_cmake_export_targets-extras.cmake
[1.296s] -- Up-to-date: /home/kousei/HaruRobo2024_ws/ros2_ws/install/manip_msgs/share/manip_msgs/cmake/rosidl_cmake_export_typesupport_targets-extras.cmake
[1.296s] -- Up-to-date: /home/kousei/HaruRobo2024_ws/ros2_ws/install/manip_msgs/share/manip_msgs/cmake/rosidl_cmake_export_typesupport_libraries-extras.cmake
[1.296s] -- Up-to-date: /home/kousei/HaruRobo2024_ws/ros2_ws/install/manip_msgs/share/manip_msgs/cmake/manip_msgsConfig.cmake
[1.296s] -- Up-to-date: /home/kousei/HaruRobo2024_ws/ros2_ws/install/manip_msgs/share/manip_msgs/cmake/manip_msgsConfig-version.cmake
[1.296s] -- Up-to-date: /home/kousei/HaruRobo2024_ws/ros2_ws/install/manip_msgs/share/manip_msgs/package.xml
[1.296s] Invoked command in '/home/kousei/HaruRobo2024_ws/ros2_ws/build/manip_msgs' returned '0': CMAKE_PREFIX_PATH=${CMAKE_PREFIX_PATH}:/opt/ros/humble /usr/bin/cmake --install /home/kousei/HaruRobo2024_ws/ros2_ws/build/manip_msgs
