-- The C compiler identification is GNU 11.4.0
-- The CXX compiler identification is GNU 11.4.0
-- Detecting C compiler ABI info
-- Detecting C compiler ABI info - done
-- Check for working C compiler: /usr/bin/cc - skipped
-- Detecting C compile features
-- Detecting C compile features - done
-- Detecting CXX compiler ABI info
-- Detecting CXX compiler ABI info - done
-- Check for working CXX compiler: /usr/bin/c++ - skipped
-- Detecting CXX compile features
-- Detecting CXX compile features - done
-- Found ament_cmake_auto: 1.3.7 (/opt/ros/humble/share/ament_cmake_auto/cmake)
-- Found Python3: /usr/bin/python3.10 (found version "3.10.12") found components: Interpreter 
-- Found rosidl_generator_c: 3.1.5 (/opt/ros/humble/share/rosidl_generator_c/cmake)
-- Found rosidl_adapter: 3.1.5 (/opt/ros/humble/share/rosidl_adapter/cmake)
-- Found rosidl_generator_cpp: 3.1.5 (/opt/ros/humble/share/rosidl_generator_cpp/cmake)
-- Using all available rosidl_typesupport_c: rosidl_typesupport_fastrtps_c;rosidl_typesupport_introspection_c
-- Using all available rosidl_typesupport_cpp: rosidl_typesupport_fastrtps_cpp;rosidl_typesupport_introspection_cpp
-- Found rmw_implementation_cmake: 6.1.1 (/opt/ros/humble/share/rmw_implementation_cmake/cmake)
-- Found rmw_fastrtps_cpp: 6.2.6 (/opt/ros/humble/share/rmw_fastrtps_cpp/cmake)
-- Found OpenSSL: /usr/lib/x86_64-linux-gnu/libcrypto.so (found version "3.0.2")  
-- Found FastRTPS: /opt/ros/humble/include  
-- Using RMW implementation 'rmw_fastrtps_cpp' as default
-- Looking for pthread.h
-- Looking for pthread.h - found
-- Performing Test CMAKE_HAVE_LIBC_PTHREAD
-- Performing Test CMAKE_HAVE_LIBC_PTHREAD - Success
-- Found Threads: TRUE  
-- Found ament_lint_auto: 0.12.10 (/opt/ros/humble/share/ament_lint_auto/cmake)
-- Found ament_cmake_ros: 0.10.0 (/opt/ros/humble/share/ament_cmake_ros/cmake)
-- Using all available rosidl_typesupport_c: rosidl_typesupport_fastrtps_c;rosidl_typesupport_introspection_c
-- Using all available rosidl_typesupport_cpp: rosidl_typesupport_fastrtps_cpp;rosidl_typesupport_introspection_cpp
-- Found PythonInterp: /usr/bin/python3 (found suitable version "3.10.12", minimum required is "3.6") 
-- Found python_cmake_module: 0.10.0 (/opt/ros/humble/share/python_cmake_module/cmake)
-- Found PythonLibs: /usr/lib/x86_64-linux-gnu/libpython3.10.so (found suitable version "3.10.12", minimum required is "3.5") 
-- Using PYTHON_EXECUTABLE: /usr/bin/python3
-- Using PYTHON_INCLUDE_DIRS: /usr/include/python3.10
-- Using PYTHON_LIBRARIES: /usr/lib/x86_64-linux-gnu/libpython3.10.so
-- Found PythonExtra: .so  
-- Added test 'cppcheck' to perform static code analysis on C / C++ code
-- Configured cppcheck include dirs: /home/kousei/HaruRobo2024_ws/ros2_ws/src/manip/include
-- Configured cppcheck exclude dirs and/or files: 
-- Added test 'lint_cmake' to check CMake code style
-- Added test 'uncrustify' to check C / C++ code style
-- Configured uncrustify additional arguments: 
-- Added test 'xmllint' to check XML markup files
-- Configuring done
-- Generating done
-- Build files have been written to: /home/kousei/HaruRobo2024_ws/ros2_ws/build/manip
[35m[1mConsolidate compiler generated dependencies of target manip__rosidl_generator_c[0m
[  1%] Built target manip__cpp
[ 11%] Built target manip__rosidl_generator_c
[35m[1mConsolidate compiler generated dependencies of target manip__rosidl_typesupport_cpp[0m
[ 11%] Built target ament_cmake_python_copy_manip
[35m[1mConsolidate compiler generated dependencies of target manip__rosidl_typesupport_introspection_cpp[0m
[35m[1mConsolidate compiler generated dependencies of target manip__rosidl_typesupport_fastrtps_cpp[0m
[35m[1mConsolidate compiler generated dependencies of target manip__rosidl_typesupport_introspection_c[0m
[35m[1mConsolidate compiler generated dependencies of target manip__rosidl_typesupport_c[0m
[35m[1mConsolidate compiler generated dependencies of target manip__rosidl_typesupport_fastrtps_c[0m
[ 21%] Built target manip__rosidl_typesupport_cpp
[ 60%] Built target manip__rosidl_typesupport_introspection_c
[ 60%] Built target manip__rosidl_typesupport_c
[ 60%] Built target manip__rosidl_typesupport_fastrtps_cpp
[ 60%] Built target manip__rosidl_typesupport_introspection_cpp
[ 70%] Built target manip__rosidl_typesupport_fastrtps_c
[35m[1mConsolidate compiler generated dependencies of target manip_control_node[0m
[35m[1mConsolidate compiler generated dependencies of target manip_joy_node[0m
[ 70%] Built target manip
[ 76%] Built target manip_control_node
[ 78%] Built target manip_joy_node
[ 80%] Built target manip__py
[35m[1mConsolidate compiler generated dependencies of target manip__rosidl_generator_py[0m
[ 88%] Built target manip__rosidl_generator_py
[35m[1mConsolidate compiler generated dependencies of target manip__rosidl_typesupport_fastrtps_c__pyext[0m
[35m[1mConsolidate compiler generated dependencies of target manip__rosidl_typesupport_introspection_c__pyext[0m
[35m[1mConsolidate compiler generated dependencies of target manip__rosidl_typesupport_c__pyext[0m
[ 92%] Built target manip__rosidl_typesupport_fastrtps_c__pyext
[ 96%] Built target manip__rosidl_typesupport_introspection_c__pyext
[100%] Built target manip__rosidl_typesupport_c__pyext
running egg_info
writing manip.egg-info/PKG-INFO
writing dependency_links to manip.egg-info/dependency_links.txt
writing top-level names to manip.egg-info/top_level.txt
reading manifest file 'manip.egg-info/SOURCES.txt'
writing manifest file 'manip.egg-info/SOURCES.txt'
[100%] Built target ament_cmake_python_build_manip_egg
-- Install configuration: ""
-- Up-to-date: /home/kousei/HaruRobo2024_ws/ros2_ws/install/manip/share/ament_index/resource_index/rosidl_interfaces/manip
-- Up-to-date: /home/kousei/HaruRobo2024_ws/ros2_ws/install/manip/include/manip/manip
-- Up-to-date: /home/kousei/HaruRobo2024_ws/ros2_ws/install/manip/include/manip/manip/msg
-- Up-to-date: /home/kousei/HaruRobo2024_ws/ros2_ws/install/manip/include/manip/manip/msg/cmd.h
-- Up-to-date: /home/kousei/HaruRobo2024_ws/ros2_ws/install/manip/include/manip/manip/msg/rosidl_generator_c__visibility_control.h
-- Up-to-date: /home/kousei/HaruRobo2024_ws/ros2_ws/install/manip/include/manip/manip/msg/result.h
-- Up-to-date: /home/kousei/HaruRobo2024_ws/ros2_ws/install/manip/include/manip/manip/msg/detail
-- Up-to-date: /home/kousei/HaruRobo2024_ws/ros2_ws/install/manip/include/manip/manip/msg/detail/result__functions.h
-- Up-to-date: /home/kousei/HaruRobo2024_ws/ros2_ws/install/manip/include/manip/manip/msg/detail/cmd__type_support.h
-- Up-to-date: /home/kousei/HaruRobo2024_ws/ros2_ws/install/manip/include/manip/manip/msg/detail/result__functions.c
-- Up-to-date: /home/kousei/HaruRobo2024_ws/ros2_ws/install/manip/include/manip/manip/msg/detail/result__struct.h
-- Up-to-date: /home/kousei/HaruRobo2024_ws/ros2_ws/install/manip/include/manip/manip/msg/detail/cmd__struct.h
-- Up-to-date: /home/kousei/HaruRobo2024_ws/ros2_ws/install/manip/include/manip/manip/msg/detail/cmd__functions.c
-- Up-to-date: /home/kousei/HaruRobo2024_ws/ros2_ws/install/manip/include/manip/manip/msg/detail/cmd__functions.h
-- Up-to-date: /home/kousei/HaruRobo2024_ws/ros2_ws/install/manip/include/manip/manip/msg/detail/result__type_support.h
-- Up-to-date: /home/kousei/HaruRobo2024_ws/ros2_ws/install/manip/include/manip/manip/action
-- Up-to-date: /home/kousei/HaruRobo2024_ws/ros2_ws/install/manip/include/manip/manip/action/state.h
-- Up-to-date: /home/kousei/HaruRobo2024_ws/ros2_ws/install/manip/include/manip/manip/action/detail
-- Up-to-date: /home/kousei/HaruRobo2024_ws/ros2_ws/install/manip/include/manip/manip/action/detail/state__struct.h
-- Up-to-date: /home/kousei/HaruRobo2024_ws/ros2_ws/install/manip/include/manip/manip/action/detail/state__functions.h
-- Up-to-date: /home/kousei/HaruRobo2024_ws/ros2_ws/install/manip/include/manip/manip/action/detail/state__type_support.h
-- Up-to-date: /home/kousei/HaruRobo2024_ws/ros2_ws/install/manip/include/manip/manip/action/detail/state__functions.c
-- Up-to-date: /home/kousei/HaruRobo2024_ws/ros2_ws/install/manip/share/manip/environment/library_path.sh
-- Installing: /home/kousei/HaruRobo2024_ws/ros2_ws/install/manip/share/manip/environment/library_path.dsv
-- Up-to-date: /home/kousei/HaruRobo2024_ws/ros2_ws/install/manip/lib/libmanip__rosidl_generator_c.so
-- Up-to-date: /home/kousei/HaruRobo2024_ws/ros2_ws/install/manip/include/manip/manip
-- Up-to-date: /home/kousei/HaruRobo2024_ws/ros2_ws/install/manip/include/manip/manip/msg
-- Up-to-date: /home/kousei/HaruRobo2024_ws/ros2_ws/install/manip/include/manip/manip/msg/detail
-- Up-to-date: /home/kousei/HaruRobo2024_ws/ros2_ws/install/manip/include/manip/manip/msg/detail/cmd__rosidl_typesupport_fastrtps_c.h
-- Up-to-date: /home/kousei/HaruRobo2024_ws/ros2_ws/install/manip/include/manip/manip/msg/detail/result__rosidl_typesupport_fastrtps_c.h
-- Up-to-date: /home/kousei/HaruRobo2024_ws/ros2_ws/install/manip/include/manip/manip/msg/rosidl_typesupport_fastrtps_c__visibility_control.h
-- Up-to-date: /home/kousei/HaruRobo2024_ws/ros2_ws/install/manip/include/manip/manip/action
-- Up-to-date: /home/kousei/HaruRobo2024_ws/ros2_ws/install/manip/include/manip/manip/action/detail
-- Up-to-date: /home/kousei/HaruRobo2024_ws/ros2_ws/install/manip/include/manip/manip/action/detail/state__rosidl_typesupport_fastrtps_c.h
-- Up-to-date: /home/kousei/HaruRobo2024_ws/ros2_ws/install/manip/lib/libmanip__rosidl_typesupport_fastrtps_c.so
-- Up-to-date: /home/kousei/HaruRobo2024_ws/ros2_ws/install/manip/include/manip/manip
-- Up-to-date: /home/kousei/HaruRobo2024_ws/ros2_ws/install/manip/include/manip/manip/msg
-- Up-to-date: /home/kousei/HaruRobo2024_ws/ros2_ws/install/manip/include/manip/manip/msg/result.hpp
-- Up-to-date: /home/kousei/HaruRobo2024_ws/ros2_ws/install/manip/include/manip/manip/msg/cmd.hpp
-- Up-to-date: /home/kousei/HaruRobo2024_ws/ros2_ws/install/manip/include/manip/manip/msg/detail
-- Up-to-date: /home/kousei/HaruRobo2024_ws/ros2_ws/install/manip/include/manip/manip/msg/detail/cmd__struct.hpp
-- Up-to-date: /home/kousei/HaruRobo2024_ws/ros2_ws/install/manip/include/manip/manip/msg/detail/result__struct.hpp
-- Up-to-date: /home/kousei/HaruRobo2024_ws/ros2_ws/install/manip/include/manip/manip/msg/detail/result__traits.hpp
-- Up-to-date: /home/kousei/HaruRobo2024_ws/ros2_ws/install/manip/include/manip/manip/msg/detail/cmd__builder.hpp
-- Up-to-date: /home/kousei/HaruRobo2024_ws/ros2_ws/install/manip/include/manip/manip/msg/detail/cmd__traits.hpp
-- Up-to-date: /home/kousei/HaruRobo2024_ws/ros2_ws/install/manip/include/manip/manip/msg/detail/result__builder.hpp
-- Up-to-date: /home/kousei/HaruRobo2024_ws/ros2_ws/install/manip/include/manip/manip/action
-- Up-to-date: /home/kousei/HaruRobo2024_ws/ros2_ws/install/manip/include/manip/manip/action/state.hpp
-- Up-to-date: /home/kousei/HaruRobo2024_ws/ros2_ws/install/manip/include/manip/manip/action/detail
-- Up-to-date: /home/kousei/HaruRobo2024_ws/ros2_ws/install/manip/include/manip/manip/action/detail/state__builder.hpp
-- Up-to-date: /home/kousei/HaruRobo2024_ws/ros2_ws/install/manip/include/manip/manip/action/detail/state__traits.hpp
-- Up-to-date: /home/kousei/HaruRobo2024_ws/ros2_ws/install/manip/include/manip/manip/action/detail/state__struct.hpp
-- Up-to-date: /home/kousei/HaruRobo2024_ws/ros2_ws/install/manip/include/manip/manip
-- Up-to-date: /home/kousei/HaruRobo2024_ws/ros2_ws/install/manip/include/manip/manip/msg
-- Up-to-date: /home/kousei/HaruRobo2024_ws/ros2_ws/install/manip/include/manip/manip/msg/detail
-- Up-to-date: /home/kousei/HaruRobo2024_ws/ros2_ws/install/manip/include/manip/manip/msg/detail/dds_fastrtps
-- Up-to-date: /home/kousei/HaruRobo2024_ws/ros2_ws/install/manip/include/manip/manip/msg/detail/cmd__rosidl_typesupport_fastrtps_cpp.hpp
-- Up-to-date: /home/kousei/HaruRobo2024_ws/ros2_ws/install/manip/include/manip/manip/msg/detail/result__rosidl_typesupport_fastrtps_cpp.hpp
-- Up-to-date: /home/kousei/HaruRobo2024_ws/ros2_ws/install/manip/include/manip/manip/msg/rosidl_typesupport_fastrtps_cpp__visibility_control.h
-- Up-to-date: /home/kousei/HaruRobo2024_ws/ros2_ws/install/manip/include/manip/manip/action
-- Up-to-date: /home/kousei/HaruRobo2024_ws/ros2_ws/install/manip/include/manip/manip/action/detail
-- Up-to-date: /home/kousei/HaruRobo2024_ws/ros2_ws/install/manip/include/manip/manip/action/detail/dds_fastrtps
-- Up-to-date: /home/kousei/HaruRobo2024_ws/ros2_ws/install/manip/include/manip/manip/action/detail/state__rosidl_typesupport_fastrtps_cpp.hpp
-- Up-to-date: /home/kousei/HaruRobo2024_ws/ros2_ws/install/manip/lib/libmanip__rosidl_typesupport_fastrtps_cpp.so
-- Up-to-date: /home/kousei/HaruRobo2024_ws/ros2_ws/install/manip/include/manip/manip
-- Up-to-date: /home/kousei/HaruRobo2024_ws/ros2_ws/install/manip/include/manip/manip/msg
-- Up-to-date: /home/kousei/HaruRobo2024_ws/ros2_ws/install/manip/include/manip/manip/msg/detail
-- Up-to-date: /home/kousei/HaruRobo2024_ws/ros2_ws/install/manip/include/manip/manip/msg/detail/cmd__rosidl_typesupport_introspection_c.h
-- Up-to-date: /home/kousei/HaruRobo2024_ws/ros2_ws/install/manip/include/manip/manip/msg/detail/result__type_support.c
-- Up-to-date: /home/kousei/HaruRobo2024_ws/ros2_ws/install/manip/include/manip/manip/msg/detail/cmd__type_support.c
-- Up-to-date: /home/kousei/HaruRobo2024_ws/ros2_ws/install/manip/include/manip/manip/msg/detail/result__rosidl_typesupport_introspection_c.h
-- Up-to-date: /home/kousei/HaruRobo2024_ws/ros2_ws/install/manip/include/manip/manip/msg/rosidl_typesupport_introspection_c__visibility_control.h
-- Up-to-date: /home/kousei/HaruRobo2024_ws/ros2_ws/install/manip/include/manip/manip/action
-- Up-to-date: /home/kousei/HaruRobo2024_ws/ros2_ws/install/manip/include/manip/manip/action/detail
-- Up-to-date: /home/kousei/HaruRobo2024_ws/ros2_ws/install/manip/include/manip/manip/action/detail/state__type_support.c
-- Up-to-date: /home/kousei/HaruRobo2024_ws/ros2_ws/install/manip/include/manip/manip/action/detail/state__rosidl_typesupport_introspection_c.h
-- Up-to-date: /home/kousei/HaruRobo2024_ws/ros2_ws/install/manip/lib/libmanip__rosidl_typesupport_introspection_c.so
-- Up-to-date: /home/kousei/HaruRobo2024_ws/ros2_ws/install/manip/lib/libmanip__rosidl_typesupport_c.so
-- Up-to-date: /home/kousei/HaruRobo2024_ws/ros2_ws/install/manip/include/manip/manip
-- Up-to-date: /home/kousei/HaruRobo2024_ws/ros2_ws/install/manip/include/manip/manip/msg
-- Up-to-date: /home/kousei/HaruRobo2024_ws/ros2_ws/install/manip/include/manip/manip/msg/detail
-- Up-to-date: /home/kousei/HaruRobo2024_ws/ros2_ws/install/manip/include/manip/manip/msg/detail/cmd__rosidl_typesupport_introspection_cpp.hpp
-- Up-to-date: /home/kousei/HaruRobo2024_ws/ros2_ws/install/manip/include/manip/manip/msg/detail/result__type_support.cpp
-- Up-to-date: /home/kousei/HaruRobo2024_ws/ros2_ws/install/manip/include/manip/manip/msg/detail/cmd__type_support.cpp
-- Up-to-date: /home/kousei/HaruRobo2024_ws/ros2_ws/install/manip/include/manip/manip/msg/detail/result__rosidl_typesupport_introspection_cpp.hpp
-- Up-to-date: /home/kousei/HaruRobo2024_ws/ros2_ws/install/manip/include/manip/manip/action
-- Up-to-date: /home/kousei/HaruRobo2024_ws/ros2_ws/install/manip/include/manip/manip/action/detail
-- Up-to-date: /home/kousei/HaruRobo2024_ws/ros2_ws/install/manip/include/manip/manip/action/detail/state__type_support.cpp
-- Up-to-date: /home/kousei/HaruRobo2024_ws/ros2_ws/install/manip/include/manip/manip/action/detail/state__rosidl_typesupport_introspection_cpp.hpp
-- Up-to-date: /home/kousei/HaruRobo2024_ws/ros2_ws/install/manip/lib/libmanip__rosidl_typesupport_introspection_cpp.so
-- Up-to-date: /home/kousei/HaruRobo2024_ws/ros2_ws/install/manip/lib/libmanip__rosidl_typesupport_cpp.so
-- Up-to-date: /home/kousei/HaruRobo2024_ws/ros2_ws/install/manip/share/manip/environment/pythonpath.sh
-- Installing: /home/kousei/HaruRobo2024_ws/ros2_ws/install/manip/share/manip/environment/pythonpath.dsv
-- Up-to-date: /home/kousei/HaruRobo2024_ws/ros2_ws/install/manip/local/lib/python3.10/dist-packages/manip-0.0.0-py3.10.egg-info
-- Installing: /home/kousei/HaruRobo2024_ws/ros2_ws/install/manip/local/lib/python3.10/dist-packages/manip-0.0.0-py3.10.egg-info/dependency_links.txt
-- Installing: /home/kousei/HaruRobo2024_ws/ros2_ws/install/manip/local/lib/python3.10/dist-packages/manip-0.0.0-py3.10.egg-info/SOURCES.txt
-- Installing: /home/kousei/HaruRobo2024_ws/ros2_ws/install/manip/local/lib/python3.10/dist-packages/manip-0.0.0-py3.10.egg-info/top_level.txt
-- Installing: /home/kousei/HaruRobo2024_ws/ros2_ws/install/manip/local/lib/python3.10/dist-packages/manip-0.0.0-py3.10.egg-info/PKG-INFO
-- Up-to-date: /home/kousei/HaruRobo2024_ws/ros2_ws/install/manip/local/lib/python3.10/dist-packages/manip
-- Up-to-date: /home/kousei/HaruRobo2024_ws/ros2_ws/install/manip/local/lib/python3.10/dist-packages/manip/libmanip__rosidl_generator_py.so
-- Installing: /home/kousei/HaruRobo2024_ws/ros2_ws/install/manip/local/lib/python3.10/dist-packages/manip/__init__.py
-- Up-to-date: /home/kousei/HaruRobo2024_ws/ros2_ws/install/manip/local/lib/python3.10/dist-packages/manip/_manip_s.ep.rosidl_typesupport_introspection_c.c
-- Up-to-date: /home/kousei/HaruRobo2024_ws/ros2_ws/install/manip/local/lib/python3.10/dist-packages/manip/_manip_s.ep.rosidl_typesupport_fastrtps_c.c
-- Up-to-date: /home/kousei/HaruRobo2024_ws/ros2_ws/install/manip/local/lib/python3.10/dist-packages/manip/manip_s__rosidl_typesupport_fastrtps_c.cpython-310-x86_64-linux-gnu.so
-- Up-to-date: /home/kousei/HaruRobo2024_ws/ros2_ws/install/manip/local/lib/python3.10/dist-packages/manip/manip_s__rosidl_typesupport_c.cpython-310-x86_64-linux-gnu.so
-- Up-to-date: /home/kousei/HaruRobo2024_ws/ros2_ws/install/manip/local/lib/python3.10/dist-packages/manip/_manip_s.ep.rosidl_typesupport_c.c
-- Up-to-date: /home/kousei/HaruRobo2024_ws/ros2_ws/install/manip/local/lib/python3.10/dist-packages/manip/msg
-- Up-to-date: /home/kousei/HaruRobo2024_ws/ros2_ws/install/manip/local/lib/python3.10/dist-packages/manip/msg/__init__.py
-- Up-to-date: /home/kousei/HaruRobo2024_ws/ros2_ws/install/manip/local/lib/python3.10/dist-packages/manip/msg/_result.py
-- Up-to-date: /home/kousei/HaruRobo2024_ws/ros2_ws/install/manip/local/lib/python3.10/dist-packages/manip/msg/_cmd_s.c
-- Up-to-date: /home/kousei/HaruRobo2024_ws/ros2_ws/install/manip/local/lib/python3.10/dist-packages/manip/msg/_cmd.py
-- Up-to-date: /home/kousei/HaruRobo2024_ws/ros2_ws/install/manip/local/lib/python3.10/dist-packages/manip/msg/_result_s.c
-- Up-to-date: /home/kousei/HaruRobo2024_ws/ros2_ws/install/manip/local/lib/python3.10/dist-packages/manip/manip_s__rosidl_typesupport_introspection_c.cpython-310-x86_64-linux-gnu.so
-- Up-to-date: /home/kousei/HaruRobo2024_ws/ros2_ws/install/manip/local/lib/python3.10/dist-packages/manip/action
-- Up-to-date: /home/kousei/HaruRobo2024_ws/ros2_ws/install/manip/local/lib/python3.10/dist-packages/manip/action/__init__.py
-- Up-to-date: /home/kousei/HaruRobo2024_ws/ros2_ws/install/manip/local/lib/python3.10/dist-packages/manip/action/_state.py
-- Up-to-date: /home/kousei/HaruRobo2024_ws/ros2_ws/install/manip/local/lib/python3.10/dist-packages/manip/action/_state_s.c
Listing '/home/kousei/HaruRobo2024_ws/ros2_ws/install/manip/local/lib/python3.10/dist-packages/manip'...
Compiling '/home/kousei/HaruRobo2024_ws/ros2_ws/install/manip/local/lib/python3.10/dist-packages/manip/__init__.py'...
Listing '/home/kousei/HaruRobo2024_ws/ros2_ws/install/manip/local/lib/python3.10/dist-packages/manip/action'...
Listing '/home/kousei/HaruRobo2024_ws/ros2_ws/install/manip/local/lib/python3.10/dist-packages/manip/msg'...
-- Up-to-date: /home/kousei/HaruRobo2024_ws/ros2_ws/install/manip/local/lib/python3.10/dist-packages/manip/manip_s__rosidl_typesupport_fastrtps_c.cpython-310-x86_64-linux-gnu.so
-- Up-to-date: /home/kousei/HaruRobo2024_ws/ros2_ws/install/manip/local/lib/python3.10/dist-packages/manip/manip_s__rosidl_typesupport_introspection_c.cpython-310-x86_64-linux-gnu.so
-- Up-to-date: /home/kousei/HaruRobo2024_ws/ros2_ws/install/manip/local/lib/python3.10/dist-packages/manip/manip_s__rosidl_typesupport_c.cpython-310-x86_64-linux-gnu.so
-- Up-to-date: /home/kousei/HaruRobo2024_ws/ros2_ws/install/manip/lib/libmanip__rosidl_generator_py.so
-- Up-to-date: /home/kousei/HaruRobo2024_ws/ros2_ws/install/manip/share/manip/msg/Cmd.idl
-- Up-to-date: /home/kousei/HaruRobo2024_ws/ros2_ws/install/manip/share/manip/msg/Result.idl
-- Up-to-date: /home/kousei/HaruRobo2024_ws/ros2_ws/install/manip/share/manip/action/State.idl
-- Up-to-date: /home/kousei/HaruRobo2024_ws/ros2_ws/install/manip/share/manip/msg/Cmd.msg
-- Up-to-date: /home/kousei/HaruRobo2024_ws/ros2_ws/install/manip/share/manip/msg/Result.msg
-- Up-to-date: /home/kousei/HaruRobo2024_ws/ros2_ws/install/manip/share/manip/action/State.action
-- Up-to-date: /home/kousei/HaruRobo2024_ws/ros2_ws/install/manip/include
-- Up-to-date: /home/kousei/HaruRobo2024_ws/ros2_ws/install/manip/include/manip
-- Up-to-date: /home/kousei/HaruRobo2024_ws/ros2_ws/install/manip/lib/manip/manip_joy_node
-- Up-to-date: /home/kousei/HaruRobo2024_ws/ros2_ws/install/manip/lib/manip/manip_control_node
-- Up-to-date: /home/kousei/HaruRobo2024_ws/ros2_ws/install/manip/share/ament_index/resource_index/package_run_dependencies/manip
-- Up-to-date: /home/kousei/HaruRobo2024_ws/ros2_ws/install/manip/share/ament_index/resource_index/parent_prefix_path/manip
-- Up-to-date: /home/kousei/HaruRobo2024_ws/ros2_ws/install/manip/share/manip/environment/ament_prefix_path.sh
-- Installing: /home/kousei/HaruRobo2024_ws/ros2_ws/install/manip/share/manip/environment/ament_prefix_path.dsv
-- Up-to-date: /home/kousei/HaruRobo2024_ws/ros2_ws/install/manip/share/manip/environment/path.sh
-- Installing: /home/kousei/HaruRobo2024_ws/ros2_ws/install/manip/share/manip/environment/path.dsv
-- Up-to-date: /home/kousei/HaruRobo2024_ws/ros2_ws/install/manip/share/manip/local_setup.bash
-- Up-to-date: /home/kousei/HaruRobo2024_ws/ros2_ws/install/manip/share/manip/local_setup.sh
-- Up-to-date: /home/kousei/HaruRobo2024_ws/ros2_ws/install/manip/share/manip/local_setup.zsh
-- Installing: /home/kousei/HaruRobo2024_ws/ros2_ws/install/manip/share/manip/local_setup.dsv
-- Installing: /home/kousei/HaruRobo2024_ws/ros2_ws/install/manip/share/manip/package.dsv
-- Up-to-date: /home/kousei/HaruRobo2024_ws/ros2_ws/install/manip/share/ament_index/resource_index/packages/manip
-- Up-to-date: /home/kousei/HaruRobo2024_ws/ros2_ws/install/manip/share/manip/cmake/export_manip__rosidl_generator_cExport.cmake
-- Up-to-date: /home/kousei/HaruRobo2024_ws/ros2_ws/install/manip/share/manip/cmake/export_manip__rosidl_generator_cExport-noconfig.cmake
-- Up-to-date: /home/kousei/HaruRobo2024_ws/ros2_ws/install/manip/share/manip/cmake/export_manip__rosidl_typesupport_fastrtps_cExport.cmake
-- Up-to-date: /home/kousei/HaruRobo2024_ws/ros2_ws/install/manip/share/manip/cmake/export_manip__rosidl_typesupport_fastrtps_cExport-noconfig.cmake
-- Up-to-date: /home/kousei/HaruRobo2024_ws/ros2_ws/install/manip/share/manip/cmake/export_manip__rosidl_generator_cppExport.cmake
-- Up-to-date: /home/kousei/HaruRobo2024_ws/ros2_ws/install/manip/share/manip/cmake/export_manip__rosidl_typesupport_fastrtps_cppExport.cmake
-- Up-to-date: /home/kousei/HaruRobo2024_ws/ros2_ws/install/manip/share/manip/cmake/export_manip__rosidl_typesupport_fastrtps_cppExport-noconfig.cmake
-- Up-to-date: /home/kousei/HaruRobo2024_ws/ros2_ws/install/manip/share/manip/cmake/manip__rosidl_typesupport_introspection_cExport.cmake
-- Up-to-date: /home/kousei/HaruRobo2024_ws/ros2_ws/install/manip/share/manip/cmake/manip__rosidl_typesupport_introspection_cExport-noconfig.cmake
-- Up-to-date: /home/kousei/HaruRobo2024_ws/ros2_ws/install/manip/share/manip/cmake/manip__rosidl_typesupport_cExport.cmake
-- Up-to-date: /home/kousei/HaruRobo2024_ws/ros2_ws/install/manip/share/manip/cmake/manip__rosidl_typesupport_cExport-noconfig.cmake
-- Up-to-date: /home/kousei/HaruRobo2024_ws/ros2_ws/install/manip/share/manip/cmake/manip__rosidl_typesupport_introspection_cppExport.cmake
-- Up-to-date: /home/kousei/HaruRobo2024_ws/ros2_ws/install/manip/share/manip/cmake/manip__rosidl_typesupport_introspection_cppExport-noconfig.cmake
-- Up-to-date: /home/kousei/HaruRobo2024_ws/ros2_ws/install/manip/share/manip/cmake/manip__rosidl_typesupport_cppExport.cmake
-- Up-to-date: /home/kousei/HaruRobo2024_ws/ros2_ws/install/manip/share/manip/cmake/manip__rosidl_typesupport_cppExport-noconfig.cmake
-- Up-to-date: /home/kousei/HaruRobo2024_ws/ros2_ws/install/manip/share/manip/cmake/export_manip__rosidl_generator_pyExport.cmake
-- Up-to-date: /home/kousei/HaruRobo2024_ws/ros2_ws/install/manip/share/manip/cmake/export_manip__rosidl_generator_pyExport-noconfig.cmake
-- Up-to-date: /home/kousei/HaruRobo2024_ws/ros2_ws/install/manip/share/manip/cmake/rosidl_cmake-extras.cmake
-- Up-to-date: /home/kousei/HaruRobo2024_ws/ros2_ws/install/manip/share/manip/cmake/ament_cmake_export_dependencies-extras.cmake
-- Up-to-date: /home/kousei/HaruRobo2024_ws/ros2_ws/install/manip/share/manip/cmake/ament_cmake_export_include_directories-extras.cmake
-- Up-to-date: /home/kousei/HaruRobo2024_ws/ros2_ws/install/manip/share/manip/cmake/ament_cmake_export_libraries-extras.cmake
-- Up-to-date: /home/kousei/HaruRobo2024_ws/ros2_ws/install/manip/share/manip/cmake/ament_cmake_export_targets-extras.cmake
-- Up-to-date: /home/kousei/HaruRobo2024_ws/ros2_ws/install/manip/share/manip/cmake/rosidl_cmake_export_typesupport_targets-extras.cmake
-- Up-to-date: /home/kousei/HaruRobo2024_ws/ros2_ws/install/manip/share/manip/cmake/rosidl_cmake_export_typesupport_libraries-extras.cmake
-- Up-to-date: /home/kousei/HaruRobo2024_ws/ros2_ws/install/manip/share/manip/cmake/manipConfig.cmake
-- Up-to-date: /home/kousei/HaruRobo2024_ws/ros2_ws/install/manip/share/manip/cmake/manipConfig-version.cmake
-- Up-to-date: /home/kousei/HaruRobo2024_ws/ros2_ws/install/manip/share/manip/package.xml
