[0.082s] Invoking command in '/home/kousei/HaruRobo2024_ws/ros2_ws/build/manip': CMAKE_PREFIX_PATH=${CMAKE_PREFIX_PATH}:/opt/ros/humble /usr/bin/cmake --build /home/kousei/HaruRobo2024_ws/ros2_ws/build/manip -- -j16 -l16
[0.115s] [35m[1mConsolidate compiler generated dependencies of target manip__rosidl_generator_c[0m
[0.127s] [  1%] Built target manip__cpp
[0.127s] [ 11%] Built target manip__rosidl_generator_c
[0.189s] [ 11%] Built target ament_cmake_python_copy_manip
[0.239s] [35m[1mConsolidate compiler generated dependencies of target manip__rosidl_typesupport_c[0m
[0.249s] [35m[1mConsolidate compiler generated dependencies of target manip__rosidl_typesupport_cpp[0m
[0.262s] [35m[1mConsolidate compiler generated dependencies of target manip__rosidl_typesupport_introspection_c[0m
[0.310s] [35m[1mConsolidate compiler generated dependencies of target manip__rosidl_typesupport_introspection_cpp[0m
[0.319s] [35m[1mConsolidate compiler generated dependencies of target manip__rosidl_typesupport_fastrtps_cpp[0m
[0.363s] [35m[1mConsolidate compiler generated dependencies of target manip__rosidl_typesupport_fastrtps_c[0m
[0.430s] [ 21%] Built target manip__rosidl_typesupport_c
[0.489s] [ 31%] Built target manip__rosidl_typesupport_introspection_c
[0.497s] [ 41%] Built target manip__rosidl_typesupport_cpp
[0.512s] [ 52%] Built target manip__rosidl_typesupport_fastrtps_cpp
[0.520s] [ 60%] Built target manip__rosidl_typesupport_introspection_cpp
[0.525s] [ 70%] Built target manip__rosidl_typesupport_fastrtps_c
[0.603s] [35m[1mConsolidate compiler generated dependencies of target manip_joy_node[0m
[0.616s] [35m[1mConsolidate compiler generated dependencies of target manip_control_node[0m
[0.679s] [ 70%] Built target manip
[0.686s] [ 74%] Built target manip_control_node
[0.688s] [ 78%] Built target manip_joy_node
[0.702s] [ 80%] Built target manip__py
[0.711s] [35m[1mConsolidate compiler generated dependencies of target manip__rosidl_generator_py[0m
[0.725s] [ 88%] Built target manip__rosidl_generator_py
[0.737s] [35m[1mConsolidate compiler generated dependencies of target manip__rosidl_typesupport_introspection_c__pyext[0m
[0.737s] [35m[1mConsolidate compiler generated dependencies of target manip__rosidl_typesupport_c__pyext[0m
[0.738s] [35m[1mConsolidate compiler generated dependencies of target manip__rosidl_typesupport_fastrtps_c__pyext[0m
[0.801s] [ 92%] Built target manip__rosidl_typesupport_c__pyext
[0.802s] [100%] Built target manip__rosidl_typesupport_fastrtps_c__pyext
[0.802s] [100%] Built target manip__rosidl_typesupport_introspection_c__pyext
[1.717s] running egg_info
[1.718s] writing manip.egg-info/PKG-INFO
[1.718s] writing dependency_links to manip.egg-info/dependency_links.txt
[1.718s] writing top-level names to manip.egg-info/top_level.txt
[1.720s] reading manifest file 'manip.egg-info/SOURCES.txt'
[1.721s] writing manifest file 'manip.egg-info/SOURCES.txt'
[1.747s] [100%] Built target ament_cmake_python_build_manip_egg
[1.758s] Invoked command in '/home/kousei/HaruRobo2024_ws/ros2_ws/build/manip' returned '0': CMAKE_PREFIX_PATH=${CMAKE_PREFIX_PATH}:/opt/ros/humble /usr/bin/cmake --build /home/kousei/HaruRobo2024_ws/ros2_ws/build/manip -- -j16 -l16
[2.597s] Invoking command in '/home/kousei/HaruRobo2024_ws/ros2_ws/build/manip': CMAKE_PREFIX_PATH=${CMAKE_PREFIX_PATH}:/opt/ros/humble /usr/bin/cmake --install /home/kousei/HaruRobo2024_ws/ros2_ws/build/manip
[2.649s] -- Install configuration: ""
[2.651s] -- Up-to-date: /home/kousei/HaruRobo2024_ws/ros2_ws/install/manip/share/ament_index/resource_index/rosidl_interfaces/manip
[2.654s] -- Up-to-date: /home/kousei/HaruRobo2024_ws/ros2_ws/install/manip/include/manip/manip
[2.667s] -- Up-to-date: /home/kousei/HaruRobo2024_ws/ros2_ws/install/manip/include/manip/manip/msg
[2.667s] -- Up-to-date: /home/kousei/HaruRobo2024_ws/ros2_ws/install/manip/include/manip/manip/msg/cmd.h
[2.667s] -- Up-to-date: /home/kousei/HaruRobo2024_ws/ros2_ws/install/manip/include/manip/manip/msg/rosidl_generator_c__visibility_control.h
[2.667s] -- Up-to-date: /home/kousei/HaruRobo2024_ws/ros2_ws/install/manip/include/manip/manip/msg/result.h
[2.667s] -- Up-to-date: /home/kousei/HaruRobo2024_ws/ros2_ws/install/manip/include/manip/manip/msg/detail
[2.668s] -- Up-to-date: /home/kousei/HaruRobo2024_ws/ros2_ws/install/manip/include/manip/manip/msg/detail/result__functions.h
[2.668s] -- Up-to-date: /home/kousei/HaruRobo2024_ws/ros2_ws/install/manip/include/manip/manip/msg/detail/cmd__type_support.h
[2.668s] -- Up-to-date: /home/kousei/HaruRobo2024_ws/ros2_ws/install/manip/include/manip/manip/msg/detail/result__functions.c
[2.668s] -- Up-to-date: /home/kousei/HaruRobo2024_ws/ros2_ws/install/manip/include/manip/manip/msg/detail/result__struct.h
[2.668s] -- Up-to-date: /home/kousei/HaruRobo2024_ws/ros2_ws/install/manip/include/manip/manip/msg/detail/cmd__struct.h
[2.668s] -- Up-to-date: /home/kousei/HaruRobo2024_ws/ros2_ws/install/manip/include/manip/manip/msg/detail/cmd__functions.c
[2.668s] -- Up-to-date: /home/kousei/HaruRobo2024_ws/ros2_ws/install/manip/include/manip/manip/msg/detail/cmd__functions.h
[2.668s] -- Up-to-date: /home/kousei/HaruRobo2024_ws/ros2_ws/install/manip/include/manip/manip/msg/detail/result__type_support.h
[2.668s] -- Up-to-date: /home/kousei/HaruRobo2024_ws/ros2_ws/install/manip/include/manip/manip/action
[2.669s] -- Up-to-date: /home/kousei/HaruRobo2024_ws/ros2_ws/install/manip/include/manip/manip/action/state.h
[2.669s] -- Up-to-date: /home/kousei/HaruRobo2024_ws/ros2_ws/install/manip/include/manip/manip/action/detail
[2.669s] -- Up-to-date: /home/kousei/HaruRobo2024_ws/ros2_ws/install/manip/include/manip/manip/action/detail/state__struct.h
[2.669s] -- Up-to-date: /home/kousei/HaruRobo2024_ws/ros2_ws/install/manip/include/manip/manip/action/detail/state__functions.h
[2.671s] -- Up-to-date: /home/kousei/HaruRobo2024_ws/ros2_ws/install/manip/include/manip/manip/action/detail/state__type_support.h
[2.671s] -- Up-to-date: /home/kousei/HaruRobo2024_ws/ros2_ws/install/manip/include/manip/manip/action/detail/state__functions.c
[2.671s] -- Up-to-date: /home/kousei/HaruRobo2024_ws/ros2_ws/install/manip/share/manip/environment/library_path.sh
[2.671s] -- Up-to-date: /home/kousei/HaruRobo2024_ws/ros2_ws/install/manip/share/manip/environment/library_path.dsv
[2.672s] -- Up-to-date: /home/kousei/HaruRobo2024_ws/ros2_ws/install/manip/lib/libmanip__rosidl_generator_c.so
[2.674s] -- Up-to-date: /home/kousei/HaruRobo2024_ws/ros2_ws/install/manip/include/manip/manip
[2.674s] -- Up-to-date: /home/kousei/HaruRobo2024_ws/ros2_ws/install/manip/include/manip/manip/msg
[2.674s] -- Up-to-date: /home/kousei/HaruRobo2024_ws/ros2_ws/install/manip/include/manip/manip/msg/detail
[2.674s] -- Up-to-date: /home/kousei/HaruRobo2024_ws/ros2_ws/install/manip/include/manip/manip/msg/detail/cmd__rosidl_typesupport_fastrtps_c.h
[2.675s] -- Up-to-date: /home/kousei/HaruRobo2024_ws/ros2_ws/install/manip/include/manip/manip/msg/detail/result__rosidl_typesupport_fastrtps_c.h
[2.675s] -- Up-to-date: /home/kousei/HaruRobo2024_ws/ros2_ws/install/manip/include/manip/manip/msg/rosidl_typesupport_fastrtps_c__visibility_control.h
[2.675s] -- Up-to-date: /home/kousei/HaruRobo2024_ws/ros2_ws/install/manip/include/manip/manip/action
[2.675s] -- Up-to-date: /home/kousei/HaruRobo2024_ws/ros2_ws/install/manip/include/manip/manip/action/detail
[2.675s] -- Up-to-date: /home/kousei/HaruRobo2024_ws/ros2_ws/install/manip/include/manip/manip/action/detail/state__rosidl_typesupport_fastrtps_c.h
[2.675s] -- Up-to-date: /home/kousei/HaruRobo2024_ws/ros2_ws/install/manip/lib/libmanip__rosidl_typesupport_fastrtps_c.so
[2.676s] -- Up-to-date: /home/kousei/HaruRobo2024_ws/ros2_ws/install/manip/include/manip/manip
[2.676s] -- Up-to-date: /home/kousei/HaruRobo2024_ws/ros2_ws/install/manip/include/manip/manip/msg
[2.676s] -- Up-to-date: /home/kousei/HaruRobo2024_ws/ros2_ws/install/manip/include/manip/manip/msg/result.hpp
[2.676s] -- Up-to-date: /home/kousei/HaruRobo2024_ws/ros2_ws/install/manip/include/manip/manip/msg/cmd.hpp
[2.677s] -- Up-to-date: /home/kousei/HaruRobo2024_ws/ros2_ws/install/manip/include/manip/manip/msg/detail
[2.677s] -- Up-to-date: /home/kousei/HaruRobo2024_ws/ros2_ws/install/manip/include/manip/manip/msg/detail/cmd__struct.hpp
[2.677s] -- Up-to-date: /home/kousei/HaruRobo2024_ws/ros2_ws/install/manip/include/manip/manip/msg/detail/result__struct.hpp
[2.677s] -- Up-to-date: /home/kousei/HaruRobo2024_ws/ros2_ws/install/manip/include/manip/manip/msg/detail/result__traits.hpp
[2.677s] -- Up-to-date: /home/kousei/HaruRobo2024_ws/ros2_ws/install/manip/include/manip/manip/msg/detail/cmd__builder.hpp
[2.677s] -- Up-to-date: /home/kousei/HaruRobo2024_ws/ros2_ws/install/manip/include/manip/manip/msg/detail/cmd__traits.hpp
[2.677s] -- Up-to-date: /home/kousei/HaruRobo2024_ws/ros2_ws/install/manip/include/manip/manip/msg/detail/result__builder.hpp
[2.677s] -- Up-to-date: /home/kousei/HaruRobo2024_ws/ros2_ws/install/manip/include/manip/manip/action
[2.677s] -- Up-to-date: /home/kousei/HaruRobo2024_ws/ros2_ws/install/manip/include/manip/manip/action/state.hpp
[2.677s] -- Up-to-date: /home/kousei/HaruRobo2024_ws/ros2_ws/install/manip/include/manip/manip/action/detail
[2.678s] -- Up-to-date: /home/kousei/HaruRobo2024_ws/ros2_ws/install/manip/include/manip/manip/action/detail/state__builder.hpp
[2.678s] -- Up-to-date: /home/kousei/HaruRobo2024_ws/ros2_ws/install/manip/include/manip/manip/action/detail/state__traits.hpp
[2.678s] -- Up-to-date: /home/kousei/HaruRobo2024_ws/ros2_ws/install/manip/include/manip/manip/action/detail/state__struct.hpp
[2.679s] -- Up-to-date: /home/kousei/HaruRobo2024_ws/ros2_ws/install/manip/include/manip/manip
[2.679s] -- Up-to-date: /home/kousei/HaruRobo2024_ws/ros2_ws/install/manip/include/manip/manip/msg
[2.679s] -- Up-to-date: /home/kousei/HaruRobo2024_ws/ros2_ws/install/manip/include/manip/manip/msg/detail
[2.679s] -- Up-to-date: /home/kousei/HaruRobo2024_ws/ros2_ws/install/manip/include/manip/manip/msg/detail/dds_fastrtps
[2.679s] -- Up-to-date: /home/kousei/HaruRobo2024_ws/ros2_ws/install/manip/include/manip/manip/msg/detail/cmd__rosidl_typesupport_fastrtps_cpp.hpp
[2.679s] -- Up-to-date: /home/kousei/HaruRobo2024_ws/ros2_ws/install/manip/include/manip/manip/msg/detail/result__rosidl_typesupport_fastrtps_cpp.hpp
[2.679s] -- Up-to-date: /home/kousei/HaruRobo2024_ws/ros2_ws/install/manip/include/manip/manip/msg/rosidl_typesupport_fastrtps_cpp__visibility_control.h
[2.679s] -- Up-to-date: /home/kousei/HaruRobo2024_ws/ros2_ws/install/manip/include/manip/manip/action
[2.680s] -- Up-to-date: /home/kousei/HaruRobo2024_ws/ros2_ws/install/manip/include/manip/manip/action/detail
[2.680s] -- Up-to-date: /home/kousei/HaruRobo2024_ws/ros2_ws/install/manip/include/manip/manip/action/detail/dds_fastrtps
[2.680s] -- Up-to-date: /home/kousei/HaruRobo2024_ws/ros2_ws/install/manip/include/manip/manip/action/detail/state__rosidl_typesupport_fastrtps_cpp.hpp
[2.680s] -- Up-to-date: /home/kousei/HaruRobo2024_ws/ros2_ws/install/manip/lib/libmanip__rosidl_typesupport_fastrtps_cpp.so
[2.681s] -- Up-to-date: /home/kousei/HaruRobo2024_ws/ros2_ws/install/manip/include/manip/manip
[2.681s] -- Up-to-date: /home/kousei/HaruRobo2024_ws/ros2_ws/install/manip/include/manip/manip/msg
[2.681s] -- Up-to-date: /home/kousei/HaruRobo2024_ws/ros2_ws/install/manip/include/manip/manip/msg/detail
[2.681s] -- Up-to-date: /home/kousei/HaruRobo2024_ws/ros2_ws/install/manip/include/manip/manip/msg/detail/cmd__rosidl_typesupport_introspection_c.h
[2.681s] -- Up-to-date: /home/kousei/HaruRobo2024_ws/ros2_ws/install/manip/include/manip/manip/msg/detail/result__type_support.c
[2.681s] -- Up-to-date: /home/kousei/HaruRobo2024_ws/ros2_ws/install/manip/include/manip/manip/msg/detail/cmd__type_support.c
[2.681s] -- Up-to-date: /home/kousei/HaruRobo2024_ws/ros2_ws/install/manip/include/manip/manip/msg/detail/result__rosidl_typesupport_introspection_c.h
[2.681s] -- Up-to-date: /home/kousei/HaruRobo2024_ws/ros2_ws/install/manip/include/manip/manip/msg/rosidl_typesupport_introspection_c__visibility_control.h
[2.682s] -- Up-to-date: /home/kousei/HaruRobo2024_ws/ros2_ws/install/manip/include/manip/manip/action
[2.682s] -- Up-to-date: /home/kousei/HaruRobo2024_ws/ros2_ws/install/manip/include/manip/manip/action/detail
[2.682s] -- Up-to-date: /home/kousei/HaruRobo2024_ws/ros2_ws/install/manip/include/manip/manip/action/detail/state__type_support.c
[2.682s] -- Up-to-date: /home/kousei/HaruRobo2024_ws/ros2_ws/install/manip/include/manip/manip/action/detail/state__rosidl_typesupport_introspection_c.h
[2.684s] -- Up-to-date: /home/kousei/HaruRobo2024_ws/ros2_ws/install/manip/lib/libmanip__rosidl_typesupport_introspection_c.so
[2.684s] -- Up-to-date: /home/kousei/HaruRobo2024_ws/ros2_ws/install/manip/lib/libmanip__rosidl_typesupport_c.so
[2.684s] -- Up-to-date: /home/kousei/HaruRobo2024_ws/ros2_ws/install/manip/include/manip/manip
[2.684s] -- Up-to-date: /home/kousei/HaruRobo2024_ws/ros2_ws/install/manip/include/manip/manip/msg
[2.684s] -- Up-to-date: /home/kousei/HaruRobo2024_ws/ros2_ws/install/manip/include/manip/manip/msg/detail
[2.684s] -- Up-to-date: /home/kousei/HaruRobo2024_ws/ros2_ws/install/manip/include/manip/manip/msg/detail/cmd__rosidl_typesupport_introspection_cpp.hpp
[2.684s] -- Up-to-date: /home/kousei/HaruRobo2024_ws/ros2_ws/install/manip/include/manip/manip/msg/detail/result__type_support.cpp
[2.684s] -- Up-to-date: /home/kousei/HaruRobo2024_ws/ros2_ws/install/manip/include/manip/manip/msg/detail/cmd__type_support.cpp
[2.684s] -- Up-to-date: /home/kousei/HaruRobo2024_ws/ros2_ws/install/manip/include/manip/manip/msg/detail/result__rosidl_typesupport_introspection_cpp.hpp
[2.685s] -- Up-to-date: /home/kousei/HaruRobo2024_ws/ros2_ws/install/manip/include/manip/manip/action
[2.685s] -- Up-to-date: /home/kousei/HaruRobo2024_ws/ros2_ws/install/manip/include/manip/manip/action/detail
[2.685s] -- Up-to-date: /home/kousei/HaruRobo2024_ws/ros2_ws/install/manip/include/manip/manip/action/detail/state__type_support.cpp
[2.685s] -- Up-to-date: /home/kousei/HaruRobo2024_ws/ros2_ws/install/manip/include/manip/manip/action/detail/state__rosidl_typesupport_introspection_cpp.hpp
[2.685s] -- Up-to-date: /home/kousei/HaruRobo2024_ws/ros2_ws/install/manip/lib/libmanip__rosidl_typesupport_introspection_cpp.so
[2.685s] -- Up-to-date: /home/kousei/HaruRobo2024_ws/ros2_ws/install/manip/lib/libmanip__rosidl_typesupport_cpp.so
[2.685s] -- Up-to-date: /home/kousei/HaruRobo2024_ws/ros2_ws/install/manip/share/manip/environment/pythonpath.sh
[2.685s] -- Up-to-date: /home/kousei/HaruRobo2024_ws/ros2_ws/install/manip/share/manip/environment/pythonpath.dsv
[2.685s] -- Up-to-date: /home/kousei/HaruRobo2024_ws/ros2_ws/install/manip/local/lib/python3.10/dist-packages/manip-0.0.0-py3.10.egg-info
[2.685s] -- Installing: /home/kousei/HaruRobo2024_ws/ros2_ws/install/manip/local/lib/python3.10/dist-packages/manip-0.0.0-py3.10.egg-info/dependency_links.txt
[2.685s] -- Installing: /home/kousei/HaruRobo2024_ws/ros2_ws/install/manip/local/lib/python3.10/dist-packages/manip-0.0.0-py3.10.egg-info/SOURCES.txt
[2.685s] -- Installing: /home/kousei/HaruRobo2024_ws/ros2_ws/install/manip/local/lib/python3.10/dist-packages/manip-0.0.0-py3.10.egg-info/top_level.txt
[2.686s] -- Installing: /home/kousei/HaruRobo2024_ws/ros2_ws/install/manip/local/lib/python3.10/dist-packages/manip-0.0.0-py3.10.egg-info/PKG-INFO
[2.686s] -- Up-to-date: /home/kousei/HaruRobo2024_ws/ros2_ws/install/manip/local/lib/python3.10/dist-packages/manip
[2.686s] -- Up-to-date: /home/kousei/HaruRobo2024_ws/ros2_ws/install/manip/local/lib/python3.10/dist-packages/manip/libmanip__rosidl_generator_py.so
[2.686s] -- Up-to-date: /home/kousei/HaruRobo2024_ws/ros2_ws/install/manip/local/lib/python3.10/dist-packages/manip/__init__.py
[2.686s] -- Up-to-date: /home/kousei/HaruRobo2024_ws/ros2_ws/install/manip/local/lib/python3.10/dist-packages/manip/_manip_s.ep.rosidl_typesupport_introspection_c.c
[2.686s] -- Up-to-date: /home/kousei/HaruRobo2024_ws/ros2_ws/install/manip/local/lib/python3.10/dist-packages/manip/_manip_s.ep.rosidl_typesupport_fastrtps_c.c
[2.686s] -- Up-to-date: /home/kousei/HaruRobo2024_ws/ros2_ws/install/manip/local/lib/python3.10/dist-packages/manip/manip_s__rosidl_typesupport_fastrtps_c.cpython-310-x86_64-linux-gnu.so
[2.686s] -- Up-to-date: /home/kousei/HaruRobo2024_ws/ros2_ws/install/manip/local/lib/python3.10/dist-packages/manip/manip_s__rosidl_typesupport_c.cpython-310-x86_64-linux-gnu.so
[2.686s] -- Up-to-date: /home/kousei/HaruRobo2024_ws/ros2_ws/install/manip/local/lib/python3.10/dist-packages/manip/_manip_s.ep.rosidl_typesupport_c.c
[2.686s] -- Up-to-date: /home/kousei/HaruRobo2024_ws/ros2_ws/install/manip/local/lib/python3.10/dist-packages/manip/msg
[2.687s] -- Up-to-date: /home/kousei/HaruRobo2024_ws/ros2_ws/install/manip/local/lib/python3.10/dist-packages/manip/msg/__init__.py
[2.687s] -- Up-to-date: /home/kousei/HaruRobo2024_ws/ros2_ws/install/manip/local/lib/python3.10/dist-packages/manip/msg/_result.py
[2.687s] -- Up-to-date: /home/kousei/HaruRobo2024_ws/ros2_ws/install/manip/local/lib/python3.10/dist-packages/manip/msg/_cmd_s.c
[2.687s] -- Up-to-date: /home/kousei/HaruRobo2024_ws/ros2_ws/install/manip/local/lib/python3.10/dist-packages/manip/msg/_cmd.py
[2.687s] -- Up-to-date: /home/kousei/HaruRobo2024_ws/ros2_ws/install/manip/local/lib/python3.10/dist-packages/manip/msg/_result_s.c
[2.687s] -- Up-to-date: /home/kousei/HaruRobo2024_ws/ros2_ws/install/manip/local/lib/python3.10/dist-packages/manip/manip_s__rosidl_typesupport_introspection_c.cpython-310-x86_64-linux-gnu.so
[2.687s] -- Up-to-date: /home/kousei/HaruRobo2024_ws/ros2_ws/install/manip/local/lib/python3.10/dist-packages/manip/action
[2.687s] -- Up-to-date: /home/kousei/HaruRobo2024_ws/ros2_ws/install/manip/local/lib/python3.10/dist-packages/manip/action/__init__.py
[2.687s] -- Up-to-date: /home/kousei/HaruRobo2024_ws/ros2_ws/install/manip/local/lib/python3.10/dist-packages/manip/action/_state.py
[2.687s] -- Up-to-date: /home/kousei/HaruRobo2024_ws/ros2_ws/install/manip/local/lib/python3.10/dist-packages/manip/action/_state_s.c
[2.695s] Listing '/home/kousei/HaruRobo2024_ws/ros2_ws/install/manip/local/lib/python3.10/dist-packages/manip'...
[2.695s] Listing '/home/kousei/HaruRobo2024_ws/ros2_ws/install/manip/local/lib/python3.10/dist-packages/manip/action'...
[2.695s] Listing '/home/kousei/HaruRobo2024_ws/ros2_ws/install/manip/local/lib/python3.10/dist-packages/manip/msg'...
[2.699s] -- Up-to-date: /home/kousei/HaruRobo2024_ws/ros2_ws/install/manip/local/lib/python3.10/dist-packages/manip/manip_s__rosidl_typesupport_fastrtps_c.cpython-310-x86_64-linux-gnu.so
[2.700s] -- Up-to-date: /home/kousei/HaruRobo2024_ws/ros2_ws/install/manip/local/lib/python3.10/dist-packages/manip/manip_s__rosidl_typesupport_introspection_c.cpython-310-x86_64-linux-gnu.so
[2.700s] -- Up-to-date: /home/kousei/HaruRobo2024_ws/ros2_ws/install/manip/local/lib/python3.10/dist-packages/manip/manip_s__rosidl_typesupport_c.cpython-310-x86_64-linux-gnu.so
[2.700s] -- Up-to-date: /home/kousei/HaruRobo2024_ws/ros2_ws/install/manip/lib/libmanip__rosidl_generator_py.so
[2.700s] -- Up-to-date: /home/kousei/HaruRobo2024_ws/ros2_ws/install/manip/share/manip/msg/Cmd.idl
[2.700s] -- Up-to-date: /home/kousei/HaruRobo2024_ws/ros2_ws/install/manip/share/manip/msg/Result.idl
[2.701s] -- Up-to-date: /home/kousei/HaruRobo2024_ws/ros2_ws/install/manip/share/manip/action/State.idl
[2.701s] -- Up-to-date: /home/kousei/HaruRobo2024_ws/ros2_ws/install/manip/share/manip/msg/Cmd.msg
[2.701s] -- Up-to-date: /home/kousei/HaruRobo2024_ws/ros2_ws/install/manip/share/manip/msg/Result.msg
[2.701s] -- Up-to-date: /home/kousei/HaruRobo2024_ws/ros2_ws/install/manip/share/manip/action/State.action
[2.701s] -- Up-to-date: /home/kousei/HaruRobo2024_ws/ros2_ws/install/manip/include
[2.701s] -- Up-to-date: /home/kousei/HaruRobo2024_ws/ros2_ws/install/manip/include/manip
[2.701s] -- Up-to-date: /home/kousei/HaruRobo2024_ws/ros2_ws/install/manip/lib/manip/manip_joy_node
[2.701s] -- Up-to-date: /home/kousei/HaruRobo2024_ws/ros2_ws/install/manip/lib/manip/manip_control_node
[2.702s] -- Up-to-date: /home/kousei/HaruRobo2024_ws/ros2_ws/install/manip/share/ament_index/resource_index/package_run_dependencies/manip
[2.702s] -- Up-to-date: /home/kousei/HaruRobo2024_ws/ros2_ws/install/manip/share/ament_index/resource_index/parent_prefix_path/manip
[2.702s] -- Up-to-date: /home/kousei/HaruRobo2024_ws/ros2_ws/install/manip/share/manip/environment/ament_prefix_path.sh
[2.702s] -- Up-to-date: /home/kousei/HaruRobo2024_ws/ros2_ws/install/manip/share/manip/environment/ament_prefix_path.dsv
[2.702s] -- Up-to-date: /home/kousei/HaruRobo2024_ws/ros2_ws/install/manip/share/manip/environment/path.sh
[2.702s] -- Up-to-date: /home/kousei/HaruRobo2024_ws/ros2_ws/install/manip/share/manip/environment/path.dsv
[2.702s] -- Up-to-date: /home/kousei/HaruRobo2024_ws/ros2_ws/install/manip/share/manip/local_setup.bash
[2.702s] -- Up-to-date: /home/kousei/HaruRobo2024_ws/ros2_ws/install/manip/share/manip/local_setup.sh
[2.702s] -- Up-to-date: /home/kousei/HaruRobo2024_ws/ros2_ws/install/manip/share/manip/local_setup.zsh
[2.702s] -- Up-to-date: /home/kousei/HaruRobo2024_ws/ros2_ws/install/manip/share/manip/local_setup.dsv
[2.702s] -- Installing: /home/kousei/HaruRobo2024_ws/ros2_ws/install/manip/share/manip/package.dsv
[2.702s] -- Up-to-date: /home/kousei/HaruRobo2024_ws/ros2_ws/install/manip/share/ament_index/resource_index/packages/manip
[2.703s] -- Up-to-date: /home/kousei/HaruRobo2024_ws/ros2_ws/install/manip/share/manip/cmake/export_manip__rosidl_generator_cExport.cmake
[2.703s] -- Up-to-date: /home/kousei/HaruRobo2024_ws/ros2_ws/install/manip/share/manip/cmake/export_manip__rosidl_generator_cExport-noconfig.cmake
[2.704s] -- Up-to-date: /home/kousei/HaruRobo2024_ws/ros2_ws/install/manip/share/manip/cmake/export_manip__rosidl_typesupport_fastrtps_cExport.cmake
[2.705s] -- Up-to-date: /home/kousei/HaruRobo2024_ws/ros2_ws/install/manip/share/manip/cmake/export_manip__rosidl_typesupport_fastrtps_cExport-noconfig.cmake
[2.705s] -- Up-to-date: /home/kousei/HaruRobo2024_ws/ros2_ws/install/manip/share/manip/cmake/export_manip__rosidl_generator_cppExport.cmake
[2.705s] -- Up-to-date: /home/kousei/HaruRobo2024_ws/ros2_ws/install/manip/share/manip/cmake/export_manip__rosidl_typesupport_fastrtps_cppExport.cmake
[2.705s] -- Up-to-date: /home/kousei/HaruRobo2024_ws/ros2_ws/install/manip/share/manip/cmake/export_manip__rosidl_typesupport_fastrtps_cppExport-noconfig.cmake
[2.705s] -- Up-to-date: /home/kousei/HaruRobo2024_ws/ros2_ws/install/manip/share/manip/cmake/manip__rosidl_typesupport_introspection_cExport.cmake
[2.706s] -- Up-to-date: /home/kousei/HaruRobo2024_ws/ros2_ws/install/manip/share/manip/cmake/manip__rosidl_typesupport_introspection_cExport-noconfig.cmake
[2.706s] -- Up-to-date: /home/kousei/HaruRobo2024_ws/ros2_ws/install/manip/share/manip/cmake/manip__rosidl_typesupport_cExport.cmake
[2.706s] -- Up-to-date: /home/kousei/HaruRobo2024_ws/ros2_ws/install/manip/share/manip/cmake/manip__rosidl_typesupport_cExport-noconfig.cmake
[2.706s] -- Up-to-date: /home/kousei/HaruRobo2024_ws/ros2_ws/install/manip/share/manip/cmake/manip__rosidl_typesupport_introspection_cppExport.cmake
[2.706s] -- Up-to-date: /home/kousei/HaruRobo2024_ws/ros2_ws/install/manip/share/manip/cmake/manip__rosidl_typesupport_introspection_cppExport-noconfig.cmake
[2.706s] -- Up-to-date: /home/kousei/HaruRobo2024_ws/ros2_ws/install/manip/share/manip/cmake/manip__rosidl_typesupport_cppExport.cmake
[2.706s] -- Up-to-date: /home/kousei/HaruRobo2024_ws/ros2_ws/install/manip/share/manip/cmake/manip__rosidl_typesupport_cppExport-noconfig.cmake
[2.706s] -- Up-to-date: /home/kousei/HaruRobo2024_ws/ros2_ws/install/manip/share/manip/cmake/export_manip__rosidl_generator_pyExport.cmake
[2.706s] -- Up-to-date: /home/kousei/HaruRobo2024_ws/ros2_ws/install/manip/share/manip/cmake/export_manip__rosidl_generator_pyExport-noconfig.cmake
[2.706s] -- Up-to-date: /home/kousei/HaruRobo2024_ws/ros2_ws/install/manip/share/manip/cmake/rosidl_cmake-extras.cmake
[2.706s] -- Up-to-date: /home/kousei/HaruRobo2024_ws/ros2_ws/install/manip/share/manip/cmake/ament_cmake_export_dependencies-extras.cmake
[2.706s] -- Up-to-date: /home/kousei/HaruRobo2024_ws/ros2_ws/install/manip/share/manip/cmake/ament_cmake_export_include_directories-extras.cmake
[2.706s] -- Up-to-date: /home/kousei/HaruRobo2024_ws/ros2_ws/install/manip/share/manip/cmake/ament_cmake_export_libraries-extras.cmake
[2.706s] -- Up-to-date: /home/kousei/HaruRobo2024_ws/ros2_ws/install/manip/share/manip/cmake/ament_cmake_export_targets-extras.cmake
[2.707s] -- Up-to-date: /home/kousei/HaruRobo2024_ws/ros2_ws/install/manip/share/manip/cmake/rosidl_cmake_export_typesupport_targets-extras.cmake
[2.707s] -- Up-to-date: /home/kousei/HaruRobo2024_ws/ros2_ws/install/manip/share/manip/cmake/rosidl_cmake_export_typesupport_libraries-extras.cmake
[2.707s] -- Up-to-date: /home/kousei/HaruRobo2024_ws/ros2_ws/install/manip/share/manip/cmake/manipConfig.cmake
[2.707s] -- Up-to-date: /home/kousei/HaruRobo2024_ws/ros2_ws/install/manip/share/manip/cmake/manipConfig-version.cmake
[2.707s] -- Up-to-date: /home/kousei/HaruRobo2024_ws/ros2_ws/install/manip/share/manip/package.xml
[2.842s] Invoked command in '/home/kousei/HaruRobo2024_ws/ros2_ws/build/manip' returned '0': CMAKE_PREFIX_PATH=${CMAKE_PREFIX_PATH}:/opt/ros/humble /usr/bin/cmake --install /home/kousei/HaruRobo2024_ws/ros2_ws/build/manip
