[0.134s] Invoking command in '/home/kousei/HaruRobo2024_ws/ros2_ws/build/drive_msgs': CMAKE_PREFIX_PATH=${CMAKE_PREFIX_PATH}:/opt/ros/humble /usr/bin/cmake --build /home/kousei/HaruRobo2024_ws/ros2_ws/build/drive_msgs -- -j16 -l16
[0.180s] [  1%] Built target drive_msgs__cpp
[0.193s] [  3%] Built target ament_cmake_python_copy_drive_msgs
[0.194s] [ 12%] Built target drive_msgs__rosidl_generator_c
[0.297s] [ 23%] Built target drive_msgs__rosidl_typesupport_fastrtps_cpp
[0.424s] [ 34%] Built target drive_msgs__rosidl_typesupport_introspection_cpp
[0.447s] [ 45%] Built target drive_msgs__rosidl_typesupport_cpp
[0.491s] [ 56%] Built target drive_msgs__rosidl_typesupport_c
[0.572s] [ 67%] Built target drive_msgs__rosidl_typesupport_fastrtps_c
[0.591s] [ 78%] Built target drive_msgs__rosidl_typesupport_introspection_c
[0.781s] [ 78%] Built target drive_msgs
[0.947s] [ 80%] Built target drive_msgs__py
[1.127s] [ 89%] Built target drive_msgs__rosidl_generator_py
[1.330s] [ 92%] Built target drive_msgs__rosidl_typesupport_c__pyext
[1.336s] [ 96%] Built target drive_msgs__rosidl_typesupport_fastrtps_c__pyext
[1.339s] [100%] Built target drive_msgs__rosidl_typesupport_introspection_c__pyext
[1.866s] running egg_info
[1.866s] writing drive_msgs.egg-info/PKG-INFO
[1.867s] writing dependency_links to drive_msgs.egg-info/dependency_links.txt
[1.867s] writing top-level names to drive_msgs.egg-info/top_level.txt
[1.869s] reading manifest file 'drive_msgs.egg-info/SOURCES.txt'
[1.870s] writing manifest file 'drive_msgs.egg-info/SOURCES.txt'
[1.897s] [100%] Built target ament_cmake_python_build_drive_msgs_egg
[1.941s] Invoked command in '/home/kousei/HaruRobo2024_ws/ros2_ws/build/drive_msgs' returned '0': CMAKE_PREFIX_PATH=${CMAKE_PREFIX_PATH}:/opt/ros/humble /usr/bin/cmake --build /home/kousei/HaruRobo2024_ws/ros2_ws/build/drive_msgs -- -j16 -l16
[2.097s] Invoking command in '/home/kousei/HaruRobo2024_ws/ros2_ws/build/drive_msgs': CMAKE_PREFIX_PATH=${CMAKE_PREFIX_PATH}:/opt/ros/humble /usr/bin/cmake --install /home/kousei/HaruRobo2024_ws/ros2_ws/build/drive_msgs
[2.103s] -- Install configuration: ""
[2.103s] -- Up-to-date: /home/kousei/HaruRobo2024_ws/ros2_ws/install/drive_msgs/share/ament_index/resource_index/rosidl_interfaces/drive_msgs
[2.103s] -- Up-to-date: /home/kousei/HaruRobo2024_ws/ros2_ws/install/drive_msgs/include/drive_msgs/drive_msgs
[2.103s] -- Up-to-date: /home/kousei/HaruRobo2024_ws/ros2_ws/install/drive_msgs/include/drive_msgs/drive_msgs/msg
[2.103s] -- Up-to-date: /home/kousei/HaruRobo2024_ws/ros2_ws/install/drive_msgs/include/drive_msgs/drive_msgs/msg/diff_drive_enc.h
[2.103s] -- Up-to-date: /home/kousei/HaruRobo2024_ws/ros2_ws/install/drive_msgs/include/drive_msgs/drive_msgs/msg/diff_drive.h
[2.103s] -- Up-to-date: /home/kousei/HaruRobo2024_ws/ros2_ws/install/drive_msgs/include/drive_msgs/drive_msgs/msg/omni_enc.h
[2.103s] -- Up-to-date: /home/kousei/HaruRobo2024_ws/ros2_ws/install/drive_msgs/include/drive_msgs/drive_msgs/msg/rosidl_generator_c__visibility_control.h
[2.103s] -- Up-to-date: /home/kousei/HaruRobo2024_ws/ros2_ws/install/drive_msgs/include/drive_msgs/drive_msgs/msg/omni.h
[2.103s] -- Up-to-date: /home/kousei/HaruRobo2024_ws/ros2_ws/install/drive_msgs/include/drive_msgs/drive_msgs/msg/detail
[2.103s] -- Up-to-date: /home/kousei/HaruRobo2024_ws/ros2_ws/install/drive_msgs/include/drive_msgs/drive_msgs/msg/detail/diff_drive_enc__type_support.h
[2.104s] -- Up-to-date: /home/kousei/HaruRobo2024_ws/ros2_ws/install/drive_msgs/include/drive_msgs/drive_msgs/msg/detail/diff_drive__struct.h
[2.104s] -- Up-to-date: /home/kousei/HaruRobo2024_ws/ros2_ws/install/drive_msgs/include/drive_msgs/drive_msgs/msg/detail/omni_enc__struct.h
[2.104s] -- Up-to-date: /home/kousei/HaruRobo2024_ws/ros2_ws/install/drive_msgs/include/drive_msgs/drive_msgs/msg/detail/diff_drive_enc__functions.c
[2.104s] -- Up-to-date: /home/kousei/HaruRobo2024_ws/ros2_ws/install/drive_msgs/include/drive_msgs/drive_msgs/msg/detail/omni_enc__functions.c
[2.104s] -- Up-to-date: /home/kousei/HaruRobo2024_ws/ros2_ws/install/drive_msgs/include/drive_msgs/drive_msgs/msg/detail/diff_drive__type_support.h
[2.104s] -- Up-to-date: /home/kousei/HaruRobo2024_ws/ros2_ws/install/drive_msgs/include/drive_msgs/drive_msgs/msg/detail/omni__functions.c
[2.104s] -- Up-to-date: /home/kousei/HaruRobo2024_ws/ros2_ws/install/drive_msgs/include/drive_msgs/drive_msgs/msg/detail/diff_drive__functions.c
[2.104s] -- Up-to-date: /home/kousei/HaruRobo2024_ws/ros2_ws/install/drive_msgs/include/drive_msgs/drive_msgs/msg/detail/omni_enc__functions.h
[2.104s] -- Up-to-date: /home/kousei/HaruRobo2024_ws/ros2_ws/install/drive_msgs/include/drive_msgs/drive_msgs/msg/detail/omni_enc__type_support.h
[2.104s] -- Up-to-date: /home/kousei/HaruRobo2024_ws/ros2_ws/install/drive_msgs/include/drive_msgs/drive_msgs/msg/detail/diff_drive__functions.h
[2.104s] -- Up-to-date: /home/kousei/HaruRobo2024_ws/ros2_ws/install/drive_msgs/include/drive_msgs/drive_msgs/msg/detail/omni__type_support.h
[2.104s] -- Up-to-date: /home/kousei/HaruRobo2024_ws/ros2_ws/install/drive_msgs/include/drive_msgs/drive_msgs/msg/detail/omni__functions.h
[2.104s] -- Up-to-date: /home/kousei/HaruRobo2024_ws/ros2_ws/install/drive_msgs/include/drive_msgs/drive_msgs/msg/detail/diff_drive_enc__functions.h
[2.104s] -- Up-to-date: /home/kousei/HaruRobo2024_ws/ros2_ws/install/drive_msgs/include/drive_msgs/drive_msgs/msg/detail/omni__struct.h
[2.104s] -- Up-to-date: /home/kousei/HaruRobo2024_ws/ros2_ws/install/drive_msgs/include/drive_msgs/drive_msgs/msg/detail/diff_drive_enc__struct.h
[2.104s] -- Up-to-date: /home/kousei/HaruRobo2024_ws/ros2_ws/install/drive_msgs/share/drive_msgs/environment/library_path.sh
[2.104s] -- Up-to-date: /home/kousei/HaruRobo2024_ws/ros2_ws/install/drive_msgs/share/drive_msgs/environment/library_path.dsv
[2.104s] -- Up-to-date: /home/kousei/HaruRobo2024_ws/ros2_ws/install/drive_msgs/lib/libdrive_msgs__rosidl_generator_c.so
[2.104s] -- Up-to-date: /home/kousei/HaruRobo2024_ws/ros2_ws/install/drive_msgs/include/drive_msgs/drive_msgs
[2.104s] -- Up-to-date: /home/kousei/HaruRobo2024_ws/ros2_ws/install/drive_msgs/include/drive_msgs/drive_msgs/msg
[2.105s] -- Up-to-date: /home/kousei/HaruRobo2024_ws/ros2_ws/install/drive_msgs/include/drive_msgs/drive_msgs/msg/detail
[2.105s] -- Up-to-date: /home/kousei/HaruRobo2024_ws/ros2_ws/install/drive_msgs/include/drive_msgs/drive_msgs/msg/detail/diff_drive__rosidl_typesupport_fastrtps_c.h
[2.105s] -- Up-to-date: /home/kousei/HaruRobo2024_ws/ros2_ws/install/drive_msgs/include/drive_msgs/drive_msgs/msg/detail/diff_drive_enc__rosidl_typesupport_fastrtps_c.h
[2.105s] -- Up-to-date: /home/kousei/HaruRobo2024_ws/ros2_ws/install/drive_msgs/include/drive_msgs/drive_msgs/msg/detail/omni_enc__rosidl_typesupport_fastrtps_c.h
[2.105s] -- Up-to-date: /home/kousei/HaruRobo2024_ws/ros2_ws/install/drive_msgs/include/drive_msgs/drive_msgs/msg/detail/omni__rosidl_typesupport_fastrtps_c.h
[2.105s] -- Up-to-date: /home/kousei/HaruRobo2024_ws/ros2_ws/install/drive_msgs/include/drive_msgs/drive_msgs/msg/rosidl_typesupport_fastrtps_c__visibility_control.h
[2.105s] -- Up-to-date: /home/kousei/HaruRobo2024_ws/ros2_ws/install/drive_msgs/lib/libdrive_msgs__rosidl_typesupport_fastrtps_c.so
[2.105s] -- Up-to-date: /home/kousei/HaruRobo2024_ws/ros2_ws/install/drive_msgs/include/drive_msgs/drive_msgs
[2.105s] -- Up-to-date: /home/kousei/HaruRobo2024_ws/ros2_ws/install/drive_msgs/include/drive_msgs/drive_msgs/msg
[2.105s] -- Up-to-date: /home/kousei/HaruRobo2024_ws/ros2_ws/install/drive_msgs/include/drive_msgs/drive_msgs/msg/omni_enc.hpp
[2.105s] -- Up-to-date: /home/kousei/HaruRobo2024_ws/ros2_ws/install/drive_msgs/include/drive_msgs/drive_msgs/msg/omni.hpp
[2.105s] -- Up-to-date: /home/kousei/HaruRobo2024_ws/ros2_ws/install/drive_msgs/include/drive_msgs/drive_msgs/msg/diff_drive.hpp
[2.105s] -- Up-to-date: /home/kousei/HaruRobo2024_ws/ros2_ws/install/drive_msgs/include/drive_msgs/drive_msgs/msg/detail
[2.105s] -- Up-to-date: /home/kousei/HaruRobo2024_ws/ros2_ws/install/drive_msgs/include/drive_msgs/drive_msgs/msg/detail/omni_enc__struct.hpp
[2.105s] -- Up-to-date: /home/kousei/HaruRobo2024_ws/ros2_ws/install/drive_msgs/include/drive_msgs/drive_msgs/msg/detail/diff_drive__builder.hpp
[2.105s] -- Up-to-date: /home/kousei/HaruRobo2024_ws/ros2_ws/install/drive_msgs/include/drive_msgs/drive_msgs/msg/detail/omni__builder.hpp
[2.105s] -- Up-to-date: /home/kousei/HaruRobo2024_ws/ros2_ws/install/drive_msgs/include/drive_msgs/drive_msgs/msg/detail/diff_drive__struct.hpp
[2.105s] -- Up-to-date: /home/kousei/HaruRobo2024_ws/ros2_ws/install/drive_msgs/include/drive_msgs/drive_msgs/msg/detail/omni__struct.hpp
[2.105s] -- Up-to-date: /home/kousei/HaruRobo2024_ws/ros2_ws/install/drive_msgs/include/drive_msgs/drive_msgs/msg/detail/omni_enc__builder.hpp
[2.105s] -- Up-to-date: /home/kousei/HaruRobo2024_ws/ros2_ws/install/drive_msgs/include/drive_msgs/drive_msgs/msg/detail/omni_enc__traits.hpp
[2.105s] -- Up-to-date: /home/kousei/HaruRobo2024_ws/ros2_ws/install/drive_msgs/include/drive_msgs/drive_msgs/msg/detail/diff_drive_enc__struct.hpp
[2.105s] -- Up-to-date: /home/kousei/HaruRobo2024_ws/ros2_ws/install/drive_msgs/include/drive_msgs/drive_msgs/msg/detail/omni__traits.hpp
[2.106s] -- Up-to-date: /home/kousei/HaruRobo2024_ws/ros2_ws/install/drive_msgs/include/drive_msgs/drive_msgs/msg/detail/diff_drive_enc__builder.hpp
[2.106s] -- Up-to-date: /home/kousei/HaruRobo2024_ws/ros2_ws/install/drive_msgs/include/drive_msgs/drive_msgs/msg/detail/diff_drive__traits.hpp
[2.106s] -- Up-to-date: /home/kousei/HaruRobo2024_ws/ros2_ws/install/drive_msgs/include/drive_msgs/drive_msgs/msg/detail/diff_drive_enc__traits.hpp
[2.106s] -- Up-to-date: /home/kousei/HaruRobo2024_ws/ros2_ws/install/drive_msgs/include/drive_msgs/drive_msgs/msg/diff_drive_enc.hpp
[2.106s] -- Up-to-date: /home/kousei/HaruRobo2024_ws/ros2_ws/install/drive_msgs/include/drive_msgs/drive_msgs
[2.106s] -- Up-to-date: /home/kousei/HaruRobo2024_ws/ros2_ws/install/drive_msgs/include/drive_msgs/drive_msgs/msg
[2.106s] -- Up-to-date: /home/kousei/HaruRobo2024_ws/ros2_ws/install/drive_msgs/include/drive_msgs/drive_msgs/msg/detail
[2.106s] -- Up-to-date: /home/kousei/HaruRobo2024_ws/ros2_ws/install/drive_msgs/include/drive_msgs/drive_msgs/msg/detail/omni__rosidl_typesupport_fastrtps_cpp.hpp
[2.106s] -- Up-to-date: /home/kousei/HaruRobo2024_ws/ros2_ws/install/drive_msgs/include/drive_msgs/drive_msgs/msg/detail/diff_drive__rosidl_typesupport_fastrtps_cpp.hpp
[2.106s] -- Up-to-date: /home/kousei/HaruRobo2024_ws/ros2_ws/install/drive_msgs/include/drive_msgs/drive_msgs/msg/detail/dds_fastrtps
[2.106s] -- Up-to-date: /home/kousei/HaruRobo2024_ws/ros2_ws/install/drive_msgs/include/drive_msgs/drive_msgs/msg/detail/diff_drive_enc__rosidl_typesupport_fastrtps_cpp.hpp
[2.106s] -- Up-to-date: /home/kousei/HaruRobo2024_ws/ros2_ws/install/drive_msgs/include/drive_msgs/drive_msgs/msg/detail/omni_enc__rosidl_typesupport_fastrtps_cpp.hpp
[2.106s] -- Up-to-date: /home/kousei/HaruRobo2024_ws/ros2_ws/install/drive_msgs/include/drive_msgs/drive_msgs/msg/rosidl_typesupport_fastrtps_cpp__visibility_control.h
[2.106s] -- Up-to-date: /home/kousei/HaruRobo2024_ws/ros2_ws/install/drive_msgs/lib/libdrive_msgs__rosidl_typesupport_fastrtps_cpp.so
[2.106s] -- Up-to-date: /home/kousei/HaruRobo2024_ws/ros2_ws/install/drive_msgs/include/drive_msgs/drive_msgs
[2.106s] -- Up-to-date: /home/kousei/HaruRobo2024_ws/ros2_ws/install/drive_msgs/include/drive_msgs/drive_msgs/msg
[2.106s] -- Up-to-date: /home/kousei/HaruRobo2024_ws/ros2_ws/install/drive_msgs/include/drive_msgs/drive_msgs/msg/detail
[2.106s] -- Up-to-date: /home/kousei/HaruRobo2024_ws/ros2_ws/install/drive_msgs/include/drive_msgs/drive_msgs/msg/detail/diff_drive_enc__rosidl_typesupport_introspection_c.h
[2.106s] -- Up-to-date: /home/kousei/HaruRobo2024_ws/ros2_ws/install/drive_msgs/include/drive_msgs/drive_msgs/msg/detail/diff_drive__type_support.c
[2.106s] -- Up-to-date: /home/kousei/HaruRobo2024_ws/ros2_ws/install/drive_msgs/include/drive_msgs/drive_msgs/msg/detail/omni__rosidl_typesupport_introspection_c.h
[2.106s] -- Up-to-date: /home/kousei/HaruRobo2024_ws/ros2_ws/install/drive_msgs/include/drive_msgs/drive_msgs/msg/detail/diff_drive_enc__type_support.c
[2.106s] -- Up-to-date: /home/kousei/HaruRobo2024_ws/ros2_ws/install/drive_msgs/include/drive_msgs/drive_msgs/msg/detail/omni_enc__rosidl_typesupport_introspection_c.h
[2.106s] -- Up-to-date: /home/kousei/HaruRobo2024_ws/ros2_ws/install/drive_msgs/include/drive_msgs/drive_msgs/msg/detail/omni__type_support.c
[2.107s] -- Up-to-date: /home/kousei/HaruRobo2024_ws/ros2_ws/install/drive_msgs/include/drive_msgs/drive_msgs/msg/detail/omni_enc__type_support.c
[2.107s] -- Up-to-date: /home/kousei/HaruRobo2024_ws/ros2_ws/install/drive_msgs/include/drive_msgs/drive_msgs/msg/detail/diff_drive__rosidl_typesupport_introspection_c.h
[2.108s] -- Up-to-date: /home/kousei/HaruRobo2024_ws/ros2_ws/install/drive_msgs/include/drive_msgs/drive_msgs/msg/rosidl_typesupport_introspection_c__visibility_control.h
[2.108s] -- Up-to-date: /home/kousei/HaruRobo2024_ws/ros2_ws/install/drive_msgs/lib/libdrive_msgs__rosidl_typesupport_introspection_c.so
[2.108s] -- Up-to-date: /home/kousei/HaruRobo2024_ws/ros2_ws/install/drive_msgs/lib/libdrive_msgs__rosidl_typesupport_c.so
[2.109s] -- Up-to-date: /home/kousei/HaruRobo2024_ws/ros2_ws/install/drive_msgs/include/drive_msgs/drive_msgs
[2.109s] -- Up-to-date: /home/kousei/HaruRobo2024_ws/ros2_ws/install/drive_msgs/include/drive_msgs/drive_msgs/msg
[2.109s] -- Up-to-date: /home/kousei/HaruRobo2024_ws/ros2_ws/install/drive_msgs/include/drive_msgs/drive_msgs/msg/detail
[2.110s] -- Up-to-date: /home/kousei/HaruRobo2024_ws/ros2_ws/install/drive_msgs/include/drive_msgs/drive_msgs/msg/detail/omni__rosidl_typesupport_introspection_cpp.hpp
[2.110s] -- Up-to-date: /home/kousei/HaruRobo2024_ws/ros2_ws/install/drive_msgs/include/drive_msgs/drive_msgs/msg/detail/omni_enc__type_support.cpp
[2.110s] -- Up-to-date: /home/kousei/HaruRobo2024_ws/ros2_ws/install/drive_msgs/include/drive_msgs/drive_msgs/msg/detail/diff_drive__type_support.cpp
[2.111s] -- Up-to-date: /home/kousei/HaruRobo2024_ws/ros2_ws/install/drive_msgs/include/drive_msgs/drive_msgs/msg/detail/diff_drive__rosidl_typesupport_introspection_cpp.hpp
[2.111s] -- Up-to-date: /home/kousei/HaruRobo2024_ws/ros2_ws/install/drive_msgs/include/drive_msgs/drive_msgs/msg/detail/diff_drive_enc__type_support.cpp
[2.111s] -- Up-to-date: /home/kousei/HaruRobo2024_ws/ros2_ws/install/drive_msgs/include/drive_msgs/drive_msgs/msg/detail/diff_drive_enc__rosidl_typesupport_introspection_cpp.hpp
[2.111s] -- Up-to-date: /home/kousei/HaruRobo2024_ws/ros2_ws/install/drive_msgs/include/drive_msgs/drive_msgs/msg/detail/omni_enc__rosidl_typesupport_introspection_cpp.hpp
[2.111s] -- Up-to-date: /home/kousei/HaruRobo2024_ws/ros2_ws/install/drive_msgs/include/drive_msgs/drive_msgs/msg/detail/omni__type_support.cpp
[2.112s] -- Up-to-date: /home/kousei/HaruRobo2024_ws/ros2_ws/install/drive_msgs/lib/libdrive_msgs__rosidl_typesupport_introspection_cpp.so
[2.112s] -- Up-to-date: /home/kousei/HaruRobo2024_ws/ros2_ws/install/drive_msgs/lib/libdrive_msgs__rosidl_typesupport_cpp.so
[2.112s] -- Up-to-date: /home/kousei/HaruRobo2024_ws/ros2_ws/install/drive_msgs/share/drive_msgs/environment/pythonpath.sh
[2.112s] -- Up-to-date: /home/kousei/HaruRobo2024_ws/ros2_ws/install/drive_msgs/share/drive_msgs/environment/pythonpath.dsv
[2.113s] -- Up-to-date: /home/kousei/HaruRobo2024_ws/ros2_ws/install/drive_msgs/local/lib/python3.10/dist-packages/drive_msgs-0.0.0-py3.10.egg-info
[2.113s] -- Installing: /home/kousei/HaruRobo2024_ws/ros2_ws/install/drive_msgs/local/lib/python3.10/dist-packages/drive_msgs-0.0.0-py3.10.egg-info/dependency_links.txt
[2.113s] -- Installing: /home/kousei/HaruRobo2024_ws/ros2_ws/install/drive_msgs/local/lib/python3.10/dist-packages/drive_msgs-0.0.0-py3.10.egg-info/SOURCES.txt
[2.113s] -- Installing: /home/kousei/HaruRobo2024_ws/ros2_ws/install/drive_msgs/local/lib/python3.10/dist-packages/drive_msgs-0.0.0-py3.10.egg-info/top_level.txt
[2.114s] -- Installing: /home/kousei/HaruRobo2024_ws/ros2_ws/install/drive_msgs/local/lib/python3.10/dist-packages/drive_msgs-0.0.0-py3.10.egg-info/PKG-INFO
[2.114s] -- Up-to-date: /home/kousei/HaruRobo2024_ws/ros2_ws/install/drive_msgs/local/lib/python3.10/dist-packages/drive_msgs
[2.114s] -- Up-to-date: /home/kousei/HaruRobo2024_ws/ros2_ws/install/drive_msgs/local/lib/python3.10/dist-packages/drive_msgs/__init__.py
[2.114s] -- Up-to-date: /home/kousei/HaruRobo2024_ws/ros2_ws/install/drive_msgs/local/lib/python3.10/dist-packages/drive_msgs/_drive_msgs_s.ep.rosidl_typesupport_fastrtps_c.c
[2.115s] -- Up-to-date: /home/kousei/HaruRobo2024_ws/ros2_ws/install/drive_msgs/local/lib/python3.10/dist-packages/drive_msgs/drive_msgs_s__rosidl_typesupport_c.cpython-310-x86_64-linux-gnu.so
[2.115s] -- Up-to-date: /home/kousei/HaruRobo2024_ws/ros2_ws/install/drive_msgs/local/lib/python3.10/dist-packages/drive_msgs/_drive_msgs_s.ep.rosidl_typesupport_introspection_c.c
[2.115s] -- Up-to-date: /home/kousei/HaruRobo2024_ws/ros2_ws/install/drive_msgs/local/lib/python3.10/dist-packages/drive_msgs/drive_msgs_s__rosidl_typesupport_fastrtps_c.cpython-310-x86_64-linux-gnu.so
[2.115s] -- Up-to-date: /home/kousei/HaruRobo2024_ws/ros2_ws/install/drive_msgs/local/lib/python3.10/dist-packages/drive_msgs/_drive_msgs_s.ep.rosidl_typesupport_c.c
[2.116s] -- Up-to-date: /home/kousei/HaruRobo2024_ws/ros2_ws/install/drive_msgs/local/lib/python3.10/dist-packages/drive_msgs/msg
[2.116s] -- Up-to-date: /home/kousei/HaruRobo2024_ws/ros2_ws/install/drive_msgs/local/lib/python3.10/dist-packages/drive_msgs/msg/__init__.py
[2.116s] -- Up-to-date: /home/kousei/HaruRobo2024_ws/ros2_ws/install/drive_msgs/local/lib/python3.10/dist-packages/drive_msgs/msg/_omni_enc.py
[2.116s] -- Up-to-date: /home/kousei/HaruRobo2024_ws/ros2_ws/install/drive_msgs/local/lib/python3.10/dist-packages/drive_msgs/msg/_diff_drive_enc.py
[2.117s] -- Up-to-date: /home/kousei/HaruRobo2024_ws/ros2_ws/install/drive_msgs/local/lib/python3.10/dist-packages/drive_msgs/msg/_diff_drive_enc_s.c
[2.117s] -- Up-to-date: /home/kousei/HaruRobo2024_ws/ros2_ws/install/drive_msgs/local/lib/python3.10/dist-packages/drive_msgs/msg/_diff_drive_s.c
[2.117s] -- Up-to-date: /home/kousei/HaruRobo2024_ws/ros2_ws/install/drive_msgs/local/lib/python3.10/dist-packages/drive_msgs/msg/_diff_drive.py
[2.118s] -- Up-to-date: /home/kousei/HaruRobo2024_ws/ros2_ws/install/drive_msgs/local/lib/python3.10/dist-packages/drive_msgs/msg/_omni_enc_s.c
[2.118s] -- Up-to-date: /home/kousei/HaruRobo2024_ws/ros2_ws/install/drive_msgs/local/lib/python3.10/dist-packages/drive_msgs/msg/_omni.py
[2.118s] -- Up-to-date: /home/kousei/HaruRobo2024_ws/ros2_ws/install/drive_msgs/local/lib/python3.10/dist-packages/drive_msgs/msg/_omni_s.c
[2.118s] -- Up-to-date: /home/kousei/HaruRobo2024_ws/ros2_ws/install/drive_msgs/local/lib/python3.10/dist-packages/drive_msgs/libdrive_msgs__rosidl_generator_py.so
[2.118s] -- Up-to-date: /home/kousei/HaruRobo2024_ws/ros2_ws/install/drive_msgs/local/lib/python3.10/dist-packages/drive_msgs/drive_msgs_s__rosidl_typesupport_introspection_c.cpython-310-x86_64-linux-gnu.so
[2.132s] Listing '/home/kousei/HaruRobo2024_ws/ros2_ws/install/drive_msgs/local/lib/python3.10/dist-packages/drive_msgs'...
[2.132s] Listing '/home/kousei/HaruRobo2024_ws/ros2_ws/install/drive_msgs/local/lib/python3.10/dist-packages/drive_msgs/msg'...
[2.136s] -- Up-to-date: /home/kousei/HaruRobo2024_ws/ros2_ws/install/drive_msgs/local/lib/python3.10/dist-packages/drive_msgs/drive_msgs_s__rosidl_typesupport_fastrtps_c.cpython-310-x86_64-linux-gnu.so
[2.137s] -- Up-to-date: /home/kousei/HaruRobo2024_ws/ros2_ws/install/drive_msgs/local/lib/python3.10/dist-packages/drive_msgs/drive_msgs_s__rosidl_typesupport_introspection_c.cpython-310-x86_64-linux-gnu.so
[2.137s] -- Up-to-date: /home/kousei/HaruRobo2024_ws/ros2_ws/install/drive_msgs/local/lib/python3.10/dist-packages/drive_msgs/drive_msgs_s__rosidl_typesupport_c.cpython-310-x86_64-linux-gnu.so
[2.137s] -- Up-to-date: /home/kousei/HaruRobo2024_ws/ros2_ws/install/drive_msgs/lib/libdrive_msgs__rosidl_generator_py.so
[2.138s] -- Up-to-date: /home/kousei/HaruRobo2024_ws/ros2_ws/install/drive_msgs/share/drive_msgs/msg/DiffDrive.idl
[2.138s] -- Up-to-date: /home/kousei/HaruRobo2024_ws/ros2_ws/install/drive_msgs/share/drive_msgs/msg/DiffDriveEnc.idl
[2.138s] -- Up-to-date: /home/kousei/HaruRobo2024_ws/ros2_ws/install/drive_msgs/share/drive_msgs/msg/Omni.idl
[2.138s] -- Up-to-date: /home/kousei/HaruRobo2024_ws/ros2_ws/install/drive_msgs/share/drive_msgs/msg/OmniEnc.idl
[2.139s] -- Up-to-date: /home/kousei/HaruRobo2024_ws/ros2_ws/install/drive_msgs/share/drive_msgs/msg/DiffDrive.msg
[2.139s] -- Up-to-date: /home/kousei/HaruRobo2024_ws/ros2_ws/install/drive_msgs/share/drive_msgs/msg/DiffDriveEnc.msg
[2.139s] -- Up-to-date: /home/kousei/HaruRobo2024_ws/ros2_ws/install/drive_msgs/share/drive_msgs/msg/Omni.msg
[2.139s] -- Up-to-date: /home/kousei/HaruRobo2024_ws/ros2_ws/install/drive_msgs/share/drive_msgs/msg/OmniEnc.msg
[2.139s] -- Up-to-date: /home/kousei/HaruRobo2024_ws/ros2_ws/install/drive_msgs/include
[2.139s] -- Up-to-date: /home/kousei/HaruRobo2024_ws/ros2_ws/install/drive_msgs/include/drive_msgs
[2.139s] -- Up-to-date: /home/kousei/HaruRobo2024_ws/ros2_ws/install/drive_msgs/share/ament_index/resource_index/package_run_dependencies/drive_msgs
[2.139s] -- Up-to-date: /home/kousei/HaruRobo2024_ws/ros2_ws/install/drive_msgs/share/ament_index/resource_index/parent_prefix_path/drive_msgs
[2.140s] -- Up-to-date: /home/kousei/HaruRobo2024_ws/ros2_ws/install/drive_msgs/share/drive_msgs/environment/ament_prefix_path.sh
[2.140s] -- Up-to-date: /home/kousei/HaruRobo2024_ws/ros2_ws/install/drive_msgs/share/drive_msgs/environment/ament_prefix_path.dsv
[2.140s] -- Up-to-date: /home/kousei/HaruRobo2024_ws/ros2_ws/install/drive_msgs/share/drive_msgs/environment/path.sh
[2.140s] -- Up-to-date: /home/kousei/HaruRobo2024_ws/ros2_ws/install/drive_msgs/share/drive_msgs/environment/path.dsv
[2.140s] -- Up-to-date: /home/kousei/HaruRobo2024_ws/ros2_ws/install/drive_msgs/share/drive_msgs/local_setup.bash
[2.140s] -- Up-to-date: /home/kousei/HaruRobo2024_ws/ros2_ws/install/drive_msgs/share/drive_msgs/local_setup.sh
[2.140s] -- Up-to-date: /home/kousei/HaruRobo2024_ws/ros2_ws/install/drive_msgs/share/drive_msgs/local_setup.zsh
[2.140s] -- Up-to-date: /home/kousei/HaruRobo2024_ws/ros2_ws/install/drive_msgs/share/drive_msgs/local_setup.dsv
[2.140s] -- Installing: /home/kousei/HaruRobo2024_ws/ros2_ws/install/drive_msgs/share/drive_msgs/package.dsv
[2.141s] -- Up-to-date: /home/kousei/HaruRobo2024_ws/ros2_ws/install/drive_msgs/share/ament_index/resource_index/packages/drive_msgs
[2.141s] -- Up-to-date: /home/kousei/HaruRobo2024_ws/ros2_ws/install/drive_msgs/share/drive_msgs/cmake/export_drive_msgs__rosidl_generator_cExport.cmake
[2.141s] -- Up-to-date: /home/kousei/HaruRobo2024_ws/ros2_ws/install/drive_msgs/share/drive_msgs/cmake/export_drive_msgs__rosidl_generator_cExport-noconfig.cmake
[2.141s] -- Up-to-date: /home/kousei/HaruRobo2024_ws/ros2_ws/install/drive_msgs/share/drive_msgs/cmake/export_drive_msgs__rosidl_typesupport_fastrtps_cExport.cmake
[2.141s] -- Up-to-date: /home/kousei/HaruRobo2024_ws/ros2_ws/install/drive_msgs/share/drive_msgs/cmake/export_drive_msgs__rosidl_typesupport_fastrtps_cExport-noconfig.cmake
[2.142s] -- Up-to-date: /home/kousei/HaruRobo2024_ws/ros2_ws/install/drive_msgs/share/drive_msgs/cmake/export_drive_msgs__rosidl_generator_cppExport.cmake
[2.142s] -- Up-to-date: /home/kousei/HaruRobo2024_ws/ros2_ws/install/drive_msgs/share/drive_msgs/cmake/export_drive_msgs__rosidl_typesupport_fastrtps_cppExport.cmake
[2.142s] -- Up-to-date: /home/kousei/HaruRobo2024_ws/ros2_ws/install/drive_msgs/share/drive_msgs/cmake/export_drive_msgs__rosidl_typesupport_fastrtps_cppExport-noconfig.cmake
[2.143s] -- Up-to-date: /home/kousei/HaruRobo2024_ws/ros2_ws/install/drive_msgs/share/drive_msgs/cmake/drive_msgs__rosidl_typesupport_introspection_cExport.cmake
[2.143s] -- Up-to-date: /home/kousei/HaruRobo2024_ws/ros2_ws/install/drive_msgs/share/drive_msgs/cmake/drive_msgs__rosidl_typesupport_introspection_cExport-noconfig.cmake
[2.143s] -- Up-to-date: /home/kousei/HaruRobo2024_ws/ros2_ws/install/drive_msgs/share/drive_msgs/cmake/drive_msgs__rosidl_typesupport_cExport.cmake
[2.144s] -- Up-to-date: /home/kousei/HaruRobo2024_ws/ros2_ws/install/drive_msgs/share/drive_msgs/cmake/drive_msgs__rosidl_typesupport_cExport-noconfig.cmake
[2.144s] -- Up-to-date: /home/kousei/HaruRobo2024_ws/ros2_ws/install/drive_msgs/share/drive_msgs/cmake/drive_msgs__rosidl_typesupport_introspection_cppExport.cmake
[2.144s] -- Up-to-date: /home/kousei/HaruRobo2024_ws/ros2_ws/install/drive_msgs/share/drive_msgs/cmake/drive_msgs__rosidl_typesupport_introspection_cppExport-noconfig.cmake
[2.144s] -- Up-to-date: /home/kousei/HaruRobo2024_ws/ros2_ws/install/drive_msgs/share/drive_msgs/cmake/drive_msgs__rosidl_typesupport_cppExport.cmake
[2.145s] -- Up-to-date: /home/kousei/HaruRobo2024_ws/ros2_ws/install/drive_msgs/share/drive_msgs/cmake/drive_msgs__rosidl_typesupport_cppExport-noconfig.cmake
[2.145s] -- Up-to-date: /home/kousei/HaruRobo2024_ws/ros2_ws/install/drive_msgs/share/drive_msgs/cmake/export_drive_msgs__rosidl_generator_pyExport.cmake
[2.145s] -- Up-to-date: /home/kousei/HaruRobo2024_ws/ros2_ws/install/drive_msgs/share/drive_msgs/cmake/export_drive_msgs__rosidl_generator_pyExport-noconfig.cmake
[2.145s] -- Up-to-date: /home/kousei/HaruRobo2024_ws/ros2_ws/install/drive_msgs/share/drive_msgs/cmake/rosidl_cmake-extras.cmake
[2.146s] -- Up-to-date: /home/kousei/HaruRobo2024_ws/ros2_ws/install/drive_msgs/share/drive_msgs/cmake/ament_cmake_export_dependencies-extras.cmake
[2.146s] -- Up-to-date: /home/kousei/HaruRobo2024_ws/ros2_ws/install/drive_msgs/share/drive_msgs/cmake/ament_cmake_export_include_directories-extras.cmake
[2.146s] -- Up-to-date: /home/kousei/HaruRobo2024_ws/ros2_ws/install/drive_msgs/share/drive_msgs/cmake/ament_cmake_export_libraries-extras.cmake
[2.146s] -- Up-to-date: /home/kousei/HaruRobo2024_ws/ros2_ws/install/drive_msgs/share/drive_msgs/cmake/ament_cmake_export_targets-extras.cmake
[2.146s] -- Up-to-date: /home/kousei/HaruRobo2024_ws/ros2_ws/install/drive_msgs/share/drive_msgs/cmake/rosidl_cmake_export_typesupport_targets-extras.cmake
[2.146s] -- Up-to-date: /home/kousei/HaruRobo2024_ws/ros2_ws/install/drive_msgs/share/drive_msgs/cmake/rosidl_cmake_export_typesupport_libraries-extras.cmake
[2.146s] -- Up-to-date: /home/kousei/HaruRobo2024_ws/ros2_ws/install/drive_msgs/share/drive_msgs/cmake/drive_msgsConfig.cmake
[2.147s] -- Up-to-date: /home/kousei/HaruRobo2024_ws/ros2_ws/install/drive_msgs/share/drive_msgs/cmake/drive_msgsConfig-version.cmake
[2.147s] -- Up-to-date: /home/kousei/HaruRobo2024_ws/ros2_ws/install/drive_msgs/share/drive_msgs/package.xml
[2.257s] Invoked command in '/home/kousei/HaruRobo2024_ws/ros2_ws/build/drive_msgs' returned '0': CMAKE_PREFIX_PATH=${CMAKE_PREFIX_PATH}:/opt/ros/humble /usr/bin/cmake --install /home/kousei/HaruRobo2024_ws/ros2_ws/build/drive_msgs
