[0.058s] Invoking command in '/home/kousei/HaruRobo2024_ws/ros2_ws/build/path_following': CMAKE_PREFIX_PATH=/home/kousei/HaruRobo2024_ws/ros2_ws/install/manip:/home/kousei/HaruRobo2024_ws/ros2_ws/install/manip_msgs:/home/kousei/HaruRobo2024_ws/ros2_ws/install/drive_msgs:/home/kousei/HaruRobo2024_ws/ros2_ws/install/urg_node2:/home/kousei/HaruRobo2024_ws/ros2_ws/install/path_following:/home/kousei/HaruRobo2024_ws/ros2_ws/install/omni_control:/home/kousei/HaruRobo2024_ws/ros2_ws/install/bt:/home/kousei/HaruRobo2024_ws/ros2_ws/install/key_event_nodes:/home/kousei/HaruRobo2024_ws/ros2_ws/install/key_event_msgs:/home/kousei/2DRoboPrac_ws/ros2_ws/install/urg_node2:/home/kousei/2DRoboPrac_ws/ros2_ws/install/omni_control:/home/kousei/2DRoboPrac_ws/ros2_ws/install/nav_real:/home/kousei/2DRoboPrac_ws/ros2_ws/install/nav_dev:/home/kousei/2DRoboPrac_ws/ros2_ws/install/key_event_nodes:/home/kousei/2DRoboPrac_ws/ros2_ws/install/key_event_msgs:/home/kousei/2DRoboPrac_ws/ros2_ws/install/drive_msgs:/opt/ros/humble LD_LIBRARY_PATH=/home/kousei/HaruRobo2024_ws/ros2_ws/install/manip/lib:/home/kousei/HaruRobo2024_ws/ros2_ws/install/manip_msgs/lib:/home/kousei/HaruRobo2024_ws/ros2_ws/install/drive_msgs/lib:/home/kousei/HaruRobo2024_ws/ros2_ws/install/urg_node2/lib:/home/kousei/HaruRobo2024_ws/ros2_ws/install/path_following/lib:/home/kousei/HaruRobo2024_ws/ros2_ws/install/key_event_nodes/lib:/home/kousei/HaruRobo2024_ws/ros2_ws/install/key_event_msgs/lib:/usr/local/lib:/usr/local/lib:/home/kousei/2DRoboPrac_ws/ros2_ws/install/urg_node2/lib:/home/kousei/2DRoboPrac_ws/ros2_ws/install/key_event_nodes/lib:/home/kousei/2DRoboPrac_ws/ros2_ws/install/key_event_msgs/lib:/home/kousei/2DRoboPrac_ws/ros2_ws/install/drive_msgs/lib:/usr/lib/x86_64-linux-gnu/gazebo-11/plugins:/opt/ros/humble/opt/rviz_ogre_vendor/lib:/opt/ros/humble/lib/x86_64-linux-gnu:/opt/ros/humble/lib /usr/bin/cmake --build /home/kousei/HaruRobo2024_ws/ros2_ws/build/path_following -- -j16 -l16
[0.096s] [  3%] Built target path_following__cpp
[0.103s] [ 12%] Built target path_following__rosidl_generator_c
[0.109s] [ 12%] Built target ament_cmake_python_copy_path_following
[0.118s] [ 21%] Built target path_following__rosidl_typesupport_cpp
[0.121s] [ 30%] Built target path_following__rosidl_typesupport_fastrtps_cpp
[0.127s] [ 39%] Built target path_following__rosidl_typesupport_introspection_cpp
[0.128s] [ 48%] Built target path_following__rosidl_typesupport_fastrtps_c
[0.129s] [ 57%] Built target path_following__rosidl_typesupport_c
[0.130s] [ 66%] Built target path_following__rosidl_typesupport_introspection_c
[0.145s] [ 72%] Built target path_following_node
[0.147s] [ 72%] Built target path_following
[0.163s] [ 75%] Built target path_following__py
[0.181s] [ 81%] Built target path_following__rosidl_generator_py
[0.198s] [ 87%] Built target path_following__rosidl_typesupport_fastrtps_c__pyext
[0.205s] [ 93%] Built target path_following__rosidl_typesupport_c__pyext
[0.207s] [100%] Built target path_following__rosidl_typesupport_introspection_c__pyext
[0.276s] running egg_info
[0.277s] writing path_following.egg-info/PKG-INFO
[0.277s] writing dependency_links to path_following.egg-info/dependency_links.txt
[0.277s] writing top-level names to path_following.egg-info/top_level.txt
[0.278s] reading manifest file 'path_following.egg-info/SOURCES.txt'
[0.279s] writing manifest file 'path_following.egg-info/SOURCES.txt'
[0.297s] [100%] Built target ament_cmake_python_build_path_following_egg
[0.307s] Invoked command in '/home/kousei/HaruRobo2024_ws/ros2_ws/build/path_following' returned '0': CMAKE_PREFIX_PATH=/home/kousei/HaruRobo2024_ws/ros2_ws/install/manip:/home/kousei/HaruRobo2024_ws/ros2_ws/install/manip_msgs:/home/kousei/HaruRobo2024_ws/ros2_ws/install/drive_msgs:/home/kousei/HaruRobo2024_ws/ros2_ws/install/urg_node2:/home/kousei/HaruRobo2024_ws/ros2_ws/install/path_following:/home/kousei/HaruRobo2024_ws/ros2_ws/install/omni_control:/home/kousei/HaruRobo2024_ws/ros2_ws/install/bt:/home/kousei/HaruRobo2024_ws/ros2_ws/install/key_event_nodes:/home/kousei/HaruRobo2024_ws/ros2_ws/install/key_event_msgs:/home/kousei/2DRoboPrac_ws/ros2_ws/install/urg_node2:/home/kousei/2DRoboPrac_ws/ros2_ws/install/omni_control:/home/kousei/2DRoboPrac_ws/ros2_ws/install/nav_real:/home/kousei/2DRoboPrac_ws/ros2_ws/install/nav_dev:/home/kousei/2DRoboPrac_ws/ros2_ws/install/key_event_nodes:/home/kousei/2DRoboPrac_ws/ros2_ws/install/key_event_msgs:/home/kousei/2DRoboPrac_ws/ros2_ws/install/drive_msgs:/opt/ros/humble LD_LIBRARY_PATH=/home/kousei/HaruRobo2024_ws/ros2_ws/install/manip/lib:/home/kousei/HaruRobo2024_ws/ros2_ws/install/manip_msgs/lib:/home/kousei/HaruRobo2024_ws/ros2_ws/install/drive_msgs/lib:/home/kousei/HaruRobo2024_ws/ros2_ws/install/urg_node2/lib:/home/kousei/HaruRobo2024_ws/ros2_ws/install/path_following/lib:/home/kousei/HaruRobo2024_ws/ros2_ws/install/key_event_nodes/lib:/home/kousei/HaruRobo2024_ws/ros2_ws/install/key_event_msgs/lib:/usr/local/lib:/usr/local/lib:/home/kousei/2DRoboPrac_ws/ros2_ws/install/urg_node2/lib:/home/kousei/2DRoboPrac_ws/ros2_ws/install/key_event_nodes/lib:/home/kousei/2DRoboPrac_ws/ros2_ws/install/key_event_msgs/lib:/home/kousei/2DRoboPrac_ws/ros2_ws/install/drive_msgs/lib:/usr/lib/x86_64-linux-gnu/gazebo-11/plugins:/opt/ros/humble/opt/rviz_ogre_vendor/lib:/opt/ros/humble/lib/x86_64-linux-gnu:/opt/ros/humble/lib /usr/bin/cmake --build /home/kousei/HaruRobo2024_ws/ros2_ws/build/path_following -- -j16 -l16
[0.357s] Invoking command in '/home/kousei/HaruRobo2024_ws/ros2_ws/build/path_following': CMAKE_PREFIX_PATH=/home/kousei/HaruRobo2024_ws/ros2_ws/install/manip:/home/kousei/HaruRobo2024_ws/ros2_ws/install/manip_msgs:/home/kousei/HaruRobo2024_ws/ros2_ws/install/drive_msgs:/home/kousei/HaruRobo2024_ws/ros2_ws/install/urg_node2:/home/kousei/HaruRobo2024_ws/ros2_ws/install/path_following:/home/kousei/HaruRobo2024_ws/ros2_ws/install/omni_control:/home/kousei/HaruRobo2024_ws/ros2_ws/install/bt:/home/kousei/HaruRobo2024_ws/ros2_ws/install/key_event_nodes:/home/kousei/HaruRobo2024_ws/ros2_ws/install/key_event_msgs:/home/kousei/2DRoboPrac_ws/ros2_ws/install/urg_node2:/home/kousei/2DRoboPrac_ws/ros2_ws/install/omni_control:/home/kousei/2DRoboPrac_ws/ros2_ws/install/nav_real:/home/kousei/2DRoboPrac_ws/ros2_ws/install/nav_dev:/home/kousei/2DRoboPrac_ws/ros2_ws/install/key_event_nodes:/home/kousei/2DRoboPrac_ws/ros2_ws/install/key_event_msgs:/home/kousei/2DRoboPrac_ws/ros2_ws/install/drive_msgs:/opt/ros/humble LD_LIBRARY_PATH=/home/kousei/HaruRobo2024_ws/ros2_ws/install/manip/lib:/home/kousei/HaruRobo2024_ws/ros2_ws/install/manip_msgs/lib:/home/kousei/HaruRobo2024_ws/ros2_ws/install/drive_msgs/lib:/home/kousei/HaruRobo2024_ws/ros2_ws/install/urg_node2/lib:/home/kousei/HaruRobo2024_ws/ros2_ws/install/path_following/lib:/home/kousei/HaruRobo2024_ws/ros2_ws/install/key_event_nodes/lib:/home/kousei/HaruRobo2024_ws/ros2_ws/install/key_event_msgs/lib:/usr/local/lib:/usr/local/lib:/home/kousei/2DRoboPrac_ws/ros2_ws/install/urg_node2/lib:/home/kousei/2DRoboPrac_ws/ros2_ws/install/key_event_nodes/lib:/home/kousei/2DRoboPrac_ws/ros2_ws/install/key_event_msgs/lib:/home/kousei/2DRoboPrac_ws/ros2_ws/install/drive_msgs/lib:/usr/lib/x86_64-linux-gnu/gazebo-11/plugins:/opt/ros/humble/opt/rviz_ogre_vendor/lib:/opt/ros/humble/lib/x86_64-linux-gnu:/opt/ros/humble/lib /usr/bin/cmake --install /home/kousei/HaruRobo2024_ws/ros2_ws/build/path_following
[0.362s] -- Install configuration: ""
[0.363s] -- Up-to-date: /home/kousei/HaruRobo2024_ws/ros2_ws/install/path_following/share/ament_index/resource_index/rosidl_interfaces/path_following
[0.363s] -- Up-to-date: /home/kousei/HaruRobo2024_ws/ros2_ws/install/path_following/include/path_following/path_following
[0.363s] -- Up-to-date: /home/kousei/HaruRobo2024_ws/ros2_ws/install/path_following/include/path_following/path_following/msg
[0.363s] -- Up-to-date: /home/kousei/HaruRobo2024_ws/ros2_ws/install/path_following/include/path_following/path_following/msg/rosidl_generator_c__visibility_control.h
[0.363s] -- Up-to-date: /home/kousei/HaruRobo2024_ws/ros2_ws/install/path_following/include/path_following/path_following/action
[0.363s] -- Up-to-date: /home/kousei/HaruRobo2024_ws/ros2_ws/install/path_following/include/path_following/path_following/action/path.h
[0.363s] -- Up-to-date: /home/kousei/HaruRobo2024_ws/ros2_ws/install/path_following/include/path_following/path_following/action/detail
[0.363s] -- Up-to-date: /home/kousei/HaruRobo2024_ws/ros2_ws/install/path_following/include/path_following/path_following/action/detail/path__type_support.h
[0.363s] -- Up-to-date: /home/kousei/HaruRobo2024_ws/ros2_ws/install/path_following/include/path_following/path_following/action/detail/path__functions.c
[0.363s] -- Up-to-date: /home/kousei/HaruRobo2024_ws/ros2_ws/install/path_following/include/path_following/path_following/action/detail/path__functions.h
[0.364s] -- Up-to-date: /home/kousei/HaruRobo2024_ws/ros2_ws/install/path_following/include/path_following/path_following/action/detail/path__struct.h
[0.364s] -- Up-to-date: /home/kousei/HaruRobo2024_ws/ros2_ws/install/path_following/share/path_following/environment/library_path.sh
[0.364s] -- Up-to-date: /home/kousei/HaruRobo2024_ws/ros2_ws/install/path_following/share/path_following/environment/library_path.dsv
[0.364s] -- Up-to-date: /home/kousei/HaruRobo2024_ws/ros2_ws/install/path_following/lib/libpath_following__rosidl_generator_c.so
[0.364s] -- Up-to-date: /home/kousei/HaruRobo2024_ws/ros2_ws/install/path_following/include/path_following/path_following
[0.364s] -- Up-to-date: /home/kousei/HaruRobo2024_ws/ros2_ws/install/path_following/include/path_following/path_following/msg
[0.364s] -- Up-to-date: /home/kousei/HaruRobo2024_ws/ros2_ws/install/path_following/include/path_following/path_following/msg/rosidl_typesupport_fastrtps_c__visibility_control.h
[0.364s] -- Up-to-date: /home/kousei/HaruRobo2024_ws/ros2_ws/install/path_following/include/path_following/path_following/action
[0.364s] -- Up-to-date: /home/kousei/HaruRobo2024_ws/ros2_ws/install/path_following/include/path_following/path_following/action/detail
[0.364s] -- Up-to-date: /home/kousei/HaruRobo2024_ws/ros2_ws/install/path_following/include/path_following/path_following/action/detail/path__rosidl_typesupport_fastrtps_c.h
[0.364s] -- Up-to-date: /home/kousei/HaruRobo2024_ws/ros2_ws/install/path_following/lib/libpath_following__rosidl_typesupport_fastrtps_c.so
[0.364s] -- Up-to-date: /home/kousei/HaruRobo2024_ws/ros2_ws/install/path_following/include/path_following/path_following
[0.365s] -- Up-to-date: /home/kousei/HaruRobo2024_ws/ros2_ws/install/path_following/include/path_following/path_following/action
[0.365s] -- Up-to-date: /home/kousei/HaruRobo2024_ws/ros2_ws/install/path_following/include/path_following/path_following/action/path.hpp
[0.365s] -- Up-to-date: /home/kousei/HaruRobo2024_ws/ros2_ws/install/path_following/include/path_following/path_following/action/detail
[0.365s] -- Up-to-date: /home/kousei/HaruRobo2024_ws/ros2_ws/install/path_following/include/path_following/path_following/action/detail/path__traits.hpp
[0.365s] -- Up-to-date: /home/kousei/HaruRobo2024_ws/ros2_ws/install/path_following/include/path_following/path_following/action/detail/path__builder.hpp
[0.365s] -- Up-to-date: /home/kousei/HaruRobo2024_ws/ros2_ws/install/path_following/include/path_following/path_following/action/detail/path__struct.hpp
[0.365s] -- Up-to-date: /home/kousei/HaruRobo2024_ws/ros2_ws/install/path_following/include/path_following/path_following
[0.365s] -- Up-to-date: /home/kousei/HaruRobo2024_ws/ros2_ws/install/path_following/include/path_following/path_following/msg
[0.365s] -- Up-to-date: /home/kousei/HaruRobo2024_ws/ros2_ws/install/path_following/include/path_following/path_following/msg/rosidl_typesupport_fastrtps_cpp__visibility_control.h
[0.365s] -- Up-to-date: /home/kousei/HaruRobo2024_ws/ros2_ws/install/path_following/include/path_following/path_following/action
[0.365s] -- Up-to-date: /home/kousei/HaruRobo2024_ws/ros2_ws/install/path_following/include/path_following/path_following/action/detail
[0.365s] -- Up-to-date: /home/kousei/HaruRobo2024_ws/ros2_ws/install/path_following/include/path_following/path_following/action/detail/dds_fastrtps
[0.365s] -- Up-to-date: /home/kousei/HaruRobo2024_ws/ros2_ws/install/path_following/include/path_following/path_following/action/detail/path__rosidl_typesupport_fastrtps_cpp.hpp
[0.365s] -- Up-to-date: /home/kousei/HaruRobo2024_ws/ros2_ws/install/path_following/lib/libpath_following__rosidl_typesupport_fastrtps_cpp.so
[0.366s] -- Up-to-date: /home/kousei/HaruRobo2024_ws/ros2_ws/install/path_following/include/path_following/path_following
[0.366s] -- Up-to-date: /home/kousei/HaruRobo2024_ws/ros2_ws/install/path_following/include/path_following/path_following/msg
[0.366s] -- Up-to-date: /home/kousei/HaruRobo2024_ws/ros2_ws/install/path_following/include/path_following/path_following/msg/rosidl_typesupport_introspection_c__visibility_control.h
[0.366s] -- Up-to-date: /home/kousei/HaruRobo2024_ws/ros2_ws/install/path_following/include/path_following/path_following/action
[0.366s] -- Up-to-date: /home/kousei/HaruRobo2024_ws/ros2_ws/install/path_following/include/path_following/path_following/action/detail
[0.366s] -- Up-to-date: /home/kousei/HaruRobo2024_ws/ros2_ws/install/path_following/include/path_following/path_following/action/detail/path__type_support.c
[0.366s] -- Up-to-date: /home/kousei/HaruRobo2024_ws/ros2_ws/install/path_following/include/path_following/path_following/action/detail/path__rosidl_typesupport_introspection_c.h
[0.366s] -- Up-to-date: /home/kousei/HaruRobo2024_ws/ros2_ws/install/path_following/lib/libpath_following__rosidl_typesupport_introspection_c.so
[0.366s] -- Up-to-date: /home/kousei/HaruRobo2024_ws/ros2_ws/install/path_following/lib/libpath_following__rosidl_typesupport_c.so
[0.366s] -- Up-to-date: /home/kousei/HaruRobo2024_ws/ros2_ws/install/path_following/include/path_following/path_following
[0.366s] -- Up-to-date: /home/kousei/HaruRobo2024_ws/ros2_ws/install/path_following/include/path_following/path_following/action
[0.366s] -- Up-to-date: /home/kousei/HaruRobo2024_ws/ros2_ws/install/path_following/include/path_following/path_following/action/detail
[0.366s] -- Up-to-date: /home/kousei/HaruRobo2024_ws/ros2_ws/install/path_following/include/path_following/path_following/action/detail/path__type_support.cpp
[0.366s] -- Up-to-date: /home/kousei/HaruRobo2024_ws/ros2_ws/install/path_following/include/path_following/path_following/action/detail/path__rosidl_typesupport_introspection_cpp.hpp
[0.366s] -- Up-to-date: /home/kousei/HaruRobo2024_ws/ros2_ws/install/path_following/lib/libpath_following__rosidl_typesupport_introspection_cpp.so
[0.367s] -- Up-to-date: /home/kousei/HaruRobo2024_ws/ros2_ws/install/path_following/lib/libpath_following__rosidl_typesupport_cpp.so
[0.367s] -- Up-to-date: /home/kousei/HaruRobo2024_ws/ros2_ws/install/path_following/share/path_following/environment/pythonpath.sh
[0.367s] -- Up-to-date: /home/kousei/HaruRobo2024_ws/ros2_ws/install/path_following/share/path_following/environment/pythonpath.dsv
[0.367s] -- Up-to-date: /home/kousei/HaruRobo2024_ws/ros2_ws/install/path_following/local/lib/python3.10/dist-packages/path_following-0.0.0-py3.10.egg-info
[0.367s] -- Installing: /home/kousei/HaruRobo2024_ws/ros2_ws/install/path_following/local/lib/python3.10/dist-packages/path_following-0.0.0-py3.10.egg-info/dependency_links.txt
[0.367s] -- Installing: /home/kousei/HaruRobo2024_ws/ros2_ws/install/path_following/local/lib/python3.10/dist-packages/path_following-0.0.0-py3.10.egg-info/SOURCES.txt
[0.367s] -- Installing: /home/kousei/HaruRobo2024_ws/ros2_ws/install/path_following/local/lib/python3.10/dist-packages/path_following-0.0.0-py3.10.egg-info/top_level.txt
[0.367s] -- Installing: /home/kousei/HaruRobo2024_ws/ros2_ws/install/path_following/local/lib/python3.10/dist-packages/path_following-0.0.0-py3.10.egg-info/PKG-INFO
[0.367s] -- Up-to-date: /home/kousei/HaruRobo2024_ws/ros2_ws/install/path_following/local/lib/python3.10/dist-packages/path_following
[0.367s] -- Up-to-date: /home/kousei/HaruRobo2024_ws/ros2_ws/install/path_following/local/lib/python3.10/dist-packages/path_following/__init__.py
[0.367s] -- Up-to-date: /home/kousei/HaruRobo2024_ws/ros2_ws/install/path_following/local/lib/python3.10/dist-packages/path_following/path_following_s__rosidl_typesupport_fastrtps_c.cpython-310-x86_64-linux-gnu.so
[0.367s] -- Up-to-date: /home/kousei/HaruRobo2024_ws/ros2_ws/install/path_following/local/lib/python3.10/dist-packages/path_following/path_following_s__rosidl_typesupport_introspection_c.cpython-310-x86_64-linux-gnu.so
[0.367s] -- Up-to-date: /home/kousei/HaruRobo2024_ws/ros2_ws/install/path_following/local/lib/python3.10/dist-packages/path_following/_path_following_s.ep.rosidl_typesupport_c.c
[0.367s] -- Up-to-date: /home/kousei/HaruRobo2024_ws/ros2_ws/install/path_following/local/lib/python3.10/dist-packages/path_following/_path_following_s.ep.rosidl_typesupport_introspection_c.c
[0.367s] -- Up-to-date: /home/kousei/HaruRobo2024_ws/ros2_ws/install/path_following/local/lib/python3.10/dist-packages/path_following/libpath_following__rosidl_generator_py.so
[0.367s] -- Up-to-date: /home/kousei/HaruRobo2024_ws/ros2_ws/install/path_following/local/lib/python3.10/dist-packages/path_following/path_following_s__rosidl_typesupport_c.cpython-310-x86_64-linux-gnu.so
[0.368s] -- Up-to-date: /home/kousei/HaruRobo2024_ws/ros2_ws/install/path_following/local/lib/python3.10/dist-packages/path_following/_path_following_s.ep.rosidl_typesupport_fastrtps_c.c
[0.368s] -- Up-to-date: /home/kousei/HaruRobo2024_ws/ros2_ws/install/path_following/local/lib/python3.10/dist-packages/path_following/action
[0.368s] -- Up-to-date: /home/kousei/HaruRobo2024_ws/ros2_ws/install/path_following/local/lib/python3.10/dist-packages/path_following/action/_path_s.c
[0.368s] -- Up-to-date: /home/kousei/HaruRobo2024_ws/ros2_ws/install/path_following/local/lib/python3.10/dist-packages/path_following/action/__init__.py
[0.368s] -- Up-to-date: /home/kousei/HaruRobo2024_ws/ros2_ws/install/path_following/local/lib/python3.10/dist-packages/path_following/action/_path.py
[0.389s] Listing '/home/kousei/HaruRobo2024_ws/ros2_ws/install/path_following/local/lib/python3.10/dist-packages/path_following'...
[0.389s] Listing '/home/kousei/HaruRobo2024_ws/ros2_ws/install/path_following/local/lib/python3.10/dist-packages/path_following/action'...
[0.392s] -- Up-to-date: /home/kousei/HaruRobo2024_ws/ros2_ws/install/path_following/local/lib/python3.10/dist-packages/path_following/path_following_s__rosidl_typesupport_fastrtps_c.cpython-310-x86_64-linux-gnu.so
[0.392s] -- Up-to-date: /home/kousei/HaruRobo2024_ws/ros2_ws/install/path_following/local/lib/python3.10/dist-packages/path_following/path_following_s__rosidl_typesupport_introspection_c.cpython-310-x86_64-linux-gnu.so
[0.392s] -- Up-to-date: /home/kousei/HaruRobo2024_ws/ros2_ws/install/path_following/local/lib/python3.10/dist-packages/path_following/path_following_s__rosidl_typesupport_c.cpython-310-x86_64-linux-gnu.so
[0.393s] -- Up-to-date: /home/kousei/HaruRobo2024_ws/ros2_ws/install/path_following/lib/libpath_following__rosidl_generator_py.so
[0.393s] -- Up-to-date: /home/kousei/HaruRobo2024_ws/ros2_ws/install/path_following/share/path_following/action/Path.idl
[0.393s] -- Up-to-date: /home/kousei/HaruRobo2024_ws/ros2_ws/install/path_following/share/path_following/action/Path.action
[0.393s] -- Up-to-date: /home/kousei/HaruRobo2024_ws/ros2_ws/install/path_following/include
[0.393s] -- Up-to-date: /home/kousei/HaruRobo2024_ws/ros2_ws/install/path_following/include/path_following
[0.393s] -- Up-to-date: /home/kousei/HaruRobo2024_ws/ros2_ws/install/path_following/lib/path_following/path_following_node
[0.393s] -- Up-to-date: /home/kousei/HaruRobo2024_ws/ros2_ws/install/path_following/share/ament_index/resource_index/package_run_dependencies/path_following
[0.393s] -- Up-to-date: /home/kousei/HaruRobo2024_ws/ros2_ws/install/path_following/share/ament_index/resource_index/parent_prefix_path/path_following
[0.393s] -- Up-to-date: /home/kousei/HaruRobo2024_ws/ros2_ws/install/path_following/share/path_following/environment/ament_prefix_path.sh
[0.393s] -- Up-to-date: /home/kousei/HaruRobo2024_ws/ros2_ws/install/path_following/share/path_following/environment/ament_prefix_path.dsv
[0.393s] -- Up-to-date: /home/kousei/HaruRobo2024_ws/ros2_ws/install/path_following/share/path_following/environment/path.sh
[0.393s] -- Up-to-date: /home/kousei/HaruRobo2024_ws/ros2_ws/install/path_following/share/path_following/environment/path.dsv
[0.394s] -- Up-to-date: /home/kousei/HaruRobo2024_ws/ros2_ws/install/path_following/share/path_following/local_setup.bash
[0.394s] -- Up-to-date: /home/kousei/HaruRobo2024_ws/ros2_ws/install/path_following/share/path_following/local_setup.sh
[0.394s] -- Up-to-date: /home/kousei/HaruRobo2024_ws/ros2_ws/install/path_following/share/path_following/local_setup.zsh
[0.394s] -- Up-to-date: /home/kousei/HaruRobo2024_ws/ros2_ws/install/path_following/share/path_following/local_setup.dsv
[0.394s] -- Installing: /home/kousei/HaruRobo2024_ws/ros2_ws/install/path_following/share/path_following/package.dsv
[0.394s] -- Up-to-date: /home/kousei/HaruRobo2024_ws/ros2_ws/install/path_following/share/ament_index/resource_index/packages/path_following
[0.394s] -- Up-to-date: /home/kousei/HaruRobo2024_ws/ros2_ws/install/path_following/share/path_following/cmake/export_path_following__rosidl_generator_cExport.cmake
[0.394s] -- Up-to-date: /home/kousei/HaruRobo2024_ws/ros2_ws/install/path_following/share/path_following/cmake/export_path_following__rosidl_generator_cExport-noconfig.cmake
[0.394s] -- Up-to-date: /home/kousei/HaruRobo2024_ws/ros2_ws/install/path_following/share/path_following/cmake/export_path_following__rosidl_typesupport_fastrtps_cExport.cmake
[0.394s] -- Up-to-date: /home/kousei/HaruRobo2024_ws/ros2_ws/install/path_following/share/path_following/cmake/export_path_following__rosidl_typesupport_fastrtps_cExport-noconfig.cmake
[0.394s] -- Up-to-date: /home/kousei/HaruRobo2024_ws/ros2_ws/install/path_following/share/path_following/cmake/export_path_following__rosidl_generator_cppExport.cmake
[0.395s] -- Up-to-date: /home/kousei/HaruRobo2024_ws/ros2_ws/install/path_following/share/path_following/cmake/export_path_following__rosidl_typesupport_fastrtps_cppExport.cmake
[0.395s] -- Up-to-date: /home/kousei/HaruRobo2024_ws/ros2_ws/install/path_following/share/path_following/cmake/export_path_following__rosidl_typesupport_fastrtps_cppExport-noconfig.cmake
[0.395s] -- Up-to-date: /home/kousei/HaruRobo2024_ws/ros2_ws/install/path_following/share/path_following/cmake/path_following__rosidl_typesupport_introspection_cExport.cmake
[0.395s] -- Up-to-date: /home/kousei/HaruRobo2024_ws/ros2_ws/install/path_following/share/path_following/cmake/path_following__rosidl_typesupport_introspection_cExport-noconfig.cmake
[0.395s] -- Up-to-date: /home/kousei/HaruRobo2024_ws/ros2_ws/install/path_following/share/path_following/cmake/path_following__rosidl_typesupport_cExport.cmake
[0.395s] -- Up-to-date: /home/kousei/HaruRobo2024_ws/ros2_ws/install/path_following/share/path_following/cmake/path_following__rosidl_typesupport_cExport-noconfig.cmake
[0.395s] -- Up-to-date: /home/kousei/HaruRobo2024_ws/ros2_ws/install/path_following/share/path_following/cmake/path_following__rosidl_typesupport_introspection_cppExport.cmake
[0.395s] -- Up-to-date: /home/kousei/HaruRobo2024_ws/ros2_ws/install/path_following/share/path_following/cmake/path_following__rosidl_typesupport_introspection_cppExport-noconfig.cmake
[0.395s] -- Up-to-date: /home/kousei/HaruRobo2024_ws/ros2_ws/install/path_following/share/path_following/cmake/path_following__rosidl_typesupport_cppExport.cmake
[0.395s] -- Up-to-date: /home/kousei/HaruRobo2024_ws/ros2_ws/install/path_following/share/path_following/cmake/path_following__rosidl_typesupport_cppExport-noconfig.cmake
[0.395s] -- Up-to-date: /home/kousei/HaruRobo2024_ws/ros2_ws/install/path_following/share/path_following/cmake/export_path_following__rosidl_generator_pyExport.cmake
[0.395s] -- Up-to-date: /home/kousei/HaruRobo2024_ws/ros2_ws/install/path_following/share/path_following/cmake/export_path_following__rosidl_generator_pyExport-noconfig.cmake
[0.395s] -- Up-to-date: /home/kousei/HaruRobo2024_ws/ros2_ws/install/path_following/share/path_following/cmake/rosidl_cmake-extras.cmake
[0.396s] -- Up-to-date: /home/kousei/HaruRobo2024_ws/ros2_ws/install/path_following/share/path_following/cmake/ament_cmake_export_dependencies-extras.cmake
[0.396s] -- Up-to-date: /home/kousei/HaruRobo2024_ws/ros2_ws/install/path_following/share/path_following/cmake/ament_cmake_export_include_directories-extras.cmake
[0.396s] -- Up-to-date: /home/kousei/HaruRobo2024_ws/ros2_ws/install/path_following/share/path_following/cmake/ament_cmake_export_libraries-extras.cmake
[0.396s] -- Up-to-date: /home/kousei/HaruRobo2024_ws/ros2_ws/install/path_following/share/path_following/cmake/ament_cmake_export_targets-extras.cmake
[0.396s] -- Up-to-date: /home/kousei/HaruRobo2024_ws/ros2_ws/install/path_following/share/path_following/cmake/rosidl_cmake_export_typesupport_targets-extras.cmake
[0.396s] -- Up-to-date: /home/kousei/HaruRobo2024_ws/ros2_ws/install/path_following/share/path_following/cmake/rosidl_cmake_export_typesupport_libraries-extras.cmake
[0.396s] -- Up-to-date: /home/kousei/HaruRobo2024_ws/ros2_ws/install/path_following/share/path_following/cmake/path_followingConfig.cmake
[0.396s] -- Up-to-date: /home/kousei/HaruRobo2024_ws/ros2_ws/install/path_following/share/path_following/cmake/path_followingConfig-version.cmake
[0.396s] -- Up-to-date: /home/kousei/HaruRobo2024_ws/ros2_ws/install/path_following/share/path_following/package.xml
[0.397s] Invoked command in '/home/kousei/HaruRobo2024_ws/ros2_ws/build/path_following' returned '0': CMAKE_PREFIX_PATH=/home/kousei/HaruRobo2024_ws/ros2_ws/install/manip:/home/kousei/HaruRobo2024_ws/ros2_ws/install/manip_msgs:/home/kousei/HaruRobo2024_ws/ros2_ws/install/drive_msgs:/home/kousei/HaruRobo2024_ws/ros2_ws/install/urg_node2:/home/kousei/HaruRobo2024_ws/ros2_ws/install/path_following:/home/kousei/HaruRobo2024_ws/ros2_ws/install/omni_control:/home/kousei/HaruRobo2024_ws/ros2_ws/install/bt:/home/kousei/HaruRobo2024_ws/ros2_ws/install/key_event_nodes:/home/kousei/HaruRobo2024_ws/ros2_ws/install/key_event_msgs:/home/kousei/2DRoboPrac_ws/ros2_ws/install/urg_node2:/home/kousei/2DRoboPrac_ws/ros2_ws/install/omni_control:/home/kousei/2DRoboPrac_ws/ros2_ws/install/nav_real:/home/kousei/2DRoboPrac_ws/ros2_ws/install/nav_dev:/home/kousei/2DRoboPrac_ws/ros2_ws/install/key_event_nodes:/home/kousei/2DRoboPrac_ws/ros2_ws/install/key_event_msgs:/home/kousei/2DRoboPrac_ws/ros2_ws/install/drive_msgs:/opt/ros/humble LD_LIBRARY_PATH=/home/kousei/HaruRobo2024_ws/ros2_ws/install/manip/lib:/home/kousei/HaruRobo2024_ws/ros2_ws/install/manip_msgs/lib:/home/kousei/HaruRobo2024_ws/ros2_ws/install/drive_msgs/lib:/home/kousei/HaruRobo2024_ws/ros2_ws/install/urg_node2/lib:/home/kousei/HaruRobo2024_ws/ros2_ws/install/path_following/lib:/home/kousei/HaruRobo2024_ws/ros2_ws/install/key_event_nodes/lib:/home/kousei/HaruRobo2024_ws/ros2_ws/install/key_event_msgs/lib:/usr/local/lib:/usr/local/lib:/home/kousei/2DRoboPrac_ws/ros2_ws/install/urg_node2/lib:/home/kousei/2DRoboPrac_ws/ros2_ws/install/key_event_nodes/lib:/home/kousei/2DRoboPrac_ws/ros2_ws/install/key_event_msgs/lib:/home/kousei/2DRoboPrac_ws/ros2_ws/install/drive_msgs/lib:/usr/lib/x86_64-linux-gnu/gazebo-11/plugins:/opt/ros/humble/opt/rviz_ogre_vendor/lib:/opt/ros/humble/lib/x86_64-linux-gnu:/opt/ros/humble/lib /usr/bin/cmake --install /home/kousei/HaruRobo2024_ws/ros2_ws/build/path_following
