[0.130s] Invoking command in '/home/kousei/HaruRobo2024_ws/ros2_ws/build/key_event_msgs': CMAKE_PREFIX_PATH=${CMAKE_PREFIX_PATH}:/opt/ros/humble /usr/bin/cmake --build /home/kousei/HaruRobo2024_ws/ros2_ws/build/key_event_msgs -- -j16 -l16
[0.172s] [  3%] Built target key_event_msgs__cpp
[0.175s] [ 12%] Built target key_event_msgs__rosidl_generator_c
[0.184s] [ 12%] Built target ament_cmake_python_copy_key_event_msgs
[0.376s] [ 22%] Built target key_event_msgs__rosidl_typesupport_fastrtps_c
[0.398s] [ 32%] Built target key_event_msgs__rosidl_typesupport_fastrtps_cpp
[0.407s] [ 45%] Built target key_event_msgs__rosidl_typesupport_introspection_cpp
[0.408s] [ 51%] Built target key_event_msgs__rosidl_typesupport_introspection_c
[0.413s] [ 61%] Built target key_event_msgs__rosidl_typesupport_c
[0.455s] [ 70%] Built target key_event_msgs__rosidl_typesupport_cpp
[0.623s] [ 70%] Built target key_event_msgs
[0.762s] [ 74%] Built target key_event_msgs__py
[0.925s] [ 80%] Built target key_event_msgs__rosidl_generator_py
[0.948s] [ 87%] Built target key_event_msgs__rosidl_typesupport_fastrtps_c__pyext
[0.955s] [100%] Built target key_event_msgs__rosidl_typesupport_introspection_c__pyext
[0.956s] [100%] Built target key_event_msgs__rosidl_typesupport_c__pyext
[1.124s] running egg_info
[1.125s] writing key_event_msgs.egg-info/PKG-INFO
[1.125s] writing dependency_links to key_event_msgs.egg-info/dependency_links.txt
[1.125s] writing top-level names to key_event_msgs.egg-info/top_level.txt
[1.125s] reading manifest file 'key_event_msgs.egg-info/SOURCES.txt'
[1.126s] writing manifest file 'key_event_msgs.egg-info/SOURCES.txt'
[1.145s] [100%] Built target ament_cmake_python_build_key_event_msgs_egg
[1.153s] Invoked command in '/home/kousei/HaruRobo2024_ws/ros2_ws/build/key_event_msgs' returned '0': CMAKE_PREFIX_PATH=${CMAKE_PREFIX_PATH}:/opt/ros/humble /usr/bin/cmake --build /home/kousei/HaruRobo2024_ws/ros2_ws/build/key_event_msgs -- -j16 -l16
[1.202s] Invoking command in '/home/kousei/HaruRobo2024_ws/ros2_ws/build/key_event_msgs': CMAKE_PREFIX_PATH=${CMAKE_PREFIX_PATH}:/opt/ros/humble /usr/bin/cmake --install /home/kousei/HaruRobo2024_ws/ros2_ws/build/key_event_msgs
[1.209s] -- Install configuration: ""
[1.210s] -- Up-to-date: /home/kousei/HaruRobo2024_ws/ros2_ws/install/key_event_msgs/share/ament_index/resource_index/rosidl_interfaces/key_event_msgs
[1.210s] -- Up-to-date: /home/kousei/HaruRobo2024_ws/ros2_ws/install/key_event_msgs/include/key_event_msgs/key_event_msgs
[1.210s] -- Up-to-date: /home/kousei/HaruRobo2024_ws/ros2_ws/install/key_event_msgs/include/key_event_msgs/key_event_msgs/msg
[1.210s] -- Up-to-date: /home/kousei/HaruRobo2024_ws/ros2_ws/install/key_event_msgs/include/key_event_msgs/key_event_msgs/msg/key_event.h
[1.210s] -- Up-to-date: /home/kousei/HaruRobo2024_ws/ros2_ws/install/key_event_msgs/include/key_event_msgs/key_event_msgs/msg/rosidl_generator_c__visibility_control.h
[1.210s] -- Up-to-date: /home/kousei/HaruRobo2024_ws/ros2_ws/install/key_event_msgs/include/key_event_msgs/key_event_msgs/msg/detail
[1.210s] -- Up-to-date: /home/kousei/HaruRobo2024_ws/ros2_ws/install/key_event_msgs/include/key_event_msgs/key_event_msgs/msg/detail/key_event__struct.h
[1.211s] -- Up-to-date: /home/kousei/HaruRobo2024_ws/ros2_ws/install/key_event_msgs/include/key_event_msgs/key_event_msgs/msg/detail/key_event__functions.h
[1.211s] -- Up-to-date: /home/kousei/HaruRobo2024_ws/ros2_ws/install/key_event_msgs/include/key_event_msgs/key_event_msgs/msg/detail/key_event__functions.c
[1.211s] -- Up-to-date: /home/kousei/HaruRobo2024_ws/ros2_ws/install/key_event_msgs/include/key_event_msgs/key_event_msgs/msg/detail/key_event__type_support.h
[1.211s] -- Up-to-date: /home/kousei/HaruRobo2024_ws/ros2_ws/install/key_event_msgs/share/key_event_msgs/environment/library_path.sh
[1.211s] -- Up-to-date: /home/kousei/HaruRobo2024_ws/ros2_ws/install/key_event_msgs/share/key_event_msgs/environment/library_path.dsv
[1.211s] -- Up-to-date: /home/kousei/HaruRobo2024_ws/ros2_ws/install/key_event_msgs/lib/libkey_event_msgs__rosidl_generator_c.so
[1.211s] -- Up-to-date: /home/kousei/HaruRobo2024_ws/ros2_ws/install/key_event_msgs/include/key_event_msgs/key_event_msgs
[1.212s] -- Up-to-date: /home/kousei/HaruRobo2024_ws/ros2_ws/install/key_event_msgs/include/key_event_msgs/key_event_msgs/msg
[1.212s] -- Up-to-date: /home/kousei/HaruRobo2024_ws/ros2_ws/install/key_event_msgs/include/key_event_msgs/key_event_msgs/msg/detail
[1.212s] -- Up-to-date: /home/kousei/HaruRobo2024_ws/ros2_ws/install/key_event_msgs/include/key_event_msgs/key_event_msgs/msg/detail/key_event__rosidl_typesupport_fastrtps_c.h
[1.212s] -- Up-to-date: /home/kousei/HaruRobo2024_ws/ros2_ws/install/key_event_msgs/include/key_event_msgs/key_event_msgs/msg/rosidl_typesupport_fastrtps_c__visibility_control.h
[1.212s] -- Up-to-date: /home/kousei/HaruRobo2024_ws/ros2_ws/install/key_event_msgs/lib/libkey_event_msgs__rosidl_typesupport_fastrtps_c.so
[1.212s] -- Up-to-date: /home/kousei/HaruRobo2024_ws/ros2_ws/install/key_event_msgs/include/key_event_msgs/key_event_msgs
[1.212s] -- Up-to-date: /home/kousei/HaruRobo2024_ws/ros2_ws/install/key_event_msgs/include/key_event_msgs/key_event_msgs/msg
[1.212s] -- Up-to-date: /home/kousei/HaruRobo2024_ws/ros2_ws/install/key_event_msgs/include/key_event_msgs/key_event_msgs/msg/detail
[1.212s] -- Up-to-date: /home/kousei/HaruRobo2024_ws/ros2_ws/install/key_event_msgs/include/key_event_msgs/key_event_msgs/msg/detail/key_event__type_support.c
[1.212s] -- Up-to-date: /home/kousei/HaruRobo2024_ws/ros2_ws/install/key_event_msgs/include/key_event_msgs/key_event_msgs/msg/detail/key_event__rosidl_typesupport_introspection_c.h
[1.212s] -- Up-to-date: /home/kousei/HaruRobo2024_ws/ros2_ws/install/key_event_msgs/include/key_event_msgs/key_event_msgs/msg/rosidl_typesupport_introspection_c__visibility_control.h
[1.213s] -- Up-to-date: /home/kousei/HaruRobo2024_ws/ros2_ws/install/key_event_msgs/lib/libkey_event_msgs__rosidl_typesupport_introspection_c.so
[1.213s] -- Up-to-date: /home/kousei/HaruRobo2024_ws/ros2_ws/install/key_event_msgs/lib/libkey_event_msgs__rosidl_typesupport_c.so
[1.213s] -- Up-to-date: /home/kousei/HaruRobo2024_ws/ros2_ws/install/key_event_msgs/include/key_event_msgs/key_event_msgs
[1.213s] -- Up-to-date: /home/kousei/HaruRobo2024_ws/ros2_ws/install/key_event_msgs/include/key_event_msgs/key_event_msgs/msg
[1.213s] -- Up-to-date: /home/kousei/HaruRobo2024_ws/ros2_ws/install/key_event_msgs/include/key_event_msgs/key_event_msgs/msg/key_event.hpp
[1.213s] -- Up-to-date: /home/kousei/HaruRobo2024_ws/ros2_ws/install/key_event_msgs/include/key_event_msgs/key_event_msgs/msg/detail
[1.213s] -- Up-to-date: /home/kousei/HaruRobo2024_ws/ros2_ws/install/key_event_msgs/include/key_event_msgs/key_event_msgs/msg/detail/key_event__traits.hpp
[1.213s] -- Up-to-date: /home/kousei/HaruRobo2024_ws/ros2_ws/install/key_event_msgs/include/key_event_msgs/key_event_msgs/msg/detail/key_event__struct.hpp
[1.213s] -- Up-to-date: /home/kousei/HaruRobo2024_ws/ros2_ws/install/key_event_msgs/include/key_event_msgs/key_event_msgs/msg/detail/key_event__builder.hpp
[1.213s] -- Up-to-date: /home/kousei/HaruRobo2024_ws/ros2_ws/install/key_event_msgs/include/key_event_msgs/key_event_msgs
[1.214s] -- Up-to-date: /home/kousei/HaruRobo2024_ws/ros2_ws/install/key_event_msgs/include/key_event_msgs/key_event_msgs/msg
[1.214s] -- Up-to-date: /home/kousei/HaruRobo2024_ws/ros2_ws/install/key_event_msgs/include/key_event_msgs/key_event_msgs/msg/detail
[1.214s] -- Up-to-date: /home/kousei/HaruRobo2024_ws/ros2_ws/install/key_event_msgs/include/key_event_msgs/key_event_msgs/msg/detail/dds_fastrtps
[1.214s] -- Up-to-date: /home/kousei/HaruRobo2024_ws/ros2_ws/install/key_event_msgs/include/key_event_msgs/key_event_msgs/msg/detail/key_event__rosidl_typesupport_fastrtps_cpp.hpp
[1.214s] -- Up-to-date: /home/kousei/HaruRobo2024_ws/ros2_ws/install/key_event_msgs/include/key_event_msgs/key_event_msgs/msg/rosidl_typesupport_fastrtps_cpp__visibility_control.h
[1.214s] -- Up-to-date: /home/kousei/HaruRobo2024_ws/ros2_ws/install/key_event_msgs/lib/libkey_event_msgs__rosidl_typesupport_fastrtps_cpp.so
[1.214s] -- Up-to-date: /home/kousei/HaruRobo2024_ws/ros2_ws/install/key_event_msgs/include/key_event_msgs/key_event_msgs
[1.214s] -- Up-to-date: /home/kousei/HaruRobo2024_ws/ros2_ws/install/key_event_msgs/include/key_event_msgs/key_event_msgs/msg
[1.214s] -- Up-to-date: /home/kousei/HaruRobo2024_ws/ros2_ws/install/key_event_msgs/include/key_event_msgs/key_event_msgs/msg/detail
[1.214s] -- Up-to-date: /home/kousei/HaruRobo2024_ws/ros2_ws/install/key_event_msgs/include/key_event_msgs/key_event_msgs/msg/detail/key_event__rosidl_typesupport_introspection_cpp.hpp
[1.214s] -- Up-to-date: /home/kousei/HaruRobo2024_ws/ros2_ws/install/key_event_msgs/include/key_event_msgs/key_event_msgs/msg/detail/key_event__type_support.cpp
[1.215s] -- Up-to-date: /home/kousei/HaruRobo2024_ws/ros2_ws/install/key_event_msgs/lib/libkey_event_msgs__rosidl_typesupport_introspection_cpp.so
[1.215s] -- Up-to-date: /home/kousei/HaruRobo2024_ws/ros2_ws/install/key_event_msgs/lib/libkey_event_msgs__rosidl_typesupport_cpp.so
[1.215s] -- Up-to-date: /home/kousei/HaruRobo2024_ws/ros2_ws/install/key_event_msgs/share/key_event_msgs/environment/pythonpath.sh
[1.215s] -- Up-to-date: /home/kousei/HaruRobo2024_ws/ros2_ws/install/key_event_msgs/share/key_event_msgs/environment/pythonpath.dsv
[1.215s] -- Up-to-date: /home/kousei/HaruRobo2024_ws/ros2_ws/install/key_event_msgs/local/lib/python3.10/dist-packages/key_event_msgs-0.0.0-py3.10.egg-info
[1.215s] -- Installing: /home/kousei/HaruRobo2024_ws/ros2_ws/install/key_event_msgs/local/lib/python3.10/dist-packages/key_event_msgs-0.0.0-py3.10.egg-info/dependency_links.txt
[1.215s] -- Installing: /home/kousei/HaruRobo2024_ws/ros2_ws/install/key_event_msgs/local/lib/python3.10/dist-packages/key_event_msgs-0.0.0-py3.10.egg-info/SOURCES.txt
[1.215s] -- Installing: /home/kousei/HaruRobo2024_ws/ros2_ws/install/key_event_msgs/local/lib/python3.10/dist-packages/key_event_msgs-0.0.0-py3.10.egg-info/top_level.txt
[1.215s] -- Installing: /home/kousei/HaruRobo2024_ws/ros2_ws/install/key_event_msgs/local/lib/python3.10/dist-packages/key_event_msgs-0.0.0-py3.10.egg-info/PKG-INFO
[1.216s] -- Up-to-date: /home/kousei/HaruRobo2024_ws/ros2_ws/install/key_event_msgs/local/lib/python3.10/dist-packages/key_event_msgs
[1.216s] -- Up-to-date: /home/kousei/HaruRobo2024_ws/ros2_ws/install/key_event_msgs/local/lib/python3.10/dist-packages/key_event_msgs/_key_event_msgs_s.ep.rosidl_typesupport_introspection_c.c
[1.216s] -- Up-to-date: /home/kousei/HaruRobo2024_ws/ros2_ws/install/key_event_msgs/local/lib/python3.10/dist-packages/key_event_msgs/__init__.py
[1.216s] -- Up-to-date: /home/kousei/HaruRobo2024_ws/ros2_ws/install/key_event_msgs/local/lib/python3.10/dist-packages/key_event_msgs/key_event_msgs_s__rosidl_typesupport_c.cpython-310-x86_64-linux-gnu.so
[1.216s] -- Up-to-date: /home/kousei/HaruRobo2024_ws/ros2_ws/install/key_event_msgs/local/lib/python3.10/dist-packages/key_event_msgs/_key_event_msgs_s.ep.rosidl_typesupport_c.c
[1.216s] -- Up-to-date: /home/kousei/HaruRobo2024_ws/ros2_ws/install/key_event_msgs/local/lib/python3.10/dist-packages/key_event_msgs/key_event_msgs_s__rosidl_typesupport_introspection_c.cpython-310-x86_64-linux-gnu.so
[1.216s] -- Up-to-date: /home/kousei/HaruRobo2024_ws/ros2_ws/install/key_event_msgs/local/lib/python3.10/dist-packages/key_event_msgs/_key_event_msgs_s.ep.rosidl_typesupport_fastrtps_c.c
[1.216s] -- Up-to-date: /home/kousei/HaruRobo2024_ws/ros2_ws/install/key_event_msgs/local/lib/python3.10/dist-packages/key_event_msgs/msg
[1.216s] -- Up-to-date: /home/kousei/HaruRobo2024_ws/ros2_ws/install/key_event_msgs/local/lib/python3.10/dist-packages/key_event_msgs/msg/__init__.py
[1.216s] -- Up-to-date: /home/kousei/HaruRobo2024_ws/ros2_ws/install/key_event_msgs/local/lib/python3.10/dist-packages/key_event_msgs/msg/_key_event_s.c
[1.216s] -- Up-to-date: /home/kousei/HaruRobo2024_ws/ros2_ws/install/key_event_msgs/local/lib/python3.10/dist-packages/key_event_msgs/msg/_key_event.py
[1.216s] -- Up-to-date: /home/kousei/HaruRobo2024_ws/ros2_ws/install/key_event_msgs/local/lib/python3.10/dist-packages/key_event_msgs/key_event_msgs_s__rosidl_typesupport_fastrtps_c.cpython-310-x86_64-linux-gnu.so
[1.216s] -- Up-to-date: /home/kousei/HaruRobo2024_ws/ros2_ws/install/key_event_msgs/local/lib/python3.10/dist-packages/key_event_msgs/libkey_event_msgs__rosidl_generator_py.so
[1.242s] Listing '/home/kousei/HaruRobo2024_ws/ros2_ws/install/key_event_msgs/local/lib/python3.10/dist-packages/key_event_msgs'...
[1.242s] Listing '/home/kousei/HaruRobo2024_ws/ros2_ws/install/key_event_msgs/local/lib/python3.10/dist-packages/key_event_msgs/msg'...
[1.251s] -- Up-to-date: /home/kousei/HaruRobo2024_ws/ros2_ws/install/key_event_msgs/local/lib/python3.10/dist-packages/key_event_msgs/key_event_msgs_s__rosidl_typesupport_fastrtps_c.cpython-310-x86_64-linux-gnu.so
[1.251s] -- Up-to-date: /home/kousei/HaruRobo2024_ws/ros2_ws/install/key_event_msgs/local/lib/python3.10/dist-packages/key_event_msgs/key_event_msgs_s__rosidl_typesupport_introspection_c.cpython-310-x86_64-linux-gnu.so
[1.251s] -- Up-to-date: /home/kousei/HaruRobo2024_ws/ros2_ws/install/key_event_msgs/local/lib/python3.10/dist-packages/key_event_msgs/key_event_msgs_s__rosidl_typesupport_c.cpython-310-x86_64-linux-gnu.so
[1.251s] -- Up-to-date: /home/kousei/HaruRobo2024_ws/ros2_ws/install/key_event_msgs/lib/libkey_event_msgs__rosidl_generator_py.so
[1.251s] -- Up-to-date: /home/kousei/HaruRobo2024_ws/ros2_ws/install/key_event_msgs/share/key_event_msgs/msg/KeyEvent.idl
[1.251s] -- Up-to-date: /home/kousei/HaruRobo2024_ws/ros2_ws/install/key_event_msgs/share/key_event_msgs/msg/KeyEvent.msg
[1.252s] -- Up-to-date: /home/kousei/HaruRobo2024_ws/ros2_ws/install/key_event_msgs/share/ament_index/resource_index/package_run_dependencies/key_event_msgs
[1.252s] -- Up-to-date: /home/kousei/HaruRobo2024_ws/ros2_ws/install/key_event_msgs/share/ament_index/resource_index/parent_prefix_path/key_event_msgs
[1.252s] -- Up-to-date: /home/kousei/HaruRobo2024_ws/ros2_ws/install/key_event_msgs/share/key_event_msgs/environment/ament_prefix_path.sh
[1.252s] -- Up-to-date: /home/kousei/HaruRobo2024_ws/ros2_ws/install/key_event_msgs/share/key_event_msgs/environment/ament_prefix_path.dsv
[1.252s] -- Up-to-date: /home/kousei/HaruRobo2024_ws/ros2_ws/install/key_event_msgs/share/key_event_msgs/environment/path.sh
[1.252s] -- Up-to-date: /home/kousei/HaruRobo2024_ws/ros2_ws/install/key_event_msgs/share/key_event_msgs/environment/path.dsv
[1.252s] -- Up-to-date: /home/kousei/HaruRobo2024_ws/ros2_ws/install/key_event_msgs/share/key_event_msgs/local_setup.bash
[1.252s] -- Up-to-date: /home/kousei/HaruRobo2024_ws/ros2_ws/install/key_event_msgs/share/key_event_msgs/local_setup.sh
[1.253s] -- Up-to-date: /home/kousei/HaruRobo2024_ws/ros2_ws/install/key_event_msgs/share/key_event_msgs/local_setup.zsh
[1.253s] -- Up-to-date: /home/kousei/HaruRobo2024_ws/ros2_ws/install/key_event_msgs/share/key_event_msgs/local_setup.dsv
[1.253s] -- Installing: /home/kousei/HaruRobo2024_ws/ros2_ws/install/key_event_msgs/share/key_event_msgs/package.dsv
[1.253s] -- Up-to-date: /home/kousei/HaruRobo2024_ws/ros2_ws/install/key_event_msgs/share/ament_index/resource_index/packages/key_event_msgs
[1.253s] -- Up-to-date: /home/kousei/HaruRobo2024_ws/ros2_ws/install/key_event_msgs/share/key_event_msgs/cmake/export_key_event_msgs__rosidl_generator_cExport.cmake
[1.254s] -- Up-to-date: /home/kousei/HaruRobo2024_ws/ros2_ws/install/key_event_msgs/share/key_event_msgs/cmake/export_key_event_msgs__rosidl_generator_cExport-noconfig.cmake
[1.254s] -- Up-to-date: /home/kousei/HaruRobo2024_ws/ros2_ws/install/key_event_msgs/share/key_event_msgs/cmake/export_key_event_msgs__rosidl_typesupport_fastrtps_cExport.cmake
[1.254s] -- Up-to-date: /home/kousei/HaruRobo2024_ws/ros2_ws/install/key_event_msgs/share/key_event_msgs/cmake/export_key_event_msgs__rosidl_typesupport_fastrtps_cExport-noconfig.cmake
[1.254s] -- Up-to-date: /home/kousei/HaruRobo2024_ws/ros2_ws/install/key_event_msgs/share/key_event_msgs/cmake/key_event_msgs__rosidl_typesupport_introspection_cExport.cmake
[1.254s] -- Up-to-date: /home/kousei/HaruRobo2024_ws/ros2_ws/install/key_event_msgs/share/key_event_msgs/cmake/key_event_msgs__rosidl_typesupport_introspection_cExport-noconfig.cmake
[1.254s] -- Up-to-date: /home/kousei/HaruRobo2024_ws/ros2_ws/install/key_event_msgs/share/key_event_msgs/cmake/key_event_msgs__rosidl_typesupport_cExport.cmake
[1.255s] -- Up-to-date: /home/kousei/HaruRobo2024_ws/ros2_ws/install/key_event_msgs/share/key_event_msgs/cmake/key_event_msgs__rosidl_typesupport_cExport-noconfig.cmake
[1.255s] -- Up-to-date: /home/kousei/HaruRobo2024_ws/ros2_ws/install/key_event_msgs/share/key_event_msgs/cmake/export_key_event_msgs__rosidl_generator_cppExport.cmake
[1.255s] -- Up-to-date: /home/kousei/HaruRobo2024_ws/ros2_ws/install/key_event_msgs/share/key_event_msgs/cmake/export_key_event_msgs__rosidl_typesupport_fastrtps_cppExport.cmake
[1.255s] -- Up-to-date: /home/kousei/HaruRobo2024_ws/ros2_ws/install/key_event_msgs/share/key_event_msgs/cmake/export_key_event_msgs__rosidl_typesupport_fastrtps_cppExport-noconfig.cmake
[1.255s] -- Up-to-date: /home/kousei/HaruRobo2024_ws/ros2_ws/install/key_event_msgs/share/key_event_msgs/cmake/key_event_msgs__rosidl_typesupport_introspection_cppExport.cmake
[1.255s] -- Up-to-date: /home/kousei/HaruRobo2024_ws/ros2_ws/install/key_event_msgs/share/key_event_msgs/cmake/key_event_msgs__rosidl_typesupport_introspection_cppExport-noconfig.cmake
[1.255s] -- Up-to-date: /home/kousei/HaruRobo2024_ws/ros2_ws/install/key_event_msgs/share/key_event_msgs/cmake/key_event_msgs__rosidl_typesupport_cppExport.cmake
[1.255s] -- Up-to-date: /home/kousei/HaruRobo2024_ws/ros2_ws/install/key_event_msgs/share/key_event_msgs/cmake/key_event_msgs__rosidl_typesupport_cppExport-noconfig.cmake
[1.256s] -- Up-to-date: /home/kousei/HaruRobo2024_ws/ros2_ws/install/key_event_msgs/share/key_event_msgs/cmake/export_key_event_msgs__rosidl_generator_pyExport.cmake
[1.256s] -- Up-to-date: /home/kousei/HaruRobo2024_ws/ros2_ws/install/key_event_msgs/share/key_event_msgs/cmake/export_key_event_msgs__rosidl_generator_pyExport-noconfig.cmake
[1.256s] -- Up-to-date: /home/kousei/HaruRobo2024_ws/ros2_ws/install/key_event_msgs/share/key_event_msgs/cmake/rosidl_cmake-extras.cmake
[1.256s] -- Up-to-date: /home/kousei/HaruRobo2024_ws/ros2_ws/install/key_event_msgs/share/key_event_msgs/cmake/ament_cmake_export_include_directories-extras.cmake
[1.256s] -- Up-to-date: /home/kousei/HaruRobo2024_ws/ros2_ws/install/key_event_msgs/share/key_event_msgs/cmake/ament_cmake_export_libraries-extras.cmake
[1.256s] -- Up-to-date: /home/kousei/HaruRobo2024_ws/ros2_ws/install/key_event_msgs/share/key_event_msgs/cmake/ament_cmake_export_targets-extras.cmake
[1.256s] -- Up-to-date: /home/kousei/HaruRobo2024_ws/ros2_ws/install/key_event_msgs/share/key_event_msgs/cmake/rosidl_cmake_export_typesupport_targets-extras.cmake
[1.257s] -- Up-to-date: /home/kousei/HaruRobo2024_ws/ros2_ws/install/key_event_msgs/share/key_event_msgs/cmake/ament_cmake_export_dependencies-extras.cmake
[1.257s] -- Up-to-date: /home/kousei/HaruRobo2024_ws/ros2_ws/install/key_event_msgs/share/key_event_msgs/cmake/rosidl_cmake_export_typesupport_libraries-extras.cmake
[1.257s] -- Up-to-date: /home/kousei/HaruRobo2024_ws/ros2_ws/install/key_event_msgs/share/key_event_msgs/cmake/key_event_msgsConfig.cmake
[1.257s] -- Up-to-date: /home/kousei/HaruRobo2024_ws/ros2_ws/install/key_event_msgs/share/key_event_msgs/cmake/key_event_msgsConfig-version.cmake
[1.257s] -- Up-to-date: /home/kousei/HaruRobo2024_ws/ros2_ws/install/key_event_msgs/share/key_event_msgs/package.xml
[1.257s] Invoked command in '/home/kousei/HaruRobo2024_ws/ros2_ws/build/key_event_msgs' returned '0': CMAKE_PREFIX_PATH=${CMAKE_PREFIX_PATH}:/opt/ros/humble /usr/bin/cmake --install /home/kousei/HaruRobo2024_ws/ros2_ws/build/key_event_msgs
