[100%] Built target bt_node
-- Install configuration: ""
-- Up-to-date: /home/kousei/HaruRobo2024_ws/ros2_ws/install/bt/share/bt//config
-- Up-to-date: /home/kousei/HaruRobo2024_ws/ros2_ws/install/bt/share/bt//config/HaruRobo_BT.xml
-- Up-to-date: /home/kousei/HaruRobo2024_ws/ros2_ws/install/bt/include
-- Up-to-date: /home/kousei/HaruRobo2024_ws/ros2_ws/install/bt/include/action_node.hpp
-- Up-to-date: /home/kousei/HaruRobo2024_ws/ros2_ws/install/bt/include/bt
-- Up-to-date: /home/kousei/HaruRobo2024_ws/ros2_ws/install/bt/include/catch_node.hpp
-- Up-to-date: /home/kousei/HaruRobo2024_ws/ros2_ws/install/bt/lib/bt/bt_node
-- Up-to-date: /home/kousei/HaruRobo2024_ws/ros2_ws/install/bt/share/ament_index/resource_index/package_run_dependencies/bt
-- Up-to-date: /home/kousei/HaruRobo2024_ws/ros2_ws/install/bt/share/ament_index/resource_index/parent_prefix_path/bt
-- Up-to-date: /home/kousei/HaruRobo2024_ws/ros2_ws/install/bt/share/bt/environment/ament_prefix_path.sh
-- Up-to-date: /home/kousei/HaruRobo2024_ws/ros2_ws/install/bt/share/bt/environment/ament_prefix_path.dsv
-- Up-to-date: /home/kousei/HaruRobo2024_ws/ros2_ws/install/bt/share/bt/environment/path.sh
-- Up-to-date: /home/kousei/HaruRobo2024_ws/ros2_ws/install/bt/share/bt/environment/path.dsv
-- Up-to-date: /home/kousei/HaruRobo2024_ws/ros2_ws/install/bt/share/bt/local_setup.bash
-- Up-to-date: /home/kousei/HaruRobo2024_ws/ros2_ws/install/bt/share/bt/local_setup.sh
-- Up-to-date: /home/kousei/HaruRobo2024_ws/ros2_ws/install/bt/share/bt/local_setup.zsh
-- Up-to-date: /home/kousei/HaruRobo2024_ws/ros2_ws/install/bt/share/bt/local_setup.dsv
-- Installing: /home/kousei/HaruRobo2024_ws/ros2_ws/install/bt/share/bt/package.dsv
-- Up-to-date: /home/kousei/HaruRobo2024_ws/ros2_ws/install/bt/share/ament_index/resource_index/packages/bt
-- Up-to-date: /home/kousei/HaruRobo2024_ws/ros2_ws/install/bt/share/bt/cmake/ament_cmake_export_dependencies-extras.cmake
-- Up-to-date: /home/kousei/HaruRobo2024_ws/ros2_ws/install/bt/share/bt/cmake/ament_cmake_export_include_directories-extras.cmake
-- Up-to-date: /home/kousei/HaruRobo2024_ws/ros2_ws/install/bt/share/bt/cmake/btConfig.cmake
-- Up-to-date: /home/kousei/HaruRobo2024_ws/ros2_ws/install/bt/share/bt/cmake/btConfig-version.cmake
-- Up-to-date: /home/kousei/HaruRobo2024_ws/ros2_ws/install/bt/share/bt/package.xml
