[0.051s] Invoking command in '/home/kousei/HaruRobo2024_ws/ros2_ws/build/omni_control': CMAKE_PREFIX_PATH=/home/kousei/HaruRobo2024_ws/ros2_ws/install/drive_msgs:/home/kousei/HaruRobo2024_ws/ros2_ws/install/urg_node2:/home/kousei/HaruRobo2024_ws/ros2_ws/install/path_following:/home/kousei/HaruRobo2024_ws/ros2_ws/install/omni_control:/home/kousei/HaruRobo2024_ws/ros2_ws/install/bt:/home/kousei/HaruRobo2024_ws/ros2_ws/install/manip:/home/kousei/HaruRobo2024_ws/ros2_ws/install/manip_msgs:/home/kousei/HaruRobo2024_ws/ros2_ws/install/key_event_nodes:/home/kousei/HaruRobo2024_ws/ros2_ws/install/key_event_msgs:/home/kousei/2DRoboPrac_ws/ros2_ws/install/urg_node2:/home/kousei/2DRoboPrac_ws/ros2_ws/install/omni_control:/home/kousei/2DRoboPrac_ws/ros2_ws/install/nav_real:/home/kousei/2DRoboPrac_ws/ros2_ws/install/nav_dev:/home/kousei/2DRoboPrac_ws/ros2_ws/install/key_event_nodes:/home/kousei/2DRoboPrac_ws/ros2_ws/install/key_event_msgs:/home/kousei/2DRoboPrac_ws/ros2_ws/install/drive_msgs:/opt/ros/humble LD_LIBRARY_PATH=/home/kousei/HaruRobo2024_ws/ros2_ws/install/drive_msgs/lib:/home/kousei/HaruRobo2024_ws/ros2_ws/install/urg_node2/lib:/home/kousei/HaruRobo2024_ws/ros2_ws/install/path_following/lib:/home/kousei/HaruRobo2024_ws/ros2_ws/install/manip/lib:/home/kousei/HaruRobo2024_ws/ros2_ws/install/manip_msgs/lib:/home/kousei/HaruRobo2024_ws/ros2_ws/install/key_event_nodes/lib:/home/kousei/HaruRobo2024_ws/ros2_ws/install/key_event_msgs/lib:/usr/local/lib:/usr/local/lib:/home/kousei/2DRoboPrac_ws/ros2_ws/install/urg_node2/lib:/home/kousei/2DRoboPrac_ws/ros2_ws/install/key_event_nodes/lib:/home/kousei/2DRoboPrac_ws/ros2_ws/install/key_event_msgs/lib:/home/kousei/2DRoboPrac_ws/ros2_ws/install/drive_msgs/lib:/usr/lib/x86_64-linux-gnu/gazebo-11/plugins:/opt/ros/humble/opt/rviz_ogre_vendor/lib:/opt/ros/humble/lib/x86_64-linux-gnu:/opt/ros/humble/lib /usr/bin/cmake --build /home/kousei/HaruRobo2024_ws/ros2_ws/build/omni_control -- -j16 -l16
[0.109s] [ 20%] Built target omni_states_node
[0.113s] [ 40%] Built target omni_joy_node
[0.143s] [ 60%] Built target omni_hardware_node
[0.152s] [100%] Built target omni_raspi_node
[0.153s] [100%] Built target omni_drive_node
[0.455s] Invoked command in '/home/kousei/HaruRobo2024_ws/ros2_ws/build/omni_control' returned '0': CMAKE_PREFIX_PATH=/home/kousei/HaruRobo2024_ws/ros2_ws/install/drive_msgs:/home/kousei/HaruRobo2024_ws/ros2_ws/install/urg_node2:/home/kousei/HaruRobo2024_ws/ros2_ws/install/path_following:/home/kousei/HaruRobo2024_ws/ros2_ws/install/omni_control:/home/kousei/HaruRobo2024_ws/ros2_ws/install/bt:/home/kousei/HaruRobo2024_ws/ros2_ws/install/manip:/home/kousei/HaruRobo2024_ws/ros2_ws/install/manip_msgs:/home/kousei/HaruRobo2024_ws/ros2_ws/install/key_event_nodes:/home/kousei/HaruRobo2024_ws/ros2_ws/install/key_event_msgs:/home/kousei/2DRoboPrac_ws/ros2_ws/install/urg_node2:/home/kousei/2DRoboPrac_ws/ros2_ws/install/omni_control:/home/kousei/2DRoboPrac_ws/ros2_ws/install/nav_real:/home/kousei/2DRoboPrac_ws/ros2_ws/install/nav_dev:/home/kousei/2DRoboPrac_ws/ros2_ws/install/key_event_nodes:/home/kousei/2DRoboPrac_ws/ros2_ws/install/key_event_msgs:/home/kousei/2DRoboPrac_ws/ros2_ws/install/drive_msgs:/opt/ros/humble LD_LIBRARY_PATH=/home/kousei/HaruRobo2024_ws/ros2_ws/install/drive_msgs/lib:/home/kousei/HaruRobo2024_ws/ros2_ws/install/urg_node2/lib:/home/kousei/HaruRobo2024_ws/ros2_ws/install/path_following/lib:/home/kousei/HaruRobo2024_ws/ros2_ws/install/manip/lib:/home/kousei/HaruRobo2024_ws/ros2_ws/install/manip_msgs/lib:/home/kousei/HaruRobo2024_ws/ros2_ws/install/key_event_nodes/lib:/home/kousei/HaruRobo2024_ws/ros2_ws/install/key_event_msgs/lib:/usr/local/lib:/usr/local/lib:/home/kousei/2DRoboPrac_ws/ros2_ws/install/urg_node2/lib:/home/kousei/2DRoboPrac_ws/ros2_ws/install/key_event_nodes/lib:/home/kousei/2DRoboPrac_ws/ros2_ws/install/key_event_msgs/lib:/home/kousei/2DRoboPrac_ws/ros2_ws/install/drive_msgs/lib:/usr/lib/x86_64-linux-gnu/gazebo-11/plugins:/opt/ros/humble/opt/rviz_ogre_vendor/lib:/opt/ros/humble/lib/x86_64-linux-gnu:/opt/ros/humble/lib /usr/bin/cmake --build /home/kousei/HaruRobo2024_ws/ros2_ws/build/omni_control -- -j16 -l16
[1.182s] Invoking command in '/home/kousei/HaruRobo2024_ws/ros2_ws/build/omni_control': CMAKE_PREFIX_PATH=/home/kousei/HaruRobo2024_ws/ros2_ws/install/drive_msgs:/home/kousei/HaruRobo2024_ws/ros2_ws/install/urg_node2:/home/kousei/HaruRobo2024_ws/ros2_ws/install/path_following:/home/kousei/HaruRobo2024_ws/ros2_ws/install/omni_control:/home/kousei/HaruRobo2024_ws/ros2_ws/install/bt:/home/kousei/HaruRobo2024_ws/ros2_ws/install/manip:/home/kousei/HaruRobo2024_ws/ros2_ws/install/manip_msgs:/home/kousei/HaruRobo2024_ws/ros2_ws/install/key_event_nodes:/home/kousei/HaruRobo2024_ws/ros2_ws/install/key_event_msgs:/home/kousei/2DRoboPrac_ws/ros2_ws/install/urg_node2:/home/kousei/2DRoboPrac_ws/ros2_ws/install/omni_control:/home/kousei/2DRoboPrac_ws/ros2_ws/install/nav_real:/home/kousei/2DRoboPrac_ws/ros2_ws/install/nav_dev:/home/kousei/2DRoboPrac_ws/ros2_ws/install/key_event_nodes:/home/kousei/2DRoboPrac_ws/ros2_ws/install/key_event_msgs:/home/kousei/2DRoboPrac_ws/ros2_ws/install/drive_msgs:/opt/ros/humble LD_LIBRARY_PATH=/home/kousei/HaruRobo2024_ws/ros2_ws/install/drive_msgs/lib:/home/kousei/HaruRobo2024_ws/ros2_ws/install/urg_node2/lib:/home/kousei/HaruRobo2024_ws/ros2_ws/install/path_following/lib:/home/kousei/HaruRobo2024_ws/ros2_ws/install/manip/lib:/home/kousei/HaruRobo2024_ws/ros2_ws/install/manip_msgs/lib:/home/kousei/HaruRobo2024_ws/ros2_ws/install/key_event_nodes/lib:/home/kousei/HaruRobo2024_ws/ros2_ws/install/key_event_msgs/lib:/usr/local/lib:/usr/local/lib:/home/kousei/2DRoboPrac_ws/ros2_ws/install/urg_node2/lib:/home/kousei/2DRoboPrac_ws/ros2_ws/install/key_event_nodes/lib:/home/kousei/2DRoboPrac_ws/ros2_ws/install/key_event_msgs/lib:/home/kousei/2DRoboPrac_ws/ros2_ws/install/drive_msgs/lib:/usr/lib/x86_64-linux-gnu/gazebo-11/plugins:/opt/ros/humble/opt/rviz_ogre_vendor/lib:/opt/ros/humble/lib/x86_64-linux-gnu:/opt/ros/humble/lib /usr/bin/cmake --install /home/kousei/HaruRobo2024_ws/ros2_ws/build/omni_control
[1.223s] -- Install configuration: ""
[1.225s] -- Up-to-date: /home/kousei/HaruRobo2024_ws/ros2_ws/install/omni_control/include
[1.226s] -- Up-to-date: /home/kousei/HaruRobo2024_ws/ros2_ws/install/omni_control/include/omni_control
[1.227s] -- Up-to-date: /home/kousei/HaruRobo2024_ws/ros2_ws/install/omni_control/lib/omni_control/omni_joy_node
[1.228s] -- Up-to-date: /home/kousei/HaruRobo2024_ws/ros2_ws/install/omni_control/lib/omni_control/omni_drive_node
[1.229s] -- Up-to-date: /home/kousei/HaruRobo2024_ws/ros2_ws/install/omni_control/lib/omni_control/omni_raspi_node
[1.231s] -- Up-to-date: /home/kousei/HaruRobo2024_ws/ros2_ws/install/omni_control/lib/omni_control/omni_hardware_node
[1.232s] -- Up-to-date: /home/kousei/HaruRobo2024_ws/ros2_ws/install/omni_control/lib/omni_control/omni_states_node
[1.233s] -- Up-to-date: /home/kousei/HaruRobo2024_ws/ros2_ws/install/omni_control/share/omni_control/config
[1.234s] -- Up-to-date: /home/kousei/HaruRobo2024_ws/ros2_ws/install/omni_control/share/omni_control/config/omni_teleop.rviz
[1.235s] -- Up-to-date: /home/kousei/HaruRobo2024_ws/ros2_ws/install/omni_control/share/omni_control/config/omni_params.yaml
[1.236s] -- Up-to-date: /home/kousei/HaruRobo2024_ws/ros2_ws/install/omni_control/share/omni_control/launch
[1.237s] -- Up-to-date: /home/kousei/HaruRobo2024_ws/ros2_ws/install/omni_control/share/omni_control/launch/omni_raspi.launch.py
[1.237s] -- Up-to-date: /home/kousei/HaruRobo2024_ws/ros2_ws/install/omni_control/share/omni_control/launch/omni_teleop.launch.py
[1.238s] -- Up-to-date: /home/kousei/HaruRobo2024_ws/ros2_ws/install/omni_control/share/ament_index/resource_index/package_run_dependencies/omni_control
[1.238s] -- Up-to-date: /home/kousei/HaruRobo2024_ws/ros2_ws/install/omni_control/share/ament_index/resource_index/parent_prefix_path/omni_control
[1.239s] -- Up-to-date: /home/kousei/HaruRobo2024_ws/ros2_ws/install/omni_control/share/omni_control/environment/ament_prefix_path.sh
[1.239s] -- Up-to-date: /home/kousei/HaruRobo2024_ws/ros2_ws/install/omni_control/share/omni_control/environment/ament_prefix_path.dsv
[1.240s] -- Up-to-date: /home/kousei/HaruRobo2024_ws/ros2_ws/install/omni_control/share/omni_control/environment/path.sh
[1.241s] -- Up-to-date: /home/kousei/HaruRobo2024_ws/ros2_ws/install/omni_control/share/omni_control/environment/path.dsv
[1.241s] -- Up-to-date: /home/kousei/HaruRobo2024_ws/ros2_ws/install/omni_control/share/omni_control/local_setup.bash
[1.242s] -- Up-to-date: /home/kousei/HaruRobo2024_ws/ros2_ws/install/omni_control/share/omni_control/local_setup.sh
[1.243s] -- Up-to-date: /home/kousei/HaruRobo2024_ws/ros2_ws/install/omni_control/share/omni_control/local_setup.zsh
[1.245s] -- Up-to-date: /home/kousei/HaruRobo2024_ws/ros2_ws/install/omni_control/share/omni_control/local_setup.dsv
[1.247s] -- Installing: /home/kousei/HaruRobo2024_ws/ros2_ws/install/omni_control/share/omni_control/package.dsv
[1.248s] -- Up-to-date: /home/kousei/HaruRobo2024_ws/ros2_ws/install/omni_control/share/ament_index/resource_index/packages/omni_control
[1.252s] -- Up-to-date: /home/kousei/HaruRobo2024_ws/ros2_ws/install/omni_control/share/omni_control/cmake/ament_cmake_export_dependencies-extras.cmake
[1.254s] -- Up-to-date: /home/kousei/HaruRobo2024_ws/ros2_ws/install/omni_control/share/omni_control/cmake/ament_cmake_export_include_directories-extras.cmake
[1.257s] -- Up-to-date: /home/kousei/HaruRobo2024_ws/ros2_ws/install/omni_control/share/omni_control/cmake/omni_controlConfig.cmake
[1.260s] -- Up-to-date: /home/kousei/HaruRobo2024_ws/ros2_ws/install/omni_control/share/omni_control/cmake/omni_controlConfig-version.cmake
[1.261s] -- Up-to-date: /home/kousei/HaruRobo2024_ws/ros2_ws/install/omni_control/share/omni_control/package.xml
[1.264s] Invoked command in '/home/kousei/HaruRobo2024_ws/ros2_ws/build/omni_control' returned '0': CMAKE_PREFIX_PATH=/home/kousei/HaruRobo2024_ws/ros2_ws/install/drive_msgs:/home/kousei/HaruRobo2024_ws/ros2_ws/install/urg_node2:/home/kousei/HaruRobo2024_ws/ros2_ws/install/path_following:/home/kousei/HaruRobo2024_ws/ros2_ws/install/omni_control:/home/kousei/HaruRobo2024_ws/ros2_ws/install/bt:/home/kousei/HaruRobo2024_ws/ros2_ws/install/manip:/home/kousei/HaruRobo2024_ws/ros2_ws/install/manip_msgs:/home/kousei/HaruRobo2024_ws/ros2_ws/install/key_event_nodes:/home/kousei/HaruRobo2024_ws/ros2_ws/install/key_event_msgs:/home/kousei/2DRoboPrac_ws/ros2_ws/install/urg_node2:/home/kousei/2DRoboPrac_ws/ros2_ws/install/omni_control:/home/kousei/2DRoboPrac_ws/ros2_ws/install/nav_real:/home/kousei/2DRoboPrac_ws/ros2_ws/install/nav_dev:/home/kousei/2DRoboPrac_ws/ros2_ws/install/key_event_nodes:/home/kousei/2DRoboPrac_ws/ros2_ws/install/key_event_msgs:/home/kousei/2DRoboPrac_ws/ros2_ws/install/drive_msgs:/opt/ros/humble LD_LIBRARY_PATH=/home/kousei/HaruRobo2024_ws/ros2_ws/install/drive_msgs/lib:/home/kousei/HaruRobo2024_ws/ros2_ws/install/urg_node2/lib:/home/kousei/HaruRobo2024_ws/ros2_ws/install/path_following/lib:/home/kousei/HaruRobo2024_ws/ros2_ws/install/manip/lib:/home/kousei/HaruRobo2024_ws/ros2_ws/install/manip_msgs/lib:/home/kousei/HaruRobo2024_ws/ros2_ws/install/key_event_nodes/lib:/home/kousei/HaruRobo2024_ws/ros2_ws/install/key_event_msgs/lib:/usr/local/lib:/usr/local/lib:/home/kousei/2DRoboPrac_ws/ros2_ws/install/urg_node2/lib:/home/kousei/2DRoboPrac_ws/ros2_ws/install/key_event_nodes/lib:/home/kousei/2DRoboPrac_ws/ros2_ws/install/key_event_msgs/lib:/home/kousei/2DRoboPrac_ws/ros2_ws/install/drive_msgs/lib:/usr/lib/x86_64-linux-gnu/gazebo-11/plugins:/opt/ros/humble/opt/rviz_ogre_vendor/lib:/opt/ros/humble/lib/x86_64-linux-gnu:/opt/ros/humble/lib /usr/bin/cmake --install /home/kousei/HaruRobo2024_ws/ros2_ws/build/omni_control
