[0.083s] Invoking command in '/home/kousei/HaruRobo2024_ws/ros2_ws/build/manip': CMAKE_PREFIX_PATH=${CMAKE_PREFIX_PATH}:/opt/ros/humble /usr/bin/cmake --build /home/kousei/HaruRobo2024_ws/ros2_ws/build/manip -- -j16 -l16
[0.099s] -- Found ament_cmake_auto: 1.3.6 (/opt/ros/humble/share/ament_cmake_auto/cmake)
[0.314s] -- Found rosidl_generator_c: 3.1.5 (/opt/ros/humble/share/rosidl_generator_c/cmake)
[0.315s] -- Found rosidl_adapter: 3.1.5 (/opt/ros/humble/share/rosidl_adapter/cmake)
[0.319s] -- Found rosidl_generator_cpp: 3.1.5 (/opt/ros/humble/share/rosidl_generator_cpp/cmake)
[0.327s] -- Using all available rosidl_typesupport_c: rosidl_typesupport_fastrtps_c;rosidl_typesupport_introspection_c
[0.337s] -- Using all available rosidl_typesupport_cpp: rosidl_typesupport_fastrtps_cpp;rosidl_typesupport_introspection_cpp
[0.374s] -- Found rmw_implementation_cmake: 6.1.1 (/opt/ros/humble/share/rmw_implementation_cmake/cmake)
[0.376s] -- Found rmw_fastrtps_cpp: 6.2.5 (/opt/ros/humble/share/rmw_fastrtps_cpp/cmake)
[0.467s] -- Using RMW implementation 'rmw_fastrtps_cpp' as default
[0.921s] -- Found ament_lint_auto: 0.12.9 (/opt/ros/humble/share/ament_lint_auto/cmake)
[1.094s] -- Found ament_cmake_ros: 0.10.0 (/opt/ros/humble/share/ament_cmake_ros/cmake)
[1.401s] -- Using all available rosidl_typesupport_c: rosidl_typesupport_fastrtps_c;rosidl_typesupport_introspection_c
[1.524s] -- Using all available rosidl_typesupport_cpp: rosidl_typesupport_fastrtps_cpp;rosidl_typesupport_introspection_cpp
[1.538s] -- Found python_cmake_module: 0.10.0 (/opt/ros/humble/share/python_cmake_module/cmake)
[1.552s] -- Using PYTHON_EXECUTABLE: /usr/bin/python3
[1.552s] -- Using PYTHON_INCLUDE_DIRS: /usr/include/python3.10
[1.552s] -- Using PYTHON_LIBRARIES: /usr/lib/x86_64-linux-gnu/libpython3.10.so
[1.604s] -- Added test 'cppcheck' to perform static code analysis on C / C++ code
[1.604s] -- Configured cppcheck include dirs: $<BUILD_INTERFACE:/home/kousei/HaruRobo2024_ws/ros2_ws/src/manip/include>
[1.605s] -- Configured cppcheck exclude dirs and/or files: 
[1.605s] -- Added test 'lint_cmake' to check CMake code style
[1.605s] -- Added test 'uncrustify' to check C / C++ code style
[1.606s] -- Configured uncrustify additional arguments: 
[1.606s] -- Added test 'xmllint' to check XML markup files
[1.608s] -- Configuring done
[1.645s] -- Generating done
[1.647s] -- Build files have been written to: /home/kousei/HaruRobo2024_ws/ros2_ws/build/manip
[1.671s] [35m[1mConsolidate compiler generated dependencies of target manip_control_node[0m
[1.671s] [35m[1mConsolidate compiler generated dependencies of target manip_joy_node[0m
[1.675s] [  2%] [32mBuilding CXX object CMakeFiles/action_server.dir/src/manip_control_node.cpp.o[0m
[1.675s] [35m[1mConsolidate compiler generated dependencies of target manip__rosidl_generator_c[0m
[1.675s] [  5%] Built target manip__cpp
[1.681s] [  7%] [32mBuilding CXX object CMakeFiles/action_client.dir/src/manip_joy_node.cpp.o[0m
[1.681s] [  7%] Built target ament_cmake_python_copy_manip
[1.683s] [35m[1mConsolidate compiler generated dependencies of target manip__rosidl_typesupport_cpp[0m
[1.685s] [35m[1mConsolidate compiler generated dependencies of target manip__rosidl_typesupport_introspection_cpp[0m
[1.686s] [ 10%] [32mBuilding CXX object CMakeFiles/manip_joy_node.dir/rclcpp_components/node_main_manip_joy_node.cpp.o[0m
[1.686s] [ 12%] [32mBuilding C object CMakeFiles/manip__rosidl_generator_c.dir/rosidl_generator_c/manip/action/detail/state__functions.c.o[0m
[1.687s] [35m[1mConsolidate compiler generated dependencies of target manip__rosidl_typesupport_fastrtps_cpp[0m
[1.688s] [ 15%] [32mBuilding CXX object CMakeFiles/manip_control_node.dir/rclcpp_components/node_main_manip_control_node.cpp.o[0m
[1.693s] [ 17%] [32m[1mLinking CXX shared library libmanip__rosidl_typesupport_cpp.so[0m
[1.697s] [ 20%] [32m[1mLinking CXX shared library libmanip__rosidl_typesupport_introspection_cpp.so[0m
[1.700s] [ 23%] [32m[1mLinking CXX shared library libmanip__rosidl_typesupport_fastrtps_cpp.so[0m
[1.736s] [ 28%] Built target manip__rosidl_typesupport_cpp
[1.760s] [ 33%] Built target manip__rosidl_typesupport_introspection_cpp
[1.776s] [ 38%] Built target manip__rosidl_typesupport_fastrtps_cpp
[1.805s] [01m[K/home/kousei/HaruRobo2024_ws/ros2_ws/src/manip/src/manip_control_node.cpp:5:10:[m[K [01;31m[Kfatal error: [m[Kmanip/msg/cmd.hpp: そのようなファイルやディレクトリはありません
[1.805s]     5 | #include [01;31m[K"manip/msg/cmd.hpp"[m[K
[1.805s]       |          [01;31m[K^~~~~~~~~~~~~~~~~~~[m[K
[1.805s] compilation terminated.
[1.807s] gmake[2]: *** [CMakeFiles/action_server.dir/build.make:76: CMakeFiles/action_server.dir/src/manip_control_node.cpp.o] エラー 1
[1.807s] gmake[1]: *** [CMakeFiles/Makefile2:598: CMakeFiles/action_server.dir/all] エラー 2
[1.807s] gmake[1]: *** 未完了のジョブを待っています....
[1.818s] [01m[K/home/kousei/HaruRobo2024_ws/ros2_ws/src/manip/src/manip_joy_node.cpp:8:10:[m[K [01;31m[Kfatal error: [m[Kmanip/action/state.hpp: そのようなファイルやディレクトリはありません
[1.818s]     8 | #include [01;31m[K"manip/action/state.hpp"[m[K
[1.818s]       |          [01;31m[K^~~~~~~~~~~~~~~~~~~~~~~~[m[K
[1.819s] compilation terminated.
[1.819s] [ 41%] [32m[1mLinking C shared library libmanip__rosidl_generator_c.so[0m
[1.821s] gmake[2]: *** [CMakeFiles/action_client.dir/build.make:76: CMakeFiles/action_client.dir/src/manip_joy_node.cpp.o] エラー 1
[1.821s] gmake[1]: *** [CMakeFiles/Makefile2:650: CMakeFiles/action_client.dir/all] エラー 2
[1.850s] [ 43%] Built target manip__rosidl_generator_c
[1.911s] running egg_info
[1.911s] writing manip.egg-info/PKG-INFO
[1.911s] writing dependency_links to manip.egg-info/dependency_links.txt
[1.911s] writing top-level names to manip.egg-info/top_level.txt
[1.913s] reading manifest file 'manip.egg-info/SOURCES.txt'
[1.913s] writing manifest file 'manip.egg-info/SOURCES.txt'
[1.932s] [ 43%] Built target ament_cmake_python_build_manip_egg
[3.471s] [ 46%] [32m[1mLinking CXX executable manip_control_node[0m
[3.494s] [ 48%] [32m[1mLinking CXX executable manip_joy_node[0m
[3.544s] [ 48%] Built target manip_control_node
[3.571s] [ 48%] Built target manip_joy_node
[3.572s] gmake: *** [Makefile:146: all] エラー 2
[3.574s] Invoked command in '/home/kousei/HaruRobo2024_ws/ros2_ws/build/manip' returned '2': CMAKE_PREFIX_PATH=${CMAKE_PREFIX_PATH}:/opt/ros/humble /usr/bin/cmake --build /home/kousei/HaruRobo2024_ws/ros2_ws/build/manip -- -j16 -l16
