-- The C compiler identification is GNU 11.4.0
-- The CXX compiler identification is GNU 11.4.0
-- Detecting C compiler ABI info
-- Detecting C compiler ABI info - done
-- Check for working C compiler: /usr/bin/cc - skipped
-- Detecting C compile features
-- Detecting C compile features - done
-- Detecting CXX compiler ABI info
-- Detecting CXX compiler ABI info - done
-- Check for working CXX compiler: /usr/bin/c++ - skipped
-- Detecting CXX compile features
-- Detecting CXX compile features - done
-- Found ament_cmake_auto: 1.3.7 (/opt/ros/humble/share/ament_cmake_auto/cmake)
-- Found Python3: /usr/bin/python3.10 (found version "3.10.12") found components: Interpreter 
-- Found rosidl_generator_c: 3.1.5 (/opt/ros/humble/share/rosidl_generator_c/cmake)
-- Found rosidl_adapter: 3.1.5 (/opt/ros/humble/share/rosidl_adapter/cmake)
-- Found rosidl_generator_cpp: 3.1.5 (/opt/ros/humble/share/rosidl_generator_cpp/cmake)
-- Using all available rosidl_typesupport_c: rosidl_typesupport_fastrtps_c;rosidl_typesupport_introspection_c
-- Using all available rosidl_typesupport_cpp: rosidl_typesupport_fastrtps_cpp;rosidl_typesupport_introspection_cpp
-- Found rmw_implementation_cmake: 6.1.1 (/opt/ros/humble/share/rmw_implementation_cmake/cmake)
-- Found rmw_fastrtps_cpp: 6.2.6 (/opt/ros/humble/share/rmw_fastrtps_cpp/cmake)
-- Found OpenSSL: /usr/lib/x86_64-linux-gnu/libcrypto.so (found version "3.0.2")  
-- Found FastRTPS: /opt/ros/humble/include  
-- Using RMW implementation 'rmw_fastrtps_cpp' as default
-- Looking for pthread.h
-- Looking for pthread.h - found
-- Performing Test CMAKE_HAVE_LIBC_PTHREAD
-- Performing Test CMAKE_HAVE_LIBC_PTHREAD - Success
-- Found Threads: TRUE  
-- Found ament_lint_auto: 0.12.10 (/opt/ros/humble/share/ament_lint_auto/cmake)
-- Added test 'cppcheck' to perform static code analysis on C / C++ code
-- Configured cppcheck include dirs: /home/kousei/HaruRobo2024_ws/ros2_ws/src/bt/include
-- Configured cppcheck exclude dirs and/or files: 
-- Added test 'lint_cmake' to check CMake code style
-- Added test 'uncrustify' to check C / C++ code style
-- Configured uncrustify additional arguments: 
-- Added test 'xmllint' to check XML markup files
-- Configuring done
-- Generating done
-- Build files have been written to: /home/kousei/HaruRobo2024_ws/ros2_ws/build/bt
[35m[1mConsolidate compiler generated dependencies of target bt_node[0m
[100%] Built target bt_node
-- Install configuration: ""
-- Up-to-date: /home/kousei/HaruRobo2024_ws/ros2_ws/install/bt/share/bt//config
-- Up-to-date: /home/kousei/HaruRobo2024_ws/ros2_ws/install/bt/share/bt//config/HaruRobo_BT.xml
-- Up-to-date: /home/kousei/HaruRobo2024_ws/ros2_ws/install/bt/include
-- Up-to-date: /home/kousei/HaruRobo2024_ws/ros2_ws/install/bt/include/action_node.hpp
-- Up-to-date: /home/kousei/HaruRobo2024_ws/ros2_ws/install/bt/include/bt
-- Up-to-date: /home/kousei/HaruRobo2024_ws/ros2_ws/install/bt/include/catch_node.hpp
-- Up-to-date: /home/kousei/HaruRobo2024_ws/ros2_ws/install/bt/lib/bt/bt_node
-- Up-to-date: /home/kousei/HaruRobo2024_ws/ros2_ws/install/bt/share/ament_index/resource_index/package_run_dependencies/bt
-- Up-to-date: /home/kousei/HaruRobo2024_ws/ros2_ws/install/bt/share/ament_index/resource_index/parent_prefix_path/bt
-- Up-to-date: /home/kousei/HaruRobo2024_ws/ros2_ws/install/bt/share/bt/environment/ament_prefix_path.sh
-- Installing: /home/kousei/HaruRobo2024_ws/ros2_ws/install/bt/share/bt/environment/ament_prefix_path.dsv
-- Up-to-date: /home/kousei/HaruRobo2024_ws/ros2_ws/install/bt/share/bt/environment/path.sh
-- Installing: /home/kousei/HaruRobo2024_ws/ros2_ws/install/bt/share/bt/environment/path.dsv
-- Up-to-date: /home/kousei/HaruRobo2024_ws/ros2_ws/install/bt/share/bt/local_setup.bash
-- Up-to-date: /home/kousei/HaruRobo2024_ws/ros2_ws/install/bt/share/bt/local_setup.sh
-- Up-to-date: /home/kousei/HaruRobo2024_ws/ros2_ws/install/bt/share/bt/local_setup.zsh
-- Installing: /home/kousei/HaruRobo2024_ws/ros2_ws/install/bt/share/bt/local_setup.dsv
-- Installing: /home/kousei/HaruRobo2024_ws/ros2_ws/install/bt/share/bt/package.dsv
-- Up-to-date: /home/kousei/HaruRobo2024_ws/ros2_ws/install/bt/share/ament_index/resource_index/packages/bt
-- Up-to-date: /home/kousei/HaruRobo2024_ws/ros2_ws/install/bt/share/bt/cmake/ament_cmake_export_dependencies-extras.cmake
-- Up-to-date: /home/kousei/HaruRobo2024_ws/ros2_ws/install/bt/share/bt/cmake/ament_cmake_export_include_directories-extras.cmake
-- Up-to-date: /home/kousei/HaruRobo2024_ws/ros2_ws/install/bt/share/bt/cmake/btConfig.cmake
-- Up-to-date: /home/kousei/HaruRobo2024_ws/ros2_ws/install/bt/share/bt/cmake/btConfig-version.cmake
-- Up-to-date: /home/kousei/HaruRobo2024_ws/ros2_ws/install/bt/share/bt/package.xml
