[0.078s] Invoking command in '/home/kousei/HaruRobo2024_ws/ros2_ws/build/bt': AMENT_PREFIX_PATH=/home/kousei/HaruRobo2024_ws/ros2_ws/install/manip:/home/kousei/HaruRobo2024_ws/ros2_ws/install/manip_msgs:${AMENT_PREFIX_PATH} CMAKE_PREFIX_PATH=/home/kousei/HaruRobo2024_ws/ros2_ws/install/manip:/home/kousei/HaruRobo2024_ws/ros2_ws/install/manip_msgs:/home/kousei/2DRoboPrac_ws/ros2_ws/install/urg_node2:/home/kousei/2DRoboPrac_ws/ros2_ws/install/omni_control:/home/kousei/2DRoboPrac_ws/ros2_ws/install/nav_real:/home/kousei/2DRoboPrac_ws/ros2_ws/install/nav_dev:/home/kousei/2DRoboPrac_ws/ros2_ws/install/key_event_nodes:/home/kousei/2DRoboPrac_ws/ros2_ws/install/key_event_msgs:/home/kousei/2DRoboPrac_ws/ros2_ws/install/drive_msgs:/opt/ros/humble LD_LIBRARY_PATH=/home/kousei/HaruRobo2024_ws/ros2_ws/install/manip/lib:/home/kousei/HaruRobo2024_ws/ros2_ws/install/manip_msgs/lib:${LD_LIBRARY_PATH} PYTHONPATH=/home/kousei/HaruRobo2024_ws/ros2_ws/install/manip/local/lib/python3.10/dist-packages:/home/kousei/HaruRobo2024_ws/ros2_ws/install/manip_msgs/local/lib/python3.10/dist-packages:${PYTHONPATH} /usr/bin/cmake /home/kousei/HaruRobo2024_ws/ros2_ws/src/bt -DCMAKE_INSTALL_PREFIX=/home/kousei/HaruRobo2024_ws/ros2_ws/install/bt
[0.115s] -- The C compiler identification is GNU 11.4.0
[0.156s] -- The CXX compiler identification is GNU 11.4.0
[0.162s] -- Detecting C compiler ABI info
[0.207s] -- Detecting C compiler ABI info - done
[0.212s] -- Check for working C compiler: /usr/bin/cc - skipped
[0.213s] -- Detecting C compile features
[0.213s] -- Detecting C compile features - done
[0.215s] -- Detecting CXX compiler ABI info
[0.266s] -- Detecting CXX compiler ABI info - done
[0.271s] -- Check for working CXX compiler: /usr/bin/c++ - skipped
[0.271s] -- Detecting CXX compile features
[0.272s] -- Detecting CXX compile features - done
[0.274s] -- Found ament_cmake_auto: 1.3.7 (/opt/ros/humble/share/ament_cmake_auto/cmake)
[0.400s] -- Found Python3: /usr/bin/python3.10 (found version "3.10.12") found components: Interpreter 
[0.576s] -- Found rosidl_generator_c: 3.1.5 (/opt/ros/humble/share/rosidl_generator_c/cmake)
[0.581s] -- Found rosidl_adapter: 3.1.5 (/opt/ros/humble/share/rosidl_adapter/cmake)
[0.588s] -- Found rosidl_generator_cpp: 3.1.5 (/opt/ros/humble/share/rosidl_generator_cpp/cmake)
[0.601s] -- Using all available rosidl_typesupport_c: rosidl_typesupport_fastrtps_c;rosidl_typesupport_introspection_c
[0.616s] -- Using all available rosidl_typesupport_cpp: rosidl_typesupport_fastrtps_cpp;rosidl_typesupport_introspection_cpp
[0.669s] -- Found rmw_implementation_cmake: 6.1.1 (/opt/ros/humble/share/rmw_implementation_cmake/cmake)
[0.672s] -- Found rmw_fastrtps_cpp: 6.2.6 (/opt/ros/humble/share/rmw_fastrtps_cpp/cmake)
[0.744s] -- Found OpenSSL: /usr/lib/x86_64-linux-gnu/libcrypto.so (found version "3.0.2")  
[0.764s] -- Found FastRTPS: /opt/ros/humble/include  
[0.800s] -- Using RMW implementation 'rmw_fastrtps_cpp' as default
[0.808s] -- Looking for pthread.h
[0.855s] -- Looking for pthread.h - found
[0.855s] -- Performing Test CMAKE_HAVE_LIBC_PTHREAD
[0.915s] -- Performing Test CMAKE_HAVE_LIBC_PTHREAD - Success
[0.916s] -- Found Threads: TRUE  
[1.841s] -- Found ament_lint_auto: 0.12.10 (/opt/ros/humble/share/ament_lint_auto/cmake)
[1.862s] -- Added test 'cppcheck' to perform static code analysis on C / C++ code
[1.862s] -- Configured cppcheck include dirs: /home/kousei/HaruRobo2024_ws/ros2_ws/src/bt/include
[1.862s] -- Configured cppcheck exclude dirs and/or files: 
[1.862s] -- Added test 'lint_cmake' to check CMake code style
[1.863s] -- Added test 'uncrustify' to check C / C++ code style
[1.863s] -- Configured uncrustify additional arguments: 
[1.863s] -- Added test 'xmllint' to check XML markup files
[1.865s] -- Configuring done
[1.875s] -- Generating done
[1.876s] -- Build files have been written to: /home/kousei/HaruRobo2024_ws/ros2_ws/build/bt
[1.885s] Invoked command in '/home/kousei/HaruRobo2024_ws/ros2_ws/build/bt' returned '0': AMENT_PREFIX_PATH=/home/kousei/HaruRobo2024_ws/ros2_ws/install/manip:/home/kousei/HaruRobo2024_ws/ros2_ws/install/manip_msgs:${AMENT_PREFIX_PATH} CMAKE_PREFIX_PATH=/home/kousei/HaruRobo2024_ws/ros2_ws/install/manip:/home/kousei/HaruRobo2024_ws/ros2_ws/install/manip_msgs:/home/kousei/2DRoboPrac_ws/ros2_ws/install/urg_node2:/home/kousei/2DRoboPrac_ws/ros2_ws/install/omni_control:/home/kousei/2DRoboPrac_ws/ros2_ws/install/nav_real:/home/kousei/2DRoboPrac_ws/ros2_ws/install/nav_dev:/home/kousei/2DRoboPrac_ws/ros2_ws/install/key_event_nodes:/home/kousei/2DRoboPrac_ws/ros2_ws/install/key_event_msgs:/home/kousei/2DRoboPrac_ws/ros2_ws/install/drive_msgs:/opt/ros/humble LD_LIBRARY_PATH=/home/kousei/HaruRobo2024_ws/ros2_ws/install/manip/lib:/home/kousei/HaruRobo2024_ws/ros2_ws/install/manip_msgs/lib:${LD_LIBRARY_PATH} PYTHONPATH=/home/kousei/HaruRobo2024_ws/ros2_ws/install/manip/local/lib/python3.10/dist-packages:/home/kousei/HaruRobo2024_ws/ros2_ws/install/manip_msgs/local/lib/python3.10/dist-packages:${PYTHONPATH} /usr/bin/cmake /home/kousei/HaruRobo2024_ws/ros2_ws/src/bt -DCMAKE_INSTALL_PREFIX=/home/kousei/HaruRobo2024_ws/ros2_ws/install/bt
[1.886s] Invoking command in '/home/kousei/HaruRobo2024_ws/ros2_ws/build/bt': AMENT_PREFIX_PATH=/home/kousei/HaruRobo2024_ws/ros2_ws/install/manip:/home/kousei/HaruRobo2024_ws/ros2_ws/install/manip_msgs:${AMENT_PREFIX_PATH} CMAKE_PREFIX_PATH=/home/kousei/HaruRobo2024_ws/ros2_ws/install/manip:/home/kousei/HaruRobo2024_ws/ros2_ws/install/manip_msgs:/home/kousei/2DRoboPrac_ws/ros2_ws/install/urg_node2:/home/kousei/2DRoboPrac_ws/ros2_ws/install/omni_control:/home/kousei/2DRoboPrac_ws/ros2_ws/install/nav_real:/home/kousei/2DRoboPrac_ws/ros2_ws/install/nav_dev:/home/kousei/2DRoboPrac_ws/ros2_ws/install/key_event_nodes:/home/kousei/2DRoboPrac_ws/ros2_ws/install/key_event_msgs:/home/kousei/2DRoboPrac_ws/ros2_ws/install/drive_msgs:/opt/ros/humble LD_LIBRARY_PATH=/home/kousei/HaruRobo2024_ws/ros2_ws/install/manip/lib:/home/kousei/HaruRobo2024_ws/ros2_ws/install/manip_msgs/lib:${LD_LIBRARY_PATH} PYTHONPATH=/home/kousei/HaruRobo2024_ws/ros2_ws/install/manip/local/lib/python3.10/dist-packages:/home/kousei/HaruRobo2024_ws/ros2_ws/install/manip_msgs/local/lib/python3.10/dist-packages:${PYTHONPATH} /usr/bin/cmake --build /home/kousei/HaruRobo2024_ws/ros2_ws/build/bt -- -j16 -l16
[1.915s] [35m[1mConsolidate compiler generated dependencies of target bt_node[0m
[1.929s] [100%] Built target bt_node
[1.937s] Invoked command in '/home/kousei/HaruRobo2024_ws/ros2_ws/build/bt' returned '0': AMENT_PREFIX_PATH=/home/kousei/HaruRobo2024_ws/ros2_ws/install/manip:/home/kousei/HaruRobo2024_ws/ros2_ws/install/manip_msgs:${AMENT_PREFIX_PATH} CMAKE_PREFIX_PATH=/home/kousei/HaruRobo2024_ws/ros2_ws/install/manip:/home/kousei/HaruRobo2024_ws/ros2_ws/install/manip_msgs:/home/kousei/2DRoboPrac_ws/ros2_ws/install/urg_node2:/home/kousei/2DRoboPrac_ws/ros2_ws/install/omni_control:/home/kousei/2DRoboPrac_ws/ros2_ws/install/nav_real:/home/kousei/2DRoboPrac_ws/ros2_ws/install/nav_dev:/home/kousei/2DRoboPrac_ws/ros2_ws/install/key_event_nodes:/home/kousei/2DRoboPrac_ws/ros2_ws/install/key_event_msgs:/home/kousei/2DRoboPrac_ws/ros2_ws/install/drive_msgs:/opt/ros/humble LD_LIBRARY_PATH=/home/kousei/HaruRobo2024_ws/ros2_ws/install/manip/lib:/home/kousei/HaruRobo2024_ws/ros2_ws/install/manip_msgs/lib:${LD_LIBRARY_PATH} PYTHONPATH=/home/kousei/HaruRobo2024_ws/ros2_ws/install/manip/local/lib/python3.10/dist-packages:/home/kousei/HaruRobo2024_ws/ros2_ws/install/manip_msgs/local/lib/python3.10/dist-packages:${PYTHONPATH} /usr/bin/cmake --build /home/kousei/HaruRobo2024_ws/ros2_ws/build/bt -- -j16 -l16
[1.955s] Invoking command in '/home/kousei/HaruRobo2024_ws/ros2_ws/build/bt': AMENT_PREFIX_PATH=/home/kousei/HaruRobo2024_ws/ros2_ws/install/manip:/home/kousei/HaruRobo2024_ws/ros2_ws/install/manip_msgs:${AMENT_PREFIX_PATH} CMAKE_PREFIX_PATH=/home/kousei/HaruRobo2024_ws/ros2_ws/install/manip:/home/kousei/HaruRobo2024_ws/ros2_ws/install/manip_msgs:/home/kousei/2DRoboPrac_ws/ros2_ws/install/urg_node2:/home/kousei/2DRoboPrac_ws/ros2_ws/install/omni_control:/home/kousei/2DRoboPrac_ws/ros2_ws/install/nav_real:/home/kousei/2DRoboPrac_ws/ros2_ws/install/nav_dev:/home/kousei/2DRoboPrac_ws/ros2_ws/install/key_event_nodes:/home/kousei/2DRoboPrac_ws/ros2_ws/install/key_event_msgs:/home/kousei/2DRoboPrac_ws/ros2_ws/install/drive_msgs:/opt/ros/humble LD_LIBRARY_PATH=/home/kousei/HaruRobo2024_ws/ros2_ws/install/manip/lib:/home/kousei/HaruRobo2024_ws/ros2_ws/install/manip_msgs/lib:${LD_LIBRARY_PATH} PYTHONPATH=/home/kousei/HaruRobo2024_ws/ros2_ws/install/manip/local/lib/python3.10/dist-packages:/home/kousei/HaruRobo2024_ws/ros2_ws/install/manip_msgs/local/lib/python3.10/dist-packages:${PYTHONPATH} /usr/bin/cmake --install /home/kousei/HaruRobo2024_ws/ros2_ws/build/bt
[1.960s] -- Install configuration: ""
[1.960s] -- Up-to-date: /home/kousei/HaruRobo2024_ws/ros2_ws/install/bt/share/bt//config
[1.960s] -- Up-to-date: /home/kousei/HaruRobo2024_ws/ros2_ws/install/bt/share/bt//config/HaruRobo_BT.xml
[1.960s] -- Up-to-date: /home/kousei/HaruRobo2024_ws/ros2_ws/install/bt/include
[1.960s] -- Up-to-date: /home/kousei/HaruRobo2024_ws/ros2_ws/install/bt/include/action_node.hpp
[1.960s] -- Up-to-date: /home/kousei/HaruRobo2024_ws/ros2_ws/install/bt/include/bt
[1.960s] -- Up-to-date: /home/kousei/HaruRobo2024_ws/ros2_ws/install/bt/include/catch_node.hpp
[1.961s] -- Up-to-date: /home/kousei/HaruRobo2024_ws/ros2_ws/install/bt/lib/bt/bt_node
[1.961s] -- Up-to-date: /home/kousei/HaruRobo2024_ws/ros2_ws/install/bt/share/ament_index/resource_index/package_run_dependencies/bt
[1.961s] -- Up-to-date: /home/kousei/HaruRobo2024_ws/ros2_ws/install/bt/share/ament_index/resource_index/parent_prefix_path/bt
[1.961s] -- Up-to-date: /home/kousei/HaruRobo2024_ws/ros2_ws/install/bt/share/bt/environment/ament_prefix_path.sh
[1.961s] -- Installing: /home/kousei/HaruRobo2024_ws/ros2_ws/install/bt/share/bt/environment/ament_prefix_path.dsv
[1.961s] -- Up-to-date: /home/kousei/HaruRobo2024_ws/ros2_ws/install/bt/share/bt/environment/path.sh
[1.961s] -- Installing: /home/kousei/HaruRobo2024_ws/ros2_ws/install/bt/share/bt/environment/path.dsv
[1.961s] -- Up-to-date: /home/kousei/HaruRobo2024_ws/ros2_ws/install/bt/share/bt/local_setup.bash
[1.961s] -- Up-to-date: /home/kousei/HaruRobo2024_ws/ros2_ws/install/bt/share/bt/local_setup.sh
[1.961s] -- Up-to-date: /home/kousei/HaruRobo2024_ws/ros2_ws/install/bt/share/bt/local_setup.zsh
[1.961s] -- Installing: /home/kousei/HaruRobo2024_ws/ros2_ws/install/bt/share/bt/local_setup.dsv
[1.961s] -- Installing: /home/kousei/HaruRobo2024_ws/ros2_ws/install/bt/share/bt/package.dsv
[1.962s] -- Up-to-date: /home/kousei/HaruRobo2024_ws/ros2_ws/install/bt/share/ament_index/resource_index/packages/bt
[1.962s] -- Up-to-date: /home/kousei/HaruRobo2024_ws/ros2_ws/install/bt/share/bt/cmake/ament_cmake_export_dependencies-extras.cmake
[1.962s] -- Up-to-date: /home/kousei/HaruRobo2024_ws/ros2_ws/install/bt/share/bt/cmake/ament_cmake_export_include_directories-extras.cmake
[1.962s] -- Up-to-date: /home/kousei/HaruRobo2024_ws/ros2_ws/install/bt/share/bt/cmake/btConfig.cmake
[1.963s] -- Up-to-date: /home/kousei/HaruRobo2024_ws/ros2_ws/install/bt/share/bt/cmake/btConfig-version.cmake
[1.963s] -- Up-to-date: /home/kousei/HaruRobo2024_ws/ros2_ws/install/bt/share/bt/package.xml
[1.963s] Invoked command in '/home/kousei/HaruRobo2024_ws/ros2_ws/build/bt' returned '0': AMENT_PREFIX_PATH=/home/kousei/HaruRobo2024_ws/ros2_ws/install/manip:/home/kousei/HaruRobo2024_ws/ros2_ws/install/manip_msgs:${AMENT_PREFIX_PATH} CMAKE_PREFIX_PATH=/home/kousei/HaruRobo2024_ws/ros2_ws/install/manip:/home/kousei/HaruRobo2024_ws/ros2_ws/install/manip_msgs:/home/kousei/2DRoboPrac_ws/ros2_ws/install/urg_node2:/home/kousei/2DRoboPrac_ws/ros2_ws/install/omni_control:/home/kousei/2DRoboPrac_ws/ros2_ws/install/nav_real:/home/kousei/2DRoboPrac_ws/ros2_ws/install/nav_dev:/home/kousei/2DRoboPrac_ws/ros2_ws/install/key_event_nodes:/home/kousei/2DRoboPrac_ws/ros2_ws/install/key_event_msgs:/home/kousei/2DRoboPrac_ws/ros2_ws/install/drive_msgs:/opt/ros/humble LD_LIBRARY_PATH=/home/kousei/HaruRobo2024_ws/ros2_ws/install/manip/lib:/home/kousei/HaruRobo2024_ws/ros2_ws/install/manip_msgs/lib:${LD_LIBRARY_PATH} PYTHONPATH=/home/kousei/HaruRobo2024_ws/ros2_ws/install/manip/local/lib/python3.10/dist-packages:/home/kousei/HaruRobo2024_ws/ros2_ws/install/manip_msgs/local/lib/python3.10/dist-packages:${PYTHONPATH} /usr/bin/cmake --install /home/kousei/HaruRobo2024_ws/ros2_ws/build/bt
