[0.044s] Invoking command in '/home/kousei/HaruRobo2024_ws/ros2_ws/build/omni_control': AMENT_PREFIX_PATH=/home/kousei/HaruRobo2024_ws/ros2_ws/install/drive_msgs:${AMENT_PREFIX_PATH} CMAKE_PREFIX_PATH=/home/kousei/HaruRobo2024_ws/ros2_ws/install/drive_msgs:/home/kousei/2DRoboPrac_ws/ros2_ws/install/urg_node2:/home/kousei/2DRoboPrac_ws/ros2_ws/install/omni_control:/home/kousei/2DRoboPrac_ws/ros2_ws/install/nav_real:/home/kousei/2DRoboPrac_ws/ros2_ws/install/nav_dev:/home/kousei/2DRoboPrac_ws/ros2_ws/install/key_event_nodes:/home/kousei/2DRoboPrac_ws/ros2_ws/install/key_event_msgs:/home/kousei/2DRoboPrac_ws/ros2_ws/install/drive_msgs:/opt/ros/humble LD_LIBRARY_PATH=/home/kousei/HaruRobo2024_ws/ros2_ws/install/drive_msgs/lib:${LD_LIBRARY_PATH} PYTHONPATH=/home/kousei/HaruRobo2024_ws/ros2_ws/install/drive_msgs/local/lib/python3.10/dist-packages:${PYTHONPATH} /usr/bin/cmake --build /home/kousei/HaruRobo2024_ws/ros2_ws/build/omni_control -- -j16 -l16
[0.090s] [ 20%] Built target omni_joy_node
[0.095s] [ 40%] Built target omni_drive_node
[0.095s] [ 60%] Built target omni_hardware_node
[0.095s] [ 80%] Built target omni_states_node
[0.096s] [100%] Built target omni_raspi_node
[0.108s] Invoked command in '/home/kousei/HaruRobo2024_ws/ros2_ws/build/omni_control' returned '0': AMENT_PREFIX_PATH=/home/kousei/HaruRobo2024_ws/ros2_ws/install/drive_msgs:${AMENT_PREFIX_PATH} CMAKE_PREFIX_PATH=/home/kousei/HaruRobo2024_ws/ros2_ws/install/drive_msgs:/home/kousei/2DRoboPrac_ws/ros2_ws/install/urg_node2:/home/kousei/2DRoboPrac_ws/ros2_ws/install/omni_control:/home/kousei/2DRoboPrac_ws/ros2_ws/install/nav_real:/home/kousei/2DRoboPrac_ws/ros2_ws/install/nav_dev:/home/kousei/2DRoboPrac_ws/ros2_ws/install/key_event_nodes:/home/kousei/2DRoboPrac_ws/ros2_ws/install/key_event_msgs:/home/kousei/2DRoboPrac_ws/ros2_ws/install/drive_msgs:/opt/ros/humble LD_LIBRARY_PATH=/home/kousei/HaruRobo2024_ws/ros2_ws/install/drive_msgs/lib:${LD_LIBRARY_PATH} PYTHONPATH=/home/kousei/HaruRobo2024_ws/ros2_ws/install/drive_msgs/local/lib/python3.10/dist-packages:${PYTHONPATH} /usr/bin/cmake --build /home/kousei/HaruRobo2024_ws/ros2_ws/build/omni_control -- -j16 -l16
[0.190s] Invoking command in '/home/kousei/HaruRobo2024_ws/ros2_ws/build/omni_control': AMENT_PREFIX_PATH=/home/kousei/HaruRobo2024_ws/ros2_ws/install/drive_msgs:${AMENT_PREFIX_PATH} CMAKE_PREFIX_PATH=/home/kousei/HaruRobo2024_ws/ros2_ws/install/drive_msgs:/home/kousei/2DRoboPrac_ws/ros2_ws/install/urg_node2:/home/kousei/2DRoboPrac_ws/ros2_ws/install/omni_control:/home/kousei/2DRoboPrac_ws/ros2_ws/install/nav_real:/home/kousei/2DRoboPrac_ws/ros2_ws/install/nav_dev:/home/kousei/2DRoboPrac_ws/ros2_ws/install/key_event_nodes:/home/kousei/2DRoboPrac_ws/ros2_ws/install/key_event_msgs:/home/kousei/2DRoboPrac_ws/ros2_ws/install/drive_msgs:/opt/ros/humble LD_LIBRARY_PATH=/home/kousei/HaruRobo2024_ws/ros2_ws/install/drive_msgs/lib:${LD_LIBRARY_PATH} PYTHONPATH=/home/kousei/HaruRobo2024_ws/ros2_ws/install/drive_msgs/local/lib/python3.10/dist-packages:${PYTHONPATH} /usr/bin/cmake --install /home/kousei/HaruRobo2024_ws/ros2_ws/build/omni_control
[0.199s] -- Install configuration: ""
[0.199s] -- Up-to-date: /home/kousei/HaruRobo2024_ws/ros2_ws/install/omni_control/include
[0.199s] -- Up-to-date: /home/kousei/HaruRobo2024_ws/ros2_ws/install/omni_control/include/omni_control
[0.200s] -- Up-to-date: /home/kousei/HaruRobo2024_ws/ros2_ws/install/omni_control/lib/omni_control/omni_joy_node
[0.200s] -- Up-to-date: /home/kousei/HaruRobo2024_ws/ros2_ws/install/omni_control/lib/omni_control/omni_drive_node
[0.200s] -- Up-to-date: /home/kousei/HaruRobo2024_ws/ros2_ws/install/omni_control/lib/omni_control/omni_raspi_node
[0.200s] -- Up-to-date: /home/kousei/HaruRobo2024_ws/ros2_ws/install/omni_control/lib/omni_control/omni_hardware_node
[0.200s] -- Up-to-date: /home/kousei/HaruRobo2024_ws/ros2_ws/install/omni_control/lib/omni_control/omni_states_node
[0.201s] -- Up-to-date: /home/kousei/HaruRobo2024_ws/ros2_ws/install/omni_control/share/omni_control/config
[0.201s] -- Up-to-date: /home/kousei/HaruRobo2024_ws/ros2_ws/install/omni_control/share/omni_control/config/omni_teleop.rviz
[0.201s] -- Up-to-date: /home/kousei/HaruRobo2024_ws/ros2_ws/install/omni_control/share/omni_control/config/omni_params.yaml
[0.201s] -- Up-to-date: /home/kousei/HaruRobo2024_ws/ros2_ws/install/omni_control/share/omni_control/launch
[0.201s] -- Up-to-date: /home/kousei/HaruRobo2024_ws/ros2_ws/install/omni_control/share/omni_control/launch/omni_raspi.launch.py
[0.201s] -- Up-to-date: /home/kousei/HaruRobo2024_ws/ros2_ws/install/omni_control/share/omni_control/launch/omni_teleop.launch.py
[0.201s] -- Up-to-date: /home/kousei/HaruRobo2024_ws/ros2_ws/install/omni_control/share/ament_index/resource_index/package_run_dependencies/omni_control
[0.202s] -- Up-to-date: /home/kousei/HaruRobo2024_ws/ros2_ws/install/omni_control/share/ament_index/resource_index/parent_prefix_path/omni_control
[0.202s] -- Up-to-date: /home/kousei/HaruRobo2024_ws/ros2_ws/install/omni_control/share/omni_control/environment/ament_prefix_path.sh
[0.202s] -- Up-to-date: /home/kousei/HaruRobo2024_ws/ros2_ws/install/omni_control/share/omni_control/environment/ament_prefix_path.dsv
[0.203s] -- Up-to-date: /home/kousei/HaruRobo2024_ws/ros2_ws/install/omni_control/share/omni_control/environment/path.sh
[0.203s] -- Up-to-date: /home/kousei/HaruRobo2024_ws/ros2_ws/install/omni_control/share/omni_control/environment/path.dsv
[0.203s] -- Up-to-date: /home/kousei/HaruRobo2024_ws/ros2_ws/install/omni_control/share/omni_control/local_setup.bash
[0.203s] -- Up-to-date: /home/kousei/HaruRobo2024_ws/ros2_ws/install/omni_control/share/omni_control/local_setup.sh
[0.204s] -- Up-to-date: /home/kousei/HaruRobo2024_ws/ros2_ws/install/omni_control/share/omni_control/local_setup.zsh
[0.204s] -- Up-to-date: /home/kousei/HaruRobo2024_ws/ros2_ws/install/omni_control/share/omni_control/local_setup.dsv
[0.204s] -- Installing: /home/kousei/HaruRobo2024_ws/ros2_ws/install/omni_control/share/omni_control/package.dsv
[0.204s] -- Up-to-date: /home/kousei/HaruRobo2024_ws/ros2_ws/install/omni_control/share/ament_index/resource_index/packages/omni_control
[0.205s] -- Up-to-date: /home/kousei/HaruRobo2024_ws/ros2_ws/install/omni_control/share/omni_control/cmake/ament_cmake_export_dependencies-extras.cmake
[0.205s] -- Up-to-date: /home/kousei/HaruRobo2024_ws/ros2_ws/install/omni_control/share/omni_control/cmake/ament_cmake_export_include_directories-extras.cmake
[0.205s] -- Up-to-date: /home/kousei/HaruRobo2024_ws/ros2_ws/install/omni_control/share/omni_control/cmake/omni_controlConfig.cmake
[0.205s] -- Up-to-date: /home/kousei/HaruRobo2024_ws/ros2_ws/install/omni_control/share/omni_control/cmake/omni_controlConfig-version.cmake
[0.205s] -- Up-to-date: /home/kousei/HaruRobo2024_ws/ros2_ws/install/omni_control/share/omni_control/package.xml
[0.206s] Invoked command in '/home/kousei/HaruRobo2024_ws/ros2_ws/build/omni_control' returned '0': AMENT_PREFIX_PATH=/home/kousei/HaruRobo2024_ws/ros2_ws/install/drive_msgs:${AMENT_PREFIX_PATH} CMAKE_PREFIX_PATH=/home/kousei/HaruRobo2024_ws/ros2_ws/install/drive_msgs:/home/kousei/2DRoboPrac_ws/ros2_ws/install/urg_node2:/home/kousei/2DRoboPrac_ws/ros2_ws/install/omni_control:/home/kousei/2DRoboPrac_ws/ros2_ws/install/nav_real:/home/kousei/2DRoboPrac_ws/ros2_ws/install/nav_dev:/home/kousei/2DRoboPrac_ws/ros2_ws/install/key_event_nodes:/home/kousei/2DRoboPrac_ws/ros2_ws/install/key_event_msgs:/home/kousei/2DRoboPrac_ws/ros2_ws/install/drive_msgs:/opt/ros/humble LD_LIBRARY_PATH=/home/kousei/HaruRobo2024_ws/ros2_ws/install/drive_msgs/lib:${LD_LIBRARY_PATH} PYTHONPATH=/home/kousei/HaruRobo2024_ws/ros2_ws/install/drive_msgs/local/lib/python3.10/dist-packages:${PYTHONPATH} /usr/bin/cmake --install /home/kousei/HaruRobo2024_ws/ros2_ws/build/omni_control
