[0.113s] Invoking command in '/home/kousei/HaruRobo2024_ws/ros2_ws/build/key_event_nodes': AMENT_PREFIX_PATH=/home/kousei/HaruRobo2024_ws/ros2_ws/install/key_event_msgs:${AMENT_PREFIX_PATH} CMAKE_PREFIX_PATH=/home/kousei/HaruRobo2024_ws/ros2_ws/install/key_event_msgs:/home/kousei/2DRoboPrac_ws/ros2_ws/install/urg_node2:/home/kousei/2DRoboPrac_ws/ros2_ws/install/omni_control:/home/kousei/2DRoboPrac_ws/ros2_ws/install/nav_real:/home/kousei/2DRoboPrac_ws/ros2_ws/install/nav_dev:/home/kousei/2DRoboPrac_ws/ros2_ws/install/key_event_nodes:/home/kousei/2DRoboPrac_ws/ros2_ws/install/key_event_msgs:/home/kousei/2DRoboPrac_ws/ros2_ws/install/drive_msgs:/opt/ros/humble LD_LIBRARY_PATH=/home/kousei/HaruRobo2024_ws/ros2_ws/install/key_event_msgs/lib:${LD_LIBRARY_PATH} PYTHONPATH=/home/kousei/HaruRobo2024_ws/ros2_ws/install/key_event_msgs/local/lib/python3.10/dist-packages:${PYTHONPATH} /usr/bin/cmake --build /home/kousei/HaruRobo2024_ws/ros2_ws/build/key_event_nodes -- -j16 -l16
[0.149s] [100%] Built target key_hit_event_node
[0.159s] Invoked command in '/home/kousei/HaruRobo2024_ws/ros2_ws/build/key_event_nodes' returned '0': AMENT_PREFIX_PATH=/home/kousei/HaruRobo2024_ws/ros2_ws/install/key_event_msgs:${AMENT_PREFIX_PATH} CMAKE_PREFIX_PATH=/home/kousei/HaruRobo2024_ws/ros2_ws/install/key_event_msgs:/home/kousei/2DRoboPrac_ws/ros2_ws/install/urg_node2:/home/kousei/2DRoboPrac_ws/ros2_ws/install/omni_control:/home/kousei/2DRoboPrac_ws/ros2_ws/install/nav_real:/home/kousei/2DRoboPrac_ws/ros2_ws/install/nav_dev:/home/kousei/2DRoboPrac_ws/ros2_ws/install/key_event_nodes:/home/kousei/2DRoboPrac_ws/ros2_ws/install/key_event_msgs:/home/kousei/2DRoboPrac_ws/ros2_ws/install/drive_msgs:/opt/ros/humble LD_LIBRARY_PATH=/home/kousei/HaruRobo2024_ws/ros2_ws/install/key_event_msgs/lib:${LD_LIBRARY_PATH} PYTHONPATH=/home/kousei/HaruRobo2024_ws/ros2_ws/install/key_event_msgs/local/lib/python3.10/dist-packages:${PYTHONPATH} /usr/bin/cmake --build /home/kousei/HaruRobo2024_ws/ros2_ws/build/key_event_nodes -- -j16 -l16
[0.179s] Invoking command in '/home/kousei/HaruRobo2024_ws/ros2_ws/build/key_event_nodes': AMENT_PREFIX_PATH=/home/kousei/HaruRobo2024_ws/ros2_ws/install/key_event_msgs:${AMENT_PREFIX_PATH} CMAKE_PREFIX_PATH=/home/kousei/HaruRobo2024_ws/ros2_ws/install/key_event_msgs:/home/kousei/2DRoboPrac_ws/ros2_ws/install/urg_node2:/home/kousei/2DRoboPrac_ws/ros2_ws/install/omni_control:/home/kousei/2DRoboPrac_ws/ros2_ws/install/nav_real:/home/kousei/2DRoboPrac_ws/ros2_ws/install/nav_dev:/home/kousei/2DRoboPrac_ws/ros2_ws/install/key_event_nodes:/home/kousei/2DRoboPrac_ws/ros2_ws/install/key_event_msgs:/home/kousei/2DRoboPrac_ws/ros2_ws/install/drive_msgs:/opt/ros/humble LD_LIBRARY_PATH=/home/kousei/HaruRobo2024_ws/ros2_ws/install/key_event_msgs/lib:${LD_LIBRARY_PATH} PYTHONPATH=/home/kousei/HaruRobo2024_ws/ros2_ws/install/key_event_msgs/local/lib/python3.10/dist-packages:${PYTHONPATH} /usr/bin/cmake --install /home/kousei/HaruRobo2024_ws/ros2_ws/build/key_event_nodes
[0.184s] -- Install configuration: ""
[0.184s] -- Up-to-date: /home/kousei/HaruRobo2024_ws/ros2_ws/install/key_event_nodes/share/key_event_nodes/environment/library_path.sh
[0.184s] -- Up-to-date: /home/kousei/HaruRobo2024_ws/ros2_ws/install/key_event_nodes/share/key_event_nodes/environment/library_path.dsv
[0.184s] -- Up-to-date: /home/kousei/HaruRobo2024_ws/ros2_ws/install/key_event_nodes/share/key_event_nodes/environment/library_path.sh
[0.184s] -- Up-to-date: /home/kousei/HaruRobo2024_ws/ros2_ws/install/key_event_nodes/share/key_event_nodes/environment/library_path.dsv
[0.184s] -- Up-to-date: /home/kousei/HaruRobo2024_ws/ros2_ws/install/key_event_nodes/include
[0.184s] -- Up-to-date: /home/kousei/HaruRobo2024_ws/ros2_ws/install/key_event_nodes/include/key_event_nodes
[0.184s] -- Up-to-date: /home/kousei/HaruRobo2024_ws/ros2_ws/install/key_event_nodes/include/key_event_nodes/visibility.h
[0.184s] -- Up-to-date: /home/kousei/HaruRobo2024_ws/ros2_ws/install/key_event_nodes/include/key_event_nodes/key_hit_event_node.hpp
[0.185s] -- Up-to-date: /home/kousei/HaruRobo2024_ws/ros2_ws/install/key_event_nodes/lib/libkey_hit_event_node.so
[0.185s] -- Up-to-date: /home/kousei/HaruRobo2024_ws/ros2_ws/install/key_event_nodes/share/ament_index/resource_index/package_run_dependencies/key_event_nodes
[0.185s] -- Up-to-date: /home/kousei/HaruRobo2024_ws/ros2_ws/install/key_event_nodes/share/ament_index/resource_index/parent_prefix_path/key_event_nodes
[0.185s] -- Up-to-date: /home/kousei/HaruRobo2024_ws/ros2_ws/install/key_event_nodes/share/key_event_nodes/environment/ament_prefix_path.sh
[0.185s] -- Up-to-date: /home/kousei/HaruRobo2024_ws/ros2_ws/install/key_event_nodes/share/key_event_nodes/environment/ament_prefix_path.dsv
[0.185s] -- Up-to-date: /home/kousei/HaruRobo2024_ws/ros2_ws/install/key_event_nodes/share/key_event_nodes/environment/path.sh
[0.185s] -- Up-to-date: /home/kousei/HaruRobo2024_ws/ros2_ws/install/key_event_nodes/share/key_event_nodes/environment/path.dsv
[0.185s] -- Up-to-date: /home/kousei/HaruRobo2024_ws/ros2_ws/install/key_event_nodes/share/key_event_nodes/local_setup.bash
[0.185s] -- Up-to-date: /home/kousei/HaruRobo2024_ws/ros2_ws/install/key_event_nodes/share/key_event_nodes/local_setup.sh
[0.185s] -- Up-to-date: /home/kousei/HaruRobo2024_ws/ros2_ws/install/key_event_nodes/share/key_event_nodes/local_setup.zsh
[0.186s] -- Up-to-date: /home/kousei/HaruRobo2024_ws/ros2_ws/install/key_event_nodes/share/key_event_nodes/local_setup.dsv
[0.186s] -- Installing: /home/kousei/HaruRobo2024_ws/ros2_ws/install/key_event_nodes/share/key_event_nodes/package.dsv
[0.186s] -- Up-to-date: /home/kousei/HaruRobo2024_ws/ros2_ws/install/key_event_nodes/share/ament_index/resource_index/packages/key_event_nodes
[0.187s] -- Up-to-date: /home/kousei/HaruRobo2024_ws/ros2_ws/install/key_event_nodes/share/ament_index/resource_index/rclcpp_components/key_event_nodes
[0.187s] -- Up-to-date: /home/kousei/HaruRobo2024_ws/ros2_ws/install/key_event_nodes/share/key_event_nodes/cmake/export_key_event_nodesExport.cmake
[0.187s] -- Up-to-date: /home/kousei/HaruRobo2024_ws/ros2_ws/install/key_event_nodes/share/key_event_nodes/cmake/export_key_event_nodesExport-noconfig.cmake
[0.187s] -- Up-to-date: /home/kousei/HaruRobo2024_ws/ros2_ws/install/key_event_nodes/share/key_event_nodes/cmake/ament_cmake_export_targets-extras.cmake
[0.187s] -- Up-to-date: /home/kousei/HaruRobo2024_ws/ros2_ws/install/key_event_nodes/share/key_event_nodes/cmake/ament_cmake_export_dependencies-extras.cmake
[0.187s] -- Up-to-date: /home/kousei/HaruRobo2024_ws/ros2_ws/install/key_event_nodes/share/key_event_nodes/cmake/key_event_nodesConfig.cmake
[0.187s] -- Up-to-date: /home/kousei/HaruRobo2024_ws/ros2_ws/install/key_event_nodes/share/key_event_nodes/cmake/key_event_nodesConfig-version.cmake
[0.188s] -- Up-to-date: /home/kousei/HaruRobo2024_ws/ros2_ws/install/key_event_nodes/share/key_event_nodes/package.xml
[0.188s] Invoked command in '/home/kousei/HaruRobo2024_ws/ros2_ws/build/key_event_nodes' returned '0': AMENT_PREFIX_PATH=/home/kousei/HaruRobo2024_ws/ros2_ws/install/key_event_msgs:${AMENT_PREFIX_PATH} CMAKE_PREFIX_PATH=/home/kousei/HaruRobo2024_ws/ros2_ws/install/key_event_msgs:/home/kousei/2DRoboPrac_ws/ros2_ws/install/urg_node2:/home/kousei/2DRoboPrac_ws/ros2_ws/install/omni_control:/home/kousei/2DRoboPrac_ws/ros2_ws/install/nav_real:/home/kousei/2DRoboPrac_ws/ros2_ws/install/nav_dev:/home/kousei/2DRoboPrac_ws/ros2_ws/install/key_event_nodes:/home/kousei/2DRoboPrac_ws/ros2_ws/install/key_event_msgs:/home/kousei/2DRoboPrac_ws/ros2_ws/install/drive_msgs:/opt/ros/humble LD_LIBRARY_PATH=/home/kousei/HaruRobo2024_ws/ros2_ws/install/key_event_msgs/lib:${LD_LIBRARY_PATH} PYTHONPATH=/home/kousei/HaruRobo2024_ws/ros2_ws/install/key_event_msgs/local/lib/python3.10/dist-packages:${PYTHONPATH} /usr/bin/cmake --install /home/kousei/HaruRobo2024_ws/ros2_ws/build/key_event_nodes
