[0.094s] Invoking command in '/home/kousei/HaruRobo2024_ws/ros2_ws/build/key_event_msgs': CMAKE_PREFIX_PATH=${CMAKE_PREFIX_PATH}:/opt/ros/humble /usr/bin/cmake --build /home/kousei/HaruRobo2024_ws/ros2_ws/build/key_event_msgs -- -j16 -l16
[0.139s] [  3%] Built target key_event_msgs__cpp
[0.144s] [ 12%] Built target key_event_msgs__rosidl_generator_c
[0.169s] [ 12%] Built target ament_cmake_python_copy_key_event_msgs
[0.329s] [ 22%] Built target key_event_msgs__rosidl_typesupport_fastrtps_cpp
[0.357s] [ 32%] Built target key_event_msgs__rosidl_typesupport_cpp
[0.372s] [ 41%] Built target key_event_msgs__rosidl_typesupport_introspection_cpp
[0.373s] [ 51%] Built target key_event_msgs__rosidl_typesupport_fastrtps_c
[0.375s] [ 64%] Built target key_event_msgs__rosidl_typesupport_c
[0.376s] [ 70%] Built target key_event_msgs__rosidl_typesupport_introspection_c
[0.540s] [ 70%] Built target key_event_msgs
[0.697s] [ 74%] Built target key_event_msgs__py
[0.869s] [ 80%] Built target key_event_msgs__rosidl_generator_py
[1.071s] [ 87%] Built target key_event_msgs__rosidl_typesupport_c__pyext
[1.082s] [ 93%] Built target key_event_msgs__rosidl_typesupport_fastrtps_c__pyext
[1.091s] [100%] Built target key_event_msgs__rosidl_typesupport_introspection_c__pyext
[1.426s] running egg_info
[1.426s] writing key_event_msgs.egg-info/PKG-INFO
[1.427s] writing dependency_links to key_event_msgs.egg-info/dependency_links.txt
[1.427s] writing top-level names to key_event_msgs.egg-info/top_level.txt
[1.428s] reading manifest file 'key_event_msgs.egg-info/SOURCES.txt'
[1.428s] writing manifest file 'key_event_msgs.egg-info/SOURCES.txt'
[1.447s] [100%] Built target ament_cmake_python_build_key_event_msgs_egg
[1.456s] Invoked command in '/home/kousei/HaruRobo2024_ws/ros2_ws/build/key_event_msgs' returned '0': CMAKE_PREFIX_PATH=${CMAKE_PREFIX_PATH}:/opt/ros/humble /usr/bin/cmake --build /home/kousei/HaruRobo2024_ws/ros2_ws/build/key_event_msgs -- -j16 -l16
[1.506s] Invoking command in '/home/kousei/HaruRobo2024_ws/ros2_ws/build/key_event_msgs': CMAKE_PREFIX_PATH=${CMAKE_PREFIX_PATH}:/opt/ros/humble /usr/bin/cmake --install /home/kousei/HaruRobo2024_ws/ros2_ws/build/key_event_msgs
[1.514s] -- Install configuration: ""
[1.515s] -- Up-to-date: /home/kousei/HaruRobo2024_ws/ros2_ws/install/key_event_msgs/share/ament_index/resource_index/rosidl_interfaces/key_event_msgs
[1.515s] -- Up-to-date: /home/kousei/HaruRobo2024_ws/ros2_ws/install/key_event_msgs/include/key_event_msgs/key_event_msgs
[1.515s] -- Up-to-date: /home/kousei/HaruRobo2024_ws/ros2_ws/install/key_event_msgs/include/key_event_msgs/key_event_msgs/msg
[1.515s] -- Up-to-date: /home/kousei/HaruRobo2024_ws/ros2_ws/install/key_event_msgs/include/key_event_msgs/key_event_msgs/msg/key_event.h
[1.515s] -- Up-to-date: /home/kousei/HaruRobo2024_ws/ros2_ws/install/key_event_msgs/include/key_event_msgs/key_event_msgs/msg/rosidl_generator_c__visibility_control.h
[1.515s] -- Up-to-date: /home/kousei/HaruRobo2024_ws/ros2_ws/install/key_event_msgs/include/key_event_msgs/key_event_msgs/msg/detail
[1.515s] -- Up-to-date: /home/kousei/HaruRobo2024_ws/ros2_ws/install/key_event_msgs/include/key_event_msgs/key_event_msgs/msg/detail/key_event__struct.h
[1.515s] -- Up-to-date: /home/kousei/HaruRobo2024_ws/ros2_ws/install/key_event_msgs/include/key_event_msgs/key_event_msgs/msg/detail/key_event__functions.h
[1.515s] -- Up-to-date: /home/kousei/HaruRobo2024_ws/ros2_ws/install/key_event_msgs/include/key_event_msgs/key_event_msgs/msg/detail/key_event__functions.c
[1.515s] -- Up-to-date: /home/kousei/HaruRobo2024_ws/ros2_ws/install/key_event_msgs/include/key_event_msgs/key_event_msgs/msg/detail/key_event__type_support.h
[1.515s] -- Up-to-date: /home/kousei/HaruRobo2024_ws/ros2_ws/install/key_event_msgs/share/key_event_msgs/environment/library_path.sh
[1.516s] -- Up-to-date: /home/kousei/HaruRobo2024_ws/ros2_ws/install/key_event_msgs/share/key_event_msgs/environment/library_path.dsv
[1.516s] -- Up-to-date: /home/kousei/HaruRobo2024_ws/ros2_ws/install/key_event_msgs/lib/libkey_event_msgs__rosidl_generator_c.so
[1.516s] -- Up-to-date: /home/kousei/HaruRobo2024_ws/ros2_ws/install/key_event_msgs/include/key_event_msgs/key_event_msgs
[1.516s] -- Up-to-date: /home/kousei/HaruRobo2024_ws/ros2_ws/install/key_event_msgs/include/key_event_msgs/key_event_msgs/msg
[1.516s] -- Up-to-date: /home/kousei/HaruRobo2024_ws/ros2_ws/install/key_event_msgs/include/key_event_msgs/key_event_msgs/msg/detail
[1.516s] -- Up-to-date: /home/kousei/HaruRobo2024_ws/ros2_ws/install/key_event_msgs/include/key_event_msgs/key_event_msgs/msg/detail/key_event__rosidl_typesupport_fastrtps_c.h
[1.517s] -- Up-to-date: /home/kousei/HaruRobo2024_ws/ros2_ws/install/key_event_msgs/include/key_event_msgs/key_event_msgs/msg/rosidl_typesupport_fastrtps_c__visibility_control.h
[1.517s] -- Up-to-date: /home/kousei/HaruRobo2024_ws/ros2_ws/install/key_event_msgs/lib/libkey_event_msgs__rosidl_typesupport_fastrtps_c.so
[1.517s] -- Up-to-date: /home/kousei/HaruRobo2024_ws/ros2_ws/install/key_event_msgs/include/key_event_msgs/key_event_msgs
[1.517s] -- Up-to-date: /home/kousei/HaruRobo2024_ws/ros2_ws/install/key_event_msgs/include/key_event_msgs/key_event_msgs/msg
[1.517s] -- Up-to-date: /home/kousei/HaruRobo2024_ws/ros2_ws/install/key_event_msgs/include/key_event_msgs/key_event_msgs/msg/detail
[1.517s] -- Up-to-date: /home/kousei/HaruRobo2024_ws/ros2_ws/install/key_event_msgs/include/key_event_msgs/key_event_msgs/msg/detail/key_event__type_support.c
[1.517s] -- Up-to-date: /home/kousei/HaruRobo2024_ws/ros2_ws/install/key_event_msgs/include/key_event_msgs/key_event_msgs/msg/detail/key_event__rosidl_typesupport_introspection_c.h
[1.517s] -- Up-to-date: /home/kousei/HaruRobo2024_ws/ros2_ws/install/key_event_msgs/include/key_event_msgs/key_event_msgs/msg/rosidl_typesupport_introspection_c__visibility_control.h
[1.517s] -- Up-to-date: /home/kousei/HaruRobo2024_ws/ros2_ws/install/key_event_msgs/lib/libkey_event_msgs__rosidl_typesupport_introspection_c.so
[1.518s] -- Up-to-date: /home/kousei/HaruRobo2024_ws/ros2_ws/install/key_event_msgs/lib/libkey_event_msgs__rosidl_typesupport_c.so
[1.518s] -- Up-to-date: /home/kousei/HaruRobo2024_ws/ros2_ws/install/key_event_msgs/include/key_event_msgs/key_event_msgs
[1.518s] -- Up-to-date: /home/kousei/HaruRobo2024_ws/ros2_ws/install/key_event_msgs/include/key_event_msgs/key_event_msgs/msg
[1.518s] -- Up-to-date: /home/kousei/HaruRobo2024_ws/ros2_ws/install/key_event_msgs/include/key_event_msgs/key_event_msgs/msg/key_event.hpp
[1.518s] -- Up-to-date: /home/kousei/HaruRobo2024_ws/ros2_ws/install/key_event_msgs/include/key_event_msgs/key_event_msgs/msg/detail
[1.518s] -- Up-to-date: /home/kousei/HaruRobo2024_ws/ros2_ws/install/key_event_msgs/include/key_event_msgs/key_event_msgs/msg/detail/key_event__traits.hpp
[1.518s] -- Up-to-date: /home/kousei/HaruRobo2024_ws/ros2_ws/install/key_event_msgs/include/key_event_msgs/key_event_msgs/msg/detail/key_event__struct.hpp
[1.518s] -- Up-to-date: /home/kousei/HaruRobo2024_ws/ros2_ws/install/key_event_msgs/include/key_event_msgs/key_event_msgs/msg/detail/key_event__builder.hpp
[1.518s] -- Up-to-date: /home/kousei/HaruRobo2024_ws/ros2_ws/install/key_event_msgs/include/key_event_msgs/key_event_msgs
[1.518s] -- Up-to-date: /home/kousei/HaruRobo2024_ws/ros2_ws/install/key_event_msgs/include/key_event_msgs/key_event_msgs/msg
[1.518s] -- Up-to-date: /home/kousei/HaruRobo2024_ws/ros2_ws/install/key_event_msgs/include/key_event_msgs/key_event_msgs/msg/detail
[1.518s] -- Up-to-date: /home/kousei/HaruRobo2024_ws/ros2_ws/install/key_event_msgs/include/key_event_msgs/key_event_msgs/msg/detail/dds_fastrtps
[1.518s] -- Up-to-date: /home/kousei/HaruRobo2024_ws/ros2_ws/install/key_event_msgs/include/key_event_msgs/key_event_msgs/msg/detail/key_event__rosidl_typesupport_fastrtps_cpp.hpp
[1.519s] -- Up-to-date: /home/kousei/HaruRobo2024_ws/ros2_ws/install/key_event_msgs/include/key_event_msgs/key_event_msgs/msg/rosidl_typesupport_fastrtps_cpp__visibility_control.h
[1.519s] -- Up-to-date: /home/kousei/HaruRobo2024_ws/ros2_ws/install/key_event_msgs/lib/libkey_event_msgs__rosidl_typesupport_fastrtps_cpp.so
[1.519s] -- Up-to-date: /home/kousei/HaruRobo2024_ws/ros2_ws/install/key_event_msgs/include/key_event_msgs/key_event_msgs
[1.519s] -- Up-to-date: /home/kousei/HaruRobo2024_ws/ros2_ws/install/key_event_msgs/include/key_event_msgs/key_event_msgs/msg
[1.519s] -- Up-to-date: /home/kousei/HaruRobo2024_ws/ros2_ws/install/key_event_msgs/include/key_event_msgs/key_event_msgs/msg/detail
[1.519s] -- Up-to-date: /home/kousei/HaruRobo2024_ws/ros2_ws/install/key_event_msgs/include/key_event_msgs/key_event_msgs/msg/detail/key_event__rosidl_typesupport_introspection_cpp.hpp
[1.519s] -- Up-to-date: /home/kousei/HaruRobo2024_ws/ros2_ws/install/key_event_msgs/include/key_event_msgs/key_event_msgs/msg/detail/key_event__type_support.cpp
[1.519s] -- Up-to-date: /home/kousei/HaruRobo2024_ws/ros2_ws/install/key_event_msgs/lib/libkey_event_msgs__rosidl_typesupport_introspection_cpp.so
[1.519s] -- Up-to-date: /home/kousei/HaruRobo2024_ws/ros2_ws/install/key_event_msgs/lib/libkey_event_msgs__rosidl_typesupport_cpp.so
[1.519s] -- Up-to-date: /home/kousei/HaruRobo2024_ws/ros2_ws/install/key_event_msgs/share/key_event_msgs/environment/pythonpath.sh
[1.519s] -- Up-to-date: /home/kousei/HaruRobo2024_ws/ros2_ws/install/key_event_msgs/share/key_event_msgs/environment/pythonpath.dsv
[1.519s] -- Up-to-date: /home/kousei/HaruRobo2024_ws/ros2_ws/install/key_event_msgs/local/lib/python3.10/dist-packages/key_event_msgs-0.0.0-py3.10.egg-info
[1.519s] -- Installing: /home/kousei/HaruRobo2024_ws/ros2_ws/install/key_event_msgs/local/lib/python3.10/dist-packages/key_event_msgs-0.0.0-py3.10.egg-info/dependency_links.txt
[1.519s] -- Installing: /home/kousei/HaruRobo2024_ws/ros2_ws/install/key_event_msgs/local/lib/python3.10/dist-packages/key_event_msgs-0.0.0-py3.10.egg-info/SOURCES.txt
[1.519s] -- Installing: /home/kousei/HaruRobo2024_ws/ros2_ws/install/key_event_msgs/local/lib/python3.10/dist-packages/key_event_msgs-0.0.0-py3.10.egg-info/top_level.txt
[1.519s] -- Installing: /home/kousei/HaruRobo2024_ws/ros2_ws/install/key_event_msgs/local/lib/python3.10/dist-packages/key_event_msgs-0.0.0-py3.10.egg-info/PKG-INFO
[1.519s] -- Up-to-date: /home/kousei/HaruRobo2024_ws/ros2_ws/install/key_event_msgs/local/lib/python3.10/dist-packages/key_event_msgs
[1.519s] -- Up-to-date: /home/kousei/HaruRobo2024_ws/ros2_ws/install/key_event_msgs/local/lib/python3.10/dist-packages/key_event_msgs/_key_event_msgs_s.ep.rosidl_typesupport_introspection_c.c
[1.520s] -- Up-to-date: /home/kousei/HaruRobo2024_ws/ros2_ws/install/key_event_msgs/local/lib/python3.10/dist-packages/key_event_msgs/__init__.py
[1.520s] -- Up-to-date: /home/kousei/HaruRobo2024_ws/ros2_ws/install/key_event_msgs/local/lib/python3.10/dist-packages/key_event_msgs/key_event_msgs_s__rosidl_typesupport_c.cpython-310-x86_64-linux-gnu.so
[1.520s] -- Up-to-date: /home/kousei/HaruRobo2024_ws/ros2_ws/install/key_event_msgs/local/lib/python3.10/dist-packages/key_event_msgs/_key_event_msgs_s.ep.rosidl_typesupport_c.c
[1.520s] -- Up-to-date: /home/kousei/HaruRobo2024_ws/ros2_ws/install/key_event_msgs/local/lib/python3.10/dist-packages/key_event_msgs/key_event_msgs_s__rosidl_typesupport_introspection_c.cpython-310-x86_64-linux-gnu.so
[1.520s] -- Up-to-date: /home/kousei/HaruRobo2024_ws/ros2_ws/install/key_event_msgs/local/lib/python3.10/dist-packages/key_event_msgs/_key_event_msgs_s.ep.rosidl_typesupport_fastrtps_c.c
[1.520s] -- Up-to-date: /home/kousei/HaruRobo2024_ws/ros2_ws/install/key_event_msgs/local/lib/python3.10/dist-packages/key_event_msgs/msg
[1.520s] -- Up-to-date: /home/kousei/HaruRobo2024_ws/ros2_ws/install/key_event_msgs/local/lib/python3.10/dist-packages/key_event_msgs/msg/__init__.py
[1.520s] -- Up-to-date: /home/kousei/HaruRobo2024_ws/ros2_ws/install/key_event_msgs/local/lib/python3.10/dist-packages/key_event_msgs/msg/_key_event_s.c
[1.520s] -- Up-to-date: /home/kousei/HaruRobo2024_ws/ros2_ws/install/key_event_msgs/local/lib/python3.10/dist-packages/key_event_msgs/msg/_key_event.py
[1.520s] -- Up-to-date: /home/kousei/HaruRobo2024_ws/ros2_ws/install/key_event_msgs/local/lib/python3.10/dist-packages/key_event_msgs/key_event_msgs_s__rosidl_typesupport_fastrtps_c.cpython-310-x86_64-linux-gnu.so
[1.520s] -- Up-to-date: /home/kousei/HaruRobo2024_ws/ros2_ws/install/key_event_msgs/local/lib/python3.10/dist-packages/key_event_msgs/libkey_event_msgs__rosidl_generator_py.so
[1.547s] Listing '/home/kousei/HaruRobo2024_ws/ros2_ws/install/key_event_msgs/local/lib/python3.10/dist-packages/key_event_msgs'...
[1.547s] Listing '/home/kousei/HaruRobo2024_ws/ros2_ws/install/key_event_msgs/local/lib/python3.10/dist-packages/key_event_msgs/msg'...
[1.548s] -- Up-to-date: /home/kousei/HaruRobo2024_ws/ros2_ws/install/key_event_msgs/local/lib/python3.10/dist-packages/key_event_msgs/key_event_msgs_s__rosidl_typesupport_fastrtps_c.cpython-310-x86_64-linux-gnu.so
[1.549s] -- Up-to-date: /home/kousei/HaruRobo2024_ws/ros2_ws/install/key_event_msgs/local/lib/python3.10/dist-packages/key_event_msgs/key_event_msgs_s__rosidl_typesupport_introspection_c.cpython-310-x86_64-linux-gnu.so
[1.549s] -- Up-to-date: /home/kousei/HaruRobo2024_ws/ros2_ws/install/key_event_msgs/local/lib/python3.10/dist-packages/key_event_msgs/key_event_msgs_s__rosidl_typesupport_c.cpython-310-x86_64-linux-gnu.so
[1.550s] -- Up-to-date: /home/kousei/HaruRobo2024_ws/ros2_ws/install/key_event_msgs/lib/libkey_event_msgs__rosidl_generator_py.so
[1.550s] -- Up-to-date: /home/kousei/HaruRobo2024_ws/ros2_ws/install/key_event_msgs/share/key_event_msgs/msg/KeyEvent.idl
[1.550s] -- Up-to-date: /home/kousei/HaruRobo2024_ws/ros2_ws/install/key_event_msgs/share/key_event_msgs/msg/KeyEvent.msg
[1.550s] -- Up-to-date: /home/kousei/HaruRobo2024_ws/ros2_ws/install/key_event_msgs/share/ament_index/resource_index/package_run_dependencies/key_event_msgs
[1.550s] -- Up-to-date: /home/kousei/HaruRobo2024_ws/ros2_ws/install/key_event_msgs/share/ament_index/resource_index/parent_prefix_path/key_event_msgs
[1.551s] -- Up-to-date: /home/kousei/HaruRobo2024_ws/ros2_ws/install/key_event_msgs/share/key_event_msgs/environment/ament_prefix_path.sh
[1.551s] -- Up-to-date: /home/kousei/HaruRobo2024_ws/ros2_ws/install/key_event_msgs/share/key_event_msgs/environment/ament_prefix_path.dsv
[1.551s] -- Up-to-date: /home/kousei/HaruRobo2024_ws/ros2_ws/install/key_event_msgs/share/key_event_msgs/environment/path.sh
[1.551s] -- Up-to-date: /home/kousei/HaruRobo2024_ws/ros2_ws/install/key_event_msgs/share/key_event_msgs/environment/path.dsv
[1.551s] -- Up-to-date: /home/kousei/HaruRobo2024_ws/ros2_ws/install/key_event_msgs/share/key_event_msgs/local_setup.bash
[1.551s] -- Up-to-date: /home/kousei/HaruRobo2024_ws/ros2_ws/install/key_event_msgs/share/key_event_msgs/local_setup.sh
[1.551s] -- Up-to-date: /home/kousei/HaruRobo2024_ws/ros2_ws/install/key_event_msgs/share/key_event_msgs/local_setup.zsh
[1.552s] -- Up-to-date: /home/kousei/HaruRobo2024_ws/ros2_ws/install/key_event_msgs/share/key_event_msgs/local_setup.dsv
[1.552s] -- Installing: /home/kousei/HaruRobo2024_ws/ros2_ws/install/key_event_msgs/share/key_event_msgs/package.dsv
[1.552s] -- Up-to-date: /home/kousei/HaruRobo2024_ws/ros2_ws/install/key_event_msgs/share/ament_index/resource_index/packages/key_event_msgs
[1.552s] -- Up-to-date: /home/kousei/HaruRobo2024_ws/ros2_ws/install/key_event_msgs/share/key_event_msgs/cmake/export_key_event_msgs__rosidl_generator_cExport.cmake
[1.552s] -- Up-to-date: /home/kousei/HaruRobo2024_ws/ros2_ws/install/key_event_msgs/share/key_event_msgs/cmake/export_key_event_msgs__rosidl_generator_cExport-noconfig.cmake
[1.552s] -- Up-to-date: /home/kousei/HaruRobo2024_ws/ros2_ws/install/key_event_msgs/share/key_event_msgs/cmake/export_key_event_msgs__rosidl_typesupport_fastrtps_cExport.cmake
[1.552s] -- Up-to-date: /home/kousei/HaruRobo2024_ws/ros2_ws/install/key_event_msgs/share/key_event_msgs/cmake/export_key_event_msgs__rosidl_typesupport_fastrtps_cExport-noconfig.cmake
[1.552s] -- Up-to-date: /home/kousei/HaruRobo2024_ws/ros2_ws/install/key_event_msgs/share/key_event_msgs/cmake/key_event_msgs__rosidl_typesupport_introspection_cExport.cmake
[1.552s] -- Up-to-date: /home/kousei/HaruRobo2024_ws/ros2_ws/install/key_event_msgs/share/key_event_msgs/cmake/key_event_msgs__rosidl_typesupport_introspection_cExport-noconfig.cmake
[1.552s] -- Up-to-date: /home/kousei/HaruRobo2024_ws/ros2_ws/install/key_event_msgs/share/key_event_msgs/cmake/key_event_msgs__rosidl_typesupport_cExport.cmake
[1.552s] -- Up-to-date: /home/kousei/HaruRobo2024_ws/ros2_ws/install/key_event_msgs/share/key_event_msgs/cmake/key_event_msgs__rosidl_typesupport_cExport-noconfig.cmake
[1.553s] -- Up-to-date: /home/kousei/HaruRobo2024_ws/ros2_ws/install/key_event_msgs/share/key_event_msgs/cmake/export_key_event_msgs__rosidl_generator_cppExport.cmake
[1.553s] -- Up-to-date: /home/kousei/HaruRobo2024_ws/ros2_ws/install/key_event_msgs/share/key_event_msgs/cmake/export_key_event_msgs__rosidl_typesupport_fastrtps_cppExport.cmake
[1.553s] -- Up-to-date: /home/kousei/HaruRobo2024_ws/ros2_ws/install/key_event_msgs/share/key_event_msgs/cmake/export_key_event_msgs__rosidl_typesupport_fastrtps_cppExport-noconfig.cmake
[1.553s] -- Up-to-date: /home/kousei/HaruRobo2024_ws/ros2_ws/install/key_event_msgs/share/key_event_msgs/cmake/key_event_msgs__rosidl_typesupport_introspection_cppExport.cmake
[1.553s] -- Up-to-date: /home/kousei/HaruRobo2024_ws/ros2_ws/install/key_event_msgs/share/key_event_msgs/cmake/key_event_msgs__rosidl_typesupport_introspection_cppExport-noconfig.cmake
[1.554s] -- Up-to-date: /home/kousei/HaruRobo2024_ws/ros2_ws/install/key_event_msgs/share/key_event_msgs/cmake/key_event_msgs__rosidl_typesupport_cppExport.cmake
[1.554s] -- Up-to-date: /home/kousei/HaruRobo2024_ws/ros2_ws/install/key_event_msgs/share/key_event_msgs/cmake/key_event_msgs__rosidl_typesupport_cppExport-noconfig.cmake
[1.554s] -- Up-to-date: /home/kousei/HaruRobo2024_ws/ros2_ws/install/key_event_msgs/share/key_event_msgs/cmake/export_key_event_msgs__rosidl_generator_pyExport.cmake
[1.554s] -- Up-to-date: /home/kousei/HaruRobo2024_ws/ros2_ws/install/key_event_msgs/share/key_event_msgs/cmake/export_key_event_msgs__rosidl_generator_pyExport-noconfig.cmake
[1.554s] -- Up-to-date: /home/kousei/HaruRobo2024_ws/ros2_ws/install/key_event_msgs/share/key_event_msgs/cmake/rosidl_cmake-extras.cmake
[1.555s] -- Up-to-date: /home/kousei/HaruRobo2024_ws/ros2_ws/install/key_event_msgs/share/key_event_msgs/cmake/ament_cmake_export_include_directories-extras.cmake
[1.555s] -- Up-to-date: /home/kousei/HaruRobo2024_ws/ros2_ws/install/key_event_msgs/share/key_event_msgs/cmake/ament_cmake_export_libraries-extras.cmake
[1.555s] -- Up-to-date: /home/kousei/HaruRobo2024_ws/ros2_ws/install/key_event_msgs/share/key_event_msgs/cmake/ament_cmake_export_targets-extras.cmake
[1.555s] -- Up-to-date: /home/kousei/HaruRobo2024_ws/ros2_ws/install/key_event_msgs/share/key_event_msgs/cmake/rosidl_cmake_export_typesupport_targets-extras.cmake
[1.555s] -- Up-to-date: /home/kousei/HaruRobo2024_ws/ros2_ws/install/key_event_msgs/share/key_event_msgs/cmake/ament_cmake_export_dependencies-extras.cmake
[1.555s] -- Up-to-date: /home/kousei/HaruRobo2024_ws/ros2_ws/install/key_event_msgs/share/key_event_msgs/cmake/rosidl_cmake_export_typesupport_libraries-extras.cmake
[1.555s] -- Up-to-date: /home/kousei/HaruRobo2024_ws/ros2_ws/install/key_event_msgs/share/key_event_msgs/cmake/key_event_msgsConfig.cmake
[1.555s] -- Up-to-date: /home/kousei/HaruRobo2024_ws/ros2_ws/install/key_event_msgs/share/key_event_msgs/cmake/key_event_msgsConfig-version.cmake
[1.555s] -- Up-to-date: /home/kousei/HaruRobo2024_ws/ros2_ws/install/key_event_msgs/share/key_event_msgs/package.xml
[1.555s] Invoked command in '/home/kousei/HaruRobo2024_ws/ros2_ws/build/key_event_msgs' returned '0': CMAKE_PREFIX_PATH=${CMAKE_PREFIX_PATH}:/opt/ros/humble /usr/bin/cmake --install /home/kousei/HaruRobo2024_ws/ros2_ws/build/key_event_msgs
