[0.150s] Invoking command in '/home/kousei/HaruRobo2024_ws/ros2_ws/build/drive_msgs': CMAKE_PREFIX_PATH=${CMAKE_PREFIX_PATH}:/opt/ros/humble /usr/bin/cmake --build /home/kousei/HaruRobo2024_ws/ros2_ws/build/drive_msgs -- -j16 -l16
[0.188s] [  1%] Built target drive_msgs__cpp
[0.192s] [ 12%] Built target drive_msgs__rosidl_generator_c
[0.200s] [ 12%] Built target ament_cmake_python_copy_drive_msgs
[0.226s] [ 34%] Built target drive_msgs__rosidl_typesupport_cpp
[0.227s] [ 34%] Built target drive_msgs__rosidl_typesupport_fastrtps_cpp
[0.227s] [ 47%] Built target drive_msgs__rosidl_typesupport_introspection_cpp
[0.227s] [ 56%] Built target drive_msgs__rosidl_typesupport_fastrtps_c
[0.229s] [ 67%] Built target drive_msgs__rosidl_typesupport_introspection_c
[0.238s] [ 78%] Built target drive_msgs__rosidl_typesupport_c
[0.257s] [ 78%] Built target drive_msgs
[0.280s] [ 80%] Built target drive_msgs__py
[0.298s] [ 89%] Built target drive_msgs__rosidl_generator_py
[0.322s] [ 94%] Built target drive_msgs__rosidl_typesupport_introspection_c__pyext
[0.322s] [ 96%] Built target drive_msgs__rosidl_typesupport_fastrtps_c__pyext
[0.323s] [100%] Built target drive_msgs__rosidl_typesupport_c__pyext
[0.482s] running egg_info
[0.482s] writing drive_msgs.egg-info/PKG-INFO
[0.483s] writing dependency_links to drive_msgs.egg-info/dependency_links.txt
[0.483s] writing top-level names to drive_msgs.egg-info/top_level.txt
[0.485s] reading manifest file 'drive_msgs.egg-info/SOURCES.txt'
[0.486s] writing manifest file 'drive_msgs.egg-info/SOURCES.txt'
[0.515s] [100%] Built target ament_cmake_python_build_drive_msgs_egg
[0.524s] Invoked command in '/home/kousei/HaruRobo2024_ws/ros2_ws/build/drive_msgs' returned '0': CMAKE_PREFIX_PATH=${CMAKE_PREFIX_PATH}:/opt/ros/humble /usr/bin/cmake --build /home/kousei/HaruRobo2024_ws/ros2_ws/build/drive_msgs -- -j16 -l16
