[0.097s] Invoking command in '/home/kousei/HaruRobo2024_ws/ros2_ws/build/drive_msgs': CMAKE_PREFIX_PATH=${CMAKE_PREFIX_PATH}:/opt/ros/humble /usr/bin/cmake --build /home/kousei/HaruRobo2024_ws/ros2_ws/build/drive_msgs -- -j16 -l16
[0.129s] [  1%] Built target drive_msgs__cpp
[0.139s] [ 12%] Built target drive_msgs__rosidl_generator_c
[0.146s] [ 12%] Built target ament_cmake_python_copy_drive_msgs
[0.155s] [ 23%] Built target drive_msgs__rosidl_typesupport_cpp
[0.157s] [ 34%] Built target drive_msgs__rosidl_typesupport_fastrtps_cpp
[0.163s] [ 45%] Built target drive_msgs__rosidl_typesupport_introspection_cpp
[0.166s] [ 56%] Built target drive_msgs__rosidl_typesupport_introspection_c
[0.171s] [ 67%] Built target drive_msgs__rosidl_typesupport_fastrtps_c
[0.178s] [ 78%] Built target drive_msgs__rosidl_typesupport_c
[0.193s] [ 78%] Built target drive_msgs
[0.210s] [ 80%] Built target drive_msgs__py
[0.227s] [ 89%] Built target drive_msgs__rosidl_generator_py
[0.248s] [ 94%] Built target drive_msgs__rosidl_typesupport_introspection_c__pyext
[0.249s] [ 96%] Built target drive_msgs__rosidl_typesupport_fastrtps_c__pyext
[0.250s] [100%] Built target drive_msgs__rosidl_typesupport_c__pyext
[0.330s] running egg_info
[0.331s] writing drive_msgs.egg-info/PKG-INFO
[0.331s] writing dependency_links to drive_msgs.egg-info/dependency_links.txt
[0.331s] writing top-level names to drive_msgs.egg-info/top_level.txt
[0.333s] reading manifest file 'drive_msgs.egg-info/SOURCES.txt'
[0.333s] writing manifest file 'drive_msgs.egg-info/SOURCES.txt'
[0.361s] [100%] Built target ament_cmake_python_build_drive_msgs_egg
[0.399s] Invoked command in '/home/kousei/HaruRobo2024_ws/ros2_ws/build/drive_msgs' returned '0': CMAKE_PREFIX_PATH=${CMAKE_PREFIX_PATH}:/opt/ros/humble /usr/bin/cmake --build /home/kousei/HaruRobo2024_ws/ros2_ws/build/drive_msgs -- -j16 -l16
[0.474s] Invoking command in '/home/kousei/HaruRobo2024_ws/ros2_ws/build/drive_msgs': CMAKE_PREFIX_PATH=${CMAKE_PREFIX_PATH}:/opt/ros/humble /usr/bin/cmake --install /home/kousei/HaruRobo2024_ws/ros2_ws/build/drive_msgs
[0.487s] -- Install configuration: ""
[0.487s] -- Up-to-date: /home/kousei/HaruRobo2024_ws/ros2_ws/install/drive_msgs/share/ament_index/resource_index/rosidl_interfaces/drive_msgs
[0.488s] -- Up-to-date: /home/kousei/HaruRobo2024_ws/ros2_ws/install/drive_msgs/include/drive_msgs/drive_msgs
[0.488s] -- Up-to-date: /home/kousei/HaruRobo2024_ws/ros2_ws/install/drive_msgs/include/drive_msgs/drive_msgs/msg
[0.488s] -- Up-to-date: /home/kousei/HaruRobo2024_ws/ros2_ws/install/drive_msgs/include/drive_msgs/drive_msgs/msg/diff_drive_enc.h
[0.488s] -- Up-to-date: /home/kousei/HaruRobo2024_ws/ros2_ws/install/drive_msgs/include/drive_msgs/drive_msgs/msg/diff_drive.h
[0.489s] -- Up-to-date: /home/kousei/HaruRobo2024_ws/ros2_ws/install/drive_msgs/include/drive_msgs/drive_msgs/msg/omni_enc.h
[0.489s] -- Up-to-date: /home/kousei/HaruRobo2024_ws/ros2_ws/install/drive_msgs/include/drive_msgs/drive_msgs/msg/rosidl_generator_c__visibility_control.h
[0.489s] -- Up-to-date: /home/kousei/HaruRobo2024_ws/ros2_ws/install/drive_msgs/include/drive_msgs/drive_msgs/msg/omni.h
[0.490s] -- Up-to-date: /home/kousei/HaruRobo2024_ws/ros2_ws/install/drive_msgs/include/drive_msgs/drive_msgs/msg/detail
[0.490s] -- Up-to-date: /home/kousei/HaruRobo2024_ws/ros2_ws/install/drive_msgs/include/drive_msgs/drive_msgs/msg/detail/diff_drive_enc__type_support.h
[0.490s] -- Up-to-date: /home/kousei/HaruRobo2024_ws/ros2_ws/install/drive_msgs/include/drive_msgs/drive_msgs/msg/detail/diff_drive__struct.h
[0.490s] -- Up-to-date: /home/kousei/HaruRobo2024_ws/ros2_ws/install/drive_msgs/include/drive_msgs/drive_msgs/msg/detail/omni_enc__struct.h
[0.490s] -- Up-to-date: /home/kousei/HaruRobo2024_ws/ros2_ws/install/drive_msgs/include/drive_msgs/drive_msgs/msg/detail/diff_drive_enc__functions.c
[0.491s] -- Up-to-date: /home/kousei/HaruRobo2024_ws/ros2_ws/install/drive_msgs/include/drive_msgs/drive_msgs/msg/detail/omni_enc__functions.c
[0.491s] -- Up-to-date: /home/kousei/HaruRobo2024_ws/ros2_ws/install/drive_msgs/include/drive_msgs/drive_msgs/msg/detail/diff_drive__type_support.h
[0.491s] -- Up-to-date: /home/kousei/HaruRobo2024_ws/ros2_ws/install/drive_msgs/include/drive_msgs/drive_msgs/msg/detail/omni__functions.c
[0.491s] -- Up-to-date: /home/kousei/HaruRobo2024_ws/ros2_ws/install/drive_msgs/include/drive_msgs/drive_msgs/msg/detail/diff_drive__functions.c
[0.492s] -- Up-to-date: /home/kousei/HaruRobo2024_ws/ros2_ws/install/drive_msgs/include/drive_msgs/drive_msgs/msg/detail/omni_enc__functions.h
[0.492s] -- Up-to-date: /home/kousei/HaruRobo2024_ws/ros2_ws/install/drive_msgs/include/drive_msgs/drive_msgs/msg/detail/omni_enc__type_support.h
[0.492s] -- Up-to-date: /home/kousei/HaruRobo2024_ws/ros2_ws/install/drive_msgs/include/drive_msgs/drive_msgs/msg/detail/diff_drive__functions.h
[0.492s] -- Up-to-date: /home/kousei/HaruRobo2024_ws/ros2_ws/install/drive_msgs/include/drive_msgs/drive_msgs/msg/detail/omni__type_support.h
[0.492s] -- Up-to-date: /home/kousei/HaruRobo2024_ws/ros2_ws/install/drive_msgs/include/drive_msgs/drive_msgs/msg/detail/omni__functions.h
[0.492s] -- Up-to-date: /home/kousei/HaruRobo2024_ws/ros2_ws/install/drive_msgs/include/drive_msgs/drive_msgs/msg/detail/diff_drive_enc__functions.h
[0.493s] -- Up-to-date: /home/kousei/HaruRobo2024_ws/ros2_ws/install/drive_msgs/include/drive_msgs/drive_msgs/msg/detail/omni__struct.h
[0.493s] -- Up-to-date: /home/kousei/HaruRobo2024_ws/ros2_ws/install/drive_msgs/include/drive_msgs/drive_msgs/msg/detail/diff_drive_enc__struct.h
[0.493s] -- Up-to-date: /home/kousei/HaruRobo2024_ws/ros2_ws/install/drive_msgs/share/drive_msgs/environment/library_path.sh
[0.493s] -- Up-to-date: /home/kousei/HaruRobo2024_ws/ros2_ws/install/drive_msgs/share/drive_msgs/environment/library_path.dsv
[0.493s] -- Up-to-date: /home/kousei/HaruRobo2024_ws/ros2_ws/install/drive_msgs/lib/libdrive_msgs__rosidl_generator_c.so
[0.494s] -- Up-to-date: /home/kousei/HaruRobo2024_ws/ros2_ws/install/drive_msgs/include/drive_msgs/drive_msgs
[0.494s] -- Up-to-date: /home/kousei/HaruRobo2024_ws/ros2_ws/install/drive_msgs/include/drive_msgs/drive_msgs/msg
[0.494s] -- Up-to-date: /home/kousei/HaruRobo2024_ws/ros2_ws/install/drive_msgs/include/drive_msgs/drive_msgs/msg/detail
[0.494s] -- Up-to-date: /home/kousei/HaruRobo2024_ws/ros2_ws/install/drive_msgs/include/drive_msgs/drive_msgs/msg/detail/diff_drive__rosidl_typesupport_fastrtps_c.h
[0.494s] -- Up-to-date: /home/kousei/HaruRobo2024_ws/ros2_ws/install/drive_msgs/include/drive_msgs/drive_msgs/msg/detail/diff_drive_enc__rosidl_typesupport_fastrtps_c.h
[0.495s] -- Up-to-date: /home/kousei/HaruRobo2024_ws/ros2_ws/install/drive_msgs/include/drive_msgs/drive_msgs/msg/detail/omni_enc__rosidl_typesupport_fastrtps_c.h
[0.495s] -- Up-to-date: /home/kousei/HaruRobo2024_ws/ros2_ws/install/drive_msgs/include/drive_msgs/drive_msgs/msg/detail/omni__rosidl_typesupport_fastrtps_c.h
[0.495s] -- Up-to-date: /home/kousei/HaruRobo2024_ws/ros2_ws/install/drive_msgs/include/drive_msgs/drive_msgs/msg/rosidl_typesupport_fastrtps_c__visibility_control.h
[0.495s] -- Up-to-date: /home/kousei/HaruRobo2024_ws/ros2_ws/install/drive_msgs/lib/libdrive_msgs__rosidl_typesupport_fastrtps_c.so
[0.495s] -- Up-to-date: /home/kousei/HaruRobo2024_ws/ros2_ws/install/drive_msgs/include/drive_msgs/drive_msgs
[0.496s] -- Up-to-date: /home/kousei/HaruRobo2024_ws/ros2_ws/install/drive_msgs/include/drive_msgs/drive_msgs/msg
[0.496s] -- Up-to-date: /home/kousei/HaruRobo2024_ws/ros2_ws/install/drive_msgs/include/drive_msgs/drive_msgs/msg/omni_enc.hpp
[0.496s] -- Up-to-date: /home/kousei/HaruRobo2024_ws/ros2_ws/install/drive_msgs/include/drive_msgs/drive_msgs/msg/omni.hpp
[0.496s] -- Up-to-date: /home/kousei/HaruRobo2024_ws/ros2_ws/install/drive_msgs/include/drive_msgs/drive_msgs/msg/diff_drive.hpp
[0.496s] -- Up-to-date: /home/kousei/HaruRobo2024_ws/ros2_ws/install/drive_msgs/include/drive_msgs/drive_msgs/msg/detail
[0.496s] -- Up-to-date: /home/kousei/HaruRobo2024_ws/ros2_ws/install/drive_msgs/include/drive_msgs/drive_msgs/msg/detail/omni_enc__struct.hpp
[0.496s] -- Up-to-date: /home/kousei/HaruRobo2024_ws/ros2_ws/install/drive_msgs/include/drive_msgs/drive_msgs/msg/detail/diff_drive__builder.hpp
[0.497s] -- Up-to-date: /home/kousei/HaruRobo2024_ws/ros2_ws/install/drive_msgs/include/drive_msgs/drive_msgs/msg/detail/omni__builder.hpp
[0.497s] -- Up-to-date: /home/kousei/HaruRobo2024_ws/ros2_ws/install/drive_msgs/include/drive_msgs/drive_msgs/msg/detail/diff_drive__struct.hpp
[0.497s] -- Up-to-date: /home/kousei/HaruRobo2024_ws/ros2_ws/install/drive_msgs/include/drive_msgs/drive_msgs/msg/detail/omni__struct.hpp
[0.497s] -- Up-to-date: /home/kousei/HaruRobo2024_ws/ros2_ws/install/drive_msgs/include/drive_msgs/drive_msgs/msg/detail/omni_enc__builder.hpp
[0.497s] -- Up-to-date: /home/kousei/HaruRobo2024_ws/ros2_ws/install/drive_msgs/include/drive_msgs/drive_msgs/msg/detail/omni_enc__traits.hpp
[0.497s] -- Up-to-date: /home/kousei/HaruRobo2024_ws/ros2_ws/install/drive_msgs/include/drive_msgs/drive_msgs/msg/detail/diff_drive_enc__struct.hpp
[0.497s] -- Up-to-date: /home/kousei/HaruRobo2024_ws/ros2_ws/install/drive_msgs/include/drive_msgs/drive_msgs/msg/detail/omni__traits.hpp
[0.497s] -- Up-to-date: /home/kousei/HaruRobo2024_ws/ros2_ws/install/drive_msgs/include/drive_msgs/drive_msgs/msg/detail/diff_drive_enc__builder.hpp
[0.498s] -- Up-to-date: /home/kousei/HaruRobo2024_ws/ros2_ws/install/drive_msgs/include/drive_msgs/drive_msgs/msg/detail/diff_drive__traits.hpp
[0.498s] -- Up-to-date: /home/kousei/HaruRobo2024_ws/ros2_ws/install/drive_msgs/include/drive_msgs/drive_msgs/msg/detail/diff_drive_enc__traits.hpp
[0.498s] -- Up-to-date: /home/kousei/HaruRobo2024_ws/ros2_ws/install/drive_msgs/include/drive_msgs/drive_msgs/msg/diff_drive_enc.hpp
[0.498s] -- Up-to-date: /home/kousei/HaruRobo2024_ws/ros2_ws/install/drive_msgs/include/drive_msgs/drive_msgs
[0.498s] -- Up-to-date: /home/kousei/HaruRobo2024_ws/ros2_ws/install/drive_msgs/include/drive_msgs/drive_msgs/msg
[0.498s] -- Up-to-date: /home/kousei/HaruRobo2024_ws/ros2_ws/install/drive_msgs/include/drive_msgs/drive_msgs/msg/detail
[0.498s] -- Up-to-date: /home/kousei/HaruRobo2024_ws/ros2_ws/install/drive_msgs/include/drive_msgs/drive_msgs/msg/detail/omni__rosidl_typesupport_fastrtps_cpp.hpp
[0.499s] -- Up-to-date: /home/kousei/HaruRobo2024_ws/ros2_ws/install/drive_msgs/include/drive_msgs/drive_msgs/msg/detail/diff_drive__rosidl_typesupport_fastrtps_cpp.hpp
[0.499s] -- Up-to-date: /home/kousei/HaruRobo2024_ws/ros2_ws/install/drive_msgs/include/drive_msgs/drive_msgs/msg/detail/dds_fastrtps
[0.499s] -- Up-to-date: /home/kousei/HaruRobo2024_ws/ros2_ws/install/drive_msgs/include/drive_msgs/drive_msgs/msg/detail/diff_drive_enc__rosidl_typesupport_fastrtps_cpp.hpp
[0.499s] -- Up-to-date: /home/kousei/HaruRobo2024_ws/ros2_ws/install/drive_msgs/include/drive_msgs/drive_msgs/msg/detail/omni_enc__rosidl_typesupport_fastrtps_cpp.hpp
[0.499s] -- Up-to-date: /home/kousei/HaruRobo2024_ws/ros2_ws/install/drive_msgs/include/drive_msgs/drive_msgs/msg/rosidl_typesupport_fastrtps_cpp__visibility_control.h
[0.499s] -- Up-to-date: /home/kousei/HaruRobo2024_ws/ros2_ws/install/drive_msgs/lib/libdrive_msgs__rosidl_typesupport_fastrtps_cpp.so
[0.499s] -- Up-to-date: /home/kousei/HaruRobo2024_ws/ros2_ws/install/drive_msgs/include/drive_msgs/drive_msgs
[0.499s] -- Up-to-date: /home/kousei/HaruRobo2024_ws/ros2_ws/install/drive_msgs/include/drive_msgs/drive_msgs/msg
[0.499s] -- Up-to-date: /home/kousei/HaruRobo2024_ws/ros2_ws/install/drive_msgs/include/drive_msgs/drive_msgs/msg/detail
[0.500s] -- Up-to-date: /home/kousei/HaruRobo2024_ws/ros2_ws/install/drive_msgs/include/drive_msgs/drive_msgs/msg/detail/diff_drive_enc__rosidl_typesupport_introspection_c.h
[0.500s] -- Up-to-date: /home/kousei/HaruRobo2024_ws/ros2_ws/install/drive_msgs/include/drive_msgs/drive_msgs/msg/detail/diff_drive__type_support.c
[0.500s] -- Up-to-date: /home/kousei/HaruRobo2024_ws/ros2_ws/install/drive_msgs/include/drive_msgs/drive_msgs/msg/detail/omni__rosidl_typesupport_introspection_c.h
[0.500s] -- Up-to-date: /home/kousei/HaruRobo2024_ws/ros2_ws/install/drive_msgs/include/drive_msgs/drive_msgs/msg/detail/diff_drive_enc__type_support.c
[0.500s] -- Up-to-date: /home/kousei/HaruRobo2024_ws/ros2_ws/install/drive_msgs/include/drive_msgs/drive_msgs/msg/detail/omni_enc__rosidl_typesupport_introspection_c.h
[0.500s] -- Up-to-date: /home/kousei/HaruRobo2024_ws/ros2_ws/install/drive_msgs/include/drive_msgs/drive_msgs/msg/detail/omni__type_support.c
[0.500s] -- Up-to-date: /home/kousei/HaruRobo2024_ws/ros2_ws/install/drive_msgs/include/drive_msgs/drive_msgs/msg/detail/omni_enc__type_support.c
[0.500s] -- Up-to-date: /home/kousei/HaruRobo2024_ws/ros2_ws/install/drive_msgs/include/drive_msgs/drive_msgs/msg/detail/diff_drive__rosidl_typesupport_introspection_c.h
[0.501s] -- Up-to-date: /home/kousei/HaruRobo2024_ws/ros2_ws/install/drive_msgs/include/drive_msgs/drive_msgs/msg/rosidl_typesupport_introspection_c__visibility_control.h
[0.501s] -- Up-to-date: /home/kousei/HaruRobo2024_ws/ros2_ws/install/drive_msgs/lib/libdrive_msgs__rosidl_typesupport_introspection_c.so
[0.501s] -- Up-to-date: /home/kousei/HaruRobo2024_ws/ros2_ws/install/drive_msgs/lib/libdrive_msgs__rosidl_typesupport_c.so
[0.501s] -- Up-to-date: /home/kousei/HaruRobo2024_ws/ros2_ws/install/drive_msgs/include/drive_msgs/drive_msgs
[0.501s] -- Up-to-date: /home/kousei/HaruRobo2024_ws/ros2_ws/install/drive_msgs/include/drive_msgs/drive_msgs/msg
[0.501s] -- Up-to-date: /home/kousei/HaruRobo2024_ws/ros2_ws/install/drive_msgs/include/drive_msgs/drive_msgs/msg/detail
[0.501s] -- Up-to-date: /home/kousei/HaruRobo2024_ws/ros2_ws/install/drive_msgs/include/drive_msgs/drive_msgs/msg/detail/omni__rosidl_typesupport_introspection_cpp.hpp
[0.501s] -- Up-to-date: /home/kousei/HaruRobo2024_ws/ros2_ws/install/drive_msgs/include/drive_msgs/drive_msgs/msg/detail/omni_enc__type_support.cpp
[0.502s] -- Up-to-date: /home/kousei/HaruRobo2024_ws/ros2_ws/install/drive_msgs/include/drive_msgs/drive_msgs/msg/detail/diff_drive__type_support.cpp
[0.502s] -- Up-to-date: /home/kousei/HaruRobo2024_ws/ros2_ws/install/drive_msgs/include/drive_msgs/drive_msgs/msg/detail/diff_drive__rosidl_typesupport_introspection_cpp.hpp
[0.502s] -- Up-to-date: /home/kousei/HaruRobo2024_ws/ros2_ws/install/drive_msgs/include/drive_msgs/drive_msgs/msg/detail/diff_drive_enc__type_support.cpp
[0.502s] -- Up-to-date: /home/kousei/HaruRobo2024_ws/ros2_ws/install/drive_msgs/include/drive_msgs/drive_msgs/msg/detail/diff_drive_enc__rosidl_typesupport_introspection_cpp.hpp
[0.502s] -- Up-to-date: /home/kousei/HaruRobo2024_ws/ros2_ws/install/drive_msgs/include/drive_msgs/drive_msgs/msg/detail/omni_enc__rosidl_typesupport_introspection_cpp.hpp
[0.502s] -- Up-to-date: /home/kousei/HaruRobo2024_ws/ros2_ws/install/drive_msgs/include/drive_msgs/drive_msgs/msg/detail/omni__type_support.cpp
[0.502s] -- Up-to-date: /home/kousei/HaruRobo2024_ws/ros2_ws/install/drive_msgs/lib/libdrive_msgs__rosidl_typesupport_introspection_cpp.so
[0.503s] -- Up-to-date: /home/kousei/HaruRobo2024_ws/ros2_ws/install/drive_msgs/lib/libdrive_msgs__rosidl_typesupport_cpp.so
[0.503s] -- Up-to-date: /home/kousei/HaruRobo2024_ws/ros2_ws/install/drive_msgs/share/drive_msgs/environment/pythonpath.sh
[0.503s] -- Up-to-date: /home/kousei/HaruRobo2024_ws/ros2_ws/install/drive_msgs/share/drive_msgs/environment/pythonpath.dsv
[0.503s] -- Up-to-date: /home/kousei/HaruRobo2024_ws/ros2_ws/install/drive_msgs/local/lib/python3.10/dist-packages/drive_msgs-0.0.0-py3.10.egg-info
[0.503s] -- Installing: /home/kousei/HaruRobo2024_ws/ros2_ws/install/drive_msgs/local/lib/python3.10/dist-packages/drive_msgs-0.0.0-py3.10.egg-info/dependency_links.txt
[0.503s] -- Installing: /home/kousei/HaruRobo2024_ws/ros2_ws/install/drive_msgs/local/lib/python3.10/dist-packages/drive_msgs-0.0.0-py3.10.egg-info/SOURCES.txt
[0.503s] -- Installing: /home/kousei/HaruRobo2024_ws/ros2_ws/install/drive_msgs/local/lib/python3.10/dist-packages/drive_msgs-0.0.0-py3.10.egg-info/top_level.txt
[0.503s] -- Installing: /home/kousei/HaruRobo2024_ws/ros2_ws/install/drive_msgs/local/lib/python3.10/dist-packages/drive_msgs-0.0.0-py3.10.egg-info/PKG-INFO
[0.503s] -- Up-to-date: /home/kousei/HaruRobo2024_ws/ros2_ws/install/drive_msgs/local/lib/python3.10/dist-packages/drive_msgs
[0.503s] -- Up-to-date: /home/kousei/HaruRobo2024_ws/ros2_ws/install/drive_msgs/local/lib/python3.10/dist-packages/drive_msgs/__init__.py
[0.503s] -- Up-to-date: /home/kousei/HaruRobo2024_ws/ros2_ws/install/drive_msgs/local/lib/python3.10/dist-packages/drive_msgs/_drive_msgs_s.ep.rosidl_typesupport_fastrtps_c.c
[0.503s] -- Up-to-date: /home/kousei/HaruRobo2024_ws/ros2_ws/install/drive_msgs/local/lib/python3.10/dist-packages/drive_msgs/drive_msgs_s__rosidl_typesupport_c.cpython-310-x86_64-linux-gnu.so
[0.503s] -- Up-to-date: /home/kousei/HaruRobo2024_ws/ros2_ws/install/drive_msgs/local/lib/python3.10/dist-packages/drive_msgs/_drive_msgs_s.ep.rosidl_typesupport_introspection_c.c
[0.503s] -- Up-to-date: /home/kousei/HaruRobo2024_ws/ros2_ws/install/drive_msgs/local/lib/python3.10/dist-packages/drive_msgs/drive_msgs_s__rosidl_typesupport_fastrtps_c.cpython-310-x86_64-linux-gnu.so
[0.503s] -- Up-to-date: /home/kousei/HaruRobo2024_ws/ros2_ws/install/drive_msgs/local/lib/python3.10/dist-packages/drive_msgs/_drive_msgs_s.ep.rosidl_typesupport_c.c
[0.503s] -- Up-to-date: /home/kousei/HaruRobo2024_ws/ros2_ws/install/drive_msgs/local/lib/python3.10/dist-packages/drive_msgs/msg
[0.503s] -- Up-to-date: /home/kousei/HaruRobo2024_ws/ros2_ws/install/drive_msgs/local/lib/python3.10/dist-packages/drive_msgs/msg/__init__.py
[0.503s] -- Up-to-date: /home/kousei/HaruRobo2024_ws/ros2_ws/install/drive_msgs/local/lib/python3.10/dist-packages/drive_msgs/msg/_omni_enc.py
[0.503s] -- Up-to-date: /home/kousei/HaruRobo2024_ws/ros2_ws/install/drive_msgs/local/lib/python3.10/dist-packages/drive_msgs/msg/_diff_drive_enc.py
[0.503s] -- Up-to-date: /home/kousei/HaruRobo2024_ws/ros2_ws/install/drive_msgs/local/lib/python3.10/dist-packages/drive_msgs/msg/_diff_drive_enc_s.c
[0.503s] -- Up-to-date: /home/kousei/HaruRobo2024_ws/ros2_ws/install/drive_msgs/local/lib/python3.10/dist-packages/drive_msgs/msg/_diff_drive_s.c
[0.504s] -- Up-to-date: /home/kousei/HaruRobo2024_ws/ros2_ws/install/drive_msgs/local/lib/python3.10/dist-packages/drive_msgs/msg/_diff_drive.py
[0.504s] -- Up-to-date: /home/kousei/HaruRobo2024_ws/ros2_ws/install/drive_msgs/local/lib/python3.10/dist-packages/drive_msgs/msg/_omni_enc_s.c
[0.504s] -- Up-to-date: /home/kousei/HaruRobo2024_ws/ros2_ws/install/drive_msgs/local/lib/python3.10/dist-packages/drive_msgs/msg/_omni.py
[0.504s] -- Up-to-date: /home/kousei/HaruRobo2024_ws/ros2_ws/install/drive_msgs/local/lib/python3.10/dist-packages/drive_msgs/msg/_omni_s.c
[0.504s] -- Up-to-date: /home/kousei/HaruRobo2024_ws/ros2_ws/install/drive_msgs/local/lib/python3.10/dist-packages/drive_msgs/libdrive_msgs__rosidl_generator_py.so
[0.504s] -- Up-to-date: /home/kousei/HaruRobo2024_ws/ros2_ws/install/drive_msgs/local/lib/python3.10/dist-packages/drive_msgs/drive_msgs_s__rosidl_typesupport_introspection_c.cpython-310-x86_64-linux-gnu.so
[0.505s] Listing '/home/kousei/HaruRobo2024_ws/ros2_ws/install/drive_msgs/local/lib/python3.10/dist-packages/drive_msgs'...
[0.505s] Listing '/home/kousei/HaruRobo2024_ws/ros2_ws/install/drive_msgs/local/lib/python3.10/dist-packages/drive_msgs/msg'...
[0.508s] -- Up-to-date: /home/kousei/HaruRobo2024_ws/ros2_ws/install/drive_msgs/local/lib/python3.10/dist-packages/drive_msgs/drive_msgs_s__rosidl_typesupport_fastrtps_c.cpython-310-x86_64-linux-gnu.so
[0.509s] -- Up-to-date: /home/kousei/HaruRobo2024_ws/ros2_ws/install/drive_msgs/local/lib/python3.10/dist-packages/drive_msgs/drive_msgs_s__rosidl_typesupport_introspection_c.cpython-310-x86_64-linux-gnu.so
[0.509s] -- Up-to-date: /home/kousei/HaruRobo2024_ws/ros2_ws/install/drive_msgs/local/lib/python3.10/dist-packages/drive_msgs/drive_msgs_s__rosidl_typesupport_c.cpython-310-x86_64-linux-gnu.so
[0.509s] -- Up-to-date: /home/kousei/HaruRobo2024_ws/ros2_ws/install/drive_msgs/lib/libdrive_msgs__rosidl_generator_py.so
[0.509s] -- Up-to-date: /home/kousei/HaruRobo2024_ws/ros2_ws/install/drive_msgs/share/drive_msgs/msg/DiffDrive.idl
[0.509s] -- Up-to-date: /home/kousei/HaruRobo2024_ws/ros2_ws/install/drive_msgs/share/drive_msgs/msg/DiffDriveEnc.idl
[0.509s] -- Up-to-date: /home/kousei/HaruRobo2024_ws/ros2_ws/install/drive_msgs/share/drive_msgs/msg/Omni.idl
[0.509s] -- Up-to-date: /home/kousei/HaruRobo2024_ws/ros2_ws/install/drive_msgs/share/drive_msgs/msg/OmniEnc.idl
[0.509s] -- Up-to-date: /home/kousei/HaruRobo2024_ws/ros2_ws/install/drive_msgs/share/drive_msgs/msg/DiffDrive.msg
[0.509s] -- Up-to-date: /home/kousei/HaruRobo2024_ws/ros2_ws/install/drive_msgs/share/drive_msgs/msg/DiffDriveEnc.msg
[0.509s] -- Up-to-date: /home/kousei/HaruRobo2024_ws/ros2_ws/install/drive_msgs/share/drive_msgs/msg/Omni.msg
[0.510s] -- Up-to-date: /home/kousei/HaruRobo2024_ws/ros2_ws/install/drive_msgs/share/drive_msgs/msg/OmniEnc.msg
[0.510s] -- Up-to-date: /home/kousei/HaruRobo2024_ws/ros2_ws/install/drive_msgs/include
[0.510s] -- Up-to-date: /home/kousei/HaruRobo2024_ws/ros2_ws/install/drive_msgs/include/drive_msgs
[0.510s] -- Up-to-date: /home/kousei/HaruRobo2024_ws/ros2_ws/install/drive_msgs/share/ament_index/resource_index/package_run_dependencies/drive_msgs
[0.510s] -- Up-to-date: /home/kousei/HaruRobo2024_ws/ros2_ws/install/drive_msgs/share/ament_index/resource_index/parent_prefix_path/drive_msgs
[0.510s] -- Up-to-date: /home/kousei/HaruRobo2024_ws/ros2_ws/install/drive_msgs/share/drive_msgs/environment/ament_prefix_path.sh
[0.510s] -- Up-to-date: /home/kousei/HaruRobo2024_ws/ros2_ws/install/drive_msgs/share/drive_msgs/environment/ament_prefix_path.dsv
[0.510s] -- Up-to-date: /home/kousei/HaruRobo2024_ws/ros2_ws/install/drive_msgs/share/drive_msgs/environment/path.sh
[0.510s] -- Up-to-date: /home/kousei/HaruRobo2024_ws/ros2_ws/install/drive_msgs/share/drive_msgs/environment/path.dsv
[0.510s] -- Up-to-date: /home/kousei/HaruRobo2024_ws/ros2_ws/install/drive_msgs/share/drive_msgs/local_setup.bash
[0.510s] -- Up-to-date: /home/kousei/HaruRobo2024_ws/ros2_ws/install/drive_msgs/share/drive_msgs/local_setup.sh
[0.510s] -- Up-to-date: /home/kousei/HaruRobo2024_ws/ros2_ws/install/drive_msgs/share/drive_msgs/local_setup.zsh
[0.510s] -- Up-to-date: /home/kousei/HaruRobo2024_ws/ros2_ws/install/drive_msgs/share/drive_msgs/local_setup.dsv
[0.510s] -- Installing: /home/kousei/HaruRobo2024_ws/ros2_ws/install/drive_msgs/share/drive_msgs/package.dsv
[0.510s] -- Up-to-date: /home/kousei/HaruRobo2024_ws/ros2_ws/install/drive_msgs/share/ament_index/resource_index/packages/drive_msgs
[0.510s] -- Up-to-date: /home/kousei/HaruRobo2024_ws/ros2_ws/install/drive_msgs/share/drive_msgs/cmake/export_drive_msgs__rosidl_generator_cExport.cmake
[0.511s] -- Up-to-date: /home/kousei/HaruRobo2024_ws/ros2_ws/install/drive_msgs/share/drive_msgs/cmake/export_drive_msgs__rosidl_generator_cExport-noconfig.cmake
[0.511s] -- Up-to-date: /home/kousei/HaruRobo2024_ws/ros2_ws/install/drive_msgs/share/drive_msgs/cmake/export_drive_msgs__rosidl_typesupport_fastrtps_cExport.cmake
[0.511s] -- Up-to-date: /home/kousei/HaruRobo2024_ws/ros2_ws/install/drive_msgs/share/drive_msgs/cmake/export_drive_msgs__rosidl_typesupport_fastrtps_cExport-noconfig.cmake
[0.511s] -- Up-to-date: /home/kousei/HaruRobo2024_ws/ros2_ws/install/drive_msgs/share/drive_msgs/cmake/export_drive_msgs__rosidl_generator_cppExport.cmake
[0.511s] -- Up-to-date: /home/kousei/HaruRobo2024_ws/ros2_ws/install/drive_msgs/share/drive_msgs/cmake/export_drive_msgs__rosidl_typesupport_fastrtps_cppExport.cmake
[0.511s] -- Up-to-date: /home/kousei/HaruRobo2024_ws/ros2_ws/install/drive_msgs/share/drive_msgs/cmake/export_drive_msgs__rosidl_typesupport_fastrtps_cppExport-noconfig.cmake
[0.511s] -- Up-to-date: /home/kousei/HaruRobo2024_ws/ros2_ws/install/drive_msgs/share/drive_msgs/cmake/drive_msgs__rosidl_typesupport_introspection_cExport.cmake
[0.511s] -- Up-to-date: /home/kousei/HaruRobo2024_ws/ros2_ws/install/drive_msgs/share/drive_msgs/cmake/drive_msgs__rosidl_typesupport_introspection_cExport-noconfig.cmake
[0.511s] -- Up-to-date: /home/kousei/HaruRobo2024_ws/ros2_ws/install/drive_msgs/share/drive_msgs/cmake/drive_msgs__rosidl_typesupport_cExport.cmake
[0.511s] -- Up-to-date: /home/kousei/HaruRobo2024_ws/ros2_ws/install/drive_msgs/share/drive_msgs/cmake/drive_msgs__rosidl_typesupport_cExport-noconfig.cmake
[0.512s] -- Up-to-date: /home/kousei/HaruRobo2024_ws/ros2_ws/install/drive_msgs/share/drive_msgs/cmake/drive_msgs__rosidl_typesupport_introspection_cppExport.cmake
[0.512s] -- Up-to-date: /home/kousei/HaruRobo2024_ws/ros2_ws/install/drive_msgs/share/drive_msgs/cmake/drive_msgs__rosidl_typesupport_introspection_cppExport-noconfig.cmake
[0.512s] -- Up-to-date: /home/kousei/HaruRobo2024_ws/ros2_ws/install/drive_msgs/share/drive_msgs/cmake/drive_msgs__rosidl_typesupport_cppExport.cmake
[0.512s] -- Up-to-date: /home/kousei/HaruRobo2024_ws/ros2_ws/install/drive_msgs/share/drive_msgs/cmake/drive_msgs__rosidl_typesupport_cppExport-noconfig.cmake
[0.512s] -- Up-to-date: /home/kousei/HaruRobo2024_ws/ros2_ws/install/drive_msgs/share/drive_msgs/cmake/export_drive_msgs__rosidl_generator_pyExport.cmake
[0.512s] -- Up-to-date: /home/kousei/HaruRobo2024_ws/ros2_ws/install/drive_msgs/share/drive_msgs/cmake/export_drive_msgs__rosidl_generator_pyExport-noconfig.cmake
[0.512s] -- Up-to-date: /home/kousei/HaruRobo2024_ws/ros2_ws/install/drive_msgs/share/drive_msgs/cmake/rosidl_cmake-extras.cmake
[0.512s] -- Up-to-date: /home/kousei/HaruRobo2024_ws/ros2_ws/install/drive_msgs/share/drive_msgs/cmake/ament_cmake_export_dependencies-extras.cmake
[0.512s] -- Up-to-date: /home/kousei/HaruRobo2024_ws/ros2_ws/install/drive_msgs/share/drive_msgs/cmake/ament_cmake_export_include_directories-extras.cmake
[0.512s] -- Up-to-date: /home/kousei/HaruRobo2024_ws/ros2_ws/install/drive_msgs/share/drive_msgs/cmake/ament_cmake_export_libraries-extras.cmake
[0.512s] -- Up-to-date: /home/kousei/HaruRobo2024_ws/ros2_ws/install/drive_msgs/share/drive_msgs/cmake/ament_cmake_export_targets-extras.cmake
[0.512s] -- Up-to-date: /home/kousei/HaruRobo2024_ws/ros2_ws/install/drive_msgs/share/drive_msgs/cmake/rosidl_cmake_export_typesupport_targets-extras.cmake
[0.512s] -- Up-to-date: /home/kousei/HaruRobo2024_ws/ros2_ws/install/drive_msgs/share/drive_msgs/cmake/rosidl_cmake_export_typesupport_libraries-extras.cmake
[0.512s] -- Up-to-date: /home/kousei/HaruRobo2024_ws/ros2_ws/install/drive_msgs/share/drive_msgs/cmake/drive_msgsConfig.cmake
[0.512s] -- Up-to-date: /home/kousei/HaruRobo2024_ws/ros2_ws/install/drive_msgs/share/drive_msgs/cmake/drive_msgsConfig-version.cmake
[0.512s] -- Up-to-date: /home/kousei/HaruRobo2024_ws/ros2_ws/install/drive_msgs/share/drive_msgs/package.xml
[0.544s] Invoked command in '/home/kousei/HaruRobo2024_ws/ros2_ws/build/drive_msgs' returned '0': CMAKE_PREFIX_PATH=${CMAKE_PREFIX_PATH}:/opt/ros/humble /usr/bin/cmake --install /home/kousei/HaruRobo2024_ws/ros2_ws/build/drive_msgs
