[0.094s] Invoking command in '/home/kousei/HaruRobo2024_ws/ros2_ws/build/manip': CMAKE_PREFIX_PATH=/home/kousei/HaruRobo2024_ws/ros2_ws/install/manip_msgs:/home/kousei/HaruRobo2024_ws/ros2_ws/install/urg_node2:/home/kousei/HaruRobo2024_ws/ros2_ws/install/path_following:/home/kousei/HaruRobo2024_ws/ros2_ws/install/omni_control:/home/kousei/HaruRobo2024_ws/ros2_ws/install/bt:/home/kousei/HaruRobo2024_ws/ros2_ws/install/manip:/home/kousei/HaruRobo2024_ws/ros2_ws/install/key_event_nodes:/home/kousei/HaruRobo2024_ws/ros2_ws/install/key_event_msgs:/home/kousei/HaruRobo2024_ws/ros2_ws/install/drive_msgs:/home/kousei/2DRoboPrac_ws/ros2_ws/install/urg_node2:/home/kousei/2DRoboPrac_ws/ros2_ws/install/omni_control:/home/kousei/2DRoboPrac_ws/ros2_ws/install/nav_real:/home/kousei/2DRoboPrac_ws/ros2_ws/install/nav_dev:/home/kousei/2DRoboPrac_ws/ros2_ws/install/key_event_nodes:/home/kousei/2DRoboPrac_ws/ros2_ws/install/key_event_msgs:/home/kousei/2DRoboPrac_ws/ros2_ws/install/drive_msgs:/opt/ros/humble LD_LIBRARY_PATH=/home/kousei/HaruRobo2024_ws/ros2_ws/install/manip_msgs/lib:/home/kousei/HaruRobo2024_ws/ros2_ws/install/urg_node2/lib:/home/kousei/HaruRobo2024_ws/ros2_ws/install/path_following/lib:/home/kousei/HaruRobo2024_ws/ros2_ws/install/manip/lib:/home/kousei/HaruRobo2024_ws/ros2_ws/install/key_event_nodes/lib:/home/kousei/HaruRobo2024_ws/ros2_ws/install/key_event_msgs/lib:/home/kousei/HaruRobo2024_ws/ros2_ws/install/drive_msgs/lib:/usr/local/lib:/usr/local/lib:/home/kousei/2DRoboPrac_ws/ros2_ws/install/urg_node2/lib:/home/kousei/2DRoboPrac_ws/ros2_ws/install/key_event_nodes/lib:/home/kousei/2DRoboPrac_ws/ros2_ws/install/key_event_msgs/lib:/home/kousei/2DRoboPrac_ws/ros2_ws/install/drive_msgs/lib:/usr/lib/x86_64-linux-gnu/gazebo-11/plugins:/opt/ros/humble/opt/rviz_ogre_vendor/lib:/opt/ros/humble/lib/x86_64-linux-gnu:/opt/ros/humble/lib /usr/bin/cmake --build /home/kousei/HaruRobo2024_ws/ros2_ws/build/manip -- -j16 -l16
[0.132s] [  2%] Built target manip__cpp
[0.143s] [ 11%] Built target manip__rosidl_generator_c
[0.150s] [ 11%] Built target ament_cmake_python_copy_manip
[0.153s] [ 20%] Built target manip__rosidl_typesupport_introspection_cpp
[0.155s] [ 28%] Built target manip__rosidl_typesupport_fastrtps_cpp
[0.158s] [ 37%] Built target manip__rosidl_typesupport_cpp
[0.161s] [ 45%] Built target manip__rosidl_typesupport_c
[0.164s] [ 54%] Built target manip__rosidl_typesupport_fastrtps_c
[0.167s] [ 62%] Built target manip__rosidl_typesupport_introspection_c
[0.182s] [ 65%] [32mBuilding CXX object CMakeFiles/manip_joy_node.dir/src/manip_joy_node.cpp.o[0m
[0.183s] [ 71%] Built target manip_control_node
[0.187s] [ 71%] Built target manip
[0.203s] [ 74%] Built target manip__py
[0.221s] [ 80%] Built target manip__rosidl_generator_py
[0.238s] [ 85%] Built target manip__rosidl_typesupport_fastrtps_c__pyext
[0.240s] [ 91%] Built target manip__rosidl_typesupport_introspection_c__pyext
[0.245s] [ 97%] Built target manip__rosidl_typesupport_c__pyext
[0.338s] running egg_info
[0.339s] writing manip.egg-info/PKG-INFO
[0.339s] writing dependency_links to manip.egg-info/dependency_links.txt
[0.339s] writing top-level names to manip.egg-info/top_level.txt
[0.341s] reading manifest file 'manip.egg-info/SOURCES.txt'
[0.341s] writing manifest file 'manip.egg-info/SOURCES.txt'
[0.359s] [ 97%] Built target ament_cmake_python_build_manip_egg
[1.599s] [01m[K/home/kousei/HaruRobo2024_ws/ros2_ws/src/manip/src/manip_joy_node.cpp:[m[K In lambda function:
[1.599s] [01m[K/home/kousei/HaruRobo2024_ws/ros2_ws/src/manip/src/manip_joy_node.cpp:66:30:[m[K [01;35m[Kwarning: [m[Kvalue computed is not used [[01;35m[K]8;;https://gcc.gnu.org/onlinedocs/gcc/Warning-Options.html#index-Wunused-value-Wunused-value]8;;[m[K]
[1.599s]    66 |               state.work1[2] == 1;
[1.599s] [01m[K/home/kousei/HaruRobo2024_ws/ros2_ws/src/manip/src/manip_joy_node.cpp:68:30:[m[K [01;35m[Kwarning: [m[Kvalue computed is not used [[01;35m[K]8;;https://gcc.gnu.org/onlinedocs/gcc/Warning-Options.html#index-Wunused-value-Wunused-value]8;;[m[K]
[1.599s]    68 |               state.work1[2] == 0;
[5.539s] [100%] [32m[1mLinking CXX executable manip_joy_node[0m
[5.848s] [100%] Built target manip_joy_node
[5.857s] Invoked command in '/home/kousei/HaruRobo2024_ws/ros2_ws/build/manip' returned '0': CMAKE_PREFIX_PATH=/home/kousei/HaruRobo2024_ws/ros2_ws/install/manip_msgs:/home/kousei/HaruRobo2024_ws/ros2_ws/install/urg_node2:/home/kousei/HaruRobo2024_ws/ros2_ws/install/path_following:/home/kousei/HaruRobo2024_ws/ros2_ws/install/omni_control:/home/kousei/HaruRobo2024_ws/ros2_ws/install/bt:/home/kousei/HaruRobo2024_ws/ros2_ws/install/manip:/home/kousei/HaruRobo2024_ws/ros2_ws/install/key_event_nodes:/home/kousei/HaruRobo2024_ws/ros2_ws/install/key_event_msgs:/home/kousei/HaruRobo2024_ws/ros2_ws/install/drive_msgs:/home/kousei/2DRoboPrac_ws/ros2_ws/install/urg_node2:/home/kousei/2DRoboPrac_ws/ros2_ws/install/omni_control:/home/kousei/2DRoboPrac_ws/ros2_ws/install/nav_real:/home/kousei/2DRoboPrac_ws/ros2_ws/install/nav_dev:/home/kousei/2DRoboPrac_ws/ros2_ws/install/key_event_nodes:/home/kousei/2DRoboPrac_ws/ros2_ws/install/key_event_msgs:/home/kousei/2DRoboPrac_ws/ros2_ws/install/drive_msgs:/opt/ros/humble LD_LIBRARY_PATH=/home/kousei/HaruRobo2024_ws/ros2_ws/install/manip_msgs/lib:/home/kousei/HaruRobo2024_ws/ros2_ws/install/urg_node2/lib:/home/kousei/HaruRobo2024_ws/ros2_ws/install/path_following/lib:/home/kousei/HaruRobo2024_ws/ros2_ws/install/manip/lib:/home/kousei/HaruRobo2024_ws/ros2_ws/install/key_event_nodes/lib:/home/kousei/HaruRobo2024_ws/ros2_ws/install/key_event_msgs/lib:/home/kousei/HaruRobo2024_ws/ros2_ws/install/drive_msgs/lib:/usr/local/lib:/usr/local/lib:/home/kousei/2DRoboPrac_ws/ros2_ws/install/urg_node2/lib:/home/kousei/2DRoboPrac_ws/ros2_ws/install/key_event_nodes/lib:/home/kousei/2DRoboPrac_ws/ros2_ws/install/key_event_msgs/lib:/home/kousei/2DRoboPrac_ws/ros2_ws/install/drive_msgs/lib:/usr/lib/x86_64-linux-gnu/gazebo-11/plugins:/opt/ros/humble/opt/rviz_ogre_vendor/lib:/opt/ros/humble/lib/x86_64-linux-gnu:/opt/ros/humble/lib /usr/bin/cmake --build /home/kousei/HaruRobo2024_ws/ros2_ws/build/manip -- -j16 -l16
[5.910s] Invoking command in '/home/kousei/HaruRobo2024_ws/ros2_ws/build/manip': CMAKE_PREFIX_PATH=/home/kousei/HaruRobo2024_ws/ros2_ws/install/manip_msgs:/home/kousei/HaruRobo2024_ws/ros2_ws/install/urg_node2:/home/kousei/HaruRobo2024_ws/ros2_ws/install/path_following:/home/kousei/HaruRobo2024_ws/ros2_ws/install/omni_control:/home/kousei/HaruRobo2024_ws/ros2_ws/install/bt:/home/kousei/HaruRobo2024_ws/ros2_ws/install/manip:/home/kousei/HaruRobo2024_ws/ros2_ws/install/key_event_nodes:/home/kousei/HaruRobo2024_ws/ros2_ws/install/key_event_msgs:/home/kousei/HaruRobo2024_ws/ros2_ws/install/drive_msgs:/home/kousei/2DRoboPrac_ws/ros2_ws/install/urg_node2:/home/kousei/2DRoboPrac_ws/ros2_ws/install/omni_control:/home/kousei/2DRoboPrac_ws/ros2_ws/install/nav_real:/home/kousei/2DRoboPrac_ws/ros2_ws/install/nav_dev:/home/kousei/2DRoboPrac_ws/ros2_ws/install/key_event_nodes:/home/kousei/2DRoboPrac_ws/ros2_ws/install/key_event_msgs:/home/kousei/2DRoboPrac_ws/ros2_ws/install/drive_msgs:/opt/ros/humble LD_LIBRARY_PATH=/home/kousei/HaruRobo2024_ws/ros2_ws/install/manip_msgs/lib:/home/kousei/HaruRobo2024_ws/ros2_ws/install/urg_node2/lib:/home/kousei/HaruRobo2024_ws/ros2_ws/install/path_following/lib:/home/kousei/HaruRobo2024_ws/ros2_ws/install/manip/lib:/home/kousei/HaruRobo2024_ws/ros2_ws/install/key_event_nodes/lib:/home/kousei/HaruRobo2024_ws/ros2_ws/install/key_event_msgs/lib:/home/kousei/HaruRobo2024_ws/ros2_ws/install/drive_msgs/lib:/usr/local/lib:/usr/local/lib:/home/kousei/2DRoboPrac_ws/ros2_ws/install/urg_node2/lib:/home/kousei/2DRoboPrac_ws/ros2_ws/install/key_event_nodes/lib:/home/kousei/2DRoboPrac_ws/ros2_ws/install/key_event_msgs/lib:/home/kousei/2DRoboPrac_ws/ros2_ws/install/drive_msgs/lib:/usr/lib/x86_64-linux-gnu/gazebo-11/plugins:/opt/ros/humble/opt/rviz_ogre_vendor/lib:/opt/ros/humble/lib/x86_64-linux-gnu:/opt/ros/humble/lib /usr/bin/cmake --install /home/kousei/HaruRobo2024_ws/ros2_ws/build/manip
[5.915s] -- Install configuration: ""
[5.915s] -- Up-to-date: /home/kousei/HaruRobo2024_ws/ros2_ws/install/manip/share/ament_index/resource_index/rosidl_interfaces/manip
[5.915s] -- Up-to-date: /home/kousei/HaruRobo2024_ws/ros2_ws/install/manip/include/manip/manip
[5.915s] -- Up-to-date: /home/kousei/HaruRobo2024_ws/ros2_ws/install/manip/include/manip/manip/msg
[5.915s] -- Up-to-date: /home/kousei/HaruRobo2024_ws/ros2_ws/install/manip/include/manip/manip/msg/cmd.h
[5.915s] -- Up-to-date: /home/kousei/HaruRobo2024_ws/ros2_ws/install/manip/include/manip/manip/msg/rosidl_generator_c__visibility_control.h
[5.915s] -- Up-to-date: /home/kousei/HaruRobo2024_ws/ros2_ws/install/manip/include/manip/manip/msg/result.h
[5.915s] -- Up-to-date: /home/kousei/HaruRobo2024_ws/ros2_ws/install/manip/include/manip/manip/msg/detail
[5.916s] -- Up-to-date: /home/kousei/HaruRobo2024_ws/ros2_ws/install/manip/include/manip/manip/msg/detail/result__functions.h
[5.916s] -- Up-to-date: /home/kousei/HaruRobo2024_ws/ros2_ws/install/manip/include/manip/manip/msg/detail/cmd__type_support.h
[5.916s] -- Up-to-date: /home/kousei/HaruRobo2024_ws/ros2_ws/install/manip/include/manip/manip/msg/detail/result__functions.c
[5.916s] -- Up-to-date: /home/kousei/HaruRobo2024_ws/ros2_ws/install/manip/include/manip/manip/msg/detail/result__struct.h
[5.916s] -- Up-to-date: /home/kousei/HaruRobo2024_ws/ros2_ws/install/manip/include/manip/manip/msg/detail/cmd__struct.h
[5.916s] -- Up-to-date: /home/kousei/HaruRobo2024_ws/ros2_ws/install/manip/include/manip/manip/msg/detail/cmd__functions.c
[5.916s] -- Up-to-date: /home/kousei/HaruRobo2024_ws/ros2_ws/install/manip/include/manip/manip/msg/detail/cmd__functions.h
[5.916s] -- Up-to-date: /home/kousei/HaruRobo2024_ws/ros2_ws/install/manip/include/manip/manip/msg/detail/result__type_support.h
[5.916s] -- Up-to-date: /home/kousei/HaruRobo2024_ws/ros2_ws/install/manip/include/manip/manip/action
[5.916s] -- Up-to-date: /home/kousei/HaruRobo2024_ws/ros2_ws/install/manip/include/manip/manip/action/state.h
[5.916s] -- Up-to-date: /home/kousei/HaruRobo2024_ws/ros2_ws/install/manip/include/manip/manip/action/detail
[5.916s] -- Up-to-date: /home/kousei/HaruRobo2024_ws/ros2_ws/install/manip/include/manip/manip/action/detail/state__struct.h
[5.916s] -- Up-to-date: /home/kousei/HaruRobo2024_ws/ros2_ws/install/manip/include/manip/manip/action/detail/state__functions.h
[5.917s] -- Up-to-date: /home/kousei/HaruRobo2024_ws/ros2_ws/install/manip/include/manip/manip/action/detail/state__type_support.h
[5.917s] -- Up-to-date: /home/kousei/HaruRobo2024_ws/ros2_ws/install/manip/include/manip/manip/action/detail/state__functions.c
[5.917s] -- Up-to-date: /home/kousei/HaruRobo2024_ws/ros2_ws/install/manip/share/manip/environment/library_path.sh
[5.917s] -- Up-to-date: /home/kousei/HaruRobo2024_ws/ros2_ws/install/manip/share/manip/environment/library_path.dsv
[5.917s] -- Up-to-date: /home/kousei/HaruRobo2024_ws/ros2_ws/install/manip/lib/libmanip__rosidl_generator_c.so
[5.917s] -- Up-to-date: /home/kousei/HaruRobo2024_ws/ros2_ws/install/manip/include/manip/manip
[5.917s] -- Up-to-date: /home/kousei/HaruRobo2024_ws/ros2_ws/install/manip/include/manip/manip/msg
[5.917s] -- Up-to-date: /home/kousei/HaruRobo2024_ws/ros2_ws/install/manip/include/manip/manip/msg/detail
[5.917s] -- Up-to-date: /home/kousei/HaruRobo2024_ws/ros2_ws/install/manip/include/manip/manip/msg/detail/cmd__rosidl_typesupport_fastrtps_c.h
[5.917s] -- Up-to-date: /home/kousei/HaruRobo2024_ws/ros2_ws/install/manip/include/manip/manip/msg/detail/result__rosidl_typesupport_fastrtps_c.h
[5.917s] -- Up-to-date: /home/kousei/HaruRobo2024_ws/ros2_ws/install/manip/include/manip/manip/msg/rosidl_typesupport_fastrtps_c__visibility_control.h
[5.917s] -- Up-to-date: /home/kousei/HaruRobo2024_ws/ros2_ws/install/manip/include/manip/manip/action
[5.918s] -- Up-to-date: /home/kousei/HaruRobo2024_ws/ros2_ws/install/manip/include/manip/manip/action/detail
[5.918s] -- Up-to-date: /home/kousei/HaruRobo2024_ws/ros2_ws/install/manip/include/manip/manip/action/detail/state__rosidl_typesupport_fastrtps_c.h
[5.918s] -- Up-to-date: /home/kousei/HaruRobo2024_ws/ros2_ws/install/manip/lib/libmanip__rosidl_typesupport_fastrtps_c.so
[5.918s] -- Up-to-date: /home/kousei/HaruRobo2024_ws/ros2_ws/install/manip/include/manip/manip
[5.918s] -- Up-to-date: /home/kousei/HaruRobo2024_ws/ros2_ws/install/manip/include/manip/manip/msg
[5.918s] -- Up-to-date: /home/kousei/HaruRobo2024_ws/ros2_ws/install/manip/include/manip/manip/msg/result.hpp
[5.918s] -- Up-to-date: /home/kousei/HaruRobo2024_ws/ros2_ws/install/manip/include/manip/manip/msg/cmd.hpp
[5.918s] -- Up-to-date: /home/kousei/HaruRobo2024_ws/ros2_ws/install/manip/include/manip/manip/msg/detail
[5.918s] -- Up-to-date: /home/kousei/HaruRobo2024_ws/ros2_ws/install/manip/include/manip/manip/msg/detail/cmd__struct.hpp
[5.918s] -- Up-to-date: /home/kousei/HaruRobo2024_ws/ros2_ws/install/manip/include/manip/manip/msg/detail/result__struct.hpp
[5.918s] -- Up-to-date: /home/kousei/HaruRobo2024_ws/ros2_ws/install/manip/include/manip/manip/msg/detail/result__traits.hpp
[5.918s] -- Up-to-date: /home/kousei/HaruRobo2024_ws/ros2_ws/install/manip/include/manip/manip/msg/detail/cmd__builder.hpp
[5.918s] -- Up-to-date: /home/kousei/HaruRobo2024_ws/ros2_ws/install/manip/include/manip/manip/msg/detail/cmd__traits.hpp
[5.918s] -- Up-to-date: /home/kousei/HaruRobo2024_ws/ros2_ws/install/manip/include/manip/manip/msg/detail/result__builder.hpp
[5.918s] -- Up-to-date: /home/kousei/HaruRobo2024_ws/ros2_ws/install/manip/include/manip/manip/action
[5.918s] -- Up-to-date: /home/kousei/HaruRobo2024_ws/ros2_ws/install/manip/include/manip/manip/action/state.hpp
[5.918s] -- Up-to-date: /home/kousei/HaruRobo2024_ws/ros2_ws/install/manip/include/manip/manip/action/detail
[5.919s] -- Up-to-date: /home/kousei/HaruRobo2024_ws/ros2_ws/install/manip/include/manip/manip/action/detail/state__builder.hpp
[5.919s] -- Up-to-date: /home/kousei/HaruRobo2024_ws/ros2_ws/install/manip/include/manip/manip/action/detail/state__traits.hpp
[5.919s] -- Up-to-date: /home/kousei/HaruRobo2024_ws/ros2_ws/install/manip/include/manip/manip/action/detail/state__struct.hpp
[5.919s] -- Up-to-date: /home/kousei/HaruRobo2024_ws/ros2_ws/install/manip/include/manip/manip
[5.919s] -- Up-to-date: /home/kousei/HaruRobo2024_ws/ros2_ws/install/manip/include/manip/manip/msg
[5.919s] -- Up-to-date: /home/kousei/HaruRobo2024_ws/ros2_ws/install/manip/include/manip/manip/msg/detail
[5.919s] -- Up-to-date: /home/kousei/HaruRobo2024_ws/ros2_ws/install/manip/include/manip/manip/msg/detail/dds_fastrtps
[5.919s] -- Up-to-date: /home/kousei/HaruRobo2024_ws/ros2_ws/install/manip/include/manip/manip/msg/detail/cmd__rosidl_typesupport_fastrtps_cpp.hpp
[5.919s] -- Up-to-date: /home/kousei/HaruRobo2024_ws/ros2_ws/install/manip/include/manip/manip/msg/detail/result__rosidl_typesupport_fastrtps_cpp.hpp
[5.919s] -- Up-to-date: /home/kousei/HaruRobo2024_ws/ros2_ws/install/manip/include/manip/manip/msg/rosidl_typesupport_fastrtps_cpp__visibility_control.h
[5.919s] -- Up-to-date: /home/kousei/HaruRobo2024_ws/ros2_ws/install/manip/include/manip/manip/action
[5.919s] -- Up-to-date: /home/kousei/HaruRobo2024_ws/ros2_ws/install/manip/include/manip/manip/action/detail
[5.919s] -- Up-to-date: /home/kousei/HaruRobo2024_ws/ros2_ws/install/manip/include/manip/manip/action/detail/dds_fastrtps
[5.919s] -- Up-to-date: /home/kousei/HaruRobo2024_ws/ros2_ws/install/manip/include/manip/manip/action/detail/state__rosidl_typesupport_fastrtps_cpp.hpp
[5.919s] -- Up-to-date: /home/kousei/HaruRobo2024_ws/ros2_ws/install/manip/lib/libmanip__rosidl_typesupport_fastrtps_cpp.so
[5.919s] -- Up-to-date: /home/kousei/HaruRobo2024_ws/ros2_ws/install/manip/include/manip/manip
[5.920s] -- Up-to-date: /home/kousei/HaruRobo2024_ws/ros2_ws/install/manip/include/manip/manip/msg
[5.920s] -- Up-to-date: /home/kousei/HaruRobo2024_ws/ros2_ws/install/manip/include/manip/manip/msg/detail
[5.920s] -- Up-to-date: /home/kousei/HaruRobo2024_ws/ros2_ws/install/manip/include/manip/manip/msg/detail/cmd__rosidl_typesupport_introspection_c.h
[5.920s] -- Up-to-date: /home/kousei/HaruRobo2024_ws/ros2_ws/install/manip/include/manip/manip/msg/detail/result__type_support.c
[5.920s] -- Up-to-date: /home/kousei/HaruRobo2024_ws/ros2_ws/install/manip/include/manip/manip/msg/detail/cmd__type_support.c
[5.920s] -- Up-to-date: /home/kousei/HaruRobo2024_ws/ros2_ws/install/manip/include/manip/manip/msg/detail/result__rosidl_typesupport_introspection_c.h
[5.920s] -- Up-to-date: /home/kousei/HaruRobo2024_ws/ros2_ws/install/manip/include/manip/manip/msg/rosidl_typesupport_introspection_c__visibility_control.h
[5.920s] -- Up-to-date: /home/kousei/HaruRobo2024_ws/ros2_ws/install/manip/include/manip/manip/action
[5.920s] -- Up-to-date: /home/kousei/HaruRobo2024_ws/ros2_ws/install/manip/include/manip/manip/action/detail
[5.920s] -- Up-to-date: /home/kousei/HaruRobo2024_ws/ros2_ws/install/manip/include/manip/manip/action/detail/state__type_support.c
[5.920s] -- Up-to-date: /home/kousei/HaruRobo2024_ws/ros2_ws/install/manip/include/manip/manip/action/detail/state__rosidl_typesupport_introspection_c.h
[5.920s] -- Up-to-date: /home/kousei/HaruRobo2024_ws/ros2_ws/install/manip/lib/libmanip__rosidl_typesupport_introspection_c.so
[5.920s] -- Up-to-date: /home/kousei/HaruRobo2024_ws/ros2_ws/install/manip/lib/libmanip__rosidl_typesupport_c.so
[5.920s] -- Up-to-date: /home/kousei/HaruRobo2024_ws/ros2_ws/install/manip/include/manip/manip
[5.921s] -- Up-to-date: /home/kousei/HaruRobo2024_ws/ros2_ws/install/manip/include/manip/manip/msg
[5.921s] -- Up-to-date: /home/kousei/HaruRobo2024_ws/ros2_ws/install/manip/include/manip/manip/msg/detail
[5.921s] -- Up-to-date: /home/kousei/HaruRobo2024_ws/ros2_ws/install/manip/include/manip/manip/msg/detail/cmd__rosidl_typesupport_introspection_cpp.hpp
[5.921s] -- Up-to-date: /home/kousei/HaruRobo2024_ws/ros2_ws/install/manip/include/manip/manip/msg/detail/result__type_support.cpp
[5.921s] -- Up-to-date: /home/kousei/HaruRobo2024_ws/ros2_ws/install/manip/include/manip/manip/msg/detail/cmd__type_support.cpp
[5.921s] -- Up-to-date: /home/kousei/HaruRobo2024_ws/ros2_ws/install/manip/include/manip/manip/msg/detail/result__rosidl_typesupport_introspection_cpp.hpp
[5.921s] -- Up-to-date: /home/kousei/HaruRobo2024_ws/ros2_ws/install/manip/include/manip/manip/action
[5.921s] -- Up-to-date: /home/kousei/HaruRobo2024_ws/ros2_ws/install/manip/include/manip/manip/action/detail
[5.921s] -- Up-to-date: /home/kousei/HaruRobo2024_ws/ros2_ws/install/manip/include/manip/manip/action/detail/state__type_support.cpp
[5.921s] -- Up-to-date: /home/kousei/HaruRobo2024_ws/ros2_ws/install/manip/include/manip/manip/action/detail/state__rosidl_typesupport_introspection_cpp.hpp
[5.921s] -- Up-to-date: /home/kousei/HaruRobo2024_ws/ros2_ws/install/manip/lib/libmanip__rosidl_typesupport_introspection_cpp.so
[5.921s] -- Up-to-date: /home/kousei/HaruRobo2024_ws/ros2_ws/install/manip/lib/libmanip__rosidl_typesupport_cpp.so
[5.921s] -- Up-to-date: /home/kousei/HaruRobo2024_ws/ros2_ws/install/manip/share/manip/environment/pythonpath.sh
[5.921s] -- Up-to-date: /home/kousei/HaruRobo2024_ws/ros2_ws/install/manip/share/manip/environment/pythonpath.dsv
[5.921s] -- Up-to-date: /home/kousei/HaruRobo2024_ws/ros2_ws/install/manip/local/lib/python3.10/dist-packages/manip-0.0.0-py3.10.egg-info
[5.921s] -- Installing: /home/kousei/HaruRobo2024_ws/ros2_ws/install/manip/local/lib/python3.10/dist-packages/manip-0.0.0-py3.10.egg-info/dependency_links.txt
[5.921s] -- Installing: /home/kousei/HaruRobo2024_ws/ros2_ws/install/manip/local/lib/python3.10/dist-packages/manip-0.0.0-py3.10.egg-info/SOURCES.txt
[5.921s] -- Installing: /home/kousei/HaruRobo2024_ws/ros2_ws/install/manip/local/lib/python3.10/dist-packages/manip-0.0.0-py3.10.egg-info/top_level.txt
[5.921s] -- Installing: /home/kousei/HaruRobo2024_ws/ros2_ws/install/manip/local/lib/python3.10/dist-packages/manip-0.0.0-py3.10.egg-info/PKG-INFO
[5.921s] -- Up-to-date: /home/kousei/HaruRobo2024_ws/ros2_ws/install/manip/local/lib/python3.10/dist-packages/manip
[5.921s] -- Up-to-date: /home/kousei/HaruRobo2024_ws/ros2_ws/install/manip/local/lib/python3.10/dist-packages/manip/libmanip__rosidl_generator_py.so
[5.921s] -- Up-to-date: /home/kousei/HaruRobo2024_ws/ros2_ws/install/manip/local/lib/python3.10/dist-packages/manip/__init__.py
[5.921s] -- Up-to-date: /home/kousei/HaruRobo2024_ws/ros2_ws/install/manip/local/lib/python3.10/dist-packages/manip/_manip_s.ep.rosidl_typesupport_introspection_c.c
[5.921s] -- Up-to-date: /home/kousei/HaruRobo2024_ws/ros2_ws/install/manip/local/lib/python3.10/dist-packages/manip/_manip_s.ep.rosidl_typesupport_fastrtps_c.c
[5.921s] -- Up-to-date: /home/kousei/HaruRobo2024_ws/ros2_ws/install/manip/local/lib/python3.10/dist-packages/manip/manip_s__rosidl_typesupport_fastrtps_c.cpython-310-x86_64-linux-gnu.so
[5.921s] -- Up-to-date: /home/kousei/HaruRobo2024_ws/ros2_ws/install/manip/local/lib/python3.10/dist-packages/manip/manip_s__rosidl_typesupport_c.cpython-310-x86_64-linux-gnu.so
[5.921s] -- Up-to-date: /home/kousei/HaruRobo2024_ws/ros2_ws/install/manip/local/lib/python3.10/dist-packages/manip/_manip_s.ep.rosidl_typesupport_c.c
[5.921s] -- Up-to-date: /home/kousei/HaruRobo2024_ws/ros2_ws/install/manip/local/lib/python3.10/dist-packages/manip/msg
[5.921s] -- Up-to-date: /home/kousei/HaruRobo2024_ws/ros2_ws/install/manip/local/lib/python3.10/dist-packages/manip/msg/__init__.py
[5.921s] -- Up-to-date: /home/kousei/HaruRobo2024_ws/ros2_ws/install/manip/local/lib/python3.10/dist-packages/manip/msg/_result.py
[5.921s] -- Up-to-date: /home/kousei/HaruRobo2024_ws/ros2_ws/install/manip/local/lib/python3.10/dist-packages/manip/msg/_cmd_s.c
[5.921s] -- Up-to-date: /home/kousei/HaruRobo2024_ws/ros2_ws/install/manip/local/lib/python3.10/dist-packages/manip/msg/_cmd.py
[5.921s] -- Up-to-date: /home/kousei/HaruRobo2024_ws/ros2_ws/install/manip/local/lib/python3.10/dist-packages/manip/msg/_result_s.c
[5.921s] -- Up-to-date: /home/kousei/HaruRobo2024_ws/ros2_ws/install/manip/local/lib/python3.10/dist-packages/manip/manip_s__rosidl_typesupport_introspection_c.cpython-310-x86_64-linux-gnu.so
[5.921s] -- Up-to-date: /home/kousei/HaruRobo2024_ws/ros2_ws/install/manip/local/lib/python3.10/dist-packages/manip/action
[5.921s] -- Up-to-date: /home/kousei/HaruRobo2024_ws/ros2_ws/install/manip/local/lib/python3.10/dist-packages/manip/action/__init__.py
[5.922s] -- Up-to-date: /home/kousei/HaruRobo2024_ws/ros2_ws/install/manip/local/lib/python3.10/dist-packages/manip/action/_state.py
[5.922s] -- Up-to-date: /home/kousei/HaruRobo2024_ws/ros2_ws/install/manip/local/lib/python3.10/dist-packages/manip/action/_state_s.c
[5.940s] Listing '/home/kousei/HaruRobo2024_ws/ros2_ws/install/manip/local/lib/python3.10/dist-packages/manip'...
[5.940s] Listing '/home/kousei/HaruRobo2024_ws/ros2_ws/install/manip/local/lib/python3.10/dist-packages/manip/action'...
[5.940s] Listing '/home/kousei/HaruRobo2024_ws/ros2_ws/install/manip/local/lib/python3.10/dist-packages/manip/msg'...
[5.943s] -- Up-to-date: /home/kousei/HaruRobo2024_ws/ros2_ws/install/manip/local/lib/python3.10/dist-packages/manip/manip_s__rosidl_typesupport_fastrtps_c.cpython-310-x86_64-linux-gnu.so
[5.943s] -- Up-to-date: /home/kousei/HaruRobo2024_ws/ros2_ws/install/manip/local/lib/python3.10/dist-packages/manip/manip_s__rosidl_typesupport_introspection_c.cpython-310-x86_64-linux-gnu.so
[5.943s] -- Up-to-date: /home/kousei/HaruRobo2024_ws/ros2_ws/install/manip/local/lib/python3.10/dist-packages/manip/manip_s__rosidl_typesupport_c.cpython-310-x86_64-linux-gnu.so
[5.943s] -- Up-to-date: /home/kousei/HaruRobo2024_ws/ros2_ws/install/manip/lib/libmanip__rosidl_generator_py.so
[5.943s] -- Up-to-date: /home/kousei/HaruRobo2024_ws/ros2_ws/install/manip/share/manip/action/State.idl
[5.943s] -- Up-to-date: /home/kousei/HaruRobo2024_ws/ros2_ws/install/manip/share/manip/action/State.action
[5.943s] -- Up-to-date: /home/kousei/HaruRobo2024_ws/ros2_ws/install/manip/include
[5.944s] -- Up-to-date: /home/kousei/HaruRobo2024_ws/ros2_ws/install/manip/include/manip
[5.944s] -- Installing: /home/kousei/HaruRobo2024_ws/ros2_ws/install/manip/lib/manip/manip_joy_node
[5.946s] -- Set runtime path of "/home/kousei/HaruRobo2024_ws/ros2_ws/install/manip/lib/manip/manip_joy_node" to ""
[5.946s] -- Up-to-date: /home/kousei/HaruRobo2024_ws/ros2_ws/install/manip/lib/manip/manip_control_node
[5.947s] -- Up-to-date: /home/kousei/HaruRobo2024_ws/ros2_ws/install/manip/share/ament_index/resource_index/package_run_dependencies/manip
[5.947s] -- Up-to-date: /home/kousei/HaruRobo2024_ws/ros2_ws/install/manip/share/ament_index/resource_index/parent_prefix_path/manip
[5.947s] -- Up-to-date: /home/kousei/HaruRobo2024_ws/ros2_ws/install/manip/share/manip/environment/ament_prefix_path.sh
[5.947s] -- Up-to-date: /home/kousei/HaruRobo2024_ws/ros2_ws/install/manip/share/manip/environment/ament_prefix_path.dsv
[5.947s] -- Up-to-date: /home/kousei/HaruRobo2024_ws/ros2_ws/install/manip/share/manip/environment/path.sh
[5.947s] -- Up-to-date: /home/kousei/HaruRobo2024_ws/ros2_ws/install/manip/share/manip/environment/path.dsv
[5.947s] -- Up-to-date: /home/kousei/HaruRobo2024_ws/ros2_ws/install/manip/share/manip/local_setup.bash
[5.947s] -- Up-to-date: /home/kousei/HaruRobo2024_ws/ros2_ws/install/manip/share/manip/local_setup.sh
[5.947s] -- Up-to-date: /home/kousei/HaruRobo2024_ws/ros2_ws/install/manip/share/manip/local_setup.zsh
[5.948s] -- Up-to-date: /home/kousei/HaruRobo2024_ws/ros2_ws/install/manip/share/manip/local_setup.dsv
[5.948s] -- Installing: /home/kousei/HaruRobo2024_ws/ros2_ws/install/manip/share/manip/package.dsv
[5.948s] -- Up-to-date: /home/kousei/HaruRobo2024_ws/ros2_ws/install/manip/share/ament_index/resource_index/packages/manip
[5.948s] -- Up-to-date: /home/kousei/HaruRobo2024_ws/ros2_ws/install/manip/share/manip/cmake/export_manip__rosidl_generator_cExport.cmake
[5.948s] -- Up-to-date: /home/kousei/HaruRobo2024_ws/ros2_ws/install/manip/share/manip/cmake/export_manip__rosidl_generator_cExport-noconfig.cmake
[5.948s] -- Up-to-date: /home/kousei/HaruRobo2024_ws/ros2_ws/install/manip/share/manip/cmake/export_manip__rosidl_typesupport_fastrtps_cExport.cmake
[5.948s] -- Up-to-date: /home/kousei/HaruRobo2024_ws/ros2_ws/install/manip/share/manip/cmake/export_manip__rosidl_typesupport_fastrtps_cExport-noconfig.cmake
[5.948s] -- Up-to-date: /home/kousei/HaruRobo2024_ws/ros2_ws/install/manip/share/manip/cmake/export_manip__rosidl_generator_cppExport.cmake
[5.948s] -- Up-to-date: /home/kousei/HaruRobo2024_ws/ros2_ws/install/manip/share/manip/cmake/export_manip__rosidl_typesupport_fastrtps_cppExport.cmake
[5.948s] -- Up-to-date: /home/kousei/HaruRobo2024_ws/ros2_ws/install/manip/share/manip/cmake/export_manip__rosidl_typesupport_fastrtps_cppExport-noconfig.cmake
[5.948s] -- Up-to-date: /home/kousei/HaruRobo2024_ws/ros2_ws/install/manip/share/manip/cmake/manip__rosidl_typesupport_introspection_cExport.cmake
[5.949s] -- Up-to-date: /home/kousei/HaruRobo2024_ws/ros2_ws/install/manip/share/manip/cmake/manip__rosidl_typesupport_introspection_cExport-noconfig.cmake
[5.949s] -- Up-to-date: /home/kousei/HaruRobo2024_ws/ros2_ws/install/manip/share/manip/cmake/manip__rosidl_typesupport_cExport.cmake
[5.949s] -- Up-to-date: /home/kousei/HaruRobo2024_ws/ros2_ws/install/manip/share/manip/cmake/manip__rosidl_typesupport_cExport-noconfig.cmake
[5.949s] -- Up-to-date: /home/kousei/HaruRobo2024_ws/ros2_ws/install/manip/share/manip/cmake/manip__rosidl_typesupport_introspection_cppExport.cmake
[5.950s] -- Up-to-date: /home/kousei/HaruRobo2024_ws/ros2_ws/install/manip/share/manip/cmake/manip__rosidl_typesupport_introspection_cppExport-noconfig.cmake
[5.950s] -- Up-to-date: /home/kousei/HaruRobo2024_ws/ros2_ws/install/manip/share/manip/cmake/manip__rosidl_typesupport_cppExport.cmake
[5.950s] -- Up-to-date: /home/kousei/HaruRobo2024_ws/ros2_ws/install/manip/share/manip/cmake/manip__rosidl_typesupport_cppExport-noconfig.cmake
[5.950s] -- Up-to-date: /home/kousei/HaruRobo2024_ws/ros2_ws/install/manip/share/manip/cmake/export_manip__rosidl_generator_pyExport.cmake
[5.950s] -- Up-to-date: /home/kousei/HaruRobo2024_ws/ros2_ws/install/manip/share/manip/cmake/export_manip__rosidl_generator_pyExport-noconfig.cmake
[5.950s] -- Up-to-date: /home/kousei/HaruRobo2024_ws/ros2_ws/install/manip/share/manip/cmake/rosidl_cmake-extras.cmake
[5.950s] -- Up-to-date: /home/kousei/HaruRobo2024_ws/ros2_ws/install/manip/share/manip/cmake/ament_cmake_export_dependencies-extras.cmake
[5.951s] -- Up-to-date: /home/kousei/HaruRobo2024_ws/ros2_ws/install/manip/share/manip/cmake/ament_cmake_export_include_directories-extras.cmake
[5.951s] -- Up-to-date: /home/kousei/HaruRobo2024_ws/ros2_ws/install/manip/share/manip/cmake/ament_cmake_export_libraries-extras.cmake
[5.951s] -- Up-to-date: /home/kousei/HaruRobo2024_ws/ros2_ws/install/manip/share/manip/cmake/ament_cmake_export_targets-extras.cmake
[5.951s] -- Up-to-date: /home/kousei/HaruRobo2024_ws/ros2_ws/install/manip/share/manip/cmake/rosidl_cmake_export_typesupport_targets-extras.cmake
[5.951s] -- Up-to-date: /home/kousei/HaruRobo2024_ws/ros2_ws/install/manip/share/manip/cmake/rosidl_cmake_export_typesupport_libraries-extras.cmake
[5.951s] -- Up-to-date: /home/kousei/HaruRobo2024_ws/ros2_ws/install/manip/share/manip/cmake/manipConfig.cmake
[5.951s] -- Up-to-date: /home/kousei/HaruRobo2024_ws/ros2_ws/install/manip/share/manip/cmake/manipConfig-version.cmake
[5.951s] -- Up-to-date: /home/kousei/HaruRobo2024_ws/ros2_ws/install/manip/share/manip/package.xml
[5.951s] Invoked command in '/home/kousei/HaruRobo2024_ws/ros2_ws/build/manip' returned '0': CMAKE_PREFIX_PATH=/home/kousei/HaruRobo2024_ws/ros2_ws/install/manip_msgs:/home/kousei/HaruRobo2024_ws/ros2_ws/install/urg_node2:/home/kousei/HaruRobo2024_ws/ros2_ws/install/path_following:/home/kousei/HaruRobo2024_ws/ros2_ws/install/omni_control:/home/kousei/HaruRobo2024_ws/ros2_ws/install/bt:/home/kousei/HaruRobo2024_ws/ros2_ws/install/manip:/home/kousei/HaruRobo2024_ws/ros2_ws/install/key_event_nodes:/home/kousei/HaruRobo2024_ws/ros2_ws/install/key_event_msgs:/home/kousei/HaruRobo2024_ws/ros2_ws/install/drive_msgs:/home/kousei/2DRoboPrac_ws/ros2_ws/install/urg_node2:/home/kousei/2DRoboPrac_ws/ros2_ws/install/omni_control:/home/kousei/2DRoboPrac_ws/ros2_ws/install/nav_real:/home/kousei/2DRoboPrac_ws/ros2_ws/install/nav_dev:/home/kousei/2DRoboPrac_ws/ros2_ws/install/key_event_nodes:/home/kousei/2DRoboPrac_ws/ros2_ws/install/key_event_msgs:/home/kousei/2DRoboPrac_ws/ros2_ws/install/drive_msgs:/opt/ros/humble LD_LIBRARY_PATH=/home/kousei/HaruRobo2024_ws/ros2_ws/install/manip_msgs/lib:/home/kousei/HaruRobo2024_ws/ros2_ws/install/urg_node2/lib:/home/kousei/HaruRobo2024_ws/ros2_ws/install/path_following/lib:/home/kousei/HaruRobo2024_ws/ros2_ws/install/manip/lib:/home/kousei/HaruRobo2024_ws/ros2_ws/install/key_event_nodes/lib:/home/kousei/HaruRobo2024_ws/ros2_ws/install/key_event_msgs/lib:/home/kousei/HaruRobo2024_ws/ros2_ws/install/drive_msgs/lib:/usr/local/lib:/usr/local/lib:/home/kousei/2DRoboPrac_ws/ros2_ws/install/urg_node2/lib:/home/kousei/2DRoboPrac_ws/ros2_ws/install/key_event_nodes/lib:/home/kousei/2DRoboPrac_ws/ros2_ws/install/key_event_msgs/lib:/home/kousei/2DRoboPrac_ws/ros2_ws/install/drive_msgs/lib:/usr/lib/x86_64-linux-gnu/gazebo-11/plugins:/opt/ros/humble/opt/rviz_ogre_vendor/lib:/opt/ros/humble/lib/x86_64-linux-gnu:/opt/ros/humble/lib /usr/bin/cmake --install /home/kousei/HaruRobo2024_ws/ros2_ws/build/manip
