[0.157s] Invoking command in '/home/kousei/HaruRobo2024_ws/ros2_ws/build/manip_msgs': CMAKE_PREFIX_PATH=${CMAKE_PREFIX_PATH}:/opt/ros/humble /usr/bin/cmake --build /home/kousei/HaruRobo2024_ws/ros2_ws/build/manip_msgs -- -j16 -l16
[0.197s] [  2%] Built target manip_msgs__cpp
[0.236s] [ 12%] Built target manip_msgs__rosidl_generator_c
[0.322s] [ 12%] Built target ament_cmake_python_copy_manip_msgs
[0.454s] [ 23%] Built target manip_msgs__rosidl_typesupport_cpp
[0.490s] [ 38%] Built target manip_msgs__rosidl_typesupport_fastrtps_cpp
[0.492s] [ 43%] Built target manip_msgs__rosidl_typesupport_introspection_cpp
[0.530s] [ 53%] Built target manip_msgs__rosidl_typesupport_fastrtps_c
[0.599s] [ 64%] Built target manip_msgs__rosidl_typesupport_c
[0.604s] [ 74%] Built target manip_msgs__rosidl_typesupport_introspection_c
[0.771s] [ 74%] Built target manip_msgs
[0.932s] [ 76%] Built target manip_msgs__py
[1.026s] [ 84%] Built target manip_msgs__rosidl_generator_py
[1.059s] [ 89%] Built target manip_msgs__rosidl_typesupport_c__pyext
[1.059s] [100%] Built target manip_msgs__rosidl_typesupport_introspection_c__pyext
[1.059s] [100%] Built target manip_msgs__rosidl_typesupport_fastrtps_c__pyext
[1.214s] running egg_info
[1.215s] writing manip_msgs.egg-info/PKG-INFO
[1.215s] writing dependency_links to manip_msgs.egg-info/dependency_links.txt
[1.215s] writing top-level names to manip_msgs.egg-info/top_level.txt
[1.217s] reading manifest file 'manip_msgs.egg-info/SOURCES.txt'
[1.218s] writing manifest file 'manip_msgs.egg-info/SOURCES.txt'
[1.239s] [100%] Built target ament_cmake_python_build_manip_msgs_egg
[1.251s] Invoked command in '/home/kousei/HaruRobo2024_ws/ros2_ws/build/manip_msgs' returned '0': CMAKE_PREFIX_PATH=${CMAKE_PREFIX_PATH}:/opt/ros/humble /usr/bin/cmake --build /home/kousei/HaruRobo2024_ws/ros2_ws/build/manip_msgs -- -j16 -l16
[1.363s] Invoking command in '/home/kousei/HaruRobo2024_ws/ros2_ws/build/manip_msgs': CMAKE_PREFIX_PATH=${CMAKE_PREFIX_PATH}:/opt/ros/humble /usr/bin/cmake --install /home/kousei/HaruRobo2024_ws/ros2_ws/build/manip_msgs
[1.372s] -- Install configuration: ""
[1.372s] -- Up-to-date: /home/kousei/HaruRobo2024_ws/ros2_ws/install/manip_msgs/share/ament_index/resource_index/rosidl_interfaces/manip_msgs
[1.373s] -- Up-to-date: /home/kousei/HaruRobo2024_ws/ros2_ws/install/manip_msgs/include/manip_msgs/manip_msgs
[1.373s] -- Up-to-date: /home/kousei/HaruRobo2024_ws/ros2_ws/install/manip_msgs/include/manip_msgs/manip_msgs/msg
[1.373s] -- Up-to-date: /home/kousei/HaruRobo2024_ws/ros2_ws/install/manip_msgs/include/manip_msgs/manip_msgs/msg/cmd.h
[1.373s] -- Up-to-date: /home/kousei/HaruRobo2024_ws/ros2_ws/install/manip_msgs/include/manip_msgs/manip_msgs/msg/rosidl_generator_c__visibility_control.h
[1.373s] -- Up-to-date: /home/kousei/HaruRobo2024_ws/ros2_ws/install/manip_msgs/include/manip_msgs/manip_msgs/msg/result.h
[1.373s] -- Up-to-date: /home/kousei/HaruRobo2024_ws/ros2_ws/install/manip_msgs/include/manip_msgs/manip_msgs/msg/detail
[1.373s] -- Up-to-date: /home/kousei/HaruRobo2024_ws/ros2_ws/install/manip_msgs/include/manip_msgs/manip_msgs/msg/detail/result__functions.h
[1.374s] -- Up-to-date: /home/kousei/HaruRobo2024_ws/ros2_ws/install/manip_msgs/include/manip_msgs/manip_msgs/msg/detail/cmd__type_support.h
[1.374s] -- Up-to-date: /home/kousei/HaruRobo2024_ws/ros2_ws/install/manip_msgs/include/manip_msgs/manip_msgs/msg/detail/result__functions.c
[1.374s] -- Up-to-date: /home/kousei/HaruRobo2024_ws/ros2_ws/install/manip_msgs/include/manip_msgs/manip_msgs/msg/detail/result__struct.h
[1.374s] -- Up-to-date: /home/kousei/HaruRobo2024_ws/ros2_ws/install/manip_msgs/include/manip_msgs/manip_msgs/msg/detail/cmd__struct.h
[1.374s] -- Up-to-date: /home/kousei/HaruRobo2024_ws/ros2_ws/install/manip_msgs/include/manip_msgs/manip_msgs/msg/detail/cmd__functions.c
[1.374s] -- Up-to-date: /home/kousei/HaruRobo2024_ws/ros2_ws/install/manip_msgs/include/manip_msgs/manip_msgs/msg/detail/cmd__functions.h
[1.374s] -- Up-to-date: /home/kousei/HaruRobo2024_ws/ros2_ws/install/manip_msgs/include/manip_msgs/manip_msgs/msg/detail/result__type_support.h
[1.374s] -- Up-to-date: /home/kousei/HaruRobo2024_ws/ros2_ws/install/manip_msgs/share/manip_msgs/environment/library_path.sh
[1.374s] -- Up-to-date: /home/kousei/HaruRobo2024_ws/ros2_ws/install/manip_msgs/share/manip_msgs/environment/library_path.dsv
[1.375s] -- Up-to-date: /home/kousei/HaruRobo2024_ws/ros2_ws/install/manip_msgs/lib/libmanip_msgs__rosidl_generator_c.so
[1.376s] -- Up-to-date: /home/kousei/HaruRobo2024_ws/ros2_ws/install/manip_msgs/include/manip_msgs/manip_msgs
[1.376s] -- Up-to-date: /home/kousei/HaruRobo2024_ws/ros2_ws/install/manip_msgs/include/manip_msgs/manip_msgs/msg
[1.377s] -- Up-to-date: /home/kousei/HaruRobo2024_ws/ros2_ws/install/manip_msgs/include/manip_msgs/manip_msgs/msg/detail
[1.377s] -- Up-to-date: /home/kousei/HaruRobo2024_ws/ros2_ws/install/manip_msgs/include/manip_msgs/manip_msgs/msg/detail/cmd__rosidl_typesupport_fastrtps_c.h
[1.377s] -- Up-to-date: /home/kousei/HaruRobo2024_ws/ros2_ws/install/manip_msgs/include/manip_msgs/manip_msgs/msg/detail/result__rosidl_typesupport_fastrtps_c.h
[1.377s] -- Up-to-date: /home/kousei/HaruRobo2024_ws/ros2_ws/install/manip_msgs/include/manip_msgs/manip_msgs/msg/rosidl_typesupport_fastrtps_c__visibility_control.h
[1.377s] -- Up-to-date: /home/kousei/HaruRobo2024_ws/ros2_ws/install/manip_msgs/lib/libmanip_msgs__rosidl_typesupport_fastrtps_c.so
[1.377s] -- Up-to-date: /home/kousei/HaruRobo2024_ws/ros2_ws/install/manip_msgs/include/manip_msgs/manip_msgs
[1.377s] -- Up-to-date: /home/kousei/HaruRobo2024_ws/ros2_ws/install/manip_msgs/include/manip_msgs/manip_msgs/msg
[1.377s] -- Up-to-date: /home/kousei/HaruRobo2024_ws/ros2_ws/install/manip_msgs/include/manip_msgs/manip_msgs/msg/result.hpp
[1.377s] -- Up-to-date: /home/kousei/HaruRobo2024_ws/ros2_ws/install/manip_msgs/include/manip_msgs/manip_msgs/msg/cmd.hpp
[1.377s] -- Up-to-date: /home/kousei/HaruRobo2024_ws/ros2_ws/install/manip_msgs/include/manip_msgs/manip_msgs/msg/detail
[1.377s] -- Up-to-date: /home/kousei/HaruRobo2024_ws/ros2_ws/install/manip_msgs/include/manip_msgs/manip_msgs/msg/detail/cmd__struct.hpp
[1.377s] -- Up-to-date: /home/kousei/HaruRobo2024_ws/ros2_ws/install/manip_msgs/include/manip_msgs/manip_msgs/msg/detail/result__struct.hpp
[1.378s] -- Up-to-date: /home/kousei/HaruRobo2024_ws/ros2_ws/install/manip_msgs/include/manip_msgs/manip_msgs/msg/detail/result__traits.hpp
[1.378s] -- Up-to-date: /home/kousei/HaruRobo2024_ws/ros2_ws/install/manip_msgs/include/manip_msgs/manip_msgs/msg/detail/cmd__builder.hpp
[1.378s] -- Up-to-date: /home/kousei/HaruRobo2024_ws/ros2_ws/install/manip_msgs/include/manip_msgs/manip_msgs/msg/detail/cmd__traits.hpp
[1.378s] -- Up-to-date: /home/kousei/HaruRobo2024_ws/ros2_ws/install/manip_msgs/include/manip_msgs/manip_msgs/msg/detail/result__builder.hpp
[1.378s] -- Up-to-date: /home/kousei/HaruRobo2024_ws/ros2_ws/install/manip_msgs/include/manip_msgs/manip_msgs
[1.379s] -- Up-to-date: /home/kousei/HaruRobo2024_ws/ros2_ws/install/manip_msgs/include/manip_msgs/manip_msgs/msg
[1.379s] -- Up-to-date: /home/kousei/HaruRobo2024_ws/ros2_ws/install/manip_msgs/include/manip_msgs/manip_msgs/msg/detail
[1.379s] -- Up-to-date: /home/kousei/HaruRobo2024_ws/ros2_ws/install/manip_msgs/include/manip_msgs/manip_msgs/msg/detail/dds_fastrtps
[1.379s] -- Up-to-date: /home/kousei/HaruRobo2024_ws/ros2_ws/install/manip_msgs/include/manip_msgs/manip_msgs/msg/detail/cmd__rosidl_typesupport_fastrtps_cpp.hpp
[1.379s] -- Up-to-date: /home/kousei/HaruRobo2024_ws/ros2_ws/install/manip_msgs/include/manip_msgs/manip_msgs/msg/detail/result__rosidl_typesupport_fastrtps_cpp.hpp
[1.379s] -- Up-to-date: /home/kousei/HaruRobo2024_ws/ros2_ws/install/manip_msgs/include/manip_msgs/manip_msgs/msg/rosidl_typesupport_fastrtps_cpp__visibility_control.h
[1.380s] -- Up-to-date: /home/kousei/HaruRobo2024_ws/ros2_ws/install/manip_msgs/lib/libmanip_msgs__rosidl_typesupport_fastrtps_cpp.so
[1.381s] -- Up-to-date: /home/kousei/HaruRobo2024_ws/ros2_ws/install/manip_msgs/include/manip_msgs/manip_msgs
[1.381s] -- Up-to-date: /home/kousei/HaruRobo2024_ws/ros2_ws/install/manip_msgs/include/manip_msgs/manip_msgs/msg
[1.381s] -- Up-to-date: /home/kousei/HaruRobo2024_ws/ros2_ws/install/manip_msgs/include/manip_msgs/manip_msgs/msg/detail
[1.381s] -- Up-to-date: /home/kousei/HaruRobo2024_ws/ros2_ws/install/manip_msgs/include/manip_msgs/manip_msgs/msg/detail/cmd__rosidl_typesupport_introspection_c.h
[1.381s] -- Up-to-date: /home/kousei/HaruRobo2024_ws/ros2_ws/install/manip_msgs/include/manip_msgs/manip_msgs/msg/detail/result__type_support.c
[1.381s] -- Up-to-date: /home/kousei/HaruRobo2024_ws/ros2_ws/install/manip_msgs/include/manip_msgs/manip_msgs/msg/detail/cmd__type_support.c
[1.381s] -- Up-to-date: /home/kousei/HaruRobo2024_ws/ros2_ws/install/manip_msgs/include/manip_msgs/manip_msgs/msg/detail/result__rosidl_typesupport_introspection_c.h
[1.381s] -- Up-to-date: /home/kousei/HaruRobo2024_ws/ros2_ws/install/manip_msgs/include/manip_msgs/manip_msgs/msg/rosidl_typesupport_introspection_c__visibility_control.h
[1.382s] -- Up-to-date: /home/kousei/HaruRobo2024_ws/ros2_ws/install/manip_msgs/lib/libmanip_msgs__rosidl_typesupport_introspection_c.so
[1.382s] -- Up-to-date: /home/kousei/HaruRobo2024_ws/ros2_ws/install/manip_msgs/lib/libmanip_msgs__rosidl_typesupport_c.so
[1.383s] -- Up-to-date: /home/kousei/HaruRobo2024_ws/ros2_ws/install/manip_msgs/include/manip_msgs/manip_msgs
[1.383s] -- Up-to-date: /home/kousei/HaruRobo2024_ws/ros2_ws/install/manip_msgs/include/manip_msgs/manip_msgs/msg
[1.383s] -- Up-to-date: /home/kousei/HaruRobo2024_ws/ros2_ws/install/manip_msgs/include/manip_msgs/manip_msgs/msg/detail
[1.383s] -- Up-to-date: /home/kousei/HaruRobo2024_ws/ros2_ws/install/manip_msgs/include/manip_msgs/manip_msgs/msg/detail/cmd__rosidl_typesupport_introspection_cpp.hpp
[1.383s] -- Up-to-date: /home/kousei/HaruRobo2024_ws/ros2_ws/install/manip_msgs/include/manip_msgs/manip_msgs/msg/detail/result__type_support.cpp
[1.383s] -- Up-to-date: /home/kousei/HaruRobo2024_ws/ros2_ws/install/manip_msgs/include/manip_msgs/manip_msgs/msg/detail/cmd__type_support.cpp
[1.383s] -- Up-to-date: /home/kousei/HaruRobo2024_ws/ros2_ws/install/manip_msgs/include/manip_msgs/manip_msgs/msg/detail/result__rosidl_typesupport_introspection_cpp.hpp
[1.383s] -- Up-to-date: /home/kousei/HaruRobo2024_ws/ros2_ws/install/manip_msgs/lib/libmanip_msgs__rosidl_typesupport_introspection_cpp.so
[1.384s] -- Up-to-date: /home/kousei/HaruRobo2024_ws/ros2_ws/install/manip_msgs/lib/libmanip_msgs__rosidl_typesupport_cpp.so
[1.384s] -- Up-to-date: /home/kousei/HaruRobo2024_ws/ros2_ws/install/manip_msgs/share/manip_msgs/environment/pythonpath.sh
[1.384s] -- Up-to-date: /home/kousei/HaruRobo2024_ws/ros2_ws/install/manip_msgs/share/manip_msgs/environment/pythonpath.dsv
[1.384s] -- Up-to-date: /home/kousei/HaruRobo2024_ws/ros2_ws/install/manip_msgs/local/lib/python3.10/dist-packages/manip_msgs-0.0.0-py3.10.egg-info
[1.384s] -- Installing: /home/kousei/HaruRobo2024_ws/ros2_ws/install/manip_msgs/local/lib/python3.10/dist-packages/manip_msgs-0.0.0-py3.10.egg-info/dependency_links.txt
[1.384s] -- Installing: /home/kousei/HaruRobo2024_ws/ros2_ws/install/manip_msgs/local/lib/python3.10/dist-packages/manip_msgs-0.0.0-py3.10.egg-info/SOURCES.txt
[1.385s] -- Installing: /home/kousei/HaruRobo2024_ws/ros2_ws/install/manip_msgs/local/lib/python3.10/dist-packages/manip_msgs-0.0.0-py3.10.egg-info/top_level.txt
[1.385s] -- Installing: /home/kousei/HaruRobo2024_ws/ros2_ws/install/manip_msgs/local/lib/python3.10/dist-packages/manip_msgs-0.0.0-py3.10.egg-info/PKG-INFO
[1.386s] -- Up-to-date: /home/kousei/HaruRobo2024_ws/ros2_ws/install/manip_msgs/local/lib/python3.10/dist-packages/manip_msgs
[1.386s] -- Up-to-date: /home/kousei/HaruRobo2024_ws/ros2_ws/install/manip_msgs/local/lib/python3.10/dist-packages/manip_msgs/__init__.py
[1.386s] -- Up-to-date: /home/kousei/HaruRobo2024_ws/ros2_ws/install/manip_msgs/local/lib/python3.10/dist-packages/manip_msgs/manip_msgs_s__rosidl_typesupport_fastrtps_c.cpython-310-x86_64-linux-gnu.so
[1.386s] -- Up-to-date: /home/kousei/HaruRobo2024_ws/ros2_ws/install/manip_msgs/local/lib/python3.10/dist-packages/manip_msgs/_manip_msgs_s.ep.rosidl_typesupport_fastrtps_c.c
[1.386s] -- Up-to-date: /home/kousei/HaruRobo2024_ws/ros2_ws/install/manip_msgs/local/lib/python3.10/dist-packages/manip_msgs/_manip_msgs_s.ep.rosidl_typesupport_introspection_c.c
[1.387s] -- Up-to-date: /home/kousei/HaruRobo2024_ws/ros2_ws/install/manip_msgs/local/lib/python3.10/dist-packages/manip_msgs/manip_msgs_s__rosidl_typesupport_c.cpython-310-x86_64-linux-gnu.so
[1.387s] -- Up-to-date: /home/kousei/HaruRobo2024_ws/ros2_ws/install/manip_msgs/local/lib/python3.10/dist-packages/manip_msgs/libmanip_msgs__rosidl_generator_py.so
[1.387s] -- Up-to-date: /home/kousei/HaruRobo2024_ws/ros2_ws/install/manip_msgs/local/lib/python3.10/dist-packages/manip_msgs/manip_msgs_s__rosidl_typesupport_introspection_c.cpython-310-x86_64-linux-gnu.so
[1.387s] -- Up-to-date: /home/kousei/HaruRobo2024_ws/ros2_ws/install/manip_msgs/local/lib/python3.10/dist-packages/manip_msgs/msg
[1.387s] -- Up-to-date: /home/kousei/HaruRobo2024_ws/ros2_ws/install/manip_msgs/local/lib/python3.10/dist-packages/manip_msgs/msg/__init__.py
[1.387s] -- Up-to-date: /home/kousei/HaruRobo2024_ws/ros2_ws/install/manip_msgs/local/lib/python3.10/dist-packages/manip_msgs/msg/_result.py
[1.387s] -- Up-to-date: /home/kousei/HaruRobo2024_ws/ros2_ws/install/manip_msgs/local/lib/python3.10/dist-packages/manip_msgs/msg/_cmd_s.c
[1.387s] -- Up-to-date: /home/kousei/HaruRobo2024_ws/ros2_ws/install/manip_msgs/local/lib/python3.10/dist-packages/manip_msgs/msg/_cmd.py
[1.387s] -- Up-to-date: /home/kousei/HaruRobo2024_ws/ros2_ws/install/manip_msgs/local/lib/python3.10/dist-packages/manip_msgs/msg/_result_s.c
[1.387s] -- Up-to-date: /home/kousei/HaruRobo2024_ws/ros2_ws/install/manip_msgs/local/lib/python3.10/dist-packages/manip_msgs/_manip_msgs_s.ep.rosidl_typesupport_c.c
[1.396s] Listing '/home/kousei/HaruRobo2024_ws/ros2_ws/install/manip_msgs/local/lib/python3.10/dist-packages/manip_msgs'...
[1.396s] Listing '/home/kousei/HaruRobo2024_ws/ros2_ws/install/manip_msgs/local/lib/python3.10/dist-packages/manip_msgs/msg'...
[1.401s] -- Up-to-date: /home/kousei/HaruRobo2024_ws/ros2_ws/install/manip_msgs/local/lib/python3.10/dist-packages/manip_msgs/manip_msgs_s__rosidl_typesupport_fastrtps_c.cpython-310-x86_64-linux-gnu.so
[1.401s] -- Up-to-date: /home/kousei/HaruRobo2024_ws/ros2_ws/install/manip_msgs/local/lib/python3.10/dist-packages/manip_msgs/manip_msgs_s__rosidl_typesupport_introspection_c.cpython-310-x86_64-linux-gnu.so
[1.404s] -- Up-to-date: /home/kousei/HaruRobo2024_ws/ros2_ws/install/manip_msgs/local/lib/python3.10/dist-packages/manip_msgs/manip_msgs_s__rosidl_typesupport_c.cpython-310-x86_64-linux-gnu.so
[1.406s] -- Up-to-date: /home/kousei/HaruRobo2024_ws/ros2_ws/install/manip_msgs/lib/libmanip_msgs__rosidl_generator_py.so
[1.406s] -- Up-to-date: /home/kousei/HaruRobo2024_ws/ros2_ws/install/manip_msgs/share/manip_msgs/msg/Cmd.idl
[1.406s] -- Up-to-date: /home/kousei/HaruRobo2024_ws/ros2_ws/install/manip_msgs/share/manip_msgs/msg/Result.idl
[1.407s] -- Up-to-date: /home/kousei/HaruRobo2024_ws/ros2_ws/install/manip_msgs/share/manip_msgs/msg/Cmd.msg
[1.407s] -- Up-to-date: /home/kousei/HaruRobo2024_ws/ros2_ws/install/manip_msgs/share/manip_msgs/msg/Result.msg
[1.407s] -- Up-to-date: /home/kousei/HaruRobo2024_ws/ros2_ws/install/manip_msgs/include
[1.407s] -- Up-to-date: /home/kousei/HaruRobo2024_ws/ros2_ws/install/manip_msgs/include/manip_msgs
[1.407s] -- Up-to-date: /home/kousei/HaruRobo2024_ws/ros2_ws/install/manip_msgs/share/ament_index/resource_index/package_run_dependencies/manip_msgs
[1.407s] -- Up-to-date: /home/kousei/HaruRobo2024_ws/ros2_ws/install/manip_msgs/share/ament_index/resource_index/parent_prefix_path/manip_msgs
[1.408s] -- Up-to-date: /home/kousei/HaruRobo2024_ws/ros2_ws/install/manip_msgs/share/manip_msgs/environment/ament_prefix_path.sh
[1.408s] -- Up-to-date: /home/kousei/HaruRobo2024_ws/ros2_ws/install/manip_msgs/share/manip_msgs/environment/ament_prefix_path.dsv
[1.408s] -- Up-to-date: /home/kousei/HaruRobo2024_ws/ros2_ws/install/manip_msgs/share/manip_msgs/environment/path.sh
[1.408s] -- Up-to-date: /home/kousei/HaruRobo2024_ws/ros2_ws/install/manip_msgs/share/manip_msgs/environment/path.dsv
[1.408s] -- Up-to-date: /home/kousei/HaruRobo2024_ws/ros2_ws/install/manip_msgs/share/manip_msgs/local_setup.bash
[1.409s] -- Up-to-date: /home/kousei/HaruRobo2024_ws/ros2_ws/install/manip_msgs/share/manip_msgs/local_setup.sh
[1.409s] -- Up-to-date: /home/kousei/HaruRobo2024_ws/ros2_ws/install/manip_msgs/share/manip_msgs/local_setup.zsh
[1.409s] -- Up-to-date: /home/kousei/HaruRobo2024_ws/ros2_ws/install/manip_msgs/share/manip_msgs/local_setup.dsv
[1.409s] -- Installing: /home/kousei/HaruRobo2024_ws/ros2_ws/install/manip_msgs/share/manip_msgs/package.dsv
[1.410s] -- Up-to-date: /home/kousei/HaruRobo2024_ws/ros2_ws/install/manip_msgs/share/ament_index/resource_index/packages/manip_msgs
[1.410s] -- Up-to-date: /home/kousei/HaruRobo2024_ws/ros2_ws/install/manip_msgs/share/manip_msgs/cmake/export_manip_msgs__rosidl_generator_cExport.cmake
[1.411s] -- Up-to-date: /home/kousei/HaruRobo2024_ws/ros2_ws/install/manip_msgs/share/manip_msgs/cmake/export_manip_msgs__rosidl_generator_cExport-noconfig.cmake
[1.411s] -- Up-to-date: /home/kousei/HaruRobo2024_ws/ros2_ws/install/manip_msgs/share/manip_msgs/cmake/export_manip_msgs__rosidl_typesupport_fastrtps_cExport.cmake
[1.411s] -- Up-to-date: /home/kousei/HaruRobo2024_ws/ros2_ws/install/manip_msgs/share/manip_msgs/cmake/export_manip_msgs__rosidl_typesupport_fastrtps_cExport-noconfig.cmake
[1.411s] -- Up-to-date: /home/kousei/HaruRobo2024_ws/ros2_ws/install/manip_msgs/share/manip_msgs/cmake/export_manip_msgs__rosidl_generator_cppExport.cmake
[1.411s] -- Up-to-date: /home/kousei/HaruRobo2024_ws/ros2_ws/install/manip_msgs/share/manip_msgs/cmake/export_manip_msgs__rosidl_typesupport_fastrtps_cppExport.cmake
[1.411s] -- Up-to-date: /home/kousei/HaruRobo2024_ws/ros2_ws/install/manip_msgs/share/manip_msgs/cmake/export_manip_msgs__rosidl_typesupport_fastrtps_cppExport-noconfig.cmake
[1.411s] -- Up-to-date: /home/kousei/HaruRobo2024_ws/ros2_ws/install/manip_msgs/share/manip_msgs/cmake/manip_msgs__rosidl_typesupport_introspection_cExport.cmake
[1.411s] -- Up-to-date: /home/kousei/HaruRobo2024_ws/ros2_ws/install/manip_msgs/share/manip_msgs/cmake/manip_msgs__rosidl_typesupport_introspection_cExport-noconfig.cmake
[1.411s] -- Up-to-date: /home/kousei/HaruRobo2024_ws/ros2_ws/install/manip_msgs/share/manip_msgs/cmake/manip_msgs__rosidl_typesupport_cExport.cmake
[1.412s] -- Up-to-date: /home/kousei/HaruRobo2024_ws/ros2_ws/install/manip_msgs/share/manip_msgs/cmake/manip_msgs__rosidl_typesupport_cExport-noconfig.cmake
[1.412s] -- Up-to-date: /home/kousei/HaruRobo2024_ws/ros2_ws/install/manip_msgs/share/manip_msgs/cmake/manip_msgs__rosidl_typesupport_introspection_cppExport.cmake
[1.412s] -- Up-to-date: /home/kousei/HaruRobo2024_ws/ros2_ws/install/manip_msgs/share/manip_msgs/cmake/manip_msgs__rosidl_typesupport_introspection_cppExport-noconfig.cmake
[1.412s] -- Up-to-date: /home/kousei/HaruRobo2024_ws/ros2_ws/install/manip_msgs/share/manip_msgs/cmake/manip_msgs__rosidl_typesupport_cppExport.cmake
[1.412s] -- Up-to-date: /home/kousei/HaruRobo2024_ws/ros2_ws/install/manip_msgs/share/manip_msgs/cmake/manip_msgs__rosidl_typesupport_cppExport-noconfig.cmake
[1.412s] -- Up-to-date: /home/kousei/HaruRobo2024_ws/ros2_ws/install/manip_msgs/share/manip_msgs/cmake/export_manip_msgs__rosidl_generator_pyExport.cmake
[1.412s] -- Up-to-date: /home/kousei/HaruRobo2024_ws/ros2_ws/install/manip_msgs/share/manip_msgs/cmake/export_manip_msgs__rosidl_generator_pyExport-noconfig.cmake
[1.412s] -- Up-to-date: /home/kousei/HaruRobo2024_ws/ros2_ws/install/manip_msgs/share/manip_msgs/cmake/rosidl_cmake-extras.cmake
[1.412s] -- Up-to-date: /home/kousei/HaruRobo2024_ws/ros2_ws/install/manip_msgs/share/manip_msgs/cmake/ament_cmake_export_dependencies-extras.cmake
[1.412s] -- Up-to-date: /home/kousei/HaruRobo2024_ws/ros2_ws/install/manip_msgs/share/manip_msgs/cmake/ament_cmake_export_include_directories-extras.cmake
[1.412s] -- Up-to-date: /home/kousei/HaruRobo2024_ws/ros2_ws/install/manip_msgs/share/manip_msgs/cmake/ament_cmake_export_libraries-extras.cmake
[1.412s] -- Up-to-date: /home/kousei/HaruRobo2024_ws/ros2_ws/install/manip_msgs/share/manip_msgs/cmake/ament_cmake_export_targets-extras.cmake
[1.412s] -- Up-to-date: /home/kousei/HaruRobo2024_ws/ros2_ws/install/manip_msgs/share/manip_msgs/cmake/rosidl_cmake_export_typesupport_targets-extras.cmake
[1.412s] -- Up-to-date: /home/kousei/HaruRobo2024_ws/ros2_ws/install/manip_msgs/share/manip_msgs/cmake/rosidl_cmake_export_typesupport_libraries-extras.cmake
[1.412s] -- Up-to-date: /home/kousei/HaruRobo2024_ws/ros2_ws/install/manip_msgs/share/manip_msgs/cmake/manip_msgsConfig.cmake
[1.412s] -- Up-to-date: /home/kousei/HaruRobo2024_ws/ros2_ws/install/manip_msgs/share/manip_msgs/cmake/manip_msgsConfig-version.cmake
[1.412s] -- Up-to-date: /home/kousei/HaruRobo2024_ws/ros2_ws/install/manip_msgs/share/manip_msgs/package.xml
[1.413s] Invoked command in '/home/kousei/HaruRobo2024_ws/ros2_ws/build/manip_msgs' returned '0': CMAKE_PREFIX_PATH=${CMAKE_PREFIX_PATH}:/opt/ros/humble /usr/bin/cmake --install /home/kousei/HaruRobo2024_ws/ros2_ws/build/manip_msgs
