[0.052s] Invoking command in '/home/kousei/HaruRobo2024_ws/ros2_ws/build/bt': CMAKE_PREFIX_PATH=/home/kousei/HaruRobo2024_ws/ros2_ws/install/manip:/home/kousei/HaruRobo2024_ws/ros2_ws/install/manip_msgs:/home/kousei/HaruRobo2024_ws/ros2_ws/install/urg_node2:/home/kousei/HaruRobo2024_ws/ros2_ws/install/omni_control:/home/kousei/HaruRobo2024_ws/ros2_ws/install/key_event_nodes:/home/kousei/HaruRobo2024_ws/ros2_ws/install/key_event_msgs:/home/kousei/HaruRobo2024_ws/ros2_ws/install/drive_msgs:/home/kousei/2DRoboPrac_ws/ros2_ws/install/urg_node2:/home/kousei/2DRoboPrac_ws/ros2_ws/install/omni_control:/home/kousei/2DRoboPrac_ws/ros2_ws/install/nav_real:/home/kousei/2DRoboPrac_ws/ros2_ws/install/nav_dev:/home/kousei/2DRoboPrac_ws/ros2_ws/install/key_event_nodes:/home/kousei/2DRoboPrac_ws/ros2_ws/install/key_event_msgs:/home/kousei/2DRoboPrac_ws/ros2_ws/install/drive_msgs:/opt/ros/humble LD_LIBRARY_PATH=/home/kousei/HaruRobo2024_ws/ros2_ws/install/manip/lib:/home/kousei/HaruRobo2024_ws/ros2_ws/install/manip_msgs/lib:/home/kousei/HaruRobo2024_ws/ros2_ws/install/urg_node2/lib:/home/kousei/HaruRobo2024_ws/ros2_ws/install/key_event_nodes/lib:/home/kousei/HaruRobo2024_ws/ros2_ws/install/key_event_msgs/lib:/home/kousei/HaruRobo2024_ws/ros2_ws/install/drive_msgs/lib:/usr/local/lib:/usr/local/lib:/home/kousei/2DRoboPrac_ws/ros2_ws/install/urg_node2/lib:/home/kousei/2DRoboPrac_ws/ros2_ws/install/key_event_nodes/lib:/home/kousei/2DRoboPrac_ws/ros2_ws/install/key_event_msgs/lib:/home/kousei/2DRoboPrac_ws/ros2_ws/install/drive_msgs/lib:/usr/lib/x86_64-linux-gnu/gazebo-11/plugins:/opt/ros/humble/opt/rviz_ogre_vendor/lib:/opt/ros/humble/lib/x86_64-linux-gnu:/opt/ros/humble/lib /usr/bin/cmake /home/kousei/HaruRobo2024_ws/ros2_ws/src/bt -DCMAKE_INSTALL_PREFIX=/home/kousei/HaruRobo2024_ws/ros2_ws/install/bt
[0.100s] -- The C compiler identification is GNU 11.4.0
[0.139s] -- The CXX compiler identification is GNU 11.4.0
[0.147s] -- Detecting C compiler ABI info
[0.192s] -- Detecting C compiler ABI info - done
[0.196s] -- Check for working C compiler: /usr/bin/cc - skipped
[0.196s] -- Detecting C compile features
[0.196s] -- Detecting C compile features - done
[0.199s] -- Detecting CXX compiler ABI info
[0.250s] -- Detecting CXX compiler ABI info - done
[0.258s] -- Check for working CXX compiler: /usr/bin/c++ - skipped
[0.258s] -- Detecting CXX compile features
[0.258s] -- Detecting CXX compile features - done
[0.264s] -- Found ament_cmake_auto: 1.3.7 (/opt/ros/humble/share/ament_cmake_auto/cmake)
[0.405s] -- Found Python3: /usr/bin/python3.10 (found version "3.10.12") found components: Interpreter 
[0.595s] -- Found rosidl_generator_c: 3.1.5 (/opt/ros/humble/share/rosidl_generator_c/cmake)
[0.601s] -- Found rosidl_adapter: 3.1.5 (/opt/ros/humble/share/rosidl_adapter/cmake)
[0.610s] -- Found rosidl_generator_cpp: 3.1.5 (/opt/ros/humble/share/rosidl_generator_cpp/cmake)
[0.624s] -- Using all available rosidl_typesupport_c: rosidl_typesupport_fastrtps_c;rosidl_typesupport_introspection_c
[0.643s] -- Using all available rosidl_typesupport_cpp: rosidl_typesupport_fastrtps_cpp;rosidl_typesupport_introspection_cpp
[0.706s] -- Found rmw_implementation_cmake: 6.1.1 (/opt/ros/humble/share/rmw_implementation_cmake/cmake)
[0.710s] -- Found rmw_fastrtps_cpp: 6.2.6 (/opt/ros/humble/share/rmw_fastrtps_cpp/cmake)
[0.791s] -- Found OpenSSL: /usr/lib/x86_64-linux-gnu/libcrypto.so (found version "3.0.2")  
[0.812s] -- Found FastRTPS: /opt/ros/humble/include  
[0.846s] -- Using RMW implementation 'rmw_fastrtps_cpp' as default
[0.857s] -- Looking for pthread.h
[0.906s] -- Looking for pthread.h - found
[0.906s] -- Performing Test CMAKE_HAVE_LIBC_PTHREAD
[0.958s] -- Performing Test CMAKE_HAVE_LIBC_PTHREAD - Success
[0.958s] -- Found Threads: TRUE  
[1.828s] -- Found ament_lint_auto: 0.12.10 (/opt/ros/humble/share/ament_lint_auto/cmake)
[1.858s] [31mCMake Error at /opt/ros/humble/share/rosidl_cmake/cmake/rosidl_generate_interfaces.cmake:59 (message):
[1.858s]   rosidl_generate_interfaces() called without any interface files
[1.858s] Call Stack (most recent call first):
[1.858s]   CMakeLists.txt:32 (rosidl_generate_interfaces)
[1.858s] 
[1.858s] [0m
[1.858s] -- Configuring incomplete, errors occurred!
[1.858s] See also "/home/kousei/HaruRobo2024_ws/ros2_ws/build/bt/CMakeFiles/CMakeOutput.log".
[1.869s] Invoked command in '/home/kousei/HaruRobo2024_ws/ros2_ws/build/bt' returned '1': CMAKE_PREFIX_PATH=/home/kousei/HaruRobo2024_ws/ros2_ws/install/manip:/home/kousei/HaruRobo2024_ws/ros2_ws/install/manip_msgs:/home/kousei/HaruRobo2024_ws/ros2_ws/install/urg_node2:/home/kousei/HaruRobo2024_ws/ros2_ws/install/omni_control:/home/kousei/HaruRobo2024_ws/ros2_ws/install/key_event_nodes:/home/kousei/HaruRobo2024_ws/ros2_ws/install/key_event_msgs:/home/kousei/HaruRobo2024_ws/ros2_ws/install/drive_msgs:/home/kousei/2DRoboPrac_ws/ros2_ws/install/urg_node2:/home/kousei/2DRoboPrac_ws/ros2_ws/install/omni_control:/home/kousei/2DRoboPrac_ws/ros2_ws/install/nav_real:/home/kousei/2DRoboPrac_ws/ros2_ws/install/nav_dev:/home/kousei/2DRoboPrac_ws/ros2_ws/install/key_event_nodes:/home/kousei/2DRoboPrac_ws/ros2_ws/install/key_event_msgs:/home/kousei/2DRoboPrac_ws/ros2_ws/install/drive_msgs:/opt/ros/humble LD_LIBRARY_PATH=/home/kousei/HaruRobo2024_ws/ros2_ws/install/manip/lib:/home/kousei/HaruRobo2024_ws/ros2_ws/install/manip_msgs/lib:/home/kousei/HaruRobo2024_ws/ros2_ws/install/urg_node2/lib:/home/kousei/HaruRobo2024_ws/ros2_ws/install/key_event_nodes/lib:/home/kousei/HaruRobo2024_ws/ros2_ws/install/key_event_msgs/lib:/home/kousei/HaruRobo2024_ws/ros2_ws/install/drive_msgs/lib:/usr/local/lib:/usr/local/lib:/home/kousei/2DRoboPrac_ws/ros2_ws/install/urg_node2/lib:/home/kousei/2DRoboPrac_ws/ros2_ws/install/key_event_nodes/lib:/home/kousei/2DRoboPrac_ws/ros2_ws/install/key_event_msgs/lib:/home/kousei/2DRoboPrac_ws/ros2_ws/install/drive_msgs/lib:/usr/lib/x86_64-linux-gnu/gazebo-11/plugins:/opt/ros/humble/opt/rviz_ogre_vendor/lib:/opt/ros/humble/lib/x86_64-linux-gnu:/opt/ros/humble/lib /usr/bin/cmake /home/kousei/HaruRobo2024_ws/ros2_ws/src/bt -DCMAKE_INSTALL_PREFIX=/home/kousei/HaruRobo2024_ws/ros2_ws/install/bt
