-- Found ament_cmake_auto: 1.3.6 (/opt/ros/humble/share/ament_cmake_auto/cmake)
-- Found rosidl_generator_c: 3.1.5 (/opt/ros/humble/share/rosidl_generator_c/cmake)
-- Found rosidl_adapter: 3.1.5 (/opt/ros/humble/share/rosidl_adapter/cmake)
-- Found rosidl_generator_cpp: 3.1.5 (/opt/ros/humble/share/rosidl_generator_cpp/cmake)
-- Using all available rosidl_typesupport_c: rosidl_typesupport_fastrtps_c;rosidl_typesupport_introspection_c
-- Using all available rosidl_typesupport_cpp: rosidl_typesupport_fastrtps_cpp;rosidl_typesupport_introspection_cpp
-- Found rmw_implementation_cmake: 6.1.1 (/opt/ros/humble/share/rmw_implementation_cmake/cmake)
-- Found rmw_fastrtps_cpp: 6.2.5 (/opt/ros/humble/share/rmw_fastrtps_cpp/cmake)
-- Using RMW implementation 'rmw_fastrtps_cpp' as default
-- Found ament_lint_auto: 0.12.9 (/opt/ros/humble/share/ament_lint_auto/cmake)
-- Found ament_cmake_ros: 0.10.0 (/opt/ros/humble/share/ament_cmake_ros/cmake)
-- Using all available rosidl_typesupport_c: rosidl_typesupport_fastrtps_c;rosidl_typesupport_introspection_c
-- Using all available rosidl_typesupport_cpp: rosidl_typesupport_fastrtps_cpp;rosidl_typesupport_introspection_cpp
-- Found python_cmake_module: 0.10.0 (/opt/ros/humble/share/python_cmake_module/cmake)
-- Using PYTHON_EXECUTABLE: /usr/bin/python3
-- Using PYTHON_INCLUDE_DIRS: /usr/include/python3.10
-- Using PYTHON_LIBRARIES: /usr/lib/x86_64-linux-gnu/libpython3.10.so
-- Added test 'cppcheck' to perform static code analysis on C / C++ code
-- Configured cppcheck include dirs: /home/kousei/HaruRobo2024_ws/ros2_ws/src/manip/include
-- Configured cppcheck exclude dirs and/or files: 
-- Added test 'lint_cmake' to check CMake code style
-- Added test 'uncrustify' to check C / C++ code style
-- Configured uncrustify additional arguments: 
-- Added test 'xmllint' to check XML markup files
-- Configuring done
-- Generating done
-- Build files have been written to: /home/kousei/HaruRobo2024_ws/ros2_ws/build/manip
[35m[1mConsolidate compiler generated dependencies of target manip__rosidl_generator_c[0m
[  1%] Built target manip__cpp
[ 11%] Built target manip__rosidl_generator_c
[ 11%] Built target ament_cmake_python_copy_manip
[35m[1mConsolidate compiler generated dependencies of target manip__rosidl_typesupport_cpp[0m
[35m[1mConsolidate compiler generated dependencies of target manip__rosidl_typesupport_introspection_c[0m
[35m[1mConsolidate compiler generated dependencies of target manip__rosidl_typesupport_fastrtps_c[0m
[35m[1mConsolidate compiler generated dependencies of target manip__rosidl_typesupport_fastrtps_cpp[0m
[35m[1mConsolidate compiler generated dependencies of target manip__rosidl_typesupport_introspection_cpp[0m
[35m[1mConsolidate compiler generated dependencies of target manip__rosidl_typesupport_c[0m
[ 23%] Built target manip__rosidl_typesupport_cpp
[ 31%] Built target manip__rosidl_typesupport_introspection_c
[ 41%] Built target manip__rosidl_typesupport_c
[ 50%] Built target manip__rosidl_typesupport_fastrtps_c
[35m[1mConsolidate compiler generated dependencies of target manip_joy_node[0m
[35m[1mConsolidate compiler generated dependencies of target manip_control_node[0m
[ 60%] Built target manip__rosidl_typesupport_introspection_cpp
[ 70%] Built target manip__rosidl_typesupport_fastrtps_cpp
[ 74%] [32mBuilding CXX object CMakeFiles/manip_joy_node.dir/src/manip_joy_node.cpp.o[0m
[ 76%] Built target manip_control_node
[ 76%] Built target manip
[ 78%] Built target manip__py
[35m[1mConsolidate compiler generated dependencies of target manip__rosidl_generator_py[0m
[ 86%] Built target manip__rosidl_generator_py
[35m[1mConsolidate compiler generated dependencies of target manip__rosidl_typesupport_fastrtps_c__pyext[0m
[35m[1mConsolidate compiler generated dependencies of target manip__rosidl_typesupport_c__pyext[0m
[35m[1mConsolidate compiler generated dependencies of target manip__rosidl_typesupport_introspection_c__pyext[0m
[ 90%] Built target manip__rosidl_typesupport_fastrtps_c__pyext
[ 94%] Built target manip__rosidl_typesupport_c__pyext
[ 98%] Built target manip__rosidl_typesupport_introspection_c__pyext
running egg_info
writing manip.egg-info/PKG-INFO
writing dependency_links to manip.egg-info/dependency_links.txt
writing top-level names to manip.egg-info/top_level.txt
reading manifest file 'manip.egg-info/SOURCES.txt'
writing manifest file 'manip.egg-info/SOURCES.txt'
[ 98%] Built target ament_cmake_python_build_manip_egg
[01m[K/home/kousei/HaruRobo2024_ws/ros2_ws/src/manip/src/manip_joy_node.cpp:[m[K In member function ‘[01m[Kvoid ManipJoyNode::feedback_callback(rclcpp_action::ClientGoalHandle<manip::action::State>::SharedPtr, std::shared_ptr<const manip::action::State_Feedback_<std::allocator<void> > >)[m[K’:
[01m[K/home/kousei/HaruRobo2024_ws/ros2_ws/src/manip/src/manip_joy_node.cpp:67:50:[m[K [01;35m[Kwarning: [m[Kunused parameter ‘[01m[Kfeedback[m[K’ [[01;35m[K]8;;https://gcc.gnu.org/onlinedocs/gcc/Warning-Options.html#index-Wunused-parameter-Wunused-parameter]8;;[m[K]
   67 |     [01;35m[Kconst std::shared_ptr<const State::Feedback> feedback[m[K)
      |     [01;35m[K~~~~~~~~~~~~~~~~~~~~~~~~~~~~~~~~~~~~~~~~~~~~~^~~~~~~~[m[K
[01m[K/home/kousei/HaruRobo2024_ws/ros2_ws/src/manip/src/manip_joy_node.cpp:[m[K In member function ‘[01m[Kvoid ManipJoyNode::result_callback(const rclcpp_action::ClientGoalHandle<manip::action::State>::WrappedResult&)[m[K’:
[01m[K/home/kousei/HaruRobo2024_ws/ros2_ws/src/manip/src/manip_joy_node.cpp:72:63:[m[K [01;35m[Kwarning: [m[Kunused parameter ‘[01m[Kresult[m[K’ [[01;35m[K]8;;https://gcc.gnu.org/onlinedocs/gcc/Warning-Options.html#index-Wunused-parameter-Wunused-parameter]8;;[m[K]
   72 |   void result_callback([01;35m[Kconst GoalHandleState::WrappedResult & result[m[K)
      |                        [01;35m[K~~~~~~~~~~~~~~~~~~~~~~~~~~~~~~~~~~~~~~~^~~~~~[m[K
In file included from [01m[K/usr/include/x86_64-linux-gnu/c++/11/bits/c++allocator.h:33[m[K,
                 from [01m[K/usr/include/c++/11/bits/allocator.h:46[m[K,
                 from [01m[K/usr/include/c++/11/unordered_map:40[m[K,
                 from [01m[K/usr/include/c++/11/functional:61[m[K,
                 from [01m[K/home/kousei/HaruRobo2024_ws/ros2_ws/src/manip/src/manip_joy_node.cpp:1[m[K:
/usr/include/c++/11/ext/new_allocator.h: In instantiation of ‘[01m[Kvoid __gnu_cxx::new_allocator<_Tp>::construct(_Up*, _Args&& ...) [with _Up = ManipJoyNode; _Args = {}; _Tp = ManipJoyNode][m[K’:
[01m[K/usr/include/c++/11/bits/alloc_traits.h:516:17:[m[K   required from ‘[01m[Kstatic void std::allocator_traits<std::allocator<_Tp1> >::construct(std::allocator_traits<std::allocator<_Tp1> >::allocator_type&, _Up*, _Args&& ...) [with _Up = ManipJoyNode; _Args = {}; _Tp = ManipJoyNode; std::allocator_traits<std::allocator<_Tp1> >::allocator_type = std::allocator<ManipJoyNode>][m[K’
[01m[K/usr/include/c++/11/bits/shared_ptr_base.h:519:39:[m[K   required from ‘[01m[Kstd::_Sp_counted_ptr_inplace<_Tp, _Alloc, _Lp>::_Sp_counted_ptr_inplace(_Alloc, _Args&& ...) [with _Args = {}; _Tp = ManipJoyNode; _Alloc = std::allocator<ManipJoyNode>; __gnu_cxx::_Lock_policy _Lp = __gnu_cxx::_S_atomic][m[K’
[01m[K/usr/include/c++/11/bits/shared_ptr_base.h:650:16:[m[K   required from ‘[01m[Kstd::__shared_count<_Lp>::__shared_count(_Tp*&, std::_Sp_alloc_shared_tag<_Alloc>, _Args&& ...) [with _Tp = ManipJoyNode; _Alloc = std::allocator<ManipJoyNode>; _Args = {}; __gnu_cxx::_Lock_policy _Lp = __gnu_cxx::_S_atomic][m[K’
[01m[K/usr/include/c++/11/bits/shared_ptr_base.h:1342:14:[m[K   required from ‘[01m[Kstd::__shared_ptr<_Tp, _Lp>::__shared_ptr(std::_Sp_alloc_shared_tag<_Tp>, _Args&& ...) [with _Alloc = std::allocator<ManipJoyNode>; _Args = {}; _Tp = ManipJoyNode; __gnu_cxx::_Lock_policy _Lp = __gnu_cxx::_S_atomic][m[K’
[01m[K/usr/include/c++/11/bits/shared_ptr.h:409:59:[m[K   required from ‘[01m[Kstd::shared_ptr<_Tp>::shared_ptr(std::_Sp_alloc_shared_tag<_Tp>, _Args&& ...) [with _Alloc = std::allocator<ManipJoyNode>; _Args = {}; _Tp = ManipJoyNode][m[K’
[01m[K/usr/include/c++/11/bits/shared_ptr.h:862:14:[m[K   required from ‘[01m[Kstd::shared_ptr<_Tp> std::allocate_shared(const _Alloc&, _Args&& ...) [with _Tp = ManipJoyNode; _Alloc = std::allocator<ManipJoyNode>; _Args = {}][m[K’
[01m[K/usr/include/c++/11/bits/shared_ptr.h:878:39:[m[K   required from ‘[01m[Kstd::shared_ptr<_Tp> std::make_shared(_Args&& ...) [with _Tp = ManipJoyNode; _Args = {}][m[K’
[01m[K/home/kousei/HaruRobo2024_ws/ros2_ws/src/manip/src/manip_joy_node.cpp:81:48:[m[K   required from here
[01m[K/usr/include/c++/11/ext/new_allocator.h:162:11:[m[K [01;31m[Kerror: [m[Kno matching function for call to ‘[01m[KManipJoyNode::ManipJoyNode()[m[K’
  162 |         { [01;31m[K::new((void *)__p) _Up(std::forward<_Args>(__args)...)[m[K; }
      |           [01;31m[K^~~~~~~~~~~~~~~~~~~~~~~~~~~~~~~~~~~~~~~~~~~~~~~~~~~~~~[m[K
[01m[K/home/kousei/HaruRobo2024_ws/ros2_ws/src/manip/src/manip_joy_node.cpp:15:12:[m[K [01;36m[Knote: [m[Kcandidate: ‘[01m[KManipJoyNode::ManipJoyNode(const rclcpp::NodeOptions&)[m[K’
   15 |   explicit [01;36m[KManipJoyNode[m[K(const rclcpp::NodeOptions & options)
      |            [01;36m[K^~~~~~~~~~~~[m[K
[01m[K/home/kousei/HaruRobo2024_ws/ros2_ws/src/manip/src/manip_joy_node.cpp:15:12:[m[K [01;36m[Knote: [m[K  candidate expects 1 argument, 0 provided
gmake[2]: *** [CMakeFiles/manip_joy_node.dir/build.make:76: CMakeFiles/manip_joy_node.dir/src/manip_joy_node.cpp.o] エラー 1
gmake[1]: *** [CMakeFiles/Makefile2:185: CMakeFiles/manip_joy_node.dir/all] エラー 2
gmake: *** [Makefile:146: all] エラー 2
