[0.162s] Invoking command in '/home/kousei/HaruRobo2024_ws/ros2_ws/build/drive_msgs': CMAKE_PREFIX_PATH=${CMAKE_PREFIX_PATH}:/opt/ros/humble /usr/bin/cmake --build /home/kousei/HaruRobo2024_ws/ros2_ws/build/drive_msgs -- -j16 -l16
[0.211s] [  1%] Built target drive_msgs__cpp
[0.215s] [ 12%] Built target drive_msgs__rosidl_generator_c
[0.274s] [ 12%] Built target ament_cmake_python_copy_drive_msgs
[0.456s] [ 23%] Built target drive_msgs__rosidl_typesupport_fastrtps_cpp
[0.473s] [ 34%] Built target drive_msgs__rosidl_typesupport_cpp
[0.513s] [ 45%] Built target drive_msgs__rosidl_typesupport_introspection_cpp
[0.612s] [ 56%] Built target drive_msgs__rosidl_typesupport_fastrtps_c
[0.618s] [ 67%] Built target drive_msgs__rosidl_typesupport_c
[0.631s] [ 78%] Built target drive_msgs__rosidl_typesupport_introspection_c
[0.804s] [ 78%] Built target drive_msgs
[0.995s] [ 80%] Built target drive_msgs__py
[1.229s] [ 89%] Built target drive_msgs__rosidl_generator_py
[1.394s] [ 92%] Built target drive_msgs__rosidl_typesupport_fastrtps_c__pyext
[1.398s] [ 96%] Built target drive_msgs__rosidl_typesupport_c__pyext
[1.417s] [100%] Built target drive_msgs__rosidl_typesupport_introspection_c__pyext
[1.494s] running egg_info
[1.495s] writing drive_msgs.egg-info/PKG-INFO
[1.495s] writing dependency_links to drive_msgs.egg-info/dependency_links.txt
[1.495s] writing top-level names to drive_msgs.egg-info/top_level.txt
[1.497s] reading manifest file 'drive_msgs.egg-info/SOURCES.txt'
[1.498s] writing manifest file 'drive_msgs.egg-info/SOURCES.txt'
[1.520s] [100%] Built target ament_cmake_python_build_drive_msgs_egg
[1.529s] Invoked command in '/home/kousei/HaruRobo2024_ws/ros2_ws/build/drive_msgs' returned '0': CMAKE_PREFIX_PATH=${CMAKE_PREFIX_PATH}:/opt/ros/humble /usr/bin/cmake --build /home/kousei/HaruRobo2024_ws/ros2_ws/build/drive_msgs -- -j16 -l16
[1.624s] Invoking command in '/home/kousei/HaruRobo2024_ws/ros2_ws/build/drive_msgs': CMAKE_PREFIX_PATH=${CMAKE_PREFIX_PATH}:/opt/ros/humble /usr/bin/cmake --install /home/kousei/HaruRobo2024_ws/ros2_ws/build/drive_msgs
[1.629s] -- Install configuration: ""
[1.629s] -- Up-to-date: /home/kousei/HaruRobo2024_ws/ros2_ws/install/drive_msgs/share/ament_index/resource_index/rosidl_interfaces/drive_msgs
[1.630s] -- Up-to-date: /home/kousei/HaruRobo2024_ws/ros2_ws/install/drive_msgs/include/drive_msgs/drive_msgs
[1.630s] -- Up-to-date: /home/kousei/HaruRobo2024_ws/ros2_ws/install/drive_msgs/include/drive_msgs/drive_msgs/msg
[1.631s] -- Up-to-date: /home/kousei/HaruRobo2024_ws/ros2_ws/install/drive_msgs/include/drive_msgs/drive_msgs/msg/diff_drive_enc.h
[1.631s] -- Up-to-date: /home/kousei/HaruRobo2024_ws/ros2_ws/install/drive_msgs/include/drive_msgs/drive_msgs/msg/diff_drive.h
[1.631s] -- Up-to-date: /home/kousei/HaruRobo2024_ws/ros2_ws/install/drive_msgs/include/drive_msgs/drive_msgs/msg/omni_enc.h
[1.631s] -- Up-to-date: /home/kousei/HaruRobo2024_ws/ros2_ws/install/drive_msgs/include/drive_msgs/drive_msgs/msg/rosidl_generator_c__visibility_control.h
[1.632s] -- Up-to-date: /home/kousei/HaruRobo2024_ws/ros2_ws/install/drive_msgs/include/drive_msgs/drive_msgs/msg/omni.h
[1.632s] -- Up-to-date: /home/kousei/HaruRobo2024_ws/ros2_ws/install/drive_msgs/include/drive_msgs/drive_msgs/msg/detail
[1.632s] -- Up-to-date: /home/kousei/HaruRobo2024_ws/ros2_ws/install/drive_msgs/include/drive_msgs/drive_msgs/msg/detail/diff_drive_enc__type_support.h
[1.632s] -- Up-to-date: /home/kousei/HaruRobo2024_ws/ros2_ws/install/drive_msgs/include/drive_msgs/drive_msgs/msg/detail/diff_drive__struct.h
[1.632s] -- Up-to-date: /home/kousei/HaruRobo2024_ws/ros2_ws/install/drive_msgs/include/drive_msgs/drive_msgs/msg/detail/omni_enc__struct.h
[1.632s] -- Up-to-date: /home/kousei/HaruRobo2024_ws/ros2_ws/install/drive_msgs/include/drive_msgs/drive_msgs/msg/detail/diff_drive_enc__functions.c
[1.632s] -- Up-to-date: /home/kousei/HaruRobo2024_ws/ros2_ws/install/drive_msgs/include/drive_msgs/drive_msgs/msg/detail/omni_enc__functions.c
[1.632s] -- Up-to-date: /home/kousei/HaruRobo2024_ws/ros2_ws/install/drive_msgs/include/drive_msgs/drive_msgs/msg/detail/diff_drive__type_support.h
[1.633s] -- Up-to-date: /home/kousei/HaruRobo2024_ws/ros2_ws/install/drive_msgs/include/drive_msgs/drive_msgs/msg/detail/omni__functions.c
[1.633s] -- Up-to-date: /home/kousei/HaruRobo2024_ws/ros2_ws/install/drive_msgs/include/drive_msgs/drive_msgs/msg/detail/diff_drive__functions.c
[1.633s] -- Up-to-date: /home/kousei/HaruRobo2024_ws/ros2_ws/install/drive_msgs/include/drive_msgs/drive_msgs/msg/detail/omni_enc__functions.h
[1.633s] -- Up-to-date: /home/kousei/HaruRobo2024_ws/ros2_ws/install/drive_msgs/include/drive_msgs/drive_msgs/msg/detail/omni_enc__type_support.h
[1.633s] -- Up-to-date: /home/kousei/HaruRobo2024_ws/ros2_ws/install/drive_msgs/include/drive_msgs/drive_msgs/msg/detail/diff_drive__functions.h
[1.633s] -- Up-to-date: /home/kousei/HaruRobo2024_ws/ros2_ws/install/drive_msgs/include/drive_msgs/drive_msgs/msg/detail/omni__type_support.h
[1.633s] -- Up-to-date: /home/kousei/HaruRobo2024_ws/ros2_ws/install/drive_msgs/include/drive_msgs/drive_msgs/msg/detail/omni__functions.h
[1.634s] -- Up-to-date: /home/kousei/HaruRobo2024_ws/ros2_ws/install/drive_msgs/include/drive_msgs/drive_msgs/msg/detail/diff_drive_enc__functions.h
[1.634s] -- Up-to-date: /home/kousei/HaruRobo2024_ws/ros2_ws/install/drive_msgs/include/drive_msgs/drive_msgs/msg/detail/omni__struct.h
[1.634s] -- Up-to-date: /home/kousei/HaruRobo2024_ws/ros2_ws/install/drive_msgs/include/drive_msgs/drive_msgs/msg/detail/diff_drive_enc__struct.h
[1.634s] -- Up-to-date: /home/kousei/HaruRobo2024_ws/ros2_ws/install/drive_msgs/share/drive_msgs/environment/library_path.sh
[1.634s] -- Up-to-date: /home/kousei/HaruRobo2024_ws/ros2_ws/install/drive_msgs/share/drive_msgs/environment/library_path.dsv
[1.634s] -- Up-to-date: /home/kousei/HaruRobo2024_ws/ros2_ws/install/drive_msgs/lib/libdrive_msgs__rosidl_generator_c.so
[1.634s] -- Up-to-date: /home/kousei/HaruRobo2024_ws/ros2_ws/install/drive_msgs/include/drive_msgs/drive_msgs
[1.634s] -- Up-to-date: /home/kousei/HaruRobo2024_ws/ros2_ws/install/drive_msgs/include/drive_msgs/drive_msgs/msg
[1.634s] -- Up-to-date: /home/kousei/HaruRobo2024_ws/ros2_ws/install/drive_msgs/include/drive_msgs/drive_msgs/msg/detail
[1.634s] -- Up-to-date: /home/kousei/HaruRobo2024_ws/ros2_ws/install/drive_msgs/include/drive_msgs/drive_msgs/msg/detail/diff_drive__rosidl_typesupport_fastrtps_c.h
[1.634s] -- Up-to-date: /home/kousei/HaruRobo2024_ws/ros2_ws/install/drive_msgs/include/drive_msgs/drive_msgs/msg/detail/diff_drive_enc__rosidl_typesupport_fastrtps_c.h
[1.635s] -- Up-to-date: /home/kousei/HaruRobo2024_ws/ros2_ws/install/drive_msgs/include/drive_msgs/drive_msgs/msg/detail/omni_enc__rosidl_typesupport_fastrtps_c.h
[1.635s] -- Up-to-date: /home/kousei/HaruRobo2024_ws/ros2_ws/install/drive_msgs/include/drive_msgs/drive_msgs/msg/detail/omni__rosidl_typesupport_fastrtps_c.h
[1.635s] -- Up-to-date: /home/kousei/HaruRobo2024_ws/ros2_ws/install/drive_msgs/include/drive_msgs/drive_msgs/msg/rosidl_typesupport_fastrtps_c__visibility_control.h
[1.635s] -- Up-to-date: /home/kousei/HaruRobo2024_ws/ros2_ws/install/drive_msgs/lib/libdrive_msgs__rosidl_typesupport_fastrtps_c.so
[1.635s] -- Up-to-date: /home/kousei/HaruRobo2024_ws/ros2_ws/install/drive_msgs/include/drive_msgs/drive_msgs
[1.635s] -- Up-to-date: /home/kousei/HaruRobo2024_ws/ros2_ws/install/drive_msgs/include/drive_msgs/drive_msgs/msg
[1.635s] -- Up-to-date: /home/kousei/HaruRobo2024_ws/ros2_ws/install/drive_msgs/include/drive_msgs/drive_msgs/msg/omni_enc.hpp
[1.635s] -- Up-to-date: /home/kousei/HaruRobo2024_ws/ros2_ws/install/drive_msgs/include/drive_msgs/drive_msgs/msg/omni.hpp
[1.635s] -- Up-to-date: /home/kousei/HaruRobo2024_ws/ros2_ws/install/drive_msgs/include/drive_msgs/drive_msgs/msg/diff_drive.hpp
[1.635s] -- Up-to-date: /home/kousei/HaruRobo2024_ws/ros2_ws/install/drive_msgs/include/drive_msgs/drive_msgs/msg/detail
[1.635s] -- Up-to-date: /home/kousei/HaruRobo2024_ws/ros2_ws/install/drive_msgs/include/drive_msgs/drive_msgs/msg/detail/omni_enc__struct.hpp
[1.635s] -- Up-to-date: /home/kousei/HaruRobo2024_ws/ros2_ws/install/drive_msgs/include/drive_msgs/drive_msgs/msg/detail/diff_drive__builder.hpp
[1.636s] -- Up-to-date: /home/kousei/HaruRobo2024_ws/ros2_ws/install/drive_msgs/include/drive_msgs/drive_msgs/msg/detail/omni__builder.hpp
[1.636s] -- Up-to-date: /home/kousei/HaruRobo2024_ws/ros2_ws/install/drive_msgs/include/drive_msgs/drive_msgs/msg/detail/diff_drive__struct.hpp
[1.636s] -- Up-to-date: /home/kousei/HaruRobo2024_ws/ros2_ws/install/drive_msgs/include/drive_msgs/drive_msgs/msg/detail/omni__struct.hpp
[1.636s] -- Up-to-date: /home/kousei/HaruRobo2024_ws/ros2_ws/install/drive_msgs/include/drive_msgs/drive_msgs/msg/detail/omni_enc__builder.hpp
[1.636s] -- Up-to-date: /home/kousei/HaruRobo2024_ws/ros2_ws/install/drive_msgs/include/drive_msgs/drive_msgs/msg/detail/omni_enc__traits.hpp
[1.636s] -- Up-to-date: /home/kousei/HaruRobo2024_ws/ros2_ws/install/drive_msgs/include/drive_msgs/drive_msgs/msg/detail/diff_drive_enc__struct.hpp
[1.636s] -- Up-to-date: /home/kousei/HaruRobo2024_ws/ros2_ws/install/drive_msgs/include/drive_msgs/drive_msgs/msg/detail/omni__traits.hpp
[1.636s] -- Up-to-date: /home/kousei/HaruRobo2024_ws/ros2_ws/install/drive_msgs/include/drive_msgs/drive_msgs/msg/detail/diff_drive_enc__builder.hpp
[1.636s] -- Up-to-date: /home/kousei/HaruRobo2024_ws/ros2_ws/install/drive_msgs/include/drive_msgs/drive_msgs/msg/detail/diff_drive__traits.hpp
[1.636s] -- Up-to-date: /home/kousei/HaruRobo2024_ws/ros2_ws/install/drive_msgs/include/drive_msgs/drive_msgs/msg/detail/diff_drive_enc__traits.hpp
[1.636s] -- Up-to-date: /home/kousei/HaruRobo2024_ws/ros2_ws/install/drive_msgs/include/drive_msgs/drive_msgs/msg/diff_drive_enc.hpp
[1.636s] -- Up-to-date: /home/kousei/HaruRobo2024_ws/ros2_ws/install/drive_msgs/include/drive_msgs/drive_msgs
[1.637s] -- Up-to-date: /home/kousei/HaruRobo2024_ws/ros2_ws/install/drive_msgs/include/drive_msgs/drive_msgs/msg
[1.637s] -- Up-to-date: /home/kousei/HaruRobo2024_ws/ros2_ws/install/drive_msgs/include/drive_msgs/drive_msgs/msg/detail
[1.637s] -- Up-to-date: /home/kousei/HaruRobo2024_ws/ros2_ws/install/drive_msgs/include/drive_msgs/drive_msgs/msg/detail/omni__rosidl_typesupport_fastrtps_cpp.hpp
[1.637s] -- Up-to-date: /home/kousei/HaruRobo2024_ws/ros2_ws/install/drive_msgs/include/drive_msgs/drive_msgs/msg/detail/diff_drive__rosidl_typesupport_fastrtps_cpp.hpp
[1.637s] -- Up-to-date: /home/kousei/HaruRobo2024_ws/ros2_ws/install/drive_msgs/include/drive_msgs/drive_msgs/msg/detail/dds_fastrtps
[1.637s] -- Up-to-date: /home/kousei/HaruRobo2024_ws/ros2_ws/install/drive_msgs/include/drive_msgs/drive_msgs/msg/detail/diff_drive_enc__rosidl_typesupport_fastrtps_cpp.hpp
[1.637s] -- Up-to-date: /home/kousei/HaruRobo2024_ws/ros2_ws/install/drive_msgs/include/drive_msgs/drive_msgs/msg/detail/omni_enc__rosidl_typesupport_fastrtps_cpp.hpp
[1.637s] -- Up-to-date: /home/kousei/HaruRobo2024_ws/ros2_ws/install/drive_msgs/include/drive_msgs/drive_msgs/msg/rosidl_typesupport_fastrtps_cpp__visibility_control.h
[1.637s] -- Up-to-date: /home/kousei/HaruRobo2024_ws/ros2_ws/install/drive_msgs/lib/libdrive_msgs__rosidl_typesupport_fastrtps_cpp.so
[1.637s] -- Up-to-date: /home/kousei/HaruRobo2024_ws/ros2_ws/install/drive_msgs/include/drive_msgs/drive_msgs
[1.637s] -- Up-to-date: /home/kousei/HaruRobo2024_ws/ros2_ws/install/drive_msgs/include/drive_msgs/drive_msgs/msg
[1.637s] -- Up-to-date: /home/kousei/HaruRobo2024_ws/ros2_ws/install/drive_msgs/include/drive_msgs/drive_msgs/msg/detail
[1.638s] -- Up-to-date: /home/kousei/HaruRobo2024_ws/ros2_ws/install/drive_msgs/include/drive_msgs/drive_msgs/msg/detail/diff_drive_enc__rosidl_typesupport_introspection_c.h
[1.638s] -- Up-to-date: /home/kousei/HaruRobo2024_ws/ros2_ws/install/drive_msgs/include/drive_msgs/drive_msgs/msg/detail/diff_drive__type_support.c
[1.638s] -- Up-to-date: /home/kousei/HaruRobo2024_ws/ros2_ws/install/drive_msgs/include/drive_msgs/drive_msgs/msg/detail/omni__rosidl_typesupport_introspection_c.h
[1.638s] -- Up-to-date: /home/kousei/HaruRobo2024_ws/ros2_ws/install/drive_msgs/include/drive_msgs/drive_msgs/msg/detail/diff_drive_enc__type_support.c
[1.638s] -- Up-to-date: /home/kousei/HaruRobo2024_ws/ros2_ws/install/drive_msgs/include/drive_msgs/drive_msgs/msg/detail/omni_enc__rosidl_typesupport_introspection_c.h
[1.638s] -- Up-to-date: /home/kousei/HaruRobo2024_ws/ros2_ws/install/drive_msgs/include/drive_msgs/drive_msgs/msg/detail/omni__type_support.c
[1.638s] -- Up-to-date: /home/kousei/HaruRobo2024_ws/ros2_ws/install/drive_msgs/include/drive_msgs/drive_msgs/msg/detail/omni_enc__type_support.c
[1.638s] -- Up-to-date: /home/kousei/HaruRobo2024_ws/ros2_ws/install/drive_msgs/include/drive_msgs/drive_msgs/msg/detail/diff_drive__rosidl_typesupport_introspection_c.h
[1.638s] -- Up-to-date: /home/kousei/HaruRobo2024_ws/ros2_ws/install/drive_msgs/include/drive_msgs/drive_msgs/msg/rosidl_typesupport_introspection_c__visibility_control.h
[1.638s] -- Up-to-date: /home/kousei/HaruRobo2024_ws/ros2_ws/install/drive_msgs/lib/libdrive_msgs__rosidl_typesupport_introspection_c.so
[1.638s] -- Up-to-date: /home/kousei/HaruRobo2024_ws/ros2_ws/install/drive_msgs/lib/libdrive_msgs__rosidl_typesupport_c.so
[1.638s] -- Up-to-date: /home/kousei/HaruRobo2024_ws/ros2_ws/install/drive_msgs/include/drive_msgs/drive_msgs
[1.639s] -- Up-to-date: /home/kousei/HaruRobo2024_ws/ros2_ws/install/drive_msgs/include/drive_msgs/drive_msgs/msg
[1.639s] -- Up-to-date: /home/kousei/HaruRobo2024_ws/ros2_ws/install/drive_msgs/include/drive_msgs/drive_msgs/msg/detail
[1.639s] -- Up-to-date: /home/kousei/HaruRobo2024_ws/ros2_ws/install/drive_msgs/include/drive_msgs/drive_msgs/msg/detail/omni__rosidl_typesupport_introspection_cpp.hpp
[1.639s] -- Up-to-date: /home/kousei/HaruRobo2024_ws/ros2_ws/install/drive_msgs/include/drive_msgs/drive_msgs/msg/detail/omni_enc__type_support.cpp
[1.639s] -- Up-to-date: /home/kousei/HaruRobo2024_ws/ros2_ws/install/drive_msgs/include/drive_msgs/drive_msgs/msg/detail/diff_drive__type_support.cpp
[1.639s] -- Up-to-date: /home/kousei/HaruRobo2024_ws/ros2_ws/install/drive_msgs/include/drive_msgs/drive_msgs/msg/detail/diff_drive__rosidl_typesupport_introspection_cpp.hpp
[1.639s] -- Up-to-date: /home/kousei/HaruRobo2024_ws/ros2_ws/install/drive_msgs/include/drive_msgs/drive_msgs/msg/detail/diff_drive_enc__type_support.cpp
[1.639s] -- Up-to-date: /home/kousei/HaruRobo2024_ws/ros2_ws/install/drive_msgs/include/drive_msgs/drive_msgs/msg/detail/diff_drive_enc__rosidl_typesupport_introspection_cpp.hpp
[1.639s] -- Up-to-date: /home/kousei/HaruRobo2024_ws/ros2_ws/install/drive_msgs/include/drive_msgs/drive_msgs/msg/detail/omni_enc__rosidl_typesupport_introspection_cpp.hpp
[1.639s] -- Up-to-date: /home/kousei/HaruRobo2024_ws/ros2_ws/install/drive_msgs/include/drive_msgs/drive_msgs/msg/detail/omni__type_support.cpp
[1.639s] -- Up-to-date: /home/kousei/HaruRobo2024_ws/ros2_ws/install/drive_msgs/lib/libdrive_msgs__rosidl_typesupport_introspection_cpp.so
[1.640s] -- Up-to-date: /home/kousei/HaruRobo2024_ws/ros2_ws/install/drive_msgs/lib/libdrive_msgs__rosidl_typesupport_cpp.so
[1.640s] -- Up-to-date: /home/kousei/HaruRobo2024_ws/ros2_ws/install/drive_msgs/share/drive_msgs/environment/pythonpath.sh
[1.640s] -- Up-to-date: /home/kousei/HaruRobo2024_ws/ros2_ws/install/drive_msgs/share/drive_msgs/environment/pythonpath.dsv
[1.640s] -- Up-to-date: /home/kousei/HaruRobo2024_ws/ros2_ws/install/drive_msgs/local/lib/python3.10/dist-packages/drive_msgs-0.0.0-py3.10.egg-info
[1.640s] -- Installing: /home/kousei/HaruRobo2024_ws/ros2_ws/install/drive_msgs/local/lib/python3.10/dist-packages/drive_msgs-0.0.0-py3.10.egg-info/dependency_links.txt
[1.640s] -- Installing: /home/kousei/HaruRobo2024_ws/ros2_ws/install/drive_msgs/local/lib/python3.10/dist-packages/drive_msgs-0.0.0-py3.10.egg-info/SOURCES.txt
[1.640s] -- Installing: /home/kousei/HaruRobo2024_ws/ros2_ws/install/drive_msgs/local/lib/python3.10/dist-packages/drive_msgs-0.0.0-py3.10.egg-info/top_level.txt
[1.640s] -- Installing: /home/kousei/HaruRobo2024_ws/ros2_ws/install/drive_msgs/local/lib/python3.10/dist-packages/drive_msgs-0.0.0-py3.10.egg-info/PKG-INFO
[1.640s] -- Up-to-date: /home/kousei/HaruRobo2024_ws/ros2_ws/install/drive_msgs/local/lib/python3.10/dist-packages/drive_msgs
[1.640s] -- Up-to-date: /home/kousei/HaruRobo2024_ws/ros2_ws/install/drive_msgs/local/lib/python3.10/dist-packages/drive_msgs/__init__.py
[1.640s] -- Up-to-date: /home/kousei/HaruRobo2024_ws/ros2_ws/install/drive_msgs/local/lib/python3.10/dist-packages/drive_msgs/_drive_msgs_s.ep.rosidl_typesupport_fastrtps_c.c
[1.641s] -- Up-to-date: /home/kousei/HaruRobo2024_ws/ros2_ws/install/drive_msgs/local/lib/python3.10/dist-packages/drive_msgs/drive_msgs_s__rosidl_typesupport_c.cpython-310-x86_64-linux-gnu.so
[1.641s] -- Up-to-date: /home/kousei/HaruRobo2024_ws/ros2_ws/install/drive_msgs/local/lib/python3.10/dist-packages/drive_msgs/_drive_msgs_s.ep.rosidl_typesupport_introspection_c.c
[1.641s] -- Up-to-date: /home/kousei/HaruRobo2024_ws/ros2_ws/install/drive_msgs/local/lib/python3.10/dist-packages/drive_msgs/drive_msgs_s__rosidl_typesupport_fastrtps_c.cpython-310-x86_64-linux-gnu.so
[1.641s] -- Up-to-date: /home/kousei/HaruRobo2024_ws/ros2_ws/install/drive_msgs/local/lib/python3.10/dist-packages/drive_msgs/_drive_msgs_s.ep.rosidl_typesupport_c.c
[1.641s] -- Up-to-date: /home/kousei/HaruRobo2024_ws/ros2_ws/install/drive_msgs/local/lib/python3.10/dist-packages/drive_msgs/msg
[1.641s] -- Up-to-date: /home/kousei/HaruRobo2024_ws/ros2_ws/install/drive_msgs/local/lib/python3.10/dist-packages/drive_msgs/msg/__init__.py
[1.641s] -- Up-to-date: /home/kousei/HaruRobo2024_ws/ros2_ws/install/drive_msgs/local/lib/python3.10/dist-packages/drive_msgs/msg/_omni_enc.py
[1.641s] -- Up-to-date: /home/kousei/HaruRobo2024_ws/ros2_ws/install/drive_msgs/local/lib/python3.10/dist-packages/drive_msgs/msg/_diff_drive_enc.py
[1.641s] -- Up-to-date: /home/kousei/HaruRobo2024_ws/ros2_ws/install/drive_msgs/local/lib/python3.10/dist-packages/drive_msgs/msg/_diff_drive_enc_s.c
[1.641s] -- Up-to-date: /home/kousei/HaruRobo2024_ws/ros2_ws/install/drive_msgs/local/lib/python3.10/dist-packages/drive_msgs/msg/_diff_drive_s.c
[1.641s] -- Up-to-date: /home/kousei/HaruRobo2024_ws/ros2_ws/install/drive_msgs/local/lib/python3.10/dist-packages/drive_msgs/msg/_diff_drive.py
[1.641s] -- Up-to-date: /home/kousei/HaruRobo2024_ws/ros2_ws/install/drive_msgs/local/lib/python3.10/dist-packages/drive_msgs/msg/_omni_enc_s.c
[1.642s] -- Up-to-date: /home/kousei/HaruRobo2024_ws/ros2_ws/install/drive_msgs/local/lib/python3.10/dist-packages/drive_msgs/msg/_omni.py
[1.642s] -- Up-to-date: /home/kousei/HaruRobo2024_ws/ros2_ws/install/drive_msgs/local/lib/python3.10/dist-packages/drive_msgs/msg/_omni_s.c
[1.642s] -- Up-to-date: /home/kousei/HaruRobo2024_ws/ros2_ws/install/drive_msgs/local/lib/python3.10/dist-packages/drive_msgs/libdrive_msgs__rosidl_generator_py.so
[1.642s] -- Up-to-date: /home/kousei/HaruRobo2024_ws/ros2_ws/install/drive_msgs/local/lib/python3.10/dist-packages/drive_msgs/drive_msgs_s__rosidl_typesupport_introspection_c.cpython-310-x86_64-linux-gnu.so
[1.659s] Listing '/home/kousei/HaruRobo2024_ws/ros2_ws/install/drive_msgs/local/lib/python3.10/dist-packages/drive_msgs'...
[1.660s] Listing '/home/kousei/HaruRobo2024_ws/ros2_ws/install/drive_msgs/local/lib/python3.10/dist-packages/drive_msgs/msg'...
[1.664s] -- Up-to-date: /home/kousei/HaruRobo2024_ws/ros2_ws/install/drive_msgs/local/lib/python3.10/dist-packages/drive_msgs/drive_msgs_s__rosidl_typesupport_fastrtps_c.cpython-310-x86_64-linux-gnu.so
[1.664s] -- Up-to-date: /home/kousei/HaruRobo2024_ws/ros2_ws/install/drive_msgs/local/lib/python3.10/dist-packages/drive_msgs/drive_msgs_s__rosidl_typesupport_introspection_c.cpython-310-x86_64-linux-gnu.so
[1.664s] -- Up-to-date: /home/kousei/HaruRobo2024_ws/ros2_ws/install/drive_msgs/local/lib/python3.10/dist-packages/drive_msgs/drive_msgs_s__rosidl_typesupport_c.cpython-310-x86_64-linux-gnu.so
[1.665s] -- Up-to-date: /home/kousei/HaruRobo2024_ws/ros2_ws/install/drive_msgs/lib/libdrive_msgs__rosidl_generator_py.so
[1.665s] -- Up-to-date: /home/kousei/HaruRobo2024_ws/ros2_ws/install/drive_msgs/share/drive_msgs/msg/DiffDrive.idl
[1.665s] -- Up-to-date: /home/kousei/HaruRobo2024_ws/ros2_ws/install/drive_msgs/share/drive_msgs/msg/DiffDriveEnc.idl
[1.665s] -- Up-to-date: /home/kousei/HaruRobo2024_ws/ros2_ws/install/drive_msgs/share/drive_msgs/msg/Omni.idl
[1.666s] -- Up-to-date: /home/kousei/HaruRobo2024_ws/ros2_ws/install/drive_msgs/share/drive_msgs/msg/OmniEnc.idl
[1.666s] -- Up-to-date: /home/kousei/HaruRobo2024_ws/ros2_ws/install/drive_msgs/share/drive_msgs/msg/DiffDrive.msg
[1.666s] -- Up-to-date: /home/kousei/HaruRobo2024_ws/ros2_ws/install/drive_msgs/share/drive_msgs/msg/DiffDriveEnc.msg
[1.666s] -- Up-to-date: /home/kousei/HaruRobo2024_ws/ros2_ws/install/drive_msgs/share/drive_msgs/msg/Omni.msg
[1.666s] -- Up-to-date: /home/kousei/HaruRobo2024_ws/ros2_ws/install/drive_msgs/share/drive_msgs/msg/OmniEnc.msg
[1.666s] -- Up-to-date: /home/kousei/HaruRobo2024_ws/ros2_ws/install/drive_msgs/include
[1.666s] -- Up-to-date: /home/kousei/HaruRobo2024_ws/ros2_ws/install/drive_msgs/include/drive_msgs
[1.666s] -- Up-to-date: /home/kousei/HaruRobo2024_ws/ros2_ws/install/drive_msgs/share/ament_index/resource_index/package_run_dependencies/drive_msgs
[1.667s] -- Up-to-date: /home/kousei/HaruRobo2024_ws/ros2_ws/install/drive_msgs/share/ament_index/resource_index/parent_prefix_path/drive_msgs
[1.667s] -- Up-to-date: /home/kousei/HaruRobo2024_ws/ros2_ws/install/drive_msgs/share/drive_msgs/environment/ament_prefix_path.sh
[1.667s] -- Up-to-date: /home/kousei/HaruRobo2024_ws/ros2_ws/install/drive_msgs/share/drive_msgs/environment/ament_prefix_path.dsv
[1.667s] -- Up-to-date: /home/kousei/HaruRobo2024_ws/ros2_ws/install/drive_msgs/share/drive_msgs/environment/path.sh
[1.667s] -- Up-to-date: /home/kousei/HaruRobo2024_ws/ros2_ws/install/drive_msgs/share/drive_msgs/environment/path.dsv
[1.667s] -- Up-to-date: /home/kousei/HaruRobo2024_ws/ros2_ws/install/drive_msgs/share/drive_msgs/local_setup.bash
[1.667s] -- Up-to-date: /home/kousei/HaruRobo2024_ws/ros2_ws/install/drive_msgs/share/drive_msgs/local_setup.sh
[1.667s] -- Up-to-date: /home/kousei/HaruRobo2024_ws/ros2_ws/install/drive_msgs/share/drive_msgs/local_setup.zsh
[1.667s] -- Up-to-date: /home/kousei/HaruRobo2024_ws/ros2_ws/install/drive_msgs/share/drive_msgs/local_setup.dsv
[1.668s] -- Installing: /home/kousei/HaruRobo2024_ws/ros2_ws/install/drive_msgs/share/drive_msgs/package.dsv
[1.668s] -- Up-to-date: /home/kousei/HaruRobo2024_ws/ros2_ws/install/drive_msgs/share/ament_index/resource_index/packages/drive_msgs
[1.668s] -- Up-to-date: /home/kousei/HaruRobo2024_ws/ros2_ws/install/drive_msgs/share/drive_msgs/cmake/export_drive_msgs__rosidl_generator_cExport.cmake
[1.668s] -- Up-to-date: /home/kousei/HaruRobo2024_ws/ros2_ws/install/drive_msgs/share/drive_msgs/cmake/export_drive_msgs__rosidl_generator_cExport-noconfig.cmake
[1.668s] -- Up-to-date: /home/kousei/HaruRobo2024_ws/ros2_ws/install/drive_msgs/share/drive_msgs/cmake/export_drive_msgs__rosidl_typesupport_fastrtps_cExport.cmake
[1.668s] -- Up-to-date: /home/kousei/HaruRobo2024_ws/ros2_ws/install/drive_msgs/share/drive_msgs/cmake/export_drive_msgs__rosidl_typesupport_fastrtps_cExport-noconfig.cmake
[1.668s] -- Up-to-date: /home/kousei/HaruRobo2024_ws/ros2_ws/install/drive_msgs/share/drive_msgs/cmake/export_drive_msgs__rosidl_generator_cppExport.cmake
[1.668s] -- Up-to-date: /home/kousei/HaruRobo2024_ws/ros2_ws/install/drive_msgs/share/drive_msgs/cmake/export_drive_msgs__rosidl_typesupport_fastrtps_cppExport.cmake
[1.668s] -- Up-to-date: /home/kousei/HaruRobo2024_ws/ros2_ws/install/drive_msgs/share/drive_msgs/cmake/export_drive_msgs__rosidl_typesupport_fastrtps_cppExport-noconfig.cmake
[1.668s] -- Up-to-date: /home/kousei/HaruRobo2024_ws/ros2_ws/install/drive_msgs/share/drive_msgs/cmake/drive_msgs__rosidl_typesupport_introspection_cExport.cmake
[1.668s] -- Up-to-date: /home/kousei/HaruRobo2024_ws/ros2_ws/install/drive_msgs/share/drive_msgs/cmake/drive_msgs__rosidl_typesupport_introspection_cExport-noconfig.cmake
[1.669s] -- Up-to-date: /home/kousei/HaruRobo2024_ws/ros2_ws/install/drive_msgs/share/drive_msgs/cmake/drive_msgs__rosidl_typesupport_cExport.cmake
[1.669s] -- Up-to-date: /home/kousei/HaruRobo2024_ws/ros2_ws/install/drive_msgs/share/drive_msgs/cmake/drive_msgs__rosidl_typesupport_cExport-noconfig.cmake
[1.669s] -- Up-to-date: /home/kousei/HaruRobo2024_ws/ros2_ws/install/drive_msgs/share/drive_msgs/cmake/drive_msgs__rosidl_typesupport_introspection_cppExport.cmake
[1.669s] -- Up-to-date: /home/kousei/HaruRobo2024_ws/ros2_ws/install/drive_msgs/share/drive_msgs/cmake/drive_msgs__rosidl_typesupport_introspection_cppExport-noconfig.cmake
[1.669s] -- Up-to-date: /home/kousei/HaruRobo2024_ws/ros2_ws/install/drive_msgs/share/drive_msgs/cmake/drive_msgs__rosidl_typesupport_cppExport.cmake
[1.669s] -- Up-to-date: /home/kousei/HaruRobo2024_ws/ros2_ws/install/drive_msgs/share/drive_msgs/cmake/drive_msgs__rosidl_typesupport_cppExport-noconfig.cmake
[1.669s] -- Up-to-date: /home/kousei/HaruRobo2024_ws/ros2_ws/install/drive_msgs/share/drive_msgs/cmake/export_drive_msgs__rosidl_generator_pyExport.cmake
[1.669s] -- Up-to-date: /home/kousei/HaruRobo2024_ws/ros2_ws/install/drive_msgs/share/drive_msgs/cmake/export_drive_msgs__rosidl_generator_pyExport-noconfig.cmake
[1.669s] -- Up-to-date: /home/kousei/HaruRobo2024_ws/ros2_ws/install/drive_msgs/share/drive_msgs/cmake/rosidl_cmake-extras.cmake
[1.669s] -- Up-to-date: /home/kousei/HaruRobo2024_ws/ros2_ws/install/drive_msgs/share/drive_msgs/cmake/ament_cmake_export_dependencies-extras.cmake
[1.669s] -- Up-to-date: /home/kousei/HaruRobo2024_ws/ros2_ws/install/drive_msgs/share/drive_msgs/cmake/ament_cmake_export_include_directories-extras.cmake
[1.670s] -- Up-to-date: /home/kousei/HaruRobo2024_ws/ros2_ws/install/drive_msgs/share/drive_msgs/cmake/ament_cmake_export_libraries-extras.cmake
[1.670s] -- Up-to-date: /home/kousei/HaruRobo2024_ws/ros2_ws/install/drive_msgs/share/drive_msgs/cmake/ament_cmake_export_targets-extras.cmake
[1.670s] -- Up-to-date: /home/kousei/HaruRobo2024_ws/ros2_ws/install/drive_msgs/share/drive_msgs/cmake/rosidl_cmake_export_typesupport_targets-extras.cmake
[1.670s] -- Up-to-date: /home/kousei/HaruRobo2024_ws/ros2_ws/install/drive_msgs/share/drive_msgs/cmake/rosidl_cmake_export_typesupport_libraries-extras.cmake
[1.670s] -- Up-to-date: /home/kousei/HaruRobo2024_ws/ros2_ws/install/drive_msgs/share/drive_msgs/cmake/drive_msgsConfig.cmake
[1.670s] -- Up-to-date: /home/kousei/HaruRobo2024_ws/ros2_ws/install/drive_msgs/share/drive_msgs/cmake/drive_msgsConfig-version.cmake
[1.670s] -- Up-to-date: /home/kousei/HaruRobo2024_ws/ros2_ws/install/drive_msgs/share/drive_msgs/package.xml
[1.673s] Invoked command in '/home/kousei/HaruRobo2024_ws/ros2_ws/build/drive_msgs' returned '0': CMAKE_PREFIX_PATH=${CMAKE_PREFIX_PATH}:/opt/ros/humble /usr/bin/cmake --install /home/kousei/HaruRobo2024_ws/ros2_ws/build/drive_msgs
