[0.087s] Invoking command in '/home/kousei/HaruRobo2024_ws/ros2_ws/build/manip': CMAKE_PREFIX_PATH=${CMAKE_PREFIX_PATH}:/opt/ros/humble /usr/bin/cmake --build /home/kousei/HaruRobo2024_ws/ros2_ws/build/manip -- -j16 -l16
[0.124s] [  1%] Built target manip__cpp
[0.131s] [ 11%] Built target manip__rosidl_generator_c
[0.138s] [ 11%] Built target ament_cmake_python_copy_manip
[0.155s] [ 21%] Built target manip__rosidl_typesupport_cpp
[0.165s] [ 37%] Built target manip__rosidl_typesupport_introspection_c
[0.166s] [ 41%] Built target manip__rosidl_typesupport_introspection_cpp
[0.169s] [ 50%] Built target manip__rosidl_typesupport_fastrtps_cpp
[0.170s] [35m[1mConsolidate compiler generated dependencies of target manip_joy_node[0m
[0.174s] [ 60%] Built target manip__rosidl_typesupport_fastrtps_c
[0.180s] [ 70%] Built target manip__rosidl_typesupport_c
[0.190s] [ 74%] Built target manip_control_node
[0.191s] [ 76%] [32mBuilding CXX object CMakeFiles/manip_joy_node.dir/src/manip_joy_node.cpp.o[0m
[0.196s] [ 76%] Built target manip
[0.216s] [ 78%] Built target manip__py
[0.242s] [ 86%] Built target manip__rosidl_generator_py
[0.262s] [ 90%] Built target manip__rosidl_typesupport_fastrtps_c__pyext
[0.264s] [ 94%] Built target manip__rosidl_typesupport_introspection_c__pyext
[0.267s] [ 98%] Built target manip__rosidl_typesupport_c__pyext
[0.315s] running egg_info
[0.315s] writing manip.egg-info/PKG-INFO
[0.315s] writing dependency_links to manip.egg-info/dependency_links.txt
[0.316s] writing top-level names to manip.egg-info/top_level.txt
[0.317s] reading manifest file 'manip.egg-info/SOURCES.txt'
[0.318s] writing manifest file 'manip.egg-info/SOURCES.txt'
[0.338s] [ 98%] Built target ament_cmake_python_build_manip_egg
[1.649s] [01m[K/home/kousei/HaruRobo2024_ws/ros2_ws/src/manip/src/manip_joy_node.cpp:14:67:[m[K [01;31m[Kerror: [m[Kredeclaration of ‘[01m[Kusing GoalHandleState = class rclcpp_action::ClientGoalHandle<manip::action::State>[m[K’
[1.649s]    14 |     using GoalHandleState = rclcpp_action::ClientGoalHandle<State>[01;31m[K;[m[K
[1.649s]       |                                                                   [01;31m[K^[m[K
[1.649s] [01m[K/home/kousei/HaruRobo2024_ws/ros2_ws/src/manip/src/manip_joy_node.cpp:13:11:[m[K [01;36m[Knote: [m[Kprevious declaration ‘[01m[Kusing GoalHandleState = class rclcpp_action::ServerGoalHandle<manip::action::State>[m[K’
[1.649s]    13 |     using [01;36m[KGoalHandleState[m[K = rclcpp_action::ServerGoalHandle<State>;
[1.649s]       |           [01;36m[K^~~~~~~~~~~~~~~[m[K
[1.673s] In file included from [01m[K/opt/ros/humble/include/rclcpp/rclcpp/logging.hpp:24[m[K,
[1.673s]                  from [01m[K/opt/ros/humble/include/rclcpp/rclcpp/client.hpp:40[m[K,
[1.673s]                  from [01m[K/opt/ros/humble/include/rclcpp/rclcpp/callback_group.hpp:24[m[K,
[1.673s]                  from [01m[K/opt/ros/humble/include/rclcpp/rclcpp/any_executable.hpp:20[m[K,
[1.674s]                  from [01m[K/opt/ros/humble/include/rclcpp/rclcpp/memory_strategy.hpp:25[m[K,
[1.674s]                  from [01m[K/opt/ros/humble/include/rclcpp/rclcpp/memory_strategies.hpp:18[m[K,
[1.674s]                  from [01m[K/opt/ros/humble/include/rclcpp/rclcpp/executor_options.hpp:20[m[K,
[1.674s]                  from [01m[K/opt/ros/humble/include/rclcpp/rclcpp/executor.hpp:37[m[K,
[1.674s]                  from [01m[K/opt/ros/humble/include/rclcpp/rclcpp/executors/multi_threaded_executor.hpp:25[m[K,
[1.674s]                  from [01m[K/opt/ros/humble/include/rclcpp/rclcpp/executors.hpp:21[m[K,
[1.674s]                  from [01m[K/opt/ros/humble/include/rclcpp/rclcpp/rclcpp.hpp:155[m[K,
[1.674s]                  from [01m[K/home/kousei/HaruRobo2024_ws/ros2_ws/src/manip/src/manip_joy_node.cpp:6[m[K:
[1.674s] [01m[K/home/kousei/HaruRobo2024_ws/ros2_ws/src/manip/src/manip_joy_node.cpp:[m[K In member function ‘[01m[Krclcpp_action::GoalResponse ManipJoyNode::handle_goal(const GoalUUID&, std::shared_ptr<const manip::action::State_Goal_<std::allocator<void> > >)[m[K’:
[1.674s] [01m[K/home/kousei/HaruRobo2024_ws/ros2_ws/src/manip/src/manip_joy_node.cpp:36:37:[m[K [01;35m[Kwarning: [m[Kformat ‘[01m[K%d[m[K’ expects argument of type ‘[01m[Kint[m[K’, but argument 5 has type ‘[01m[Klong int[m[K’ [[01;35m[K]8;;https://gcc.gnu.org/onlinedocs/gcc/Warning-Options.html#index-Wformat=-Wformat=]8;;[m[K]
[1.674s]    36 |     RCLCPP_INFO(this->get_logger(), [01;35m[K"Received goal request with order %d"[m[K, goal->base1[0]);
[1.674s]       |                                     [01;35m[K^~~~~~~~~~~~~~~~~~~~~~~~~~~~~~~~~~~~~[m[K
[1.674s] [01m[K/home/kousei/HaruRobo2024_ws/ros2_ws/src/manip/src/manip_joy_node.cpp:36:72:[m[K [01;36m[Knote: [m[Kformat string is defined here
[1.674s]    36 |     RCLCPP_INFO(this->get_logger(), "Received goal request with order [01;36m[K%d[m[K", goal->base1[0]);
[1.675s]       |                                                                       [01;36m[K~^[m[K
[1.675s]       |                                                                        [01;36m[K|[m[K
[1.675s]       |                                                                        [01;36m[Kint[m[K
[1.675s]       |                                                                       [32m[K%ld[m[K
[1.675s] [01m[K/home/kousei/HaruRobo2024_ws/ros2_ws/src/manip/src/manip_joy_node.cpp:[m[K In member function ‘[01m[Kvoid ManipJoyNode::execute(std::shared_ptr<rclcpp_action::ServerGoalHandle<manip::action::State> >)[m[K’:
[1.675s] [01m[K/home/kousei/HaruRobo2024_ws/ros2_ws/src/manip/src/manip_joy_node.cpp:58:55:[m[K [01;35m[Kwarning: [m[Kunused parameter ‘[01m[Kgoal_handle[m[K’ [[01;35m[K]8;;https://gcc.gnu.org/onlinedocs/gcc/Warning-Options.html#index-Wunused-parameter-Wunused-parameter]8;;[m[K]
[1.675s]    58 |   void execute([01;35m[Kconst std::shared_ptr<GoalHandleState> goal_handle[m[K)
[1.675s]       |                [01;35m[K~~~~~~~~~~~~~~~~~~~~~~~~~~~~~~~~~~~~~~~^~~~~~~~~~~[m[K
[2.045s] gmake[2]: *** [CMakeFiles/manip_joy_node.dir/build.make:76: CMakeFiles/manip_joy_node.dir/src/manip_joy_node.cpp.o] エラー 1
[2.045s] gmake[1]: *** [CMakeFiles/Makefile2:185: CMakeFiles/manip_joy_node.dir/all] エラー 2
[2.046s] gmake: *** [Makefile:146: all] エラー 2
[2.048s] Invoked command in '/home/kousei/HaruRobo2024_ws/ros2_ws/build/manip' returned '2': CMAKE_PREFIX_PATH=${CMAKE_PREFIX_PATH}:/opt/ros/humble /usr/bin/cmake --build /home/kousei/HaruRobo2024_ws/ros2_ws/build/manip -- -j16 -l16
