-- Found ament_cmake_auto: 1.3.7 (/opt/ros/humble/share/ament_cmake_auto/cmake)
-- Found rosidl_generator_c: 3.1.5 (/opt/ros/humble/share/rosidl_generator_c/cmake)
-- Found rosidl_adapter: 3.1.5 (/opt/ros/humble/share/rosidl_adapter/cmake)
-- Found rosidl_generator_cpp: 3.1.5 (/opt/ros/humble/share/rosidl_generator_cpp/cmake)
-- Using all available rosidl_typesupport_c: rosidl_typesupport_fastrtps_c;rosidl_typesupport_introspection_c
-- Using all available rosidl_typesupport_cpp: rosidl_typesupport_fastrtps_cpp;rosidl_typesupport_introspection_cpp
-- Found rmw_implementation_cmake: 6.1.1 (/opt/ros/humble/share/rmw_implementation_cmake/cmake)
-- Found rmw_fastrtps_cpp: 6.2.6 (/opt/ros/humble/share/rmw_fastrtps_cpp/cmake)
-- Using RMW implementation 'rmw_fastrtps_cpp' as default
-- Found ament_lint_auto: 0.12.10 (/opt/ros/humble/share/ament_lint_auto/cmake)
-- Found ament_cmake_ros: 0.10.0 (/opt/ros/humble/share/ament_cmake_ros/cmake)
-- Using all available rosidl_typesupport_c: rosidl_typesupport_fastrtps_c;rosidl_typesupport_introspection_c
-- Using all available rosidl_typesupport_cpp: rosidl_typesupport_fastrtps_cpp;rosidl_typesupport_introspection_cpp
-- Found python_cmake_module: 0.10.0 (/opt/ros/humble/share/python_cmake_module/cmake)
-- Using PYTHON_EXECUTABLE: /usr/bin/python3
-- Using PYTHON_INCLUDE_DIRS: /usr/include/python3.10
-- Using PYTHON_LIBRARIES: /usr/lib/x86_64-linux-gnu/libpython3.10.so
-- Added test 'cppcheck' to perform static code analysis on C / C++ code
-- Configured cppcheck include dirs: /home/kousei/HaruRobo2024_ws/ros2_ws/src/path_following/include
-- Configured cppcheck exclude dirs and/or files: 
-- Added test 'lint_cmake' to check CMake code style
-- Added test 'uncrustify' to check C / C++ code style
-- Configured uncrustify additional arguments: 
-- Added test 'xmllint' to check XML markup files
-- Configuring done
-- Generating done
-- Build files have been written to: /home/kousei/HaruRobo2024_ws/ros2_ws/build/path_following
[35m[1mConsolidate compiler generated dependencies of target path_following__rosidl_generator_c[0m
[  3%] Built target path_following__cpp
[ 12%] Built target path_following__rosidl_generator_c
[ 12%] Built target ament_cmake_python_copy_path_following
[35m[1mConsolidate compiler generated dependencies of target path_following__rosidl_typesupport_cpp[0m
[35m[1mConsolidate compiler generated dependencies of target path_following__rosidl_typesupport_fastrtps_c[0m
[35m[1mConsolidate compiler generated dependencies of target path_following__rosidl_typesupport_introspection_cpp[0m
[35m[1mConsolidate compiler generated dependencies of target path_following__rosidl_typesupport_fastrtps_cpp[0m
[35m[1mConsolidate compiler generated dependencies of target path_following__rosidl_typesupport_c[0m
[35m[1mConsolidate compiler generated dependencies of target path_following__rosidl_typesupport_introspection_c[0m
[ 21%] Built target path_following__rosidl_typesupport_cpp
[ 30%] Built target path_following__rosidl_typesupport_fastrtps_c
[ 48%] Built target path_following__rosidl_typesupport_introspection_cpp
[ 48%] Built target path_following__rosidl_typesupport_fastrtps_cpp
[ 57%] Built target path_following__rosidl_typesupport_c
[35m[1mConsolidate compiler generated dependencies of target path_following_node[0m
[ 66%] Built target path_following__rosidl_typesupport_introspection_c
[ 69%] [32mBuilding CXX object CMakeFiles/path_following_node.dir/src/path_following_node.cpp.o[0m
[ 69%] Built target path_following
[ 72%] Built target path_following__py
[35m[1mConsolidate compiler generated dependencies of target path_following__rosidl_generator_py[0m
[ 78%] Built target path_following__rosidl_generator_py
[35m[1mConsolidate compiler generated dependencies of target path_following__rosidl_typesupport_fastrtps_c__pyext[0m
[35m[1mConsolidate compiler generated dependencies of target path_following__rosidl_typesupport_c__pyext[0m
[35m[1mConsolidate compiler generated dependencies of target path_following__rosidl_typesupport_introspection_c__pyext[0m
[ 84%] Built target path_following__rosidl_typesupport_fastrtps_c__pyext
[ 90%] Built target path_following__rosidl_typesupport_introspection_c__pyext
[ 96%] Built target path_following__rosidl_typesupport_c__pyext
running egg_info
writing path_following.egg-info/PKG-INFO
writing dependency_links to path_following.egg-info/dependency_links.txt
writing top-level names to path_following.egg-info/top_level.txt
reading manifest file 'path_following.egg-info/SOURCES.txt'
writing manifest file 'path_following.egg-info/SOURCES.txt'
[ 96%] Built target ament_cmake_python_build_path_following_egg
