[  3%] Built target path_following__cpp
[ 12%] Built target path_following__rosidl_generator_c
[ 12%] Built target ament_cmake_python_copy_path_following
[ 21%] Built target path_following__rosidl_typesupport_fastrtps_c
[ 39%] Built target path_following__rosidl_typesupport_cpp
[ 39%] Built target path_following__rosidl_typesupport_introspection_c
[ 48%] Built target path_following__rosidl_typesupport_introspection_cpp
[ 57%] Built target path_following__rosidl_typesupport_c
[ 66%] Built target path_following__rosidl_typesupport_fastrtps_cpp
[ 69%] [32mBuilding CXX object CMakeFiles/path_following_node.dir/src/path_following_node.cpp.o[0m
[ 69%] Built target path_following
[ 72%] Built target path_following__py
[ 78%] Built target path_following__rosidl_generator_py
[ 84%] Built target path_following__rosidl_typesupport_fastrtps_c__pyext
[ 90%] Built target path_following__rosidl_typesupport_c__pyext
[ 96%] Built target path_following__rosidl_typesupport_introspection_c__pyext
running egg_info
writing path_following.egg-info/PKG-INFO
writing dependency_links to path_following.egg-info/dependency_links.txt
writing top-level names to path_following.egg-info/top_level.txt
reading manifest file 'path_following.egg-info/SOURCES.txt'
writing manifest file 'path_following.egg-info/SOURCES.txt'
[ 96%] Built target ament_cmake_python_build_path_following_egg
[100%] [32m[1mLinking CXX executable path_following_node[0m
[100%] Built target path_following_node
-- Install configuration: ""
-- Installing: /home/kousei/HaruRobo2024_ws/ros2_ws/install/path_following/share/ament_index/resource_index/rosidl_interfaces/path_following
-- Installing: /home/kousei/HaruRobo2024_ws/ros2_ws/install/path_following/include/path_following/path_following
-- Installing: /home/kousei/HaruRobo2024_ws/ros2_ws/install/path_following/include/path_following/path_following/msg
-- Installing: /home/kousei/HaruRobo2024_ws/ros2_ws/install/path_following/include/path_following/path_following/msg/rosidl_generator_c__visibility_control.h
-- Installing: /home/kousei/HaruRobo2024_ws/ros2_ws/install/path_following/include/path_following/path_following/action
-- Installing: /home/kousei/HaruRobo2024_ws/ros2_ws/install/path_following/include/path_following/path_following/action/path.h
-- Installing: /home/kousei/HaruRobo2024_ws/ros2_ws/install/path_following/include/path_following/path_following/action/detail
-- Installing: /home/kousei/HaruRobo2024_ws/ros2_ws/install/path_following/include/path_following/path_following/action/detail/path__type_support.h
-- Installing: /home/kousei/HaruRobo2024_ws/ros2_ws/install/path_following/include/path_following/path_following/action/detail/path__functions.c
-- Installing: /home/kousei/HaruRobo2024_ws/ros2_ws/install/path_following/include/path_following/path_following/action/detail/path__functions.h
-- Installing: /home/kousei/HaruRobo2024_ws/ros2_ws/install/path_following/include/path_following/path_following/action/detail/path__struct.h
-- Installing: /home/kousei/HaruRobo2024_ws/ros2_ws/install/path_following/share/path_following/environment/library_path.sh
-- Installing: /home/kousei/HaruRobo2024_ws/ros2_ws/install/path_following/share/path_following/environment/library_path.dsv
-- Installing: /home/kousei/HaruRobo2024_ws/ros2_ws/install/path_following/lib/libpath_following__rosidl_generator_c.so
-- Set runtime path of "/home/kousei/HaruRobo2024_ws/ros2_ws/install/path_following/lib/libpath_following__rosidl_generator_c.so" to ""
-- Up-to-date: /home/kousei/HaruRobo2024_ws/ros2_ws/install/path_following/include/path_following/path_following
-- Up-to-date: /home/kousei/HaruRobo2024_ws/ros2_ws/install/path_following/include/path_following/path_following/msg
-- Installing: /home/kousei/HaruRobo2024_ws/ros2_ws/install/path_following/include/path_following/path_following/msg/rosidl_typesupport_fastrtps_c__visibility_control.h
-- Up-to-date: /home/kousei/HaruRobo2024_ws/ros2_ws/install/path_following/include/path_following/path_following/action
-- Up-to-date: /home/kousei/HaruRobo2024_ws/ros2_ws/install/path_following/include/path_following/path_following/action/detail
-- Installing: /home/kousei/HaruRobo2024_ws/ros2_ws/install/path_following/include/path_following/path_following/action/detail/path__rosidl_typesupport_fastrtps_c.h
-- Installing: /home/kousei/HaruRobo2024_ws/ros2_ws/install/path_following/lib/libpath_following__rosidl_typesupport_fastrtps_c.so
-- Set runtime path of "/home/kousei/HaruRobo2024_ws/ros2_ws/install/path_following/lib/libpath_following__rosidl_typesupport_fastrtps_c.so" to ""
-- Up-to-date: /home/kousei/HaruRobo2024_ws/ros2_ws/install/path_following/include/path_following/path_following
-- Up-to-date: /home/kousei/HaruRobo2024_ws/ros2_ws/install/path_following/include/path_following/path_following/action
-- Installing: /home/kousei/HaruRobo2024_ws/ros2_ws/install/path_following/include/path_following/path_following/action/path.hpp
-- Up-to-date: /home/kousei/HaruRobo2024_ws/ros2_ws/install/path_following/include/path_following/path_following/action/detail
-- Installing: /home/kousei/HaruRobo2024_ws/ros2_ws/install/path_following/include/path_following/path_following/action/detail/path__traits.hpp
-- Installing: /home/kousei/HaruRobo2024_ws/ros2_ws/install/path_following/include/path_following/path_following/action/detail/path__builder.hpp
-- Installing: /home/kousei/HaruRobo2024_ws/ros2_ws/install/path_following/include/path_following/path_following/action/detail/path__struct.hpp
-- Up-to-date: /home/kousei/HaruRobo2024_ws/ros2_ws/install/path_following/include/path_following/path_following
-- Up-to-date: /home/kousei/HaruRobo2024_ws/ros2_ws/install/path_following/include/path_following/path_following/msg
-- Installing: /home/kousei/HaruRobo2024_ws/ros2_ws/install/path_following/include/path_following/path_following/msg/rosidl_typesupport_fastrtps_cpp__visibility_control.h
-- Up-to-date: /home/kousei/HaruRobo2024_ws/ros2_ws/install/path_following/include/path_following/path_following/action
-- Up-to-date: /home/kousei/HaruRobo2024_ws/ros2_ws/install/path_following/include/path_following/path_following/action/detail
-- Installing: /home/kousei/HaruRobo2024_ws/ros2_ws/install/path_following/include/path_following/path_following/action/detail/dds_fastrtps
-- Installing: /home/kousei/HaruRobo2024_ws/ros2_ws/install/path_following/include/path_following/path_following/action/detail/path__rosidl_typesupport_fastrtps_cpp.hpp
-- Installing: /home/kousei/HaruRobo2024_ws/ros2_ws/install/path_following/lib/libpath_following__rosidl_typesupport_fastrtps_cpp.so
-- Set runtime path of "/home/kousei/HaruRobo2024_ws/ros2_ws/install/path_following/lib/libpath_following__rosidl_typesupport_fastrtps_cpp.so" to ""
-- Up-to-date: /home/kousei/HaruRobo2024_ws/ros2_ws/install/path_following/include/path_following/path_following
-- Up-to-date: /home/kousei/HaruRobo2024_ws/ros2_ws/install/path_following/include/path_following/path_following/msg
-- Installing: /home/kousei/HaruRobo2024_ws/ros2_ws/install/path_following/include/path_following/path_following/msg/rosidl_typesupport_introspection_c__visibility_control.h
-- Up-to-date: /home/kousei/HaruRobo2024_ws/ros2_ws/install/path_following/include/path_following/path_following/action
-- Up-to-date: /home/kousei/HaruRobo2024_ws/ros2_ws/install/path_following/include/path_following/path_following/action/detail
-- Installing: /home/kousei/HaruRobo2024_ws/ros2_ws/install/path_following/include/path_following/path_following/action/detail/path__type_support.c
-- Installing: /home/kousei/HaruRobo2024_ws/ros2_ws/install/path_following/include/path_following/path_following/action/detail/path__rosidl_typesupport_introspection_c.h
-- Installing: /home/kousei/HaruRobo2024_ws/ros2_ws/install/path_following/lib/libpath_following__rosidl_typesupport_introspection_c.so
-- Set runtime path of "/home/kousei/HaruRobo2024_ws/ros2_ws/install/path_following/lib/libpath_following__rosidl_typesupport_introspection_c.so" to ""
-- Installing: /home/kousei/HaruRobo2024_ws/ros2_ws/install/path_following/lib/libpath_following__rosidl_typesupport_c.so
-- Set runtime path of "/home/kousei/HaruRobo2024_ws/ros2_ws/install/path_following/lib/libpath_following__rosidl_typesupport_c.so" to ""
-- Up-to-date: /home/kousei/HaruRobo2024_ws/ros2_ws/install/path_following/include/path_following/path_following
-- Up-to-date: /home/kousei/HaruRobo2024_ws/ros2_ws/install/path_following/include/path_following/path_following/action
-- Up-to-date: /home/kousei/HaruRobo2024_ws/ros2_ws/install/path_following/include/path_following/path_following/action/detail
-- Installing: /home/kousei/HaruRobo2024_ws/ros2_ws/install/path_following/include/path_following/path_following/action/detail/path__type_support.cpp
-- Installing: /home/kousei/HaruRobo2024_ws/ros2_ws/install/path_following/include/path_following/path_following/action/detail/path__rosidl_typesupport_introspection_cpp.hpp
-- Installing: /home/kousei/HaruRobo2024_ws/ros2_ws/install/path_following/lib/libpath_following__rosidl_typesupport_introspection_cpp.so
-- Set runtime path of "/home/kousei/HaruRobo2024_ws/ros2_ws/install/path_following/lib/libpath_following__rosidl_typesupport_introspection_cpp.so" to ""
-- Installing: /home/kousei/HaruRobo2024_ws/ros2_ws/install/path_following/lib/libpath_following__rosidl_typesupport_cpp.so
-- Set runtime path of "/home/kousei/HaruRobo2024_ws/ros2_ws/install/path_following/lib/libpath_following__rosidl_typesupport_cpp.so" to ""
-- Installing: /home/kousei/HaruRobo2024_ws/ros2_ws/install/path_following/share/path_following/environment/pythonpath.sh
-- Installing: /home/kousei/HaruRobo2024_ws/ros2_ws/install/path_following/share/path_following/environment/pythonpath.dsv
-- Installing: /home/kousei/HaruRobo2024_ws/ros2_ws/install/path_following/local/lib/python3.10/dist-packages/path_following-0.0.0-py3.10.egg-info
-- Installing: /home/kousei/HaruRobo2024_ws/ros2_ws/install/path_following/local/lib/python3.10/dist-packages/path_following-0.0.0-py3.10.egg-info/dependency_links.txt
-- Installing: /home/kousei/HaruRobo2024_ws/ros2_ws/install/path_following/local/lib/python3.10/dist-packages/path_following-0.0.0-py3.10.egg-info/SOURCES.txt
-- Installing: /home/kousei/HaruRobo2024_ws/ros2_ws/install/path_following/local/lib/python3.10/dist-packages/path_following-0.0.0-py3.10.egg-info/top_level.txt
-- Installing: /home/kousei/HaruRobo2024_ws/ros2_ws/install/path_following/local/lib/python3.10/dist-packages/path_following-0.0.0-py3.10.egg-info/PKG-INFO
-- Installing: /home/kousei/HaruRobo2024_ws/ros2_ws/install/path_following/local/lib/python3.10/dist-packages/path_following
-- Installing: /home/kousei/HaruRobo2024_ws/ros2_ws/install/path_following/local/lib/python3.10/dist-packages/path_following/__init__.py
-- Installing: /home/kousei/HaruRobo2024_ws/ros2_ws/install/path_following/local/lib/python3.10/dist-packages/path_following/path_following_s__rosidl_typesupport_fastrtps_c.cpython-310-x86_64-linux-gnu.so
-- Installing: /home/kousei/HaruRobo2024_ws/ros2_ws/install/path_following/local/lib/python3.10/dist-packages/path_following/path_following_s__rosidl_typesupport_introspection_c.cpython-310-x86_64-linux-gnu.so
-- Installing: /home/kousei/HaruRobo2024_ws/ros2_ws/install/path_following/local/lib/python3.10/dist-packages/path_following/_path_following_s.ep.rosidl_typesupport_c.c
-- Installing: /home/kousei/HaruRobo2024_ws/ros2_ws/install/path_following/local/lib/python3.10/dist-packages/path_following/_path_following_s.ep.rosidl_typesupport_introspection_c.c
-- Installing: /home/kousei/HaruRobo2024_ws/ros2_ws/install/path_following/local/lib/python3.10/dist-packages/path_following/libpath_following__rosidl_generator_py.so
-- Installing: /home/kousei/HaruRobo2024_ws/ros2_ws/install/path_following/local/lib/python3.10/dist-packages/path_following/path_following_s__rosidl_typesupport_c.cpython-310-x86_64-linux-gnu.so
-- Installing: /home/kousei/HaruRobo2024_ws/ros2_ws/install/path_following/local/lib/python3.10/dist-packages/path_following/_path_following_s.ep.rosidl_typesupport_fastrtps_c.c
-- Installing: /home/kousei/HaruRobo2024_ws/ros2_ws/install/path_following/local/lib/python3.10/dist-packages/path_following/action
-- Installing: /home/kousei/HaruRobo2024_ws/ros2_ws/install/path_following/local/lib/python3.10/dist-packages/path_following/action/_path_s.c
-- Installing: /home/kousei/HaruRobo2024_ws/ros2_ws/install/path_following/local/lib/python3.10/dist-packages/path_following/action/__init__.py
-- Installing: /home/kousei/HaruRobo2024_ws/ros2_ws/install/path_following/local/lib/python3.10/dist-packages/path_following/action/_path.py
Listing '/home/kousei/HaruRobo2024_ws/ros2_ws/install/path_following/local/lib/python3.10/dist-packages/path_following'...
Compiling '/home/kousei/HaruRobo2024_ws/ros2_ws/install/path_following/local/lib/python3.10/dist-packages/path_following/__init__.py'...
Listing '/home/kousei/HaruRobo2024_ws/ros2_ws/install/path_following/local/lib/python3.10/dist-packages/path_following/action'...
Compiling '/home/kousei/HaruRobo2024_ws/ros2_ws/install/path_following/local/lib/python3.10/dist-packages/path_following/action/__init__.py'...
Compiling '/home/kousei/HaruRobo2024_ws/ros2_ws/install/path_following/local/lib/python3.10/dist-packages/path_following/action/_path.py'...
-- Installing: /home/kousei/HaruRobo2024_ws/ros2_ws/install/path_following/local/lib/python3.10/dist-packages/path_following/path_following_s__rosidl_typesupport_fastrtps_c.cpython-310-x86_64-linux-gnu.so
-- Set runtime path of "/home/kousei/HaruRobo2024_ws/ros2_ws/install/path_following/local/lib/python3.10/dist-packages/path_following/path_following_s__rosidl_typesupport_fastrtps_c.cpython-310-x86_64-linux-gnu.so" to ""
-- Installing: /home/kousei/HaruRobo2024_ws/ros2_ws/install/path_following/local/lib/python3.10/dist-packages/path_following/path_following_s__rosidl_typesupport_introspection_c.cpython-310-x86_64-linux-gnu.so
-- Set runtime path of "/home/kousei/HaruRobo2024_ws/ros2_ws/install/path_following/local/lib/python3.10/dist-packages/path_following/path_following_s__rosidl_typesupport_introspection_c.cpython-310-x86_64-linux-gnu.so" to ""
-- Installing: /home/kousei/HaruRobo2024_ws/ros2_ws/install/path_following/local/lib/python3.10/dist-packages/path_following/path_following_s__rosidl_typesupport_c.cpython-310-x86_64-linux-gnu.so
-- Set runtime path of "/home/kousei/HaruRobo2024_ws/ros2_ws/install/path_following/local/lib/python3.10/dist-packages/path_following/path_following_s__rosidl_typesupport_c.cpython-310-x86_64-linux-gnu.so" to ""
-- Installing: /home/kousei/HaruRobo2024_ws/ros2_ws/install/path_following/lib/libpath_following__rosidl_generator_py.so
-- Set runtime path of "/home/kousei/HaruRobo2024_ws/ros2_ws/install/path_following/lib/libpath_following__rosidl_generator_py.so" to ""
-- Installing: /home/kousei/HaruRobo2024_ws/ros2_ws/install/path_following/share/path_following/action/Path.idl
-- Installing: /home/kousei/HaruRobo2024_ws/ros2_ws/install/path_following/share/path_following/action/Path.action
-- Up-to-date: /home/kousei/HaruRobo2024_ws/ros2_ws/install/path_following/include
-- Up-to-date: /home/kousei/HaruRobo2024_ws/ros2_ws/install/path_following/include/path_following
-- Installing: /home/kousei/HaruRobo2024_ws/ros2_ws/install/path_following/lib/path_following/path_following_node
-- Set runtime path of "/home/kousei/HaruRobo2024_ws/ros2_ws/install/path_following/lib/path_following/path_following_node" to ""
-- Up-to-date: /home/kousei/HaruRobo2024_ws/ros2_ws/install/path_following/share/ament_index/resource_index/package_run_dependencies/path_following
-- Up-to-date: /home/kousei/HaruRobo2024_ws/ros2_ws/install/path_following/share/ament_index/resource_index/parent_prefix_path/path_following
-- Up-to-date: /home/kousei/HaruRobo2024_ws/ros2_ws/install/path_following/share/path_following/environment/ament_prefix_path.sh
-- Installing: /home/kousei/HaruRobo2024_ws/ros2_ws/install/path_following/share/path_following/environment/ament_prefix_path.dsv
-- Up-to-date: /home/kousei/HaruRobo2024_ws/ros2_ws/install/path_following/share/path_following/environment/path.sh
-- Installing: /home/kousei/HaruRobo2024_ws/ros2_ws/install/path_following/share/path_following/environment/path.dsv
-- Up-to-date: /home/kousei/HaruRobo2024_ws/ros2_ws/install/path_following/share/path_following/local_setup.bash
-- Installing: /home/kousei/HaruRobo2024_ws/ros2_ws/install/path_following/share/path_following/local_setup.sh
-- Up-to-date: /home/kousei/HaruRobo2024_ws/ros2_ws/install/path_following/share/path_following/local_setup.zsh
-- Installing: /home/kousei/HaruRobo2024_ws/ros2_ws/install/path_following/share/path_following/local_setup.dsv
-- Up-to-date: /home/kousei/HaruRobo2024_ws/ros2_ws/install/path_following/share/path_following/package.dsv
-- Up-to-date: /home/kousei/HaruRobo2024_ws/ros2_ws/install/path_following/share/ament_index/resource_index/packages/path_following
-- Installing: /home/kousei/HaruRobo2024_ws/ros2_ws/install/path_following/share/path_following/cmake/export_path_following__rosidl_generator_cExport.cmake
-- Installing: /home/kousei/HaruRobo2024_ws/ros2_ws/install/path_following/share/path_following/cmake/export_path_following__rosidl_generator_cExport-noconfig.cmake
-- Installing: /home/kousei/HaruRobo2024_ws/ros2_ws/install/path_following/share/path_following/cmake/export_path_following__rosidl_typesupport_fastrtps_cExport.cmake
-- Installing: /home/kousei/HaruRobo2024_ws/ros2_ws/install/path_following/share/path_following/cmake/export_path_following__rosidl_typesupport_fastrtps_cExport-noconfig.cmake
-- Installing: /home/kousei/HaruRobo2024_ws/ros2_ws/install/path_following/share/path_following/cmake/export_path_following__rosidl_generator_cppExport.cmake
-- Installing: /home/kousei/HaruRobo2024_ws/ros2_ws/install/path_following/share/path_following/cmake/export_path_following__rosidl_typesupport_fastrtps_cppExport.cmake
-- Installing: /home/kousei/HaruRobo2024_ws/ros2_ws/install/path_following/share/path_following/cmake/export_path_following__rosidl_typesupport_fastrtps_cppExport-noconfig.cmake
-- Installing: /home/kousei/HaruRobo2024_ws/ros2_ws/install/path_following/share/path_following/cmake/path_following__rosidl_typesupport_introspection_cExport.cmake
-- Installing: /home/kousei/HaruRobo2024_ws/ros2_ws/install/path_following/share/path_following/cmake/path_following__rosidl_typesupport_introspection_cExport-noconfig.cmake
-- Installing: /home/kousei/HaruRobo2024_ws/ros2_ws/install/path_following/share/path_following/cmake/path_following__rosidl_typesupport_cExport.cmake
-- Installing: /home/kousei/HaruRobo2024_ws/ros2_ws/install/path_following/share/path_following/cmake/path_following__rosidl_typesupport_cExport-noconfig.cmake
-- Installing: /home/kousei/HaruRobo2024_ws/ros2_ws/install/path_following/share/path_following/cmake/path_following__rosidl_typesupport_introspection_cppExport.cmake
-- Installing: /home/kousei/HaruRobo2024_ws/ros2_ws/install/path_following/share/path_following/cmake/path_following__rosidl_typesupport_introspection_cppExport-noconfig.cmake
-- Installing: /home/kousei/HaruRobo2024_ws/ros2_ws/install/path_following/share/path_following/cmake/path_following__rosidl_typesupport_cppExport.cmake
-- Installing: /home/kousei/HaruRobo2024_ws/ros2_ws/install/path_following/share/path_following/cmake/path_following__rosidl_typesupport_cppExport-noconfig.cmake
-- Installing: /home/kousei/HaruRobo2024_ws/ros2_ws/install/path_following/share/path_following/cmake/export_path_following__rosidl_generator_pyExport.cmake
-- Installing: /home/kousei/HaruRobo2024_ws/ros2_ws/install/path_following/share/path_following/cmake/export_path_following__rosidl_generator_pyExport-noconfig.cmake
-- Installing: /home/kousei/HaruRobo2024_ws/ros2_ws/install/path_following/share/path_following/cmake/rosidl_cmake-extras.cmake
-- Installing: /home/kousei/HaruRobo2024_ws/ros2_ws/install/path_following/share/path_following/cmake/ament_cmake_export_dependencies-extras.cmake
-- Installing: /home/kousei/HaruRobo2024_ws/ros2_ws/install/path_following/share/path_following/cmake/ament_cmake_export_include_directories-extras.cmake
-- Installing: /home/kousei/HaruRobo2024_ws/ros2_ws/install/path_following/share/path_following/cmake/ament_cmake_export_libraries-extras.cmake
-- Installing: /home/kousei/HaruRobo2024_ws/ros2_ws/install/path_following/share/path_following/cmake/ament_cmake_export_targets-extras.cmake
-- Installing: /home/kousei/HaruRobo2024_ws/ros2_ws/install/path_following/share/path_following/cmake/rosidl_cmake_export_typesupport_targets-extras.cmake
-- Installing: /home/kousei/HaruRobo2024_ws/ros2_ws/install/path_following/share/path_following/cmake/rosidl_cmake_export_typesupport_libraries-extras.cmake
-- Installing: /home/kousei/HaruRobo2024_ws/ros2_ws/install/path_following/share/path_following/cmake/path_followingConfig.cmake
-- Up-to-date: /home/kousei/HaruRobo2024_ws/ros2_ws/install/path_following/share/path_following/cmake/path_followingConfig-version.cmake
-- Installing: /home/kousei/HaruRobo2024_ws/ros2_ws/install/path_following/share/path_following/package.xml
