[0.040s] Invoking command in '/home/kousei/HaruRobo2024_ws/ros2_ws/build/omni_control': AMENT_PREFIX_PATH=/home/kousei/HaruRobo2024_ws/ros2_ws/install/drive_msgs:${AMENT_PREFIX_PATH} CMAKE_PREFIX_PATH=/home/kousei/HaruRobo2024_ws/ros2_ws/install/drive_msgs:/home/kousei/2DRoboPrac_ws/ros2_ws/install/urg_node2:/home/kousei/2DRoboPrac_ws/ros2_ws/install/omni_control:/home/kousei/2DRoboPrac_ws/ros2_ws/install/nav_real:/home/kousei/2DRoboPrac_ws/ros2_ws/install/nav_dev:/home/kousei/2DRoboPrac_ws/ros2_ws/install/key_event_nodes:/home/kousei/2DRoboPrac_ws/ros2_ws/install/key_event_msgs:/home/kousei/2DRoboPrac_ws/ros2_ws/install/drive_msgs:/opt/ros/humble LD_LIBRARY_PATH=/home/kousei/HaruRobo2024_ws/ros2_ws/install/drive_msgs/lib:${LD_LIBRARY_PATH} PYTHONPATH=/home/kousei/HaruRobo2024_ws/ros2_ws/install/drive_msgs/local/lib/python3.10/dist-packages:${PYTHONPATH} /usr/bin/cmake --build /home/kousei/HaruRobo2024_ws/ros2_ws/build/omni_control -- -j16 -l16
[0.084s] [ 20%] Built target omni_drive_node
[0.092s] [ 40%] Built target omni_raspi_node
[0.092s] [ 60%] Built target omni_states_node
[0.093s] [ 80%] Built target omni_joy_node
[0.095s] [100%] Built target omni_hardware_node
[0.411s] Invoked command in '/home/kousei/HaruRobo2024_ws/ros2_ws/build/omni_control' returned '0': AMENT_PREFIX_PATH=/home/kousei/HaruRobo2024_ws/ros2_ws/install/drive_msgs:${AMENT_PREFIX_PATH} CMAKE_PREFIX_PATH=/home/kousei/HaruRobo2024_ws/ros2_ws/install/drive_msgs:/home/kousei/2DRoboPrac_ws/ros2_ws/install/urg_node2:/home/kousei/2DRoboPrac_ws/ros2_ws/install/omni_control:/home/kousei/2DRoboPrac_ws/ros2_ws/install/nav_real:/home/kousei/2DRoboPrac_ws/ros2_ws/install/nav_dev:/home/kousei/2DRoboPrac_ws/ros2_ws/install/key_event_nodes:/home/kousei/2DRoboPrac_ws/ros2_ws/install/key_event_msgs:/home/kousei/2DRoboPrac_ws/ros2_ws/install/drive_msgs:/opt/ros/humble LD_LIBRARY_PATH=/home/kousei/HaruRobo2024_ws/ros2_ws/install/drive_msgs/lib:${LD_LIBRARY_PATH} PYTHONPATH=/home/kousei/HaruRobo2024_ws/ros2_ws/install/drive_msgs/local/lib/python3.10/dist-packages:${PYTHONPATH} /usr/bin/cmake --build /home/kousei/HaruRobo2024_ws/ros2_ws/build/omni_control -- -j16 -l16
[0.998s] Invoking command in '/home/kousei/HaruRobo2024_ws/ros2_ws/build/omni_control': AMENT_PREFIX_PATH=/home/kousei/HaruRobo2024_ws/ros2_ws/install/drive_msgs:${AMENT_PREFIX_PATH} CMAKE_PREFIX_PATH=/home/kousei/HaruRobo2024_ws/ros2_ws/install/drive_msgs:/home/kousei/2DRoboPrac_ws/ros2_ws/install/urg_node2:/home/kousei/2DRoboPrac_ws/ros2_ws/install/omni_control:/home/kousei/2DRoboPrac_ws/ros2_ws/install/nav_real:/home/kousei/2DRoboPrac_ws/ros2_ws/install/nav_dev:/home/kousei/2DRoboPrac_ws/ros2_ws/install/key_event_nodes:/home/kousei/2DRoboPrac_ws/ros2_ws/install/key_event_msgs:/home/kousei/2DRoboPrac_ws/ros2_ws/install/drive_msgs:/opt/ros/humble LD_LIBRARY_PATH=/home/kousei/HaruRobo2024_ws/ros2_ws/install/drive_msgs/lib:${LD_LIBRARY_PATH} PYTHONPATH=/home/kousei/HaruRobo2024_ws/ros2_ws/install/drive_msgs/local/lib/python3.10/dist-packages:${PYTHONPATH} /usr/bin/cmake --install /home/kousei/HaruRobo2024_ws/ros2_ws/build/omni_control
[1.038s] -- Install configuration: ""
[1.039s] -- Up-to-date: /home/kousei/HaruRobo2024_ws/ros2_ws/install/omni_control/include
[1.040s] -- Up-to-date: /home/kousei/HaruRobo2024_ws/ros2_ws/install/omni_control/include/omni_control
[1.041s] -- Up-to-date: /home/kousei/HaruRobo2024_ws/ros2_ws/install/omni_control/lib/omni_control/omni_joy_node
[1.042s] -- Up-to-date: /home/kousei/HaruRobo2024_ws/ros2_ws/install/omni_control/lib/omni_control/omni_drive_node
[1.043s] -- Up-to-date: /home/kousei/HaruRobo2024_ws/ros2_ws/install/omni_control/lib/omni_control/omni_raspi_node
[1.044s] -- Up-to-date: /home/kousei/HaruRobo2024_ws/ros2_ws/install/omni_control/lib/omni_control/omni_hardware_node
[1.046s] -- Up-to-date: /home/kousei/HaruRobo2024_ws/ros2_ws/install/omni_control/lib/omni_control/omni_states_node
[1.047s] -- Up-to-date: /home/kousei/HaruRobo2024_ws/ros2_ws/install/omni_control/share/omni_control/config
[1.049s] -- Up-to-date: /home/kousei/HaruRobo2024_ws/ros2_ws/install/omni_control/share/omni_control/config/omni_teleop.rviz
[1.049s] -- Up-to-date: /home/kousei/HaruRobo2024_ws/ros2_ws/install/omni_control/share/omni_control/config/omni_params.yaml
[1.050s] -- Up-to-date: /home/kousei/HaruRobo2024_ws/ros2_ws/install/omni_control/share/omni_control/launch
[1.051s] -- Up-to-date: /home/kousei/HaruRobo2024_ws/ros2_ws/install/omni_control/share/omni_control/launch/omni_raspi.launch.py
[1.052s] -- Up-to-date: /home/kousei/HaruRobo2024_ws/ros2_ws/install/omni_control/share/omni_control/launch/omni_teleop.launch.py
[1.053s] -- Up-to-date: /home/kousei/HaruRobo2024_ws/ros2_ws/install/omni_control/share/ament_index/resource_index/package_run_dependencies/omni_control
[1.054s] -- Up-to-date: /home/kousei/HaruRobo2024_ws/ros2_ws/install/omni_control/share/ament_index/resource_index/parent_prefix_path/omni_control
[1.054s] -- Up-to-date: /home/kousei/HaruRobo2024_ws/ros2_ws/install/omni_control/share/omni_control/environment/ament_prefix_path.sh
[1.055s] -- Up-to-date: /home/kousei/HaruRobo2024_ws/ros2_ws/install/omni_control/share/omni_control/environment/ament_prefix_path.dsv
[1.055s] -- Up-to-date: /home/kousei/HaruRobo2024_ws/ros2_ws/install/omni_control/share/omni_control/environment/path.sh
[1.056s] -- Up-to-date: /home/kousei/HaruRobo2024_ws/ros2_ws/install/omni_control/share/omni_control/environment/path.dsv
[1.057s] -- Up-to-date: /home/kousei/HaruRobo2024_ws/ros2_ws/install/omni_control/share/omni_control/local_setup.bash
[1.057s] -- Up-to-date: /home/kousei/HaruRobo2024_ws/ros2_ws/install/omni_control/share/omni_control/local_setup.sh
[1.059s] -- Up-to-date: /home/kousei/HaruRobo2024_ws/ros2_ws/install/omni_control/share/omni_control/local_setup.zsh
[1.059s] -- Up-to-date: /home/kousei/HaruRobo2024_ws/ros2_ws/install/omni_control/share/omni_control/local_setup.dsv
[1.059s] -- Installing: /home/kousei/HaruRobo2024_ws/ros2_ws/install/omni_control/share/omni_control/package.dsv
[1.061s] -- Up-to-date: /home/kousei/HaruRobo2024_ws/ros2_ws/install/omni_control/share/ament_index/resource_index/packages/omni_control
[1.061s] -- Up-to-date: /home/kousei/HaruRobo2024_ws/ros2_ws/install/omni_control/share/omni_control/cmake/ament_cmake_export_dependencies-extras.cmake
[1.064s] -- Up-to-date: /home/kousei/HaruRobo2024_ws/ros2_ws/install/omni_control/share/omni_control/cmake/ament_cmake_export_include_directories-extras.cmake
[1.066s] -- Up-to-date: /home/kousei/HaruRobo2024_ws/ros2_ws/install/omni_control/share/omni_control/cmake/omni_controlConfig.cmake
[1.067s] -- Up-to-date: /home/kousei/HaruRobo2024_ws/ros2_ws/install/omni_control/share/omni_control/cmake/omni_controlConfig-version.cmake
[1.071s] -- Up-to-date: /home/kousei/HaruRobo2024_ws/ros2_ws/install/omni_control/share/omni_control/package.xml
[1.073s] Invoked command in '/home/kousei/HaruRobo2024_ws/ros2_ws/build/omni_control' returned '0': AMENT_PREFIX_PATH=/home/kousei/HaruRobo2024_ws/ros2_ws/install/drive_msgs:${AMENT_PREFIX_PATH} CMAKE_PREFIX_PATH=/home/kousei/HaruRobo2024_ws/ros2_ws/install/drive_msgs:/home/kousei/2DRoboPrac_ws/ros2_ws/install/urg_node2:/home/kousei/2DRoboPrac_ws/ros2_ws/install/omni_control:/home/kousei/2DRoboPrac_ws/ros2_ws/install/nav_real:/home/kousei/2DRoboPrac_ws/ros2_ws/install/nav_dev:/home/kousei/2DRoboPrac_ws/ros2_ws/install/key_event_nodes:/home/kousei/2DRoboPrac_ws/ros2_ws/install/key_event_msgs:/home/kousei/2DRoboPrac_ws/ros2_ws/install/drive_msgs:/opt/ros/humble LD_LIBRARY_PATH=/home/kousei/HaruRobo2024_ws/ros2_ws/install/drive_msgs/lib:${LD_LIBRARY_PATH} PYTHONPATH=/home/kousei/HaruRobo2024_ws/ros2_ws/install/drive_msgs/local/lib/python3.10/dist-packages:${PYTHONPATH} /usr/bin/cmake --install /home/kousei/HaruRobo2024_ws/ros2_ws/build/omni_control
