[35m[1mConsolidate compiler generated dependencies of target omni_drive_node[0m
[35m[1mConsolidate compiler generated dependencies of target omni_joy_node[0m
[35m[1mConsolidate compiler generated dependencies of target omni_raspi_node[0m
[35m[1mConsolidate compiler generated dependencies of target omni_hardware_node[0m
[35m[1mConsolidate compiler generated dependencies of target omni_states_node[0m
[ 20%] Built target omni_joy_node
[ 40%] Built target omni_drive_node
[ 60%] Built target omni_states_node
[ 80%] Built target omni_hardware_node
[100%] Built target omni_raspi_node
-- Install configuration: ""
-- Installing: /home/kousei/HaruRobo2024_ws/ros2_ws/install/omni_control/include
-- Installing: /home/kousei/HaruRobo2024_ws/ros2_ws/install/omni_control/include/omni_control
-- Installing: /home/kousei/HaruRobo2024_ws/ros2_ws/install/omni_control/lib/omni_control/omni_joy_node
-- Set runtime path of "/home/kousei/HaruRobo2024_ws/ros2_ws/install/omni_control/lib/omni_control/omni_joy_node" to ""
-- Installing: /home/kousei/HaruRobo2024_ws/ros2_ws/install/omni_control/lib/omni_control/omni_drive_node
-- Set runtime path of "/home/kousei/HaruRobo2024_ws/ros2_ws/install/omni_control/lib/omni_control/omni_drive_node" to ""
-- Installing: /home/kousei/HaruRobo2024_ws/ros2_ws/install/omni_control/lib/omni_control/omni_raspi_node
-- Set runtime path of "/home/kousei/HaruRobo2024_ws/ros2_ws/install/omni_control/lib/omni_control/omni_raspi_node" to ""
-- Installing: /home/kousei/HaruRobo2024_ws/ros2_ws/install/omni_control/lib/omni_control/omni_hardware_node
-- Set runtime path of "/home/kousei/HaruRobo2024_ws/ros2_ws/install/omni_control/lib/omni_control/omni_hardware_node" to ""
-- Installing: /home/kousei/HaruRobo2024_ws/ros2_ws/install/omni_control/lib/omni_control/omni_states_node
-- Set runtime path of "/home/kousei/HaruRobo2024_ws/ros2_ws/install/omni_control/lib/omni_control/omni_states_node" to ""
-- Installing: /home/kousei/HaruRobo2024_ws/ros2_ws/install/omni_control/share/omni_control/config
-- Installing: /home/kousei/HaruRobo2024_ws/ros2_ws/install/omni_control/share/omni_control/config/omni_teleop.rviz
-- Installing: /home/kousei/HaruRobo2024_ws/ros2_ws/install/omni_control/share/omni_control/config/omni_params.yaml
-- Installing: /home/kousei/HaruRobo2024_ws/ros2_ws/install/omni_control/share/omni_control/launch
-- Installing: /home/kousei/HaruRobo2024_ws/ros2_ws/install/omni_control/share/omni_control/launch/omni_raspi.launch.py
-- Installing: /home/kousei/HaruRobo2024_ws/ros2_ws/install/omni_control/share/omni_control/launch/omni_teleop.launch.py
-- Installing: /home/kousei/HaruRobo2024_ws/ros2_ws/install/omni_control/share/ament_index/resource_index/package_run_dependencies/omni_control
-- Installing: /home/kousei/HaruRobo2024_ws/ros2_ws/install/omni_control/share/ament_index/resource_index/parent_prefix_path/omni_control
-- Installing: /home/kousei/HaruRobo2024_ws/ros2_ws/install/omni_control/share/omni_control/environment/ament_prefix_path.sh
-- Installing: /home/kousei/HaruRobo2024_ws/ros2_ws/install/omni_control/share/omni_control/environment/ament_prefix_path.dsv
-- Installing: /home/kousei/HaruRobo2024_ws/ros2_ws/install/omni_control/share/omni_control/environment/path.sh
-- Installing: /home/kousei/HaruRobo2024_ws/ros2_ws/install/omni_control/share/omni_control/environment/path.dsv
-- Installing: /home/kousei/HaruRobo2024_ws/ros2_ws/install/omni_control/share/omni_control/local_setup.bash
-- Installing: /home/kousei/HaruRobo2024_ws/ros2_ws/install/omni_control/share/omni_control/local_setup.sh
-- Installing: /home/kousei/HaruRobo2024_ws/ros2_ws/install/omni_control/share/omni_control/local_setup.zsh
-- Installing: /home/kousei/HaruRobo2024_ws/ros2_ws/install/omni_control/share/omni_control/local_setup.dsv
-- Installing: /home/kousei/HaruRobo2024_ws/ros2_ws/install/omni_control/share/omni_control/package.dsv
-- Installing: /home/kousei/HaruRobo2024_ws/ros2_ws/install/omni_control/share/ament_index/resource_index/packages/omni_control
-- Installing: /home/kousei/HaruRobo2024_ws/ros2_ws/install/omni_control/share/omni_control/cmake/ament_cmake_export_dependencies-extras.cmake
-- Installing: /home/kousei/HaruRobo2024_ws/ros2_ws/install/omni_control/share/omni_control/cmake/ament_cmake_export_include_directories-extras.cmake
-- Installing: /home/kousei/HaruRobo2024_ws/ros2_ws/install/omni_control/share/omni_control/cmake/omni_controlConfig.cmake
-- Installing: /home/kousei/HaruRobo2024_ws/ros2_ws/install/omni_control/share/omni_control/cmake/omni_controlConfig-version.cmake
-- Installing: /home/kousei/HaruRobo2024_ws/ros2_ws/install/omni_control/share/omni_control/package.xml
