[0.046s] Invoking command in '/home/kousei/HaruRobo2024_ws/ros2_ws/build/urg_node2': CMAKE_PREFIX_PATH=${CMAKE_PREFIX_PATH}:/opt/ros/humble /usr/bin/cmake --build /home/kousei/HaruRobo2024_ws/ros2_ws/build/urg_node2 -- -j16 -l16
[0.114s] [ 10%] Built target gtest_main
[0.116s] [ 20%] Built target gtest
[0.126s] [ 65%] Built target urg_c
[0.141s] [ 75%] Built target urg_node2_node
[0.462s] [ 90%] Built target urg_node2_test
[0.528s] [100%] Built target urg_node2
[0.612s] Invoked command in '/home/kousei/HaruRobo2024_ws/ros2_ws/build/urg_node2' returned '0': CMAKE_PREFIX_PATH=${CMAKE_PREFIX_PATH}:/opt/ros/humble /usr/bin/cmake --build /home/kousei/HaruRobo2024_ws/ros2_ws/build/urg_node2 -- -j16 -l16
[0.789s] Invoking command in '/home/kousei/HaruRobo2024_ws/ros2_ws/build/urg_node2': CMAKE_PREFIX_PATH=${CMAKE_PREFIX_PATH}:/opt/ros/humble /usr/bin/cmake --install /home/kousei/HaruRobo2024_ws/ros2_ws/build/urg_node2
[0.816s] -- Install configuration: ""
[0.819s] -- Up-to-date: /home/kousei/HaruRobo2024_ws/ros2_ws/install/urg_node2/lib/urg_node2/urg_node2_node
[0.824s] -- Up-to-date: /home/kousei/HaruRobo2024_ws/ros2_ws/install/urg_node2/lib/liburg_node2.so
[0.829s] -- Up-to-date: /home/kousei/HaruRobo2024_ws/ros2_ws/install/urg_node2/lib/liburg_c.so
[0.830s] -- Up-to-date: /home/kousei/HaruRobo2024_ws/ros2_ws/install/urg_node2/share/urg_node2/launch
[0.832s] -- Up-to-date: /home/kousei/HaruRobo2024_ws/ros2_ws/install/urg_node2/share/urg_node2/launch/urg_node2.launch.py
[0.833s] -- Up-to-date: /home/kousei/HaruRobo2024_ws/ros2_ws/install/urg_node2/share/urg_node2/launch/urg_node2_component.launch.py
[0.833s] -- Up-to-date: /home/kousei/HaruRobo2024_ws/ros2_ws/install/urg_node2/share/urg_node2/launch/urg_node2_2lidar.launch.py
[0.837s] -- Up-to-date: /home/kousei/HaruRobo2024_ws/ros2_ws/install/urg_node2/share/urg_node2/config
[0.839s] -- Up-to-date: /home/kousei/HaruRobo2024_ws/ros2_ws/install/urg_node2/share/urg_node2/config/params_ether.yaml
[0.840s] -- Up-to-date: /home/kousei/HaruRobo2024_ws/ros2_ws/install/urg_node2/share/urg_node2/config/params_ether_2nd.yaml
[0.840s] -- Up-to-date: /home/kousei/HaruRobo2024_ws/ros2_ws/install/urg_node2/share/urg_node2/config/params_serial.yaml
[0.841s] -- Up-to-date: /home/kousei/HaruRobo2024_ws/ros2_ws/install/urg_node2/share/ament_index/resource_index/package_run_dependencies/urg_node2
[0.842s] -- Up-to-date: /home/kousei/HaruRobo2024_ws/ros2_ws/install/urg_node2/share/ament_index/resource_index/parent_prefix_path/urg_node2
[0.842s] -- Up-to-date: /home/kousei/HaruRobo2024_ws/ros2_ws/install/urg_node2/share/urg_node2/environment/ament_prefix_path.sh
[0.843s] -- Up-to-date: /home/kousei/HaruRobo2024_ws/ros2_ws/install/urg_node2/share/urg_node2/environment/ament_prefix_path.dsv
[0.843s] -- Up-to-date: /home/kousei/HaruRobo2024_ws/ros2_ws/install/urg_node2/share/urg_node2/environment/path.sh
[0.844s] -- Up-to-date: /home/kousei/HaruRobo2024_ws/ros2_ws/install/urg_node2/share/urg_node2/environment/path.dsv
[0.844s] -- Up-to-date: /home/kousei/HaruRobo2024_ws/ros2_ws/install/urg_node2/share/urg_node2/local_setup.bash
[0.845s] -- Up-to-date: /home/kousei/HaruRobo2024_ws/ros2_ws/install/urg_node2/share/urg_node2/local_setup.sh
[0.845s] -- Up-to-date: /home/kousei/HaruRobo2024_ws/ros2_ws/install/urg_node2/share/urg_node2/local_setup.zsh
[0.852s] -- Up-to-date: /home/kousei/HaruRobo2024_ws/ros2_ws/install/urg_node2/share/urg_node2/local_setup.dsv
[0.854s] -- Installing: /home/kousei/HaruRobo2024_ws/ros2_ws/install/urg_node2/share/urg_node2/package.dsv
[0.855s] -- Up-to-date: /home/kousei/HaruRobo2024_ws/ros2_ws/install/urg_node2/share/ament_index/resource_index/packages/urg_node2
[0.857s] -- Up-to-date: /home/kousei/HaruRobo2024_ws/ros2_ws/install/urg_node2/share/ament_index/resource_index/rclcpp_components/urg_node2
[0.863s] -- Up-to-date: /home/kousei/HaruRobo2024_ws/ros2_ws/install/urg_node2/share/urg_node2/cmake/urg_node2Config.cmake
[0.875s] -- Up-to-date: /home/kousei/HaruRobo2024_ws/ros2_ws/install/urg_node2/share/urg_node2/cmake/urg_node2Config-version.cmake
[0.876s] -- Up-to-date: /home/kousei/HaruRobo2024_ws/ros2_ws/install/urg_node2/share/urg_node2/package.xml
[0.879s] Invoked command in '/home/kousei/HaruRobo2024_ws/ros2_ws/build/urg_node2' returned '0': CMAKE_PREFIX_PATH=${CMAKE_PREFIX_PATH}:/opt/ros/humble /usr/bin/cmake --install /home/kousei/HaruRobo2024_ws/ros2_ws/build/urg_node2
