[0.115s] Invoking command in '/home/kousei/HaruRobo2024_ws/ros2_ws/build/key_event_msgs': CMAKE_PREFIX_PATH=${CMAKE_PREFIX_PATH}:/opt/ros/humble /usr/bin/cmake --build /home/kousei/HaruRobo2024_ws/ros2_ws/build/key_event_msgs -- -j16 -l16
[0.145s] [35m[1mConsolidate compiler generated dependencies of target key_event_msgs__rosidl_generator_c[0m
[0.151s] [  3%] Built target key_event_msgs__cpp
[0.158s] [ 12%] Built target key_event_msgs__rosidl_generator_c
[0.163s] [35m[1mConsolidate compiler generated dependencies of target key_event_msgs__rosidl_typesupport_cpp[0m
[0.164s] [35m[1mConsolidate compiler generated dependencies of target key_event_msgs__rosidl_typesupport_introspection_cpp[0m
[0.170s] [ 12%] Built target ament_cmake_python_copy_key_event_msgs
[0.172s] [35m[1mConsolidate compiler generated dependencies of target key_event_msgs__rosidl_typesupport_introspection_c[0m
[0.179s] [35m[1mConsolidate compiler generated dependencies of target key_event_msgs__rosidl_typesupport_c[0m
[0.179s] [35m[1mConsolidate compiler generated dependencies of target key_event_msgs__rosidl_typesupport_fastrtps_cpp[0m
[0.184s] [35m[1mConsolidate compiler generated dependencies of target key_event_msgs__rosidl_typesupport_fastrtps_c[0m
[0.196s] [ 22%] Built target key_event_msgs__rosidl_typesupport_cpp
[0.202s] [ 32%] Built target key_event_msgs__rosidl_typesupport_introspection_c
[0.202s] [ 41%] Built target key_event_msgs__rosidl_typesupport_introspection_cpp
[0.205s] [ 51%] Built target key_event_msgs__rosidl_typesupport_fastrtps_cpp
[0.209s] [ 61%] Built target key_event_msgs__rosidl_typesupport_c
[0.209s] [ 70%] Built target key_event_msgs__rosidl_typesupport_fastrtps_c
[0.231s] [ 70%] Built target key_event_msgs
[0.251s] [ 74%] Built target key_event_msgs__py
[0.263s] [35m[1mConsolidate compiler generated dependencies of target key_event_msgs__rosidl_generator_py[0m
[0.277s] [ 80%] Built target key_event_msgs__rosidl_generator_py
[0.291s] [35m[1mConsolidate compiler generated dependencies of target key_event_msgs__rosidl_typesupport_fastrtps_c__pyext[0m
[0.291s] [35m[1mConsolidate compiler generated dependencies of target key_event_msgs__rosidl_typesupport_c__pyext[0m
[0.291s] [35m[1mConsolidate compiler generated dependencies of target key_event_msgs__rosidl_typesupport_introspection_c__pyext[0m
[0.304s] [ 87%] Built target key_event_msgs__rosidl_typesupport_c__pyext
[0.305s] [ 93%] Built target key_event_msgs__rosidl_typesupport_fastrtps_c__pyext
[0.307s] [100%] Built target key_event_msgs__rosidl_typesupport_introspection_c__pyext
[0.426s] running egg_info
[0.426s] writing key_event_msgs.egg-info/PKG-INFO
[0.427s] writing dependency_links to key_event_msgs.egg-info/dependency_links.txt
[0.427s] writing top-level names to key_event_msgs.egg-info/top_level.txt
[0.429s] reading manifest file 'key_event_msgs.egg-info/SOURCES.txt'
[0.431s] writing manifest file 'key_event_msgs.egg-info/SOURCES.txt'
[0.456s] [100%] Built target ament_cmake_python_build_key_event_msgs_egg
[0.522s] Invoked command in '/home/kousei/HaruRobo2024_ws/ros2_ws/build/key_event_msgs' returned '0': CMAKE_PREFIX_PATH=${CMAKE_PREFIX_PATH}:/opt/ros/humble /usr/bin/cmake --build /home/kousei/HaruRobo2024_ws/ros2_ws/build/key_event_msgs -- -j16 -l16
[0.569s] Invoking command in '/home/kousei/HaruRobo2024_ws/ros2_ws/build/key_event_msgs': CMAKE_PREFIX_PATH=${CMAKE_PREFIX_PATH}:/opt/ros/humble /usr/bin/cmake --install /home/kousei/HaruRobo2024_ws/ros2_ws/build/key_event_msgs
[0.576s] -- Install configuration: ""
[0.576s] -- Up-to-date: /home/kousei/HaruRobo2024_ws/ros2_ws/install/key_event_msgs/share/ament_index/resource_index/rosidl_interfaces/key_event_msgs
[0.577s] -- Up-to-date: /home/kousei/HaruRobo2024_ws/ros2_ws/install/key_event_msgs/include/key_event_msgs/key_event_msgs
[0.577s] -- Up-to-date: /home/kousei/HaruRobo2024_ws/ros2_ws/install/key_event_msgs/include/key_event_msgs/key_event_msgs/msg
[0.577s] -- Up-to-date: /home/kousei/HaruRobo2024_ws/ros2_ws/install/key_event_msgs/include/key_event_msgs/key_event_msgs/msg/key_event.h
[0.577s] -- Up-to-date: /home/kousei/HaruRobo2024_ws/ros2_ws/install/key_event_msgs/include/key_event_msgs/key_event_msgs/msg/rosidl_generator_c__visibility_control.h
[0.577s] -- Up-to-date: /home/kousei/HaruRobo2024_ws/ros2_ws/install/key_event_msgs/include/key_event_msgs/key_event_msgs/msg/detail
[0.577s] -- Up-to-date: /home/kousei/HaruRobo2024_ws/ros2_ws/install/key_event_msgs/include/key_event_msgs/key_event_msgs/msg/detail/key_event__struct.h
[0.577s] -- Up-to-date: /home/kousei/HaruRobo2024_ws/ros2_ws/install/key_event_msgs/include/key_event_msgs/key_event_msgs/msg/detail/key_event__functions.h
[0.577s] -- Up-to-date: /home/kousei/HaruRobo2024_ws/ros2_ws/install/key_event_msgs/include/key_event_msgs/key_event_msgs/msg/detail/key_event__functions.c
[0.578s] -- Up-to-date: /home/kousei/HaruRobo2024_ws/ros2_ws/install/key_event_msgs/include/key_event_msgs/key_event_msgs/msg/detail/key_event__type_support.h
[0.578s] -- Up-to-date: /home/kousei/HaruRobo2024_ws/ros2_ws/install/key_event_msgs/share/key_event_msgs/environment/library_path.sh
[0.578s] -- Up-to-date: /home/kousei/HaruRobo2024_ws/ros2_ws/install/key_event_msgs/share/key_event_msgs/environment/library_path.dsv
[0.578s] -- Up-to-date: /home/kousei/HaruRobo2024_ws/ros2_ws/install/key_event_msgs/lib/libkey_event_msgs__rosidl_generator_c.so
[0.578s] -- Up-to-date: /home/kousei/HaruRobo2024_ws/ros2_ws/install/key_event_msgs/include/key_event_msgs/key_event_msgs
[0.578s] -- Up-to-date: /home/kousei/HaruRobo2024_ws/ros2_ws/install/key_event_msgs/include/key_event_msgs/key_event_msgs/msg
[0.578s] -- Up-to-date: /home/kousei/HaruRobo2024_ws/ros2_ws/install/key_event_msgs/include/key_event_msgs/key_event_msgs/msg/detail
[0.578s] -- Up-to-date: /home/kousei/HaruRobo2024_ws/ros2_ws/install/key_event_msgs/include/key_event_msgs/key_event_msgs/msg/detail/key_event__rosidl_typesupport_fastrtps_c.h
[0.578s] -- Up-to-date: /home/kousei/HaruRobo2024_ws/ros2_ws/install/key_event_msgs/include/key_event_msgs/key_event_msgs/msg/rosidl_typesupport_fastrtps_c__visibility_control.h
[0.578s] -- Up-to-date: /home/kousei/HaruRobo2024_ws/ros2_ws/install/key_event_msgs/lib/libkey_event_msgs__rosidl_typesupport_fastrtps_c.so
[0.578s] -- Up-to-date: /home/kousei/HaruRobo2024_ws/ros2_ws/install/key_event_msgs/include/key_event_msgs/key_event_msgs
[0.578s] -- Up-to-date: /home/kousei/HaruRobo2024_ws/ros2_ws/install/key_event_msgs/include/key_event_msgs/key_event_msgs/msg
[0.578s] -- Up-to-date: /home/kousei/HaruRobo2024_ws/ros2_ws/install/key_event_msgs/include/key_event_msgs/key_event_msgs/msg/detail
[0.578s] -- Up-to-date: /home/kousei/HaruRobo2024_ws/ros2_ws/install/key_event_msgs/include/key_event_msgs/key_event_msgs/msg/detail/key_event__type_support.c
[0.578s] -- Up-to-date: /home/kousei/HaruRobo2024_ws/ros2_ws/install/key_event_msgs/include/key_event_msgs/key_event_msgs/msg/detail/key_event__rosidl_typesupport_introspection_c.h
[0.578s] -- Up-to-date: /home/kousei/HaruRobo2024_ws/ros2_ws/install/key_event_msgs/include/key_event_msgs/key_event_msgs/msg/rosidl_typesupport_introspection_c__visibility_control.h
[0.579s] -- Up-to-date: /home/kousei/HaruRobo2024_ws/ros2_ws/install/key_event_msgs/lib/libkey_event_msgs__rosidl_typesupport_introspection_c.so
[0.579s] -- Up-to-date: /home/kousei/HaruRobo2024_ws/ros2_ws/install/key_event_msgs/lib/libkey_event_msgs__rosidl_typesupport_c.so
[0.579s] -- Up-to-date: /home/kousei/HaruRobo2024_ws/ros2_ws/install/key_event_msgs/include/key_event_msgs/key_event_msgs
[0.579s] -- Up-to-date: /home/kousei/HaruRobo2024_ws/ros2_ws/install/key_event_msgs/include/key_event_msgs/key_event_msgs/msg
[0.579s] -- Up-to-date: /home/kousei/HaruRobo2024_ws/ros2_ws/install/key_event_msgs/include/key_event_msgs/key_event_msgs/msg/key_event.hpp
[0.579s] -- Up-to-date: /home/kousei/HaruRobo2024_ws/ros2_ws/install/key_event_msgs/include/key_event_msgs/key_event_msgs/msg/detail
[0.579s] -- Up-to-date: /home/kousei/HaruRobo2024_ws/ros2_ws/install/key_event_msgs/include/key_event_msgs/key_event_msgs/msg/detail/key_event__traits.hpp
[0.580s] -- Up-to-date: /home/kousei/HaruRobo2024_ws/ros2_ws/install/key_event_msgs/include/key_event_msgs/key_event_msgs/msg/detail/key_event__struct.hpp
[0.580s] -- Up-to-date: /home/kousei/HaruRobo2024_ws/ros2_ws/install/key_event_msgs/include/key_event_msgs/key_event_msgs/msg/detail/key_event__builder.hpp
[0.580s] -- Up-to-date: /home/kousei/HaruRobo2024_ws/ros2_ws/install/key_event_msgs/include/key_event_msgs/key_event_msgs
[0.580s] -- Up-to-date: /home/kousei/HaruRobo2024_ws/ros2_ws/install/key_event_msgs/include/key_event_msgs/key_event_msgs/msg
[0.580s] -- Up-to-date: /home/kousei/HaruRobo2024_ws/ros2_ws/install/key_event_msgs/include/key_event_msgs/key_event_msgs/msg/detail
[0.580s] -- Up-to-date: /home/kousei/HaruRobo2024_ws/ros2_ws/install/key_event_msgs/include/key_event_msgs/key_event_msgs/msg/detail/dds_fastrtps
[0.580s] -- Up-to-date: /home/kousei/HaruRobo2024_ws/ros2_ws/install/key_event_msgs/include/key_event_msgs/key_event_msgs/msg/detail/key_event__rosidl_typesupport_fastrtps_cpp.hpp
[0.580s] -- Up-to-date: /home/kousei/HaruRobo2024_ws/ros2_ws/install/key_event_msgs/include/key_event_msgs/key_event_msgs/msg/rosidl_typesupport_fastrtps_cpp__visibility_control.h
[0.581s] -- Up-to-date: /home/kousei/HaruRobo2024_ws/ros2_ws/install/key_event_msgs/lib/libkey_event_msgs__rosidl_typesupport_fastrtps_cpp.so
[0.581s] -- Up-to-date: /home/kousei/HaruRobo2024_ws/ros2_ws/install/key_event_msgs/include/key_event_msgs/key_event_msgs
[0.581s] -- Up-to-date: /home/kousei/HaruRobo2024_ws/ros2_ws/install/key_event_msgs/include/key_event_msgs/key_event_msgs/msg
[0.581s] -- Up-to-date: /home/kousei/HaruRobo2024_ws/ros2_ws/install/key_event_msgs/include/key_event_msgs/key_event_msgs/msg/detail
[0.581s] -- Up-to-date: /home/kousei/HaruRobo2024_ws/ros2_ws/install/key_event_msgs/include/key_event_msgs/key_event_msgs/msg/detail/key_event__rosidl_typesupport_introspection_cpp.hpp
[0.581s] -- Up-to-date: /home/kousei/HaruRobo2024_ws/ros2_ws/install/key_event_msgs/include/key_event_msgs/key_event_msgs/msg/detail/key_event__type_support.cpp
[0.581s] -- Up-to-date: /home/kousei/HaruRobo2024_ws/ros2_ws/install/key_event_msgs/lib/libkey_event_msgs__rosidl_typesupport_introspection_cpp.so
[0.582s] -- Up-to-date: /home/kousei/HaruRobo2024_ws/ros2_ws/install/key_event_msgs/lib/libkey_event_msgs__rosidl_typesupport_cpp.so
[0.582s] -- Up-to-date: /home/kousei/HaruRobo2024_ws/ros2_ws/install/key_event_msgs/share/key_event_msgs/environment/pythonpath.sh
[0.582s] -- Up-to-date: /home/kousei/HaruRobo2024_ws/ros2_ws/install/key_event_msgs/share/key_event_msgs/environment/pythonpath.dsv
[0.582s] -- Up-to-date: /home/kousei/HaruRobo2024_ws/ros2_ws/install/key_event_msgs/local/lib/python3.10/dist-packages/key_event_msgs-0.0.0-py3.10.egg-info
[0.582s] -- Installing: /home/kousei/HaruRobo2024_ws/ros2_ws/install/key_event_msgs/local/lib/python3.10/dist-packages/key_event_msgs-0.0.0-py3.10.egg-info/dependency_links.txt
[0.582s] -- Installing: /home/kousei/HaruRobo2024_ws/ros2_ws/install/key_event_msgs/local/lib/python3.10/dist-packages/key_event_msgs-0.0.0-py3.10.egg-info/SOURCES.txt
[0.582s] -- Installing: /home/kousei/HaruRobo2024_ws/ros2_ws/install/key_event_msgs/local/lib/python3.10/dist-packages/key_event_msgs-0.0.0-py3.10.egg-info/top_level.txt
[0.582s] -- Installing: /home/kousei/HaruRobo2024_ws/ros2_ws/install/key_event_msgs/local/lib/python3.10/dist-packages/key_event_msgs-0.0.0-py3.10.egg-info/PKG-INFO
[0.582s] -- Up-to-date: /home/kousei/HaruRobo2024_ws/ros2_ws/install/key_event_msgs/local/lib/python3.10/dist-packages/key_event_msgs
[0.582s] -- Up-to-date: /home/kousei/HaruRobo2024_ws/ros2_ws/install/key_event_msgs/local/lib/python3.10/dist-packages/key_event_msgs/_key_event_msgs_s.ep.rosidl_typesupport_introspection_c.c
[0.583s] -- Up-to-date: /home/kousei/HaruRobo2024_ws/ros2_ws/install/key_event_msgs/local/lib/python3.10/dist-packages/key_event_msgs/__init__.py
[0.583s] -- Up-to-date: /home/kousei/HaruRobo2024_ws/ros2_ws/install/key_event_msgs/local/lib/python3.10/dist-packages/key_event_msgs/key_event_msgs_s__rosidl_typesupport_c.cpython-310-x86_64-linux-gnu.so
[0.583s] -- Up-to-date: /home/kousei/HaruRobo2024_ws/ros2_ws/install/key_event_msgs/local/lib/python3.10/dist-packages/key_event_msgs/_key_event_msgs_s.ep.rosidl_typesupport_c.c
[0.583s] -- Up-to-date: /home/kousei/HaruRobo2024_ws/ros2_ws/install/key_event_msgs/local/lib/python3.10/dist-packages/key_event_msgs/key_event_msgs_s__rosidl_typesupport_introspection_c.cpython-310-x86_64-linux-gnu.so
[0.583s] -- Up-to-date: /home/kousei/HaruRobo2024_ws/ros2_ws/install/key_event_msgs/local/lib/python3.10/dist-packages/key_event_msgs/_key_event_msgs_s.ep.rosidl_typesupport_fastrtps_c.c
[0.583s] -- Up-to-date: /home/kousei/HaruRobo2024_ws/ros2_ws/install/key_event_msgs/local/lib/python3.10/dist-packages/key_event_msgs/msg
[0.583s] -- Up-to-date: /home/kousei/HaruRobo2024_ws/ros2_ws/install/key_event_msgs/local/lib/python3.10/dist-packages/key_event_msgs/msg/__init__.py
[0.583s] -- Up-to-date: /home/kousei/HaruRobo2024_ws/ros2_ws/install/key_event_msgs/local/lib/python3.10/dist-packages/key_event_msgs/msg/_key_event_s.c
[0.583s] -- Up-to-date: /home/kousei/HaruRobo2024_ws/ros2_ws/install/key_event_msgs/local/lib/python3.10/dist-packages/key_event_msgs/msg/_key_event.py
[0.583s] -- Up-to-date: /home/kousei/HaruRobo2024_ws/ros2_ws/install/key_event_msgs/local/lib/python3.10/dist-packages/key_event_msgs/key_event_msgs_s__rosidl_typesupport_fastrtps_c.cpython-310-x86_64-linux-gnu.so
[0.583s] -- Up-to-date: /home/kousei/HaruRobo2024_ws/ros2_ws/install/key_event_msgs/local/lib/python3.10/dist-packages/key_event_msgs/libkey_event_msgs__rosidl_generator_py.so
[0.611s] Listing '/home/kousei/HaruRobo2024_ws/ros2_ws/install/key_event_msgs/local/lib/python3.10/dist-packages/key_event_msgs'...
[0.611s] Listing '/home/kousei/HaruRobo2024_ws/ros2_ws/install/key_event_msgs/local/lib/python3.10/dist-packages/key_event_msgs/msg'...
[0.614s] -- Up-to-date: /home/kousei/HaruRobo2024_ws/ros2_ws/install/key_event_msgs/local/lib/python3.10/dist-packages/key_event_msgs/key_event_msgs_s__rosidl_typesupport_fastrtps_c.cpython-310-x86_64-linux-gnu.so
[0.614s] -- Up-to-date: /home/kousei/HaruRobo2024_ws/ros2_ws/install/key_event_msgs/local/lib/python3.10/dist-packages/key_event_msgs/key_event_msgs_s__rosidl_typesupport_introspection_c.cpython-310-x86_64-linux-gnu.so
[0.615s] -- Up-to-date: /home/kousei/HaruRobo2024_ws/ros2_ws/install/key_event_msgs/local/lib/python3.10/dist-packages/key_event_msgs/key_event_msgs_s__rosidl_typesupport_c.cpython-310-x86_64-linux-gnu.so
[0.615s] -- Up-to-date: /home/kousei/HaruRobo2024_ws/ros2_ws/install/key_event_msgs/lib/libkey_event_msgs__rosidl_generator_py.so
[0.615s] -- Up-to-date: /home/kousei/HaruRobo2024_ws/ros2_ws/install/key_event_msgs/share/key_event_msgs/msg/KeyEvent.idl
[0.615s] -- Up-to-date: /home/kousei/HaruRobo2024_ws/ros2_ws/install/key_event_msgs/share/key_event_msgs/msg/KeyEvent.msg
[0.615s] -- Up-to-date: /home/kousei/HaruRobo2024_ws/ros2_ws/install/key_event_msgs/share/ament_index/resource_index/package_run_dependencies/key_event_msgs
[0.616s] -- Up-to-date: /home/kousei/HaruRobo2024_ws/ros2_ws/install/key_event_msgs/share/ament_index/resource_index/parent_prefix_path/key_event_msgs
[0.616s] -- Up-to-date: /home/kousei/HaruRobo2024_ws/ros2_ws/install/key_event_msgs/share/key_event_msgs/environment/ament_prefix_path.sh
[0.616s] -- Up-to-date: /home/kousei/HaruRobo2024_ws/ros2_ws/install/key_event_msgs/share/key_event_msgs/environment/ament_prefix_path.dsv
[0.616s] -- Up-to-date: /home/kousei/HaruRobo2024_ws/ros2_ws/install/key_event_msgs/share/key_event_msgs/environment/path.sh
[0.616s] -- Up-to-date: /home/kousei/HaruRobo2024_ws/ros2_ws/install/key_event_msgs/share/key_event_msgs/environment/path.dsv
[0.616s] -- Up-to-date: /home/kousei/HaruRobo2024_ws/ros2_ws/install/key_event_msgs/share/key_event_msgs/local_setup.bash
[0.616s] -- Up-to-date: /home/kousei/HaruRobo2024_ws/ros2_ws/install/key_event_msgs/share/key_event_msgs/local_setup.sh
[0.616s] -- Up-to-date: /home/kousei/HaruRobo2024_ws/ros2_ws/install/key_event_msgs/share/key_event_msgs/local_setup.zsh
[0.616s] -- Up-to-date: /home/kousei/HaruRobo2024_ws/ros2_ws/install/key_event_msgs/share/key_event_msgs/local_setup.dsv
[0.617s] -- Installing: /home/kousei/HaruRobo2024_ws/ros2_ws/install/key_event_msgs/share/key_event_msgs/package.dsv
[0.617s] -- Up-to-date: /home/kousei/HaruRobo2024_ws/ros2_ws/install/key_event_msgs/share/ament_index/resource_index/packages/key_event_msgs
[0.617s] -- Up-to-date: /home/kousei/HaruRobo2024_ws/ros2_ws/install/key_event_msgs/share/key_event_msgs/cmake/export_key_event_msgs__rosidl_generator_cExport.cmake
[0.617s] -- Up-to-date: /home/kousei/HaruRobo2024_ws/ros2_ws/install/key_event_msgs/share/key_event_msgs/cmake/export_key_event_msgs__rosidl_generator_cExport-noconfig.cmake
[0.617s] -- Up-to-date: /home/kousei/HaruRobo2024_ws/ros2_ws/install/key_event_msgs/share/key_event_msgs/cmake/export_key_event_msgs__rosidl_typesupport_fastrtps_cExport.cmake
[0.617s] -- Up-to-date: /home/kousei/HaruRobo2024_ws/ros2_ws/install/key_event_msgs/share/key_event_msgs/cmake/export_key_event_msgs__rosidl_typesupport_fastrtps_cExport-noconfig.cmake
[0.617s] -- Up-to-date: /home/kousei/HaruRobo2024_ws/ros2_ws/install/key_event_msgs/share/key_event_msgs/cmake/key_event_msgs__rosidl_typesupport_introspection_cExport.cmake
[0.618s] -- Up-to-date: /home/kousei/HaruRobo2024_ws/ros2_ws/install/key_event_msgs/share/key_event_msgs/cmake/key_event_msgs__rosidl_typesupport_introspection_cExport-noconfig.cmake
[0.618s] -- Up-to-date: /home/kousei/HaruRobo2024_ws/ros2_ws/install/key_event_msgs/share/key_event_msgs/cmake/key_event_msgs__rosidl_typesupport_cExport.cmake
[0.618s] -- Up-to-date: /home/kousei/HaruRobo2024_ws/ros2_ws/install/key_event_msgs/share/key_event_msgs/cmake/key_event_msgs__rosidl_typesupport_cExport-noconfig.cmake
[0.618s] -- Up-to-date: /home/kousei/HaruRobo2024_ws/ros2_ws/install/key_event_msgs/share/key_event_msgs/cmake/export_key_event_msgs__rosidl_generator_cppExport.cmake
[0.618s] -- Up-to-date: /home/kousei/HaruRobo2024_ws/ros2_ws/install/key_event_msgs/share/key_event_msgs/cmake/export_key_event_msgs__rosidl_typesupport_fastrtps_cppExport.cmake
[0.618s] -- Up-to-date: /home/kousei/HaruRobo2024_ws/ros2_ws/install/key_event_msgs/share/key_event_msgs/cmake/export_key_event_msgs__rosidl_typesupport_fastrtps_cppExport-noconfig.cmake
[0.618s] -- Up-to-date: /home/kousei/HaruRobo2024_ws/ros2_ws/install/key_event_msgs/share/key_event_msgs/cmake/key_event_msgs__rosidl_typesupport_introspection_cppExport.cmake
[0.618s] -- Up-to-date: /home/kousei/HaruRobo2024_ws/ros2_ws/install/key_event_msgs/share/key_event_msgs/cmake/key_event_msgs__rosidl_typesupport_introspection_cppExport-noconfig.cmake
[0.618s] -- Up-to-date: /home/kousei/HaruRobo2024_ws/ros2_ws/install/key_event_msgs/share/key_event_msgs/cmake/key_event_msgs__rosidl_typesupport_cppExport.cmake
[0.618s] -- Up-to-date: /home/kousei/HaruRobo2024_ws/ros2_ws/install/key_event_msgs/share/key_event_msgs/cmake/key_event_msgs__rosidl_typesupport_cppExport-noconfig.cmake
[0.618s] -- Up-to-date: /home/kousei/HaruRobo2024_ws/ros2_ws/install/key_event_msgs/share/key_event_msgs/cmake/export_key_event_msgs__rosidl_generator_pyExport.cmake
[0.618s] -- Up-to-date: /home/kousei/HaruRobo2024_ws/ros2_ws/install/key_event_msgs/share/key_event_msgs/cmake/export_key_event_msgs__rosidl_generator_pyExport-noconfig.cmake
[0.618s] -- Up-to-date: /home/kousei/HaruRobo2024_ws/ros2_ws/install/key_event_msgs/share/key_event_msgs/cmake/rosidl_cmake-extras.cmake
[0.618s] -- Up-to-date: /home/kousei/HaruRobo2024_ws/ros2_ws/install/key_event_msgs/share/key_event_msgs/cmake/ament_cmake_export_include_directories-extras.cmake
[0.618s] -- Up-to-date: /home/kousei/HaruRobo2024_ws/ros2_ws/install/key_event_msgs/share/key_event_msgs/cmake/ament_cmake_export_libraries-extras.cmake
[0.618s] -- Up-to-date: /home/kousei/HaruRobo2024_ws/ros2_ws/install/key_event_msgs/share/key_event_msgs/cmake/ament_cmake_export_targets-extras.cmake
[0.618s] -- Up-to-date: /home/kousei/HaruRobo2024_ws/ros2_ws/install/key_event_msgs/share/key_event_msgs/cmake/rosidl_cmake_export_typesupport_targets-extras.cmake
[0.618s] -- Up-to-date: /home/kousei/HaruRobo2024_ws/ros2_ws/install/key_event_msgs/share/key_event_msgs/cmake/ament_cmake_export_dependencies-extras.cmake
[0.619s] -- Up-to-date: /home/kousei/HaruRobo2024_ws/ros2_ws/install/key_event_msgs/share/key_event_msgs/cmake/rosidl_cmake_export_typesupport_libraries-extras.cmake
[0.619s] -- Up-to-date: /home/kousei/HaruRobo2024_ws/ros2_ws/install/key_event_msgs/share/key_event_msgs/cmake/key_event_msgsConfig.cmake
[0.619s] -- Up-to-date: /home/kousei/HaruRobo2024_ws/ros2_ws/install/key_event_msgs/share/key_event_msgs/cmake/key_event_msgsConfig-version.cmake
[0.619s] -- Up-to-date: /home/kousei/HaruRobo2024_ws/ros2_ws/install/key_event_msgs/share/key_event_msgs/package.xml
[0.622s] Invoked command in '/home/kousei/HaruRobo2024_ws/ros2_ws/build/key_event_msgs' returned '0': CMAKE_PREFIX_PATH=${CMAKE_PREFIX_PATH}:/opt/ros/humble /usr/bin/cmake --install /home/kousei/HaruRobo2024_ws/ros2_ws/build/key_event_msgs
