[0.048s] Invoking command in '/home/kousei/HaruRobo2024_ws/ros2_ws/build/urg_node2': CMAKE_PREFIX_PATH=${CMAKE_PREFIX_PATH}:/opt/ros/humble /usr/bin/cmake /home/kousei/HaruRobo2024_ws/ros2_ws/src/urg_node2 -DCMAKE_INSTALL_PREFIX=/home/kousei/HaruRobo2024_ws/ros2_ws/install/urg_node2
[0.085s] -- The C compiler identification is GNU 11.4.0
[0.124s] -- The CXX compiler identification is GNU 11.4.0
[0.130s] -- Detecting C compiler ABI info
[0.178s] -- Detecting C compiler ABI info - done
[0.183s] -- Check for working C compiler: /usr/bin/cc - skipped
[0.183s] -- Detecting C compile features
[0.184s] -- Detecting C compile features - done
[0.186s] -- Detecting CXX compiler ABI info
[0.242s] -- Detecting CXX compiler ABI info - done
[0.248s] -- Check for working CXX compiler: /usr/bin/c++ - skipped
[0.248s] -- Detecting CXX compile features
[0.248s] -- Detecting CXX compile features - done
[0.256s] -- Found ament_cmake: 1.3.7 (/opt/ros/humble/share/ament_cmake/cmake)
[0.393s] -- Found Python3: /usr/bin/python3.10 (found version "3.10.12") found components: Interpreter 
[0.484s] -- Found rclcpp: 16.0.8 (/opt/ros/humble/share/rclcpp/cmake)
[0.523s] -- Found rosidl_generator_c: 3.1.5 (/opt/ros/humble/share/rosidl_generator_c/cmake)
[0.528s] -- Found rosidl_adapter: 3.1.5 (/opt/ros/humble/share/rosidl_adapter/cmake)
[0.535s] -- Found rosidl_generator_cpp: 3.1.5 (/opt/ros/humble/share/rosidl_generator_cpp/cmake)
[0.548s] -- Using all available rosidl_typesupport_c: rosidl_typesupport_fastrtps_c;rosidl_typesupport_introspection_c
[0.564s] -- Using all available rosidl_typesupport_cpp: rosidl_typesupport_fastrtps_cpp;rosidl_typesupport_introspection_cpp
[0.622s] -- Found rmw_implementation_cmake: 6.1.1 (/opt/ros/humble/share/rmw_implementation_cmake/cmake)
[0.624s] -- Found rmw_fastrtps_cpp: 6.2.6 (/opt/ros/humble/share/rmw_fastrtps_cpp/cmake)
[0.704s] -- Found OpenSSL: /usr/lib/x86_64-linux-gnu/libcrypto.so (found version "3.0.2")  
[0.728s] -- Found FastRTPS: /opt/ros/humble/include  
[0.764s] -- Using RMW implementation 'rmw_fastrtps_cpp' as default
[0.773s] -- Looking for pthread.h
[0.822s] -- Looking for pthread.h - found
[0.822s] -- Performing Test CMAKE_HAVE_LIBC_PTHREAD
[0.873s] -- Performing Test CMAKE_HAVE_LIBC_PTHREAD - Success
[0.874s] -- Found Threads: TRUE  
[0.991s] -- Found rclcpp_components: 16.0.8 (/opt/ros/humble/share/rclcpp_components/cmake)
[1.042s] -- Found rclcpp_lifecycle: 16.0.8 (/opt/ros/humble/share/rclcpp_lifecycle/cmake)
[1.073s] -- Found sensor_msgs: 4.2.3 (/opt/ros/humble/share/sensor_msgs/cmake)
[1.161s] -- Found diagnostic_updater: 3.1.2 (/opt/ros/humble/share/diagnostic_updater/cmake)
[1.211s] -- Found laser_proc: 1.0.2 (/opt/ros/humble/share/laser_proc/cmake)
[1.228s] -- Found ament_cmake_gtest: 1.3.7 (/opt/ros/humble/share/ament_cmake_gtest/cmake)
[1.231s] -- Found gtest sources under '/opt/ros/humble/src/gtest_vendor': C++ tests using 'Google Test' will be built
[1.292s] -- Configuring done
[1.322s] -- Generating done
[1.324s] -- Build files have been written to: /home/kousei/HaruRobo2024_ws/ros2_ws/build/urg_node2
[1.333s] Invoked command in '/home/kousei/HaruRobo2024_ws/ros2_ws/build/urg_node2' returned '0': CMAKE_PREFIX_PATH=${CMAKE_PREFIX_PATH}:/opt/ros/humble /usr/bin/cmake /home/kousei/HaruRobo2024_ws/ros2_ws/src/urg_node2 -DCMAKE_INSTALL_PREFIX=/home/kousei/HaruRobo2024_ws/ros2_ws/install/urg_node2
[1.334s] Invoking command in '/home/kousei/HaruRobo2024_ws/ros2_ws/build/urg_node2': CMAKE_PREFIX_PATH=${CMAKE_PREFIX_PATH}:/opt/ros/humble /usr/bin/cmake --build /home/kousei/HaruRobo2024_ws/ros2_ws/build/urg_node2 -- -j16 -l16
[1.373s] [35m[1mConsolidate compiler generated dependencies of target urg_c[0m
[1.376s] [35m[1mConsolidate compiler generated dependencies of target gtest_main[0m
[1.376s] [35m[1mConsolidate compiler generated dependencies of target gtest[0m
[1.377s] [35m[1mConsolidate compiler generated dependencies of target urg_node2_node[0m
[1.383s] [ 45%] Built target urg_c
[1.390s] [ 50%] [32mBuilding CXX object gtest/CMakeFiles/gtest_main.dir/src/gtest_main.cc.o[0m
[1.391s] [ 55%] [32mBuilding CXX object gtest/CMakeFiles/gtest.dir/src/gtest-all.cc.o[0m
[1.391s] [35m[1mConsolidate compiler generated dependencies of target urg_node2[0m
[1.396s] [ 65%] Built target urg_node2_node
[1.405s] [ 75%] Built target urg_node2
[2.044s] [ 80%] [32m[1mLinking CXX static library libgtest_main.a[0m
[2.258s] [ 80%] Built target gtest_main
[3.409s] [ 85%] [32m[1mLinking CXX static library libgtest.a[0m
[3.475s] [ 85%] Built target gtest
[3.485s] [35m[1mConsolidate compiler generated dependencies of target urg_node2_test[0m
[3.501s] [ 90%] [32mBuilding CXX object CMakeFiles/urg_node2_test.dir/src/urg_node2.cpp.o[0m
[3.501s] [ 95%] [32mBuilding CXX object CMakeFiles/urg_node2_test.dir/test/urg_node2_test.cpp.o[0m
[11.133s] [100%] [32m[1mLinking CXX executable urg_node2_test[0m
[11.650s] [100%] Built target urg_node2_test
[11.660s] Invoked command in '/home/kousei/HaruRobo2024_ws/ros2_ws/build/urg_node2' returned '0': CMAKE_PREFIX_PATH=${CMAKE_PREFIX_PATH}:/opt/ros/humble /usr/bin/cmake --build /home/kousei/HaruRobo2024_ws/ros2_ws/build/urg_node2 -- -j16 -l16
[11.699s] Invoking command in '/home/kousei/HaruRobo2024_ws/ros2_ws/build/urg_node2': CMAKE_PREFIX_PATH=${CMAKE_PREFIX_PATH}:/opt/ros/humble /usr/bin/cmake --install /home/kousei/HaruRobo2024_ws/ros2_ws/build/urg_node2
[11.704s] -- Install configuration: ""
[11.704s] -- Up-to-date: /home/kousei/HaruRobo2024_ws/ros2_ws/install/urg_node2/lib/urg_node2/urg_node2_node
[11.704s] -- Up-to-date: /home/kousei/HaruRobo2024_ws/ros2_ws/install/urg_node2/lib/liburg_node2.so
[11.704s] -- Up-to-date: /home/kousei/HaruRobo2024_ws/ros2_ws/install/urg_node2/lib/liburg_c.so
[11.705s] -- Up-to-date: /home/kousei/HaruRobo2024_ws/ros2_ws/install/urg_node2/share/urg_node2/launch
[11.705s] -- Up-to-date: /home/kousei/HaruRobo2024_ws/ros2_ws/install/urg_node2/share/urg_node2/launch/urg_node2.launch.py
[11.705s] -- Up-to-date: /home/kousei/HaruRobo2024_ws/ros2_ws/install/urg_node2/share/urg_node2/launch/urg_node2_component.launch.py
[11.705s] -- Up-to-date: /home/kousei/HaruRobo2024_ws/ros2_ws/install/urg_node2/share/urg_node2/launch/urg_node2_2lidar.launch.py
[11.705s] -- Up-to-date: /home/kousei/HaruRobo2024_ws/ros2_ws/install/urg_node2/share/urg_node2/config
[11.705s] -- Up-to-date: /home/kousei/HaruRobo2024_ws/ros2_ws/install/urg_node2/share/urg_node2/config/params_ether.yaml
[11.705s] -- Up-to-date: /home/kousei/HaruRobo2024_ws/ros2_ws/install/urg_node2/share/urg_node2/config/params_ether_2nd.yaml
[11.705s] -- Up-to-date: /home/kousei/HaruRobo2024_ws/ros2_ws/install/urg_node2/share/urg_node2/config/params_serial.yaml
[11.705s] -- Up-to-date: /home/kousei/HaruRobo2024_ws/ros2_ws/install/urg_node2/share/ament_index/resource_index/package_run_dependencies/urg_node2
[11.705s] -- Installing: /home/kousei/HaruRobo2024_ws/ros2_ws/install/urg_node2/share/ament_index/resource_index/parent_prefix_path/urg_node2
[11.705s] -- Up-to-date: /home/kousei/HaruRobo2024_ws/ros2_ws/install/urg_node2/share/urg_node2/environment/ament_prefix_path.sh
[11.705s] -- Installing: /home/kousei/HaruRobo2024_ws/ros2_ws/install/urg_node2/share/urg_node2/environment/ament_prefix_path.dsv
[11.705s] -- Up-to-date: /home/kousei/HaruRobo2024_ws/ros2_ws/install/urg_node2/share/urg_node2/environment/path.sh
[11.705s] -- Installing: /home/kousei/HaruRobo2024_ws/ros2_ws/install/urg_node2/share/urg_node2/environment/path.dsv
[11.706s] -- Up-to-date: /home/kousei/HaruRobo2024_ws/ros2_ws/install/urg_node2/share/urg_node2/local_setup.bash
[11.706s] -- Up-to-date: /home/kousei/HaruRobo2024_ws/ros2_ws/install/urg_node2/share/urg_node2/local_setup.sh
[11.706s] -- Up-to-date: /home/kousei/HaruRobo2024_ws/ros2_ws/install/urg_node2/share/urg_node2/local_setup.zsh
[11.706s] -- Installing: /home/kousei/HaruRobo2024_ws/ros2_ws/install/urg_node2/share/urg_node2/local_setup.dsv
[11.706s] -- Installing: /home/kousei/HaruRobo2024_ws/ros2_ws/install/urg_node2/share/urg_node2/package.dsv
[11.707s] -- Up-to-date: /home/kousei/HaruRobo2024_ws/ros2_ws/install/urg_node2/share/ament_index/resource_index/packages/urg_node2
[11.707s] -- Up-to-date: /home/kousei/HaruRobo2024_ws/ros2_ws/install/urg_node2/share/ament_index/resource_index/rclcpp_components/urg_node2
[11.707s] -- Up-to-date: /home/kousei/HaruRobo2024_ws/ros2_ws/install/urg_node2/share/urg_node2/cmake/urg_node2Config.cmake
[11.707s] -- Up-to-date: /home/kousei/HaruRobo2024_ws/ros2_ws/install/urg_node2/share/urg_node2/cmake/urg_node2Config-version.cmake
[11.707s] -- Up-to-date: /home/kousei/HaruRobo2024_ws/ros2_ws/install/urg_node2/share/urg_node2/package.xml
[11.708s] Invoked command in '/home/kousei/HaruRobo2024_ws/ros2_ws/build/urg_node2' returned '0': CMAKE_PREFIX_PATH=${CMAKE_PREFIX_PATH}:/opt/ros/humble /usr/bin/cmake --install /home/kousei/HaruRobo2024_ws/ros2_ws/build/urg_node2
