[0.215s] Invoking command in '/home/kousei/HaruRobo2024_ws/ros2_ws/build/manip': CMAKE_PREFIX_PATH=/home/kousei/HaruRobo2024_ws/ros2_ws/install/manip_msgs:/home/kousei/HaruRobo2024_ws/ros2_ws/install/urg_node2:/home/kousei/HaruRobo2024_ws/ros2_ws/install/path_following:/home/kousei/HaruRobo2024_ws/ros2_ws/install/omni_control:/home/kousei/HaruRobo2024_ws/ros2_ws/install/bt:/home/kousei/HaruRobo2024_ws/ros2_ws/install/manip:/home/kousei/HaruRobo2024_ws/ros2_ws/install/key_event_nodes:/home/kousei/HaruRobo2024_ws/ros2_ws/install/key_event_msgs:/home/kousei/HaruRobo2024_ws/ros2_ws/install/drive_msgs:/home/kousei/2DRoboPrac_ws/ros2_ws/install/urg_node2:/home/kousei/2DRoboPrac_ws/ros2_ws/install/omni_control:/home/kousei/2DRoboPrac_ws/ros2_ws/install/nav_real:/home/kousei/2DRoboPrac_ws/ros2_ws/install/nav_dev:/home/kousei/2DRoboPrac_ws/ros2_ws/install/key_event_nodes:/home/kousei/2DRoboPrac_ws/ros2_ws/install/key_event_msgs:/home/kousei/2DRoboPrac_ws/ros2_ws/install/drive_msgs:/opt/ros/humble LD_LIBRARY_PATH=/home/kousei/HaruRobo2024_ws/ros2_ws/install/manip_msgs/lib:/home/kousei/HaruRobo2024_ws/ros2_ws/install/urg_node2/lib:/home/kousei/HaruRobo2024_ws/ros2_ws/install/path_following/lib:/home/kousei/HaruRobo2024_ws/ros2_ws/install/manip/lib:/home/kousei/HaruRobo2024_ws/ros2_ws/install/key_event_nodes/lib:/home/kousei/HaruRobo2024_ws/ros2_ws/install/key_event_msgs/lib:/home/kousei/HaruRobo2024_ws/ros2_ws/install/drive_msgs/lib:/usr/local/lib:/usr/local/lib:/home/kousei/2DRoboPrac_ws/ros2_ws/install/urg_node2/lib:/home/kousei/2DRoboPrac_ws/ros2_ws/install/key_event_nodes/lib:/home/kousei/2DRoboPrac_ws/ros2_ws/install/key_event_msgs/lib:/home/kousei/2DRoboPrac_ws/ros2_ws/install/drive_msgs/lib:/usr/lib/x86_64-linux-gnu/gazebo-11/plugins:/opt/ros/humble/opt/rviz_ogre_vendor/lib:/opt/ros/humble/lib/x86_64-linux-gnu:/opt/ros/humble/lib /usr/bin/cmake --build /home/kousei/HaruRobo2024_ws/ros2_ws/build/manip -- -j16 -l16
[0.253s] [  2%] Built target manip__cpp
[0.274s] [ 11%] Built target manip__rosidl_generator_c
[0.337s] [ 11%] Built target ament_cmake_python_copy_manip
[0.386s] [ 20%] Built target manip__rosidl_typesupport_cpp
[0.406s] [ 28%] Built target manip__rosidl_typesupport_introspection_cpp
[0.423s] [ 37%] Built target manip__rosidl_typesupport_fastrtps_cpp
[0.459s] [ 45%] Built target manip__rosidl_typesupport_c
[0.467s] [ 54%] Built target manip__rosidl_typesupport_introspection_c
[0.468s] [ 62%] Built target manip__rosidl_typesupport_fastrtps_c
[0.588s] [ 68%] Built target manip_joy_node
[0.602s] [ 68%] Built target manip
[0.606s] [ 74%] Built target manip_control_node
[0.754s] [ 77%] Built target manip__py
[0.910s] [ 82%] Built target manip__rosidl_generator_py
[1.060s] [ 88%] Built target manip__rosidl_typesupport_fastrtps_c__pyext
[1.086s] [ 94%] Built target manip__rosidl_typesupport_introspection_c__pyext
[1.091s] [100%] Built target manip__rosidl_typesupport_c__pyext
[1.553s] running egg_info
[1.553s] writing manip.egg-info/PKG-INFO
[1.554s] writing dependency_links to manip.egg-info/dependency_links.txt
[1.554s] writing top-level names to manip.egg-info/top_level.txt
[1.555s] reading manifest file 'manip.egg-info/SOURCES.txt'
[1.556s] writing manifest file 'manip.egg-info/SOURCES.txt'
[1.575s] [100%] Built target ament_cmake_python_build_manip_egg
[1.602s] Invoked command in '/home/kousei/HaruRobo2024_ws/ros2_ws/build/manip' returned '0': CMAKE_PREFIX_PATH=/home/kousei/HaruRobo2024_ws/ros2_ws/install/manip_msgs:/home/kousei/HaruRobo2024_ws/ros2_ws/install/urg_node2:/home/kousei/HaruRobo2024_ws/ros2_ws/install/path_following:/home/kousei/HaruRobo2024_ws/ros2_ws/install/omni_control:/home/kousei/HaruRobo2024_ws/ros2_ws/install/bt:/home/kousei/HaruRobo2024_ws/ros2_ws/install/manip:/home/kousei/HaruRobo2024_ws/ros2_ws/install/key_event_nodes:/home/kousei/HaruRobo2024_ws/ros2_ws/install/key_event_msgs:/home/kousei/HaruRobo2024_ws/ros2_ws/install/drive_msgs:/home/kousei/2DRoboPrac_ws/ros2_ws/install/urg_node2:/home/kousei/2DRoboPrac_ws/ros2_ws/install/omni_control:/home/kousei/2DRoboPrac_ws/ros2_ws/install/nav_real:/home/kousei/2DRoboPrac_ws/ros2_ws/install/nav_dev:/home/kousei/2DRoboPrac_ws/ros2_ws/install/key_event_nodes:/home/kousei/2DRoboPrac_ws/ros2_ws/install/key_event_msgs:/home/kousei/2DRoboPrac_ws/ros2_ws/install/drive_msgs:/opt/ros/humble LD_LIBRARY_PATH=/home/kousei/HaruRobo2024_ws/ros2_ws/install/manip_msgs/lib:/home/kousei/HaruRobo2024_ws/ros2_ws/install/urg_node2/lib:/home/kousei/HaruRobo2024_ws/ros2_ws/install/path_following/lib:/home/kousei/HaruRobo2024_ws/ros2_ws/install/manip/lib:/home/kousei/HaruRobo2024_ws/ros2_ws/install/key_event_nodes/lib:/home/kousei/HaruRobo2024_ws/ros2_ws/install/key_event_msgs/lib:/home/kousei/HaruRobo2024_ws/ros2_ws/install/drive_msgs/lib:/usr/local/lib:/usr/local/lib:/home/kousei/2DRoboPrac_ws/ros2_ws/install/urg_node2/lib:/home/kousei/2DRoboPrac_ws/ros2_ws/install/key_event_nodes/lib:/home/kousei/2DRoboPrac_ws/ros2_ws/install/key_event_msgs/lib:/home/kousei/2DRoboPrac_ws/ros2_ws/install/drive_msgs/lib:/usr/lib/x86_64-linux-gnu/gazebo-11/plugins:/opt/ros/humble/opt/rviz_ogre_vendor/lib:/opt/ros/humble/lib/x86_64-linux-gnu:/opt/ros/humble/lib /usr/bin/cmake --build /home/kousei/HaruRobo2024_ws/ros2_ws/build/manip -- -j16 -l16
[1.655s] Invoking command in '/home/kousei/HaruRobo2024_ws/ros2_ws/build/manip': CMAKE_PREFIX_PATH=/home/kousei/HaruRobo2024_ws/ros2_ws/install/manip_msgs:/home/kousei/HaruRobo2024_ws/ros2_ws/install/urg_node2:/home/kousei/HaruRobo2024_ws/ros2_ws/install/path_following:/home/kousei/HaruRobo2024_ws/ros2_ws/install/omni_control:/home/kousei/HaruRobo2024_ws/ros2_ws/install/bt:/home/kousei/HaruRobo2024_ws/ros2_ws/install/manip:/home/kousei/HaruRobo2024_ws/ros2_ws/install/key_event_nodes:/home/kousei/HaruRobo2024_ws/ros2_ws/install/key_event_msgs:/home/kousei/HaruRobo2024_ws/ros2_ws/install/drive_msgs:/home/kousei/2DRoboPrac_ws/ros2_ws/install/urg_node2:/home/kousei/2DRoboPrac_ws/ros2_ws/install/omni_control:/home/kousei/2DRoboPrac_ws/ros2_ws/install/nav_real:/home/kousei/2DRoboPrac_ws/ros2_ws/install/nav_dev:/home/kousei/2DRoboPrac_ws/ros2_ws/install/key_event_nodes:/home/kousei/2DRoboPrac_ws/ros2_ws/install/key_event_msgs:/home/kousei/2DRoboPrac_ws/ros2_ws/install/drive_msgs:/opt/ros/humble LD_LIBRARY_PATH=/home/kousei/HaruRobo2024_ws/ros2_ws/install/manip_msgs/lib:/home/kousei/HaruRobo2024_ws/ros2_ws/install/urg_node2/lib:/home/kousei/HaruRobo2024_ws/ros2_ws/install/path_following/lib:/home/kousei/HaruRobo2024_ws/ros2_ws/install/manip/lib:/home/kousei/HaruRobo2024_ws/ros2_ws/install/key_event_nodes/lib:/home/kousei/HaruRobo2024_ws/ros2_ws/install/key_event_msgs/lib:/home/kousei/HaruRobo2024_ws/ros2_ws/install/drive_msgs/lib:/usr/local/lib:/usr/local/lib:/home/kousei/2DRoboPrac_ws/ros2_ws/install/urg_node2/lib:/home/kousei/2DRoboPrac_ws/ros2_ws/install/key_event_nodes/lib:/home/kousei/2DRoboPrac_ws/ros2_ws/install/key_event_msgs/lib:/home/kousei/2DRoboPrac_ws/ros2_ws/install/drive_msgs/lib:/usr/lib/x86_64-linux-gnu/gazebo-11/plugins:/opt/ros/humble/opt/rviz_ogre_vendor/lib:/opt/ros/humble/lib/x86_64-linux-gnu:/opt/ros/humble/lib /usr/bin/cmake --install /home/kousei/HaruRobo2024_ws/ros2_ws/build/manip
[1.661s] -- Install configuration: ""
[1.661s] -- Up-to-date: /home/kousei/HaruRobo2024_ws/ros2_ws/install/manip/share/ament_index/resource_index/rosidl_interfaces/manip
[1.661s] -- Up-to-date: /home/kousei/HaruRobo2024_ws/ros2_ws/install/manip/include/manip/manip
[1.661s] -- Up-to-date: /home/kousei/HaruRobo2024_ws/ros2_ws/install/manip/include/manip/manip/msg
[1.661s] -- Up-to-date: /home/kousei/HaruRobo2024_ws/ros2_ws/install/manip/include/manip/manip/msg/cmd.h
[1.662s] -- Up-to-date: /home/kousei/HaruRobo2024_ws/ros2_ws/install/manip/include/manip/manip/msg/rosidl_generator_c__visibility_control.h
[1.662s] -- Up-to-date: /home/kousei/HaruRobo2024_ws/ros2_ws/install/manip/include/manip/manip/msg/result.h
[1.662s] -- Up-to-date: /home/kousei/HaruRobo2024_ws/ros2_ws/install/manip/include/manip/manip/msg/detail
[1.662s] -- Up-to-date: /home/kousei/HaruRobo2024_ws/ros2_ws/install/manip/include/manip/manip/msg/detail/result__functions.h
[1.662s] -- Up-to-date: /home/kousei/HaruRobo2024_ws/ros2_ws/install/manip/include/manip/manip/msg/detail/cmd__type_support.h
[1.662s] -- Up-to-date: /home/kousei/HaruRobo2024_ws/ros2_ws/install/manip/include/manip/manip/msg/detail/result__functions.c
[1.662s] -- Up-to-date: /home/kousei/HaruRobo2024_ws/ros2_ws/install/manip/include/manip/manip/msg/detail/result__struct.h
[1.662s] -- Up-to-date: /home/kousei/HaruRobo2024_ws/ros2_ws/install/manip/include/manip/manip/msg/detail/cmd__struct.h
[1.662s] -- Up-to-date: /home/kousei/HaruRobo2024_ws/ros2_ws/install/manip/include/manip/manip/msg/detail/cmd__functions.c
[1.663s] -- Up-to-date: /home/kousei/HaruRobo2024_ws/ros2_ws/install/manip/include/manip/manip/msg/detail/cmd__functions.h
[1.663s] -- Up-to-date: /home/kousei/HaruRobo2024_ws/ros2_ws/install/manip/include/manip/manip/msg/detail/result__type_support.h
[1.663s] -- Up-to-date: /home/kousei/HaruRobo2024_ws/ros2_ws/install/manip/include/manip/manip/action
[1.663s] -- Up-to-date: /home/kousei/HaruRobo2024_ws/ros2_ws/install/manip/include/manip/manip/action/state.h
[1.663s] -- Up-to-date: /home/kousei/HaruRobo2024_ws/ros2_ws/install/manip/include/manip/manip/action/detail
[1.663s] -- Up-to-date: /home/kousei/HaruRobo2024_ws/ros2_ws/install/manip/include/manip/manip/action/detail/state__struct.h
[1.663s] -- Up-to-date: /home/kousei/HaruRobo2024_ws/ros2_ws/install/manip/include/manip/manip/action/detail/state__functions.h
[1.663s] -- Up-to-date: /home/kousei/HaruRobo2024_ws/ros2_ws/install/manip/include/manip/manip/action/detail/state__type_support.h
[1.663s] -- Up-to-date: /home/kousei/HaruRobo2024_ws/ros2_ws/install/manip/include/manip/manip/action/detail/state__functions.c
[1.663s] -- Up-to-date: /home/kousei/HaruRobo2024_ws/ros2_ws/install/manip/share/manip/environment/library_path.sh
[1.663s] -- Up-to-date: /home/kousei/HaruRobo2024_ws/ros2_ws/install/manip/share/manip/environment/library_path.dsv
[1.664s] -- Up-to-date: /home/kousei/HaruRobo2024_ws/ros2_ws/install/manip/lib/libmanip__rosidl_generator_c.so
[1.664s] -- Up-to-date: /home/kousei/HaruRobo2024_ws/ros2_ws/install/manip/include/manip/manip
[1.664s] -- Up-to-date: /home/kousei/HaruRobo2024_ws/ros2_ws/install/manip/include/manip/manip/msg
[1.664s] -- Up-to-date: /home/kousei/HaruRobo2024_ws/ros2_ws/install/manip/include/manip/manip/msg/detail
[1.664s] -- Up-to-date: /home/kousei/HaruRobo2024_ws/ros2_ws/install/manip/include/manip/manip/msg/detail/cmd__rosidl_typesupport_fastrtps_c.h
[1.664s] -- Up-to-date: /home/kousei/HaruRobo2024_ws/ros2_ws/install/manip/include/manip/manip/msg/detail/result__rosidl_typesupport_fastrtps_c.h
[1.664s] -- Up-to-date: /home/kousei/HaruRobo2024_ws/ros2_ws/install/manip/include/manip/manip/msg/rosidl_typesupport_fastrtps_c__visibility_control.h
[1.664s] -- Up-to-date: /home/kousei/HaruRobo2024_ws/ros2_ws/install/manip/include/manip/manip/action
[1.664s] -- Up-to-date: /home/kousei/HaruRobo2024_ws/ros2_ws/install/manip/include/manip/manip/action/detail
[1.664s] -- Up-to-date: /home/kousei/HaruRobo2024_ws/ros2_ws/install/manip/include/manip/manip/action/detail/state__rosidl_typesupport_fastrtps_c.h
[1.664s] -- Up-to-date: /home/kousei/HaruRobo2024_ws/ros2_ws/install/manip/lib/libmanip__rosidl_typesupport_fastrtps_c.so
[1.664s] -- Up-to-date: /home/kousei/HaruRobo2024_ws/ros2_ws/install/manip/include/manip/manip
[1.664s] -- Up-to-date: /home/kousei/HaruRobo2024_ws/ros2_ws/install/manip/include/manip/manip/msg
[1.664s] -- Up-to-date: /home/kousei/HaruRobo2024_ws/ros2_ws/install/manip/include/manip/manip/msg/result.hpp
[1.664s] -- Up-to-date: /home/kousei/HaruRobo2024_ws/ros2_ws/install/manip/include/manip/manip/msg/cmd.hpp
[1.664s] -- Up-to-date: /home/kousei/HaruRobo2024_ws/ros2_ws/install/manip/include/manip/manip/msg/detail
[1.665s] -- Up-to-date: /home/kousei/HaruRobo2024_ws/ros2_ws/install/manip/include/manip/manip/msg/detail/cmd__struct.hpp
[1.665s] -- Up-to-date: /home/kousei/HaruRobo2024_ws/ros2_ws/install/manip/include/manip/manip/msg/detail/result__struct.hpp
[1.665s] -- Up-to-date: /home/kousei/HaruRobo2024_ws/ros2_ws/install/manip/include/manip/manip/msg/detail/result__traits.hpp
[1.665s] -- Up-to-date: /home/kousei/HaruRobo2024_ws/ros2_ws/install/manip/include/manip/manip/msg/detail/cmd__builder.hpp
[1.665s] -- Up-to-date: /home/kousei/HaruRobo2024_ws/ros2_ws/install/manip/include/manip/manip/msg/detail/cmd__traits.hpp
[1.665s] -- Up-to-date: /home/kousei/HaruRobo2024_ws/ros2_ws/install/manip/include/manip/manip/msg/detail/result__builder.hpp
[1.665s] -- Up-to-date: /home/kousei/HaruRobo2024_ws/ros2_ws/install/manip/include/manip/manip/action
[1.665s] -- Up-to-date: /home/kousei/HaruRobo2024_ws/ros2_ws/install/manip/include/manip/manip/action/state.hpp
[1.665s] -- Up-to-date: /home/kousei/HaruRobo2024_ws/ros2_ws/install/manip/include/manip/manip/action/detail
[1.665s] -- Up-to-date: /home/kousei/HaruRobo2024_ws/ros2_ws/install/manip/include/manip/manip/action/detail/state__builder.hpp
[1.665s] -- Up-to-date: /home/kousei/HaruRobo2024_ws/ros2_ws/install/manip/include/manip/manip/action/detail/state__traits.hpp
[1.665s] -- Up-to-date: /home/kousei/HaruRobo2024_ws/ros2_ws/install/manip/include/manip/manip/action/detail/state__struct.hpp
[1.665s] -- Up-to-date: /home/kousei/HaruRobo2024_ws/ros2_ws/install/manip/include/manip/manip
[1.665s] -- Up-to-date: /home/kousei/HaruRobo2024_ws/ros2_ws/install/manip/include/manip/manip/msg
[1.666s] -- Up-to-date: /home/kousei/HaruRobo2024_ws/ros2_ws/install/manip/include/manip/manip/msg/detail
[1.666s] -- Up-to-date: /home/kousei/HaruRobo2024_ws/ros2_ws/install/manip/include/manip/manip/msg/detail/dds_fastrtps
[1.666s] -- Up-to-date: /home/kousei/HaruRobo2024_ws/ros2_ws/install/manip/include/manip/manip/msg/detail/cmd__rosidl_typesupport_fastrtps_cpp.hpp
[1.666s] -- Up-to-date: /home/kousei/HaruRobo2024_ws/ros2_ws/install/manip/include/manip/manip/msg/detail/result__rosidl_typesupport_fastrtps_cpp.hpp
[1.666s] -- Up-to-date: /home/kousei/HaruRobo2024_ws/ros2_ws/install/manip/include/manip/manip/msg/rosidl_typesupport_fastrtps_cpp__visibility_control.h
[1.666s] -- Up-to-date: /home/kousei/HaruRobo2024_ws/ros2_ws/install/manip/include/manip/manip/action
[1.666s] -- Up-to-date: /home/kousei/HaruRobo2024_ws/ros2_ws/install/manip/include/manip/manip/action/detail
[1.666s] -- Up-to-date: /home/kousei/HaruRobo2024_ws/ros2_ws/install/manip/include/manip/manip/action/detail/dds_fastrtps
[1.666s] -- Up-to-date: /home/kousei/HaruRobo2024_ws/ros2_ws/install/manip/include/manip/manip/action/detail/state__rosidl_typesupport_fastrtps_cpp.hpp
[1.666s] -- Up-to-date: /home/kousei/HaruRobo2024_ws/ros2_ws/install/manip/lib/libmanip__rosidl_typesupport_fastrtps_cpp.so
[1.666s] -- Up-to-date: /home/kousei/HaruRobo2024_ws/ros2_ws/install/manip/include/manip/manip
[1.666s] -- Up-to-date: /home/kousei/HaruRobo2024_ws/ros2_ws/install/manip/include/manip/manip/msg
[1.667s] -- Up-to-date: /home/kousei/HaruRobo2024_ws/ros2_ws/install/manip/include/manip/manip/msg/detail
[1.667s] -- Up-to-date: /home/kousei/HaruRobo2024_ws/ros2_ws/install/manip/include/manip/manip/msg/detail/cmd__rosidl_typesupport_introspection_c.h
[1.667s] -- Up-to-date: /home/kousei/HaruRobo2024_ws/ros2_ws/install/manip/include/manip/manip/msg/detail/result__type_support.c
[1.667s] -- Up-to-date: /home/kousei/HaruRobo2024_ws/ros2_ws/install/manip/include/manip/manip/msg/detail/cmd__type_support.c
[1.667s] -- Up-to-date: /home/kousei/HaruRobo2024_ws/ros2_ws/install/manip/include/manip/manip/msg/detail/result__rosidl_typesupport_introspection_c.h
[1.667s] -- Up-to-date: /home/kousei/HaruRobo2024_ws/ros2_ws/install/manip/include/manip/manip/msg/rosidl_typesupport_introspection_c__visibility_control.h
[1.667s] -- Up-to-date: /home/kousei/HaruRobo2024_ws/ros2_ws/install/manip/include/manip/manip/action
[1.667s] -- Up-to-date: /home/kousei/HaruRobo2024_ws/ros2_ws/install/manip/include/manip/manip/action/detail
[1.667s] -- Up-to-date: /home/kousei/HaruRobo2024_ws/ros2_ws/install/manip/include/manip/manip/action/detail/state__type_support.c
[1.667s] -- Up-to-date: /home/kousei/HaruRobo2024_ws/ros2_ws/install/manip/include/manip/manip/action/detail/state__rosidl_typesupport_introspection_c.h
[1.667s] -- Up-to-date: /home/kousei/HaruRobo2024_ws/ros2_ws/install/manip/lib/libmanip__rosidl_typesupport_introspection_c.so
[1.668s] -- Up-to-date: /home/kousei/HaruRobo2024_ws/ros2_ws/install/manip/lib/libmanip__rosidl_typesupport_c.so
[1.668s] -- Up-to-date: /home/kousei/HaruRobo2024_ws/ros2_ws/install/manip/include/manip/manip
[1.668s] -- Up-to-date: /home/kousei/HaruRobo2024_ws/ros2_ws/install/manip/include/manip/manip/msg
[1.668s] -- Up-to-date: /home/kousei/HaruRobo2024_ws/ros2_ws/install/manip/include/manip/manip/msg/detail
[1.668s] -- Up-to-date: /home/kousei/HaruRobo2024_ws/ros2_ws/install/manip/include/manip/manip/msg/detail/cmd__rosidl_typesupport_introspection_cpp.hpp
[1.668s] -- Up-to-date: /home/kousei/HaruRobo2024_ws/ros2_ws/install/manip/include/manip/manip/msg/detail/result__type_support.cpp
[1.668s] -- Up-to-date: /home/kousei/HaruRobo2024_ws/ros2_ws/install/manip/include/manip/manip/msg/detail/cmd__type_support.cpp
[1.668s] -- Up-to-date: /home/kousei/HaruRobo2024_ws/ros2_ws/install/manip/include/manip/manip/msg/detail/result__rosidl_typesupport_introspection_cpp.hpp
[1.668s] -- Up-to-date: /home/kousei/HaruRobo2024_ws/ros2_ws/install/manip/include/manip/manip/action
[1.668s] -- Up-to-date: /home/kousei/HaruRobo2024_ws/ros2_ws/install/manip/include/manip/manip/action/detail
[1.668s] -- Up-to-date: /home/kousei/HaruRobo2024_ws/ros2_ws/install/manip/include/manip/manip/action/detail/state__type_support.cpp
[1.669s] -- Up-to-date: /home/kousei/HaruRobo2024_ws/ros2_ws/install/manip/include/manip/manip/action/detail/state__rosidl_typesupport_introspection_cpp.hpp
[1.669s] -- Up-to-date: /home/kousei/HaruRobo2024_ws/ros2_ws/install/manip/lib/libmanip__rosidl_typesupport_introspection_cpp.so
[1.669s] -- Up-to-date: /home/kousei/HaruRobo2024_ws/ros2_ws/install/manip/lib/libmanip__rosidl_typesupport_cpp.so
[1.669s] -- Up-to-date: /home/kousei/HaruRobo2024_ws/ros2_ws/install/manip/share/manip/environment/pythonpath.sh
[1.669s] -- Up-to-date: /home/kousei/HaruRobo2024_ws/ros2_ws/install/manip/share/manip/environment/pythonpath.dsv
[1.669s] -- Up-to-date: /home/kousei/HaruRobo2024_ws/ros2_ws/install/manip/local/lib/python3.10/dist-packages/manip-0.0.0-py3.10.egg-info
[1.669s] -- Installing: /home/kousei/HaruRobo2024_ws/ros2_ws/install/manip/local/lib/python3.10/dist-packages/manip-0.0.0-py3.10.egg-info/dependency_links.txt
[1.669s] -- Installing: /home/kousei/HaruRobo2024_ws/ros2_ws/install/manip/local/lib/python3.10/dist-packages/manip-0.0.0-py3.10.egg-info/SOURCES.txt
[1.669s] -- Installing: /home/kousei/HaruRobo2024_ws/ros2_ws/install/manip/local/lib/python3.10/dist-packages/manip-0.0.0-py3.10.egg-info/top_level.txt
[1.669s] -- Installing: /home/kousei/HaruRobo2024_ws/ros2_ws/install/manip/local/lib/python3.10/dist-packages/manip-0.0.0-py3.10.egg-info/PKG-INFO
[1.669s] -- Up-to-date: /home/kousei/HaruRobo2024_ws/ros2_ws/install/manip/local/lib/python3.10/dist-packages/manip
[1.669s] -- Up-to-date: /home/kousei/HaruRobo2024_ws/ros2_ws/install/manip/local/lib/python3.10/dist-packages/manip/libmanip__rosidl_generator_py.so
[1.669s] -- Up-to-date: /home/kousei/HaruRobo2024_ws/ros2_ws/install/manip/local/lib/python3.10/dist-packages/manip/__init__.py
[1.669s] -- Up-to-date: /home/kousei/HaruRobo2024_ws/ros2_ws/install/manip/local/lib/python3.10/dist-packages/manip/_manip_s.ep.rosidl_typesupport_introspection_c.c
[1.669s] -- Up-to-date: /home/kousei/HaruRobo2024_ws/ros2_ws/install/manip/local/lib/python3.10/dist-packages/manip/_manip_s.ep.rosidl_typesupport_fastrtps_c.c
[1.669s] -- Up-to-date: /home/kousei/HaruRobo2024_ws/ros2_ws/install/manip/local/lib/python3.10/dist-packages/manip/manip_s__rosidl_typesupport_fastrtps_c.cpython-310-x86_64-linux-gnu.so
[1.669s] -- Up-to-date: /home/kousei/HaruRobo2024_ws/ros2_ws/install/manip/local/lib/python3.10/dist-packages/manip/manip_s__rosidl_typesupport_c.cpython-310-x86_64-linux-gnu.so
[1.670s] -- Up-to-date: /home/kousei/HaruRobo2024_ws/ros2_ws/install/manip/local/lib/python3.10/dist-packages/manip/_manip_s.ep.rosidl_typesupport_c.c
[1.670s] -- Up-to-date: /home/kousei/HaruRobo2024_ws/ros2_ws/install/manip/local/lib/python3.10/dist-packages/manip/msg
[1.670s] -- Up-to-date: /home/kousei/HaruRobo2024_ws/ros2_ws/install/manip/local/lib/python3.10/dist-packages/manip/msg/__init__.py
[1.670s] -- Up-to-date: /home/kousei/HaruRobo2024_ws/ros2_ws/install/manip/local/lib/python3.10/dist-packages/manip/msg/_result.py
[1.670s] -- Up-to-date: /home/kousei/HaruRobo2024_ws/ros2_ws/install/manip/local/lib/python3.10/dist-packages/manip/msg/_cmd_s.c
[1.670s] -- Up-to-date: /home/kousei/HaruRobo2024_ws/ros2_ws/install/manip/local/lib/python3.10/dist-packages/manip/msg/_cmd.py
[1.670s] -- Up-to-date: /home/kousei/HaruRobo2024_ws/ros2_ws/install/manip/local/lib/python3.10/dist-packages/manip/msg/_result_s.c
[1.670s] -- Up-to-date: /home/kousei/HaruRobo2024_ws/ros2_ws/install/manip/local/lib/python3.10/dist-packages/manip/manip_s__rosidl_typesupport_introspection_c.cpython-310-x86_64-linux-gnu.so
[1.670s] -- Up-to-date: /home/kousei/HaruRobo2024_ws/ros2_ws/install/manip/local/lib/python3.10/dist-packages/manip/action
[1.670s] -- Up-to-date: /home/kousei/HaruRobo2024_ws/ros2_ws/install/manip/local/lib/python3.10/dist-packages/manip/action/__init__.py
[1.670s] -- Up-to-date: /home/kousei/HaruRobo2024_ws/ros2_ws/install/manip/local/lib/python3.10/dist-packages/manip/action/_state.py
[1.670s] -- Up-to-date: /home/kousei/HaruRobo2024_ws/ros2_ws/install/manip/local/lib/python3.10/dist-packages/manip/action/_state_s.c
[1.688s] Listing '/home/kousei/HaruRobo2024_ws/ros2_ws/install/manip/local/lib/python3.10/dist-packages/manip'...
[1.688s] Listing '/home/kousei/HaruRobo2024_ws/ros2_ws/install/manip/local/lib/python3.10/dist-packages/manip/action'...
[1.689s] Listing '/home/kousei/HaruRobo2024_ws/ros2_ws/install/manip/local/lib/python3.10/dist-packages/manip/msg'...
[1.692s] -- Up-to-date: /home/kousei/HaruRobo2024_ws/ros2_ws/install/manip/local/lib/python3.10/dist-packages/manip/manip_s__rosidl_typesupport_fastrtps_c.cpython-310-x86_64-linux-gnu.so
[1.692s] -- Up-to-date: /home/kousei/HaruRobo2024_ws/ros2_ws/install/manip/local/lib/python3.10/dist-packages/manip/manip_s__rosidl_typesupport_introspection_c.cpython-310-x86_64-linux-gnu.so
[1.692s] -- Up-to-date: /home/kousei/HaruRobo2024_ws/ros2_ws/install/manip/local/lib/python3.10/dist-packages/manip/manip_s__rosidl_typesupport_c.cpython-310-x86_64-linux-gnu.so
[1.692s] -- Up-to-date: /home/kousei/HaruRobo2024_ws/ros2_ws/install/manip/lib/libmanip__rosidl_generator_py.so
[1.692s] -- Up-to-date: /home/kousei/HaruRobo2024_ws/ros2_ws/install/manip/share/manip/action/State.idl
[1.692s] -- Up-to-date: /home/kousei/HaruRobo2024_ws/ros2_ws/install/manip/share/manip/action/State.action
[1.692s] -- Up-to-date: /home/kousei/HaruRobo2024_ws/ros2_ws/install/manip/include
[1.692s] -- Up-to-date: /home/kousei/HaruRobo2024_ws/ros2_ws/install/manip/include/manip
[1.693s] -- Up-to-date: /home/kousei/HaruRobo2024_ws/ros2_ws/install/manip/lib/manip/manip_joy_node
[1.693s] -- Up-to-date: /home/kousei/HaruRobo2024_ws/ros2_ws/install/manip/lib/manip/manip_control_node
[1.693s] -- Up-to-date: /home/kousei/HaruRobo2024_ws/ros2_ws/install/manip/share/ament_index/resource_index/package_run_dependencies/manip
[1.693s] -- Up-to-date: /home/kousei/HaruRobo2024_ws/ros2_ws/install/manip/share/ament_index/resource_index/parent_prefix_path/manip
[1.693s] -- Up-to-date: /home/kousei/HaruRobo2024_ws/ros2_ws/install/manip/share/manip/environment/ament_prefix_path.sh
[1.693s] -- Up-to-date: /home/kousei/HaruRobo2024_ws/ros2_ws/install/manip/share/manip/environment/ament_prefix_path.dsv
[1.693s] -- Up-to-date: /home/kousei/HaruRobo2024_ws/ros2_ws/install/manip/share/manip/environment/path.sh
[1.693s] -- Up-to-date: /home/kousei/HaruRobo2024_ws/ros2_ws/install/manip/share/manip/environment/path.dsv
[1.693s] -- Up-to-date: /home/kousei/HaruRobo2024_ws/ros2_ws/install/manip/share/manip/local_setup.bash
[1.693s] -- Up-to-date: /home/kousei/HaruRobo2024_ws/ros2_ws/install/manip/share/manip/local_setup.sh
[1.693s] -- Up-to-date: /home/kousei/HaruRobo2024_ws/ros2_ws/install/manip/share/manip/local_setup.zsh
[1.693s] -- Up-to-date: /home/kousei/HaruRobo2024_ws/ros2_ws/install/manip/share/manip/local_setup.dsv
[1.693s] -- Installing: /home/kousei/HaruRobo2024_ws/ros2_ws/install/manip/share/manip/package.dsv
[1.693s] -- Up-to-date: /home/kousei/HaruRobo2024_ws/ros2_ws/install/manip/share/ament_index/resource_index/packages/manip
[1.694s] -- Up-to-date: /home/kousei/HaruRobo2024_ws/ros2_ws/install/manip/share/manip/cmake/export_manip__rosidl_generator_cExport.cmake
[1.694s] -- Up-to-date: /home/kousei/HaruRobo2024_ws/ros2_ws/install/manip/share/manip/cmake/export_manip__rosidl_generator_cExport-noconfig.cmake
[1.694s] -- Up-to-date: /home/kousei/HaruRobo2024_ws/ros2_ws/install/manip/share/manip/cmake/export_manip__rosidl_typesupport_fastrtps_cExport.cmake
[1.694s] -- Up-to-date: /home/kousei/HaruRobo2024_ws/ros2_ws/install/manip/share/manip/cmake/export_manip__rosidl_typesupport_fastrtps_cExport-noconfig.cmake
[1.694s] -- Up-to-date: /home/kousei/HaruRobo2024_ws/ros2_ws/install/manip/share/manip/cmake/export_manip__rosidl_generator_cppExport.cmake
[1.694s] -- Up-to-date: /home/kousei/HaruRobo2024_ws/ros2_ws/install/manip/share/manip/cmake/export_manip__rosidl_typesupport_fastrtps_cppExport.cmake
[1.694s] -- Up-to-date: /home/kousei/HaruRobo2024_ws/ros2_ws/install/manip/share/manip/cmake/export_manip__rosidl_typesupport_fastrtps_cppExport-noconfig.cmake
[1.694s] -- Up-to-date: /home/kousei/HaruRobo2024_ws/ros2_ws/install/manip/share/manip/cmake/manip__rosidl_typesupport_introspection_cExport.cmake
[1.694s] -- Up-to-date: /home/kousei/HaruRobo2024_ws/ros2_ws/install/manip/share/manip/cmake/manip__rosidl_typesupport_introspection_cExport-noconfig.cmake
[1.694s] -- Up-to-date: /home/kousei/HaruRobo2024_ws/ros2_ws/install/manip/share/manip/cmake/manip__rosidl_typesupport_cExport.cmake
[1.694s] -- Up-to-date: /home/kousei/HaruRobo2024_ws/ros2_ws/install/manip/share/manip/cmake/manip__rosidl_typesupport_cExport-noconfig.cmake
[1.694s] -- Up-to-date: /home/kousei/HaruRobo2024_ws/ros2_ws/install/manip/share/manip/cmake/manip__rosidl_typesupport_introspection_cppExport.cmake
[1.694s] -- Up-to-date: /home/kousei/HaruRobo2024_ws/ros2_ws/install/manip/share/manip/cmake/manip__rosidl_typesupport_introspection_cppExport-noconfig.cmake
[1.695s] -- Up-to-date: /home/kousei/HaruRobo2024_ws/ros2_ws/install/manip/share/manip/cmake/manip__rosidl_typesupport_cppExport.cmake
[1.695s] -- Up-to-date: /home/kousei/HaruRobo2024_ws/ros2_ws/install/manip/share/manip/cmake/manip__rosidl_typesupport_cppExport-noconfig.cmake
[1.695s] -- Up-to-date: /home/kousei/HaruRobo2024_ws/ros2_ws/install/manip/share/manip/cmake/export_manip__rosidl_generator_pyExport.cmake
[1.695s] -- Up-to-date: /home/kousei/HaruRobo2024_ws/ros2_ws/install/manip/share/manip/cmake/export_manip__rosidl_generator_pyExport-noconfig.cmake
[1.695s] -- Up-to-date: /home/kousei/HaruRobo2024_ws/ros2_ws/install/manip/share/manip/cmake/rosidl_cmake-extras.cmake
[1.695s] -- Up-to-date: /home/kousei/HaruRobo2024_ws/ros2_ws/install/manip/share/manip/cmake/ament_cmake_export_dependencies-extras.cmake
[1.695s] -- Up-to-date: /home/kousei/HaruRobo2024_ws/ros2_ws/install/manip/share/manip/cmake/ament_cmake_export_include_directories-extras.cmake
[1.695s] -- Up-to-date: /home/kousei/HaruRobo2024_ws/ros2_ws/install/manip/share/manip/cmake/ament_cmake_export_libraries-extras.cmake
[1.695s] -- Up-to-date: /home/kousei/HaruRobo2024_ws/ros2_ws/install/manip/share/manip/cmake/ament_cmake_export_targets-extras.cmake
[1.695s] -- Up-to-date: /home/kousei/HaruRobo2024_ws/ros2_ws/install/manip/share/manip/cmake/rosidl_cmake_export_typesupport_targets-extras.cmake
[1.695s] -- Up-to-date: /home/kousei/HaruRobo2024_ws/ros2_ws/install/manip/share/manip/cmake/rosidl_cmake_export_typesupport_libraries-extras.cmake
[1.695s] -- Up-to-date: /home/kousei/HaruRobo2024_ws/ros2_ws/install/manip/share/manip/cmake/manipConfig.cmake
[1.695s] -- Up-to-date: /home/kousei/HaruRobo2024_ws/ros2_ws/install/manip/share/manip/cmake/manipConfig-version.cmake
[1.695s] -- Up-to-date: /home/kousei/HaruRobo2024_ws/ros2_ws/install/manip/share/manip/package.xml
[1.698s] Invoked command in '/home/kousei/HaruRobo2024_ws/ros2_ws/build/manip' returned '0': CMAKE_PREFIX_PATH=/home/kousei/HaruRobo2024_ws/ros2_ws/install/manip_msgs:/home/kousei/HaruRobo2024_ws/ros2_ws/install/urg_node2:/home/kousei/HaruRobo2024_ws/ros2_ws/install/path_following:/home/kousei/HaruRobo2024_ws/ros2_ws/install/omni_control:/home/kousei/HaruRobo2024_ws/ros2_ws/install/bt:/home/kousei/HaruRobo2024_ws/ros2_ws/install/manip:/home/kousei/HaruRobo2024_ws/ros2_ws/install/key_event_nodes:/home/kousei/HaruRobo2024_ws/ros2_ws/install/key_event_msgs:/home/kousei/HaruRobo2024_ws/ros2_ws/install/drive_msgs:/home/kousei/2DRoboPrac_ws/ros2_ws/install/urg_node2:/home/kousei/2DRoboPrac_ws/ros2_ws/install/omni_control:/home/kousei/2DRoboPrac_ws/ros2_ws/install/nav_real:/home/kousei/2DRoboPrac_ws/ros2_ws/install/nav_dev:/home/kousei/2DRoboPrac_ws/ros2_ws/install/key_event_nodes:/home/kousei/2DRoboPrac_ws/ros2_ws/install/key_event_msgs:/home/kousei/2DRoboPrac_ws/ros2_ws/install/drive_msgs:/opt/ros/humble LD_LIBRARY_PATH=/home/kousei/HaruRobo2024_ws/ros2_ws/install/manip_msgs/lib:/home/kousei/HaruRobo2024_ws/ros2_ws/install/urg_node2/lib:/home/kousei/HaruRobo2024_ws/ros2_ws/install/path_following/lib:/home/kousei/HaruRobo2024_ws/ros2_ws/install/manip/lib:/home/kousei/HaruRobo2024_ws/ros2_ws/install/key_event_nodes/lib:/home/kousei/HaruRobo2024_ws/ros2_ws/install/key_event_msgs/lib:/home/kousei/HaruRobo2024_ws/ros2_ws/install/drive_msgs/lib:/usr/local/lib:/usr/local/lib:/home/kousei/2DRoboPrac_ws/ros2_ws/install/urg_node2/lib:/home/kousei/2DRoboPrac_ws/ros2_ws/install/key_event_nodes/lib:/home/kousei/2DRoboPrac_ws/ros2_ws/install/key_event_msgs/lib:/home/kousei/2DRoboPrac_ws/ros2_ws/install/drive_msgs/lib:/usr/lib/x86_64-linux-gnu/gazebo-11/plugins:/opt/ros/humble/opt/rviz_ogre_vendor/lib:/opt/ros/humble/lib/x86_64-linux-gnu:/opt/ros/humble/lib /usr/bin/cmake --install /home/kousei/HaruRobo2024_ws/ros2_ws/build/manip
