[0.052s] Invoking command in '/home/kousei/HaruRobo2024_ws/ros2_ws/build/urg_node2': CMAKE_PREFIX_PATH=${CMAKE_PREFIX_PATH}:/opt/ros/humble /usr/bin/cmake --build /home/kousei/HaruRobo2024_ws/ros2_ws/build/urg_node2 -- -j16 -l16
[0.240s] [ 45%] Built target urg_c
[0.247s] [ 55%] Built target gtest
[0.337s] [ 65%] Built target gtest_main
[0.362s] [ 75%] Built target urg_node2_node
[0.627s] [ 85%] Built target urg_node2
[0.646s] [100%] Built target urg_node2_test
[0.725s] Invoked command in '/home/kousei/HaruRobo2024_ws/ros2_ws/build/urg_node2' returned '0': CMAKE_PREFIX_PATH=${CMAKE_PREFIX_PATH}:/opt/ros/humble /usr/bin/cmake --build /home/kousei/HaruRobo2024_ws/ros2_ws/build/urg_node2 -- -j16 -l16
[0.867s] Invoking command in '/home/kousei/HaruRobo2024_ws/ros2_ws/build/urg_node2': CMAKE_PREFIX_PATH=${CMAKE_PREFIX_PATH}:/opt/ros/humble /usr/bin/cmake --install /home/kousei/HaruRobo2024_ws/ros2_ws/build/urg_node2
[0.878s] -- Install configuration: ""
[0.878s] -- Up-to-date: /home/kousei/HaruRobo2024_ws/ros2_ws/install/urg_node2/lib/urg_node2/urg_node2_node
[0.879s] -- Up-to-date: /home/kousei/HaruRobo2024_ws/ros2_ws/install/urg_node2/lib/liburg_node2.so
[0.880s] -- Up-to-date: /home/kousei/HaruRobo2024_ws/ros2_ws/install/urg_node2/lib/liburg_c.so
[0.880s] -- Up-to-date: /home/kousei/HaruRobo2024_ws/ros2_ws/install/urg_node2/share/urg_node2/launch
[0.880s] -- Up-to-date: /home/kousei/HaruRobo2024_ws/ros2_ws/install/urg_node2/share/urg_node2/launch/urg_node2.launch.py
[0.880s] -- Up-to-date: /home/kousei/HaruRobo2024_ws/ros2_ws/install/urg_node2/share/urg_node2/launch/urg_node2_component.launch.py
[0.880s] -- Up-to-date: /home/kousei/HaruRobo2024_ws/ros2_ws/install/urg_node2/share/urg_node2/launch/urg_node2_2lidar.launch.py
[0.880s] -- Up-to-date: /home/kousei/HaruRobo2024_ws/ros2_ws/install/urg_node2/share/urg_node2/config
[0.880s] -- Up-to-date: /home/kousei/HaruRobo2024_ws/ros2_ws/install/urg_node2/share/urg_node2/config/params_ether.yaml
[0.880s] -- Up-to-date: /home/kousei/HaruRobo2024_ws/ros2_ws/install/urg_node2/share/urg_node2/config/params_ether_2nd.yaml
[0.881s] -- Up-to-date: /home/kousei/HaruRobo2024_ws/ros2_ws/install/urg_node2/share/urg_node2/config/params_serial.yaml
[0.881s] -- Up-to-date: /home/kousei/HaruRobo2024_ws/ros2_ws/install/urg_node2/share/ament_index/resource_index/package_run_dependencies/urg_node2
[0.881s] -- Up-to-date: /home/kousei/HaruRobo2024_ws/ros2_ws/install/urg_node2/share/ament_index/resource_index/parent_prefix_path/urg_node2
[0.881s] -- Up-to-date: /home/kousei/HaruRobo2024_ws/ros2_ws/install/urg_node2/share/urg_node2/environment/ament_prefix_path.sh
[0.881s] -- Up-to-date: /home/kousei/HaruRobo2024_ws/ros2_ws/install/urg_node2/share/urg_node2/environment/ament_prefix_path.dsv
[0.881s] -- Up-to-date: /home/kousei/HaruRobo2024_ws/ros2_ws/install/urg_node2/share/urg_node2/environment/path.sh
[0.881s] -- Up-to-date: /home/kousei/HaruRobo2024_ws/ros2_ws/install/urg_node2/share/urg_node2/environment/path.dsv
[0.881s] -- Up-to-date: /home/kousei/HaruRobo2024_ws/ros2_ws/install/urg_node2/share/urg_node2/local_setup.bash
[0.881s] -- Up-to-date: /home/kousei/HaruRobo2024_ws/ros2_ws/install/urg_node2/share/urg_node2/local_setup.sh
[0.881s] -- Up-to-date: /home/kousei/HaruRobo2024_ws/ros2_ws/install/urg_node2/share/urg_node2/local_setup.zsh
[0.881s] -- Up-to-date: /home/kousei/HaruRobo2024_ws/ros2_ws/install/urg_node2/share/urg_node2/local_setup.dsv
[0.882s] -- Installing: /home/kousei/HaruRobo2024_ws/ros2_ws/install/urg_node2/share/urg_node2/package.dsv
[0.882s] -- Up-to-date: /home/kousei/HaruRobo2024_ws/ros2_ws/install/urg_node2/share/ament_index/resource_index/packages/urg_node2
[0.882s] -- Up-to-date: /home/kousei/HaruRobo2024_ws/ros2_ws/install/urg_node2/share/ament_index/resource_index/rclcpp_components/urg_node2
[0.882s] -- Up-to-date: /home/kousei/HaruRobo2024_ws/ros2_ws/install/urg_node2/share/urg_node2/cmake/urg_node2Config.cmake
[0.882s] -- Up-to-date: /home/kousei/HaruRobo2024_ws/ros2_ws/install/urg_node2/share/urg_node2/cmake/urg_node2Config-version.cmake
[0.882s] -- Up-to-date: /home/kousei/HaruRobo2024_ws/ros2_ws/install/urg_node2/share/urg_node2/package.xml
[0.883s] Invoked command in '/home/kousei/HaruRobo2024_ws/ros2_ws/build/urg_node2' returned '0': CMAKE_PREFIX_PATH=${CMAKE_PREFIX_PATH}:/opt/ros/humble /usr/bin/cmake --install /home/kousei/HaruRobo2024_ws/ros2_ws/build/urg_node2
