[0.099s] Invoking command in '/home/kousei/HaruRobo2024_ws/ros2_ws/build/drive_msgs': CMAKE_PREFIX_PATH=${CMAKE_PREFIX_PATH}:/opt/ros/humble /usr/bin/cmake --build /home/kousei/HaruRobo2024_ws/ros2_ws/build/drive_msgs -- -j16 -l16
[0.139s] [  1%] Built target drive_msgs__cpp
[0.145s] [ 12%] Built target drive_msgs__rosidl_generator_c
[0.253s] [ 12%] Built target ament_cmake_python_copy_drive_msgs
[0.307s] [ 23%] Built target drive_msgs__rosidl_typesupport_cpp
[0.338s] [ 34%] Built target drive_msgs__rosidl_typesupport_introspection_cpp
[0.363s] [ 45%] Built target drive_msgs__rosidl_typesupport_fastrtps_cpp
[0.400s] [ 69%] Built target drive_msgs__rosidl_typesupport_c
[0.406s] [ 69%] Built target drive_msgs__rosidl_typesupport_fastrtps_c
[0.412s] [ 78%] Built target drive_msgs__rosidl_typesupport_introspection_c
[0.567s] [ 78%] Built target drive_msgs
[0.718s] [ 80%] Built target drive_msgs__py
[0.893s] [ 89%] Built target drive_msgs__rosidl_generator_py
[1.085s] [ 92%] Built target drive_msgs__rosidl_typesupport_fastrtps_c__pyext
[1.089s] [ 96%] Built target drive_msgs__rosidl_typesupport_introspection_c__pyext
[1.111s] [100%] Built target drive_msgs__rosidl_typesupport_c__pyext
[1.454s] running egg_info
[1.455s] writing drive_msgs.egg-info/PKG-INFO
[1.455s] writing dependency_links to drive_msgs.egg-info/dependency_links.txt
[1.455s] writing top-level names to drive_msgs.egg-info/top_level.txt
[1.456s] reading manifest file 'drive_msgs.egg-info/SOURCES.txt'
[1.456s] writing manifest file 'drive_msgs.egg-info/SOURCES.txt'
[1.475s] [100%] Built target ament_cmake_python_build_drive_msgs_egg
[1.485s] Invoked command in '/home/kousei/HaruRobo2024_ws/ros2_ws/build/drive_msgs' returned '0': CMAKE_PREFIX_PATH=${CMAKE_PREFIX_PATH}:/opt/ros/humble /usr/bin/cmake --build /home/kousei/HaruRobo2024_ws/ros2_ws/build/drive_msgs -- -j16 -l16
[1.606s] Invoking command in '/home/kousei/HaruRobo2024_ws/ros2_ws/build/drive_msgs': CMAKE_PREFIX_PATH=${CMAKE_PREFIX_PATH}:/opt/ros/humble /usr/bin/cmake --install /home/kousei/HaruRobo2024_ws/ros2_ws/build/drive_msgs
[1.613s] -- Install configuration: ""
[1.614s] -- Up-to-date: /home/kousei/HaruRobo2024_ws/ros2_ws/install/drive_msgs/share/ament_index/resource_index/rosidl_interfaces/drive_msgs
[1.615s] -- Up-to-date: /home/kousei/HaruRobo2024_ws/ros2_ws/install/drive_msgs/include/drive_msgs/drive_msgs
[1.615s] -- Up-to-date: /home/kousei/HaruRobo2024_ws/ros2_ws/install/drive_msgs/include/drive_msgs/drive_msgs/msg
[1.615s] -- Up-to-date: /home/kousei/HaruRobo2024_ws/ros2_ws/install/drive_msgs/include/drive_msgs/drive_msgs/msg/diff_drive_enc.h
[1.615s] -- Up-to-date: /home/kousei/HaruRobo2024_ws/ros2_ws/install/drive_msgs/include/drive_msgs/drive_msgs/msg/diff_drive.h
[1.616s] -- Up-to-date: /home/kousei/HaruRobo2024_ws/ros2_ws/install/drive_msgs/include/drive_msgs/drive_msgs/msg/omni_enc.h
[1.616s] -- Up-to-date: /home/kousei/HaruRobo2024_ws/ros2_ws/install/drive_msgs/include/drive_msgs/drive_msgs/msg/rosidl_generator_c__visibility_control.h
[1.616s] -- Up-to-date: /home/kousei/HaruRobo2024_ws/ros2_ws/install/drive_msgs/include/drive_msgs/drive_msgs/msg/omni.h
[1.616s] -- Up-to-date: /home/kousei/HaruRobo2024_ws/ros2_ws/install/drive_msgs/include/drive_msgs/drive_msgs/msg/detail
[1.616s] -- Up-to-date: /home/kousei/HaruRobo2024_ws/ros2_ws/install/drive_msgs/include/drive_msgs/drive_msgs/msg/detail/diff_drive_enc__type_support.h
[1.616s] -- Up-to-date: /home/kousei/HaruRobo2024_ws/ros2_ws/install/drive_msgs/include/drive_msgs/drive_msgs/msg/detail/diff_drive__struct.h
[1.616s] -- Up-to-date: /home/kousei/HaruRobo2024_ws/ros2_ws/install/drive_msgs/include/drive_msgs/drive_msgs/msg/detail/omni_enc__struct.h
[1.616s] -- Up-to-date: /home/kousei/HaruRobo2024_ws/ros2_ws/install/drive_msgs/include/drive_msgs/drive_msgs/msg/detail/diff_drive_enc__functions.c
[1.616s] -- Up-to-date: /home/kousei/HaruRobo2024_ws/ros2_ws/install/drive_msgs/include/drive_msgs/drive_msgs/msg/detail/omni_enc__functions.c
[1.617s] -- Up-to-date: /home/kousei/HaruRobo2024_ws/ros2_ws/install/drive_msgs/include/drive_msgs/drive_msgs/msg/detail/diff_drive__type_support.h
[1.617s] -- Up-to-date: /home/kousei/HaruRobo2024_ws/ros2_ws/install/drive_msgs/include/drive_msgs/drive_msgs/msg/detail/omni__functions.c
[1.617s] -- Up-to-date: /home/kousei/HaruRobo2024_ws/ros2_ws/install/drive_msgs/include/drive_msgs/drive_msgs/msg/detail/diff_drive__functions.c
[1.617s] -- Up-to-date: /home/kousei/HaruRobo2024_ws/ros2_ws/install/drive_msgs/include/drive_msgs/drive_msgs/msg/detail/omni_enc__functions.h
[1.618s] -- Up-to-date: /home/kousei/HaruRobo2024_ws/ros2_ws/install/drive_msgs/include/drive_msgs/drive_msgs/msg/detail/omni_enc__type_support.h
[1.618s] -- Up-to-date: /home/kousei/HaruRobo2024_ws/ros2_ws/install/drive_msgs/include/drive_msgs/drive_msgs/msg/detail/diff_drive__functions.h
[1.618s] -- Up-to-date: /home/kousei/HaruRobo2024_ws/ros2_ws/install/drive_msgs/include/drive_msgs/drive_msgs/msg/detail/omni__type_support.h
[1.618s] -- Up-to-date: /home/kousei/HaruRobo2024_ws/ros2_ws/install/drive_msgs/include/drive_msgs/drive_msgs/msg/detail/omni__functions.h
[1.619s] -- Up-to-date: /home/kousei/HaruRobo2024_ws/ros2_ws/install/drive_msgs/include/drive_msgs/drive_msgs/msg/detail/diff_drive_enc__functions.h
[1.619s] -- Up-to-date: /home/kousei/HaruRobo2024_ws/ros2_ws/install/drive_msgs/include/drive_msgs/drive_msgs/msg/detail/omni__struct.h
[1.619s] -- Up-to-date: /home/kousei/HaruRobo2024_ws/ros2_ws/install/drive_msgs/include/drive_msgs/drive_msgs/msg/detail/diff_drive_enc__struct.h
[1.619s] -- Up-to-date: /home/kousei/HaruRobo2024_ws/ros2_ws/install/drive_msgs/share/drive_msgs/environment/library_path.sh
[1.619s] -- Up-to-date: /home/kousei/HaruRobo2024_ws/ros2_ws/install/drive_msgs/share/drive_msgs/environment/library_path.dsv
[1.620s] -- Up-to-date: /home/kousei/HaruRobo2024_ws/ros2_ws/install/drive_msgs/lib/libdrive_msgs__rosidl_generator_c.so
[1.620s] -- Up-to-date: /home/kousei/HaruRobo2024_ws/ros2_ws/install/drive_msgs/include/drive_msgs/drive_msgs
[1.620s] -- Up-to-date: /home/kousei/HaruRobo2024_ws/ros2_ws/install/drive_msgs/include/drive_msgs/drive_msgs/msg
[1.621s] -- Up-to-date: /home/kousei/HaruRobo2024_ws/ros2_ws/install/drive_msgs/include/drive_msgs/drive_msgs/msg/detail
[1.621s] -- Up-to-date: /home/kousei/HaruRobo2024_ws/ros2_ws/install/drive_msgs/include/drive_msgs/drive_msgs/msg/detail/diff_drive__rosidl_typesupport_fastrtps_c.h
[1.622s] -- Up-to-date: /home/kousei/HaruRobo2024_ws/ros2_ws/install/drive_msgs/include/drive_msgs/drive_msgs/msg/detail/diff_drive_enc__rosidl_typesupport_fastrtps_c.h
[1.622s] -- Up-to-date: /home/kousei/HaruRobo2024_ws/ros2_ws/install/drive_msgs/include/drive_msgs/drive_msgs/msg/detail/omni_enc__rosidl_typesupport_fastrtps_c.h
[1.622s] -- Up-to-date: /home/kousei/HaruRobo2024_ws/ros2_ws/install/drive_msgs/include/drive_msgs/drive_msgs/msg/detail/omni__rosidl_typesupport_fastrtps_c.h
[1.622s] -- Up-to-date: /home/kousei/HaruRobo2024_ws/ros2_ws/install/drive_msgs/include/drive_msgs/drive_msgs/msg/rosidl_typesupport_fastrtps_c__visibility_control.h
[1.623s] -- Up-to-date: /home/kousei/HaruRobo2024_ws/ros2_ws/install/drive_msgs/lib/libdrive_msgs__rosidl_typesupport_fastrtps_c.so
[1.623s] -- Up-to-date: /home/kousei/HaruRobo2024_ws/ros2_ws/install/drive_msgs/include/drive_msgs/drive_msgs
[1.623s] -- Up-to-date: /home/kousei/HaruRobo2024_ws/ros2_ws/install/drive_msgs/include/drive_msgs/drive_msgs/msg
[1.623s] -- Up-to-date: /home/kousei/HaruRobo2024_ws/ros2_ws/install/drive_msgs/include/drive_msgs/drive_msgs/msg/omni_enc.hpp
[1.624s] -- Up-to-date: /home/kousei/HaruRobo2024_ws/ros2_ws/install/drive_msgs/include/drive_msgs/drive_msgs/msg/omni.hpp
[1.624s] -- Up-to-date: /home/kousei/HaruRobo2024_ws/ros2_ws/install/drive_msgs/include/drive_msgs/drive_msgs/msg/diff_drive.hpp
[1.624s] -- Up-to-date: /home/kousei/HaruRobo2024_ws/ros2_ws/install/drive_msgs/include/drive_msgs/drive_msgs/msg/detail
[1.625s] -- Up-to-date: /home/kousei/HaruRobo2024_ws/ros2_ws/install/drive_msgs/include/drive_msgs/drive_msgs/msg/detail/omni_enc__struct.hpp
[1.625s] -- Up-to-date: /home/kousei/HaruRobo2024_ws/ros2_ws/install/drive_msgs/include/drive_msgs/drive_msgs/msg/detail/diff_drive__builder.hpp
[1.625s] -- Up-to-date: /home/kousei/HaruRobo2024_ws/ros2_ws/install/drive_msgs/include/drive_msgs/drive_msgs/msg/detail/omni__builder.hpp
[1.625s] -- Up-to-date: /home/kousei/HaruRobo2024_ws/ros2_ws/install/drive_msgs/include/drive_msgs/drive_msgs/msg/detail/diff_drive__struct.hpp
[1.626s] -- Up-to-date: /home/kousei/HaruRobo2024_ws/ros2_ws/install/drive_msgs/include/drive_msgs/drive_msgs/msg/detail/omni__struct.hpp
[1.626s] -- Up-to-date: /home/kousei/HaruRobo2024_ws/ros2_ws/install/drive_msgs/include/drive_msgs/drive_msgs/msg/detail/omni_enc__builder.hpp
[1.626s] -- Up-to-date: /home/kousei/HaruRobo2024_ws/ros2_ws/install/drive_msgs/include/drive_msgs/drive_msgs/msg/detail/omni_enc__traits.hpp
[1.626s] -- Up-to-date: /home/kousei/HaruRobo2024_ws/ros2_ws/install/drive_msgs/include/drive_msgs/drive_msgs/msg/detail/diff_drive_enc__struct.hpp
[1.627s] -- Up-to-date: /home/kousei/HaruRobo2024_ws/ros2_ws/install/drive_msgs/include/drive_msgs/drive_msgs/msg/detail/omni__traits.hpp
[1.627s] -- Up-to-date: /home/kousei/HaruRobo2024_ws/ros2_ws/install/drive_msgs/include/drive_msgs/drive_msgs/msg/detail/diff_drive_enc__builder.hpp
[1.627s] -- Up-to-date: /home/kousei/HaruRobo2024_ws/ros2_ws/install/drive_msgs/include/drive_msgs/drive_msgs/msg/detail/diff_drive__traits.hpp
[1.628s] -- Up-to-date: /home/kousei/HaruRobo2024_ws/ros2_ws/install/drive_msgs/include/drive_msgs/drive_msgs/msg/detail/diff_drive_enc__traits.hpp
[1.628s] -- Up-to-date: /home/kousei/HaruRobo2024_ws/ros2_ws/install/drive_msgs/include/drive_msgs/drive_msgs/msg/diff_drive_enc.hpp
[1.629s] -- Up-to-date: /home/kousei/HaruRobo2024_ws/ros2_ws/install/drive_msgs/include/drive_msgs/drive_msgs
[1.629s] -- Up-to-date: /home/kousei/HaruRobo2024_ws/ros2_ws/install/drive_msgs/include/drive_msgs/drive_msgs/msg
[1.629s] -- Up-to-date: /home/kousei/HaruRobo2024_ws/ros2_ws/install/drive_msgs/include/drive_msgs/drive_msgs/msg/detail
[1.630s] -- Up-to-date: /home/kousei/HaruRobo2024_ws/ros2_ws/install/drive_msgs/include/drive_msgs/drive_msgs/msg/detail/omni__rosidl_typesupport_fastrtps_cpp.hpp
[1.630s] -- Up-to-date: /home/kousei/HaruRobo2024_ws/ros2_ws/install/drive_msgs/include/drive_msgs/drive_msgs/msg/detail/diff_drive__rosidl_typesupport_fastrtps_cpp.hpp
[1.630s] -- Up-to-date: /home/kousei/HaruRobo2024_ws/ros2_ws/install/drive_msgs/include/drive_msgs/drive_msgs/msg/detail/dds_fastrtps
[1.630s] -- Up-to-date: /home/kousei/HaruRobo2024_ws/ros2_ws/install/drive_msgs/include/drive_msgs/drive_msgs/msg/detail/diff_drive_enc__rosidl_typesupport_fastrtps_cpp.hpp
[1.630s] -- Up-to-date: /home/kousei/HaruRobo2024_ws/ros2_ws/install/drive_msgs/include/drive_msgs/drive_msgs/msg/detail/omni_enc__rosidl_typesupport_fastrtps_cpp.hpp
[1.630s] -- Up-to-date: /home/kousei/HaruRobo2024_ws/ros2_ws/install/drive_msgs/include/drive_msgs/drive_msgs/msg/rosidl_typesupport_fastrtps_cpp__visibility_control.h
[1.630s] -- Up-to-date: /home/kousei/HaruRobo2024_ws/ros2_ws/install/drive_msgs/lib/libdrive_msgs__rosidl_typesupport_fastrtps_cpp.so
[1.630s] -- Up-to-date: /home/kousei/HaruRobo2024_ws/ros2_ws/install/drive_msgs/include/drive_msgs/drive_msgs
[1.631s] -- Up-to-date: /home/kousei/HaruRobo2024_ws/ros2_ws/install/drive_msgs/include/drive_msgs/drive_msgs/msg
[1.631s] -- Up-to-date: /home/kousei/HaruRobo2024_ws/ros2_ws/install/drive_msgs/include/drive_msgs/drive_msgs/msg/detail
[1.631s] -- Up-to-date: /home/kousei/HaruRobo2024_ws/ros2_ws/install/drive_msgs/include/drive_msgs/drive_msgs/msg/detail/diff_drive_enc__rosidl_typesupport_introspection_c.h
[1.631s] -- Up-to-date: /home/kousei/HaruRobo2024_ws/ros2_ws/install/drive_msgs/include/drive_msgs/drive_msgs/msg/detail/diff_drive__type_support.c
[1.631s] -- Up-to-date: /home/kousei/HaruRobo2024_ws/ros2_ws/install/drive_msgs/include/drive_msgs/drive_msgs/msg/detail/omni__rosidl_typesupport_introspection_c.h
[1.631s] -- Up-to-date: /home/kousei/HaruRobo2024_ws/ros2_ws/install/drive_msgs/include/drive_msgs/drive_msgs/msg/detail/diff_drive_enc__type_support.c
[1.631s] -- Up-to-date: /home/kousei/HaruRobo2024_ws/ros2_ws/install/drive_msgs/include/drive_msgs/drive_msgs/msg/detail/omni_enc__rosidl_typesupport_introspection_c.h
[1.631s] -- Up-to-date: /home/kousei/HaruRobo2024_ws/ros2_ws/install/drive_msgs/include/drive_msgs/drive_msgs/msg/detail/omni__type_support.c
[1.631s] -- Up-to-date: /home/kousei/HaruRobo2024_ws/ros2_ws/install/drive_msgs/include/drive_msgs/drive_msgs/msg/detail/omni_enc__type_support.c
[1.631s] -- Up-to-date: /home/kousei/HaruRobo2024_ws/ros2_ws/install/drive_msgs/include/drive_msgs/drive_msgs/msg/detail/diff_drive__rosidl_typesupport_introspection_c.h
[1.631s] -- Up-to-date: /home/kousei/HaruRobo2024_ws/ros2_ws/install/drive_msgs/include/drive_msgs/drive_msgs/msg/rosidl_typesupport_introspection_c__visibility_control.h
[1.632s] -- Up-to-date: /home/kousei/HaruRobo2024_ws/ros2_ws/install/drive_msgs/lib/libdrive_msgs__rosidl_typesupport_introspection_c.so
[1.632s] -- Up-to-date: /home/kousei/HaruRobo2024_ws/ros2_ws/install/drive_msgs/lib/libdrive_msgs__rosidl_typesupport_c.so
[1.632s] -- Up-to-date: /home/kousei/HaruRobo2024_ws/ros2_ws/install/drive_msgs/include/drive_msgs/drive_msgs
[1.632s] -- Up-to-date: /home/kousei/HaruRobo2024_ws/ros2_ws/install/drive_msgs/include/drive_msgs/drive_msgs/msg
[1.632s] -- Up-to-date: /home/kousei/HaruRobo2024_ws/ros2_ws/install/drive_msgs/include/drive_msgs/drive_msgs/msg/detail
[1.632s] -- Up-to-date: /home/kousei/HaruRobo2024_ws/ros2_ws/install/drive_msgs/include/drive_msgs/drive_msgs/msg/detail/omni__rosidl_typesupport_introspection_cpp.hpp
[1.632s] -- Up-to-date: /home/kousei/HaruRobo2024_ws/ros2_ws/install/drive_msgs/include/drive_msgs/drive_msgs/msg/detail/omni_enc__type_support.cpp
[1.632s] -- Up-to-date: /home/kousei/HaruRobo2024_ws/ros2_ws/install/drive_msgs/include/drive_msgs/drive_msgs/msg/detail/diff_drive__type_support.cpp
[1.632s] -- Up-to-date: /home/kousei/HaruRobo2024_ws/ros2_ws/install/drive_msgs/include/drive_msgs/drive_msgs/msg/detail/diff_drive__rosidl_typesupport_introspection_cpp.hpp
[1.632s] -- Up-to-date: /home/kousei/HaruRobo2024_ws/ros2_ws/install/drive_msgs/include/drive_msgs/drive_msgs/msg/detail/diff_drive_enc__type_support.cpp
[1.633s] -- Up-to-date: /home/kousei/HaruRobo2024_ws/ros2_ws/install/drive_msgs/include/drive_msgs/drive_msgs/msg/detail/diff_drive_enc__rosidl_typesupport_introspection_cpp.hpp
[1.633s] -- Up-to-date: /home/kousei/HaruRobo2024_ws/ros2_ws/install/drive_msgs/include/drive_msgs/drive_msgs/msg/detail/omni_enc__rosidl_typesupport_introspection_cpp.hpp
[1.633s] -- Up-to-date: /home/kousei/HaruRobo2024_ws/ros2_ws/install/drive_msgs/include/drive_msgs/drive_msgs/msg/detail/omni__type_support.cpp
[1.633s] -- Up-to-date: /home/kousei/HaruRobo2024_ws/ros2_ws/install/drive_msgs/lib/libdrive_msgs__rosidl_typesupport_introspection_cpp.so
[1.633s] -- Up-to-date: /home/kousei/HaruRobo2024_ws/ros2_ws/install/drive_msgs/lib/libdrive_msgs__rosidl_typesupport_cpp.so
[1.633s] -- Up-to-date: /home/kousei/HaruRobo2024_ws/ros2_ws/install/drive_msgs/share/drive_msgs/environment/pythonpath.sh
[1.634s] -- Up-to-date: /home/kousei/HaruRobo2024_ws/ros2_ws/install/drive_msgs/share/drive_msgs/environment/pythonpath.dsv
[1.634s] -- Up-to-date: /home/kousei/HaruRobo2024_ws/ros2_ws/install/drive_msgs/local/lib/python3.10/dist-packages/drive_msgs-0.0.0-py3.10.egg-info
[1.634s] -- Installing: /home/kousei/HaruRobo2024_ws/ros2_ws/install/drive_msgs/local/lib/python3.10/dist-packages/drive_msgs-0.0.0-py3.10.egg-info/dependency_links.txt
[1.634s] -- Installing: /home/kousei/HaruRobo2024_ws/ros2_ws/install/drive_msgs/local/lib/python3.10/dist-packages/drive_msgs-0.0.0-py3.10.egg-info/SOURCES.txt
[1.634s] -- Installing: /home/kousei/HaruRobo2024_ws/ros2_ws/install/drive_msgs/local/lib/python3.10/dist-packages/drive_msgs-0.0.0-py3.10.egg-info/top_level.txt
[1.634s] -- Installing: /home/kousei/HaruRobo2024_ws/ros2_ws/install/drive_msgs/local/lib/python3.10/dist-packages/drive_msgs-0.0.0-py3.10.egg-info/PKG-INFO
[1.634s] -- Up-to-date: /home/kousei/HaruRobo2024_ws/ros2_ws/install/drive_msgs/local/lib/python3.10/dist-packages/drive_msgs
[1.634s] -- Up-to-date: /home/kousei/HaruRobo2024_ws/ros2_ws/install/drive_msgs/local/lib/python3.10/dist-packages/drive_msgs/__init__.py
[1.635s] -- Up-to-date: /home/kousei/HaruRobo2024_ws/ros2_ws/install/drive_msgs/local/lib/python3.10/dist-packages/drive_msgs/_drive_msgs_s.ep.rosidl_typesupport_fastrtps_c.c
[1.635s] -- Up-to-date: /home/kousei/HaruRobo2024_ws/ros2_ws/install/drive_msgs/local/lib/python3.10/dist-packages/drive_msgs/drive_msgs_s__rosidl_typesupport_c.cpython-310-x86_64-linux-gnu.so
[1.635s] -- Up-to-date: /home/kousei/HaruRobo2024_ws/ros2_ws/install/drive_msgs/local/lib/python3.10/dist-packages/drive_msgs/_drive_msgs_s.ep.rosidl_typesupport_introspection_c.c
[1.635s] -- Up-to-date: /home/kousei/HaruRobo2024_ws/ros2_ws/install/drive_msgs/local/lib/python3.10/dist-packages/drive_msgs/drive_msgs_s__rosidl_typesupport_fastrtps_c.cpython-310-x86_64-linux-gnu.so
[1.635s] -- Up-to-date: /home/kousei/HaruRobo2024_ws/ros2_ws/install/drive_msgs/local/lib/python3.10/dist-packages/drive_msgs/_drive_msgs_s.ep.rosidl_typesupport_c.c
[1.635s] -- Up-to-date: /home/kousei/HaruRobo2024_ws/ros2_ws/install/drive_msgs/local/lib/python3.10/dist-packages/drive_msgs/msg
[1.635s] -- Up-to-date: /home/kousei/HaruRobo2024_ws/ros2_ws/install/drive_msgs/local/lib/python3.10/dist-packages/drive_msgs/msg/__init__.py
[1.635s] -- Up-to-date: /home/kousei/HaruRobo2024_ws/ros2_ws/install/drive_msgs/local/lib/python3.10/dist-packages/drive_msgs/msg/_omni_enc.py
[1.636s] -- Up-to-date: /home/kousei/HaruRobo2024_ws/ros2_ws/install/drive_msgs/local/lib/python3.10/dist-packages/drive_msgs/msg/_diff_drive_enc.py
[1.636s] -- Up-to-date: /home/kousei/HaruRobo2024_ws/ros2_ws/install/drive_msgs/local/lib/python3.10/dist-packages/drive_msgs/msg/_diff_drive_enc_s.c
[1.636s] -- Up-to-date: /home/kousei/HaruRobo2024_ws/ros2_ws/install/drive_msgs/local/lib/python3.10/dist-packages/drive_msgs/msg/_diff_drive_s.c
[1.636s] -- Up-to-date: /home/kousei/HaruRobo2024_ws/ros2_ws/install/drive_msgs/local/lib/python3.10/dist-packages/drive_msgs/msg/_diff_drive.py
[1.636s] -- Up-to-date: /home/kousei/HaruRobo2024_ws/ros2_ws/install/drive_msgs/local/lib/python3.10/dist-packages/drive_msgs/msg/_omni_enc_s.c
[1.636s] -- Up-to-date: /home/kousei/HaruRobo2024_ws/ros2_ws/install/drive_msgs/local/lib/python3.10/dist-packages/drive_msgs/msg/_omni.py
[1.636s] -- Up-to-date: /home/kousei/HaruRobo2024_ws/ros2_ws/install/drive_msgs/local/lib/python3.10/dist-packages/drive_msgs/msg/_omni_s.c
[1.637s] -- Up-to-date: /home/kousei/HaruRobo2024_ws/ros2_ws/install/drive_msgs/local/lib/python3.10/dist-packages/drive_msgs/libdrive_msgs__rosidl_generator_py.so
[1.637s] -- Up-to-date: /home/kousei/HaruRobo2024_ws/ros2_ws/install/drive_msgs/local/lib/python3.10/dist-packages/drive_msgs/drive_msgs_s__rosidl_typesupport_introspection_c.cpython-310-x86_64-linux-gnu.so
[1.641s] Listing '/home/kousei/HaruRobo2024_ws/ros2_ws/install/drive_msgs/local/lib/python3.10/dist-packages/drive_msgs'...
[1.641s] Listing '/home/kousei/HaruRobo2024_ws/ros2_ws/install/drive_msgs/local/lib/python3.10/dist-packages/drive_msgs/msg'...
[1.645s] -- Up-to-date: /home/kousei/HaruRobo2024_ws/ros2_ws/install/drive_msgs/local/lib/python3.10/dist-packages/drive_msgs/drive_msgs_s__rosidl_typesupport_fastrtps_c.cpython-310-x86_64-linux-gnu.so
[1.645s] -- Up-to-date: /home/kousei/HaruRobo2024_ws/ros2_ws/install/drive_msgs/local/lib/python3.10/dist-packages/drive_msgs/drive_msgs_s__rosidl_typesupport_introspection_c.cpython-310-x86_64-linux-gnu.so
[1.645s] -- Up-to-date: /home/kousei/HaruRobo2024_ws/ros2_ws/install/drive_msgs/local/lib/python3.10/dist-packages/drive_msgs/drive_msgs_s__rosidl_typesupport_c.cpython-310-x86_64-linux-gnu.so
[1.645s] -- Up-to-date: /home/kousei/HaruRobo2024_ws/ros2_ws/install/drive_msgs/lib/libdrive_msgs__rosidl_generator_py.so
[1.646s] -- Up-to-date: /home/kousei/HaruRobo2024_ws/ros2_ws/install/drive_msgs/share/drive_msgs/msg/DiffDrive.idl
[1.646s] -- Up-to-date: /home/kousei/HaruRobo2024_ws/ros2_ws/install/drive_msgs/share/drive_msgs/msg/DiffDriveEnc.idl
[1.646s] -- Up-to-date: /home/kousei/HaruRobo2024_ws/ros2_ws/install/drive_msgs/share/drive_msgs/msg/Omni.idl
[1.646s] -- Up-to-date: /home/kousei/HaruRobo2024_ws/ros2_ws/install/drive_msgs/share/drive_msgs/msg/OmniEnc.idl
[1.646s] -- Up-to-date: /home/kousei/HaruRobo2024_ws/ros2_ws/install/drive_msgs/share/drive_msgs/msg/DiffDrive.msg
[1.646s] -- Up-to-date: /home/kousei/HaruRobo2024_ws/ros2_ws/install/drive_msgs/share/drive_msgs/msg/DiffDriveEnc.msg
[1.646s] -- Up-to-date: /home/kousei/HaruRobo2024_ws/ros2_ws/install/drive_msgs/share/drive_msgs/msg/Omni.msg
[1.646s] -- Up-to-date: /home/kousei/HaruRobo2024_ws/ros2_ws/install/drive_msgs/share/drive_msgs/msg/OmniEnc.msg
[1.646s] -- Up-to-date: /home/kousei/HaruRobo2024_ws/ros2_ws/install/drive_msgs/include
[1.646s] -- Up-to-date: /home/kousei/HaruRobo2024_ws/ros2_ws/install/drive_msgs/include/drive_msgs
[1.646s] -- Up-to-date: /home/kousei/HaruRobo2024_ws/ros2_ws/install/drive_msgs/share/ament_index/resource_index/package_run_dependencies/drive_msgs
[1.646s] -- Up-to-date: /home/kousei/HaruRobo2024_ws/ros2_ws/install/drive_msgs/share/ament_index/resource_index/parent_prefix_path/drive_msgs
[1.646s] -- Up-to-date: /home/kousei/HaruRobo2024_ws/ros2_ws/install/drive_msgs/share/drive_msgs/environment/ament_prefix_path.sh
[1.646s] -- Up-to-date: /home/kousei/HaruRobo2024_ws/ros2_ws/install/drive_msgs/share/drive_msgs/environment/ament_prefix_path.dsv
[1.647s] -- Up-to-date: /home/kousei/HaruRobo2024_ws/ros2_ws/install/drive_msgs/share/drive_msgs/environment/path.sh
[1.647s] -- Up-to-date: /home/kousei/HaruRobo2024_ws/ros2_ws/install/drive_msgs/share/drive_msgs/environment/path.dsv
[1.647s] -- Up-to-date: /home/kousei/HaruRobo2024_ws/ros2_ws/install/drive_msgs/share/drive_msgs/local_setup.bash
[1.647s] -- Up-to-date: /home/kousei/HaruRobo2024_ws/ros2_ws/install/drive_msgs/share/drive_msgs/local_setup.sh
[1.647s] -- Up-to-date: /home/kousei/HaruRobo2024_ws/ros2_ws/install/drive_msgs/share/drive_msgs/local_setup.zsh
[1.647s] -- Up-to-date: /home/kousei/HaruRobo2024_ws/ros2_ws/install/drive_msgs/share/drive_msgs/local_setup.dsv
[1.647s] -- Installing: /home/kousei/HaruRobo2024_ws/ros2_ws/install/drive_msgs/share/drive_msgs/package.dsv
[1.647s] -- Up-to-date: /home/kousei/HaruRobo2024_ws/ros2_ws/install/drive_msgs/share/ament_index/resource_index/packages/drive_msgs
[1.647s] -- Up-to-date: /home/kousei/HaruRobo2024_ws/ros2_ws/install/drive_msgs/share/drive_msgs/cmake/export_drive_msgs__rosidl_generator_cExport.cmake
[1.647s] -- Up-to-date: /home/kousei/HaruRobo2024_ws/ros2_ws/install/drive_msgs/share/drive_msgs/cmake/export_drive_msgs__rosidl_generator_cExport-noconfig.cmake
[1.647s] -- Up-to-date: /home/kousei/HaruRobo2024_ws/ros2_ws/install/drive_msgs/share/drive_msgs/cmake/export_drive_msgs__rosidl_typesupport_fastrtps_cExport.cmake
[1.647s] -- Up-to-date: /home/kousei/HaruRobo2024_ws/ros2_ws/install/drive_msgs/share/drive_msgs/cmake/export_drive_msgs__rosidl_typesupport_fastrtps_cExport-noconfig.cmake
[1.647s] -- Up-to-date: /home/kousei/HaruRobo2024_ws/ros2_ws/install/drive_msgs/share/drive_msgs/cmake/export_drive_msgs__rosidl_generator_cppExport.cmake
[1.648s] -- Up-to-date: /home/kousei/HaruRobo2024_ws/ros2_ws/install/drive_msgs/share/drive_msgs/cmake/export_drive_msgs__rosidl_typesupport_fastrtps_cppExport.cmake
[1.648s] -- Up-to-date: /home/kousei/HaruRobo2024_ws/ros2_ws/install/drive_msgs/share/drive_msgs/cmake/export_drive_msgs__rosidl_typesupport_fastrtps_cppExport-noconfig.cmake
[1.648s] -- Up-to-date: /home/kousei/HaruRobo2024_ws/ros2_ws/install/drive_msgs/share/drive_msgs/cmake/drive_msgs__rosidl_typesupport_introspection_cExport.cmake
[1.648s] -- Up-to-date: /home/kousei/HaruRobo2024_ws/ros2_ws/install/drive_msgs/share/drive_msgs/cmake/drive_msgs__rosidl_typesupport_introspection_cExport-noconfig.cmake
[1.648s] -- Up-to-date: /home/kousei/HaruRobo2024_ws/ros2_ws/install/drive_msgs/share/drive_msgs/cmake/drive_msgs__rosidl_typesupport_cExport.cmake
[1.648s] -- Up-to-date: /home/kousei/HaruRobo2024_ws/ros2_ws/install/drive_msgs/share/drive_msgs/cmake/drive_msgs__rosidl_typesupport_cExport-noconfig.cmake
[1.648s] -- Up-to-date: /home/kousei/HaruRobo2024_ws/ros2_ws/install/drive_msgs/share/drive_msgs/cmake/drive_msgs__rosidl_typesupport_introspection_cppExport.cmake
[1.648s] -- Up-to-date: /home/kousei/HaruRobo2024_ws/ros2_ws/install/drive_msgs/share/drive_msgs/cmake/drive_msgs__rosidl_typesupport_introspection_cppExport-noconfig.cmake
[1.648s] -- Up-to-date: /home/kousei/HaruRobo2024_ws/ros2_ws/install/drive_msgs/share/drive_msgs/cmake/drive_msgs__rosidl_typesupport_cppExport.cmake
[1.648s] -- Up-to-date: /home/kousei/HaruRobo2024_ws/ros2_ws/install/drive_msgs/share/drive_msgs/cmake/drive_msgs__rosidl_typesupport_cppExport-noconfig.cmake
[1.648s] -- Up-to-date: /home/kousei/HaruRobo2024_ws/ros2_ws/install/drive_msgs/share/drive_msgs/cmake/export_drive_msgs__rosidl_generator_pyExport.cmake
[1.649s] -- Up-to-date: /home/kousei/HaruRobo2024_ws/ros2_ws/install/drive_msgs/share/drive_msgs/cmake/export_drive_msgs__rosidl_generator_pyExport-noconfig.cmake
[1.649s] -- Up-to-date: /home/kousei/HaruRobo2024_ws/ros2_ws/install/drive_msgs/share/drive_msgs/cmake/rosidl_cmake-extras.cmake
[1.649s] -- Up-to-date: /home/kousei/HaruRobo2024_ws/ros2_ws/install/drive_msgs/share/drive_msgs/cmake/ament_cmake_export_dependencies-extras.cmake
[1.649s] -- Up-to-date: /home/kousei/HaruRobo2024_ws/ros2_ws/install/drive_msgs/share/drive_msgs/cmake/ament_cmake_export_include_directories-extras.cmake
[1.649s] -- Up-to-date: /home/kousei/HaruRobo2024_ws/ros2_ws/install/drive_msgs/share/drive_msgs/cmake/ament_cmake_export_libraries-extras.cmake
[1.649s] -- Up-to-date: /home/kousei/HaruRobo2024_ws/ros2_ws/install/drive_msgs/share/drive_msgs/cmake/ament_cmake_export_targets-extras.cmake
[1.649s] -- Up-to-date: /home/kousei/HaruRobo2024_ws/ros2_ws/install/drive_msgs/share/drive_msgs/cmake/rosidl_cmake_export_typesupport_targets-extras.cmake
[1.649s] -- Up-to-date: /home/kousei/HaruRobo2024_ws/ros2_ws/install/drive_msgs/share/drive_msgs/cmake/rosidl_cmake_export_typesupport_libraries-extras.cmake
[1.649s] -- Up-to-date: /home/kousei/HaruRobo2024_ws/ros2_ws/install/drive_msgs/share/drive_msgs/cmake/drive_msgsConfig.cmake
[1.649s] -- Up-to-date: /home/kousei/HaruRobo2024_ws/ros2_ws/install/drive_msgs/share/drive_msgs/cmake/drive_msgsConfig-version.cmake
[1.649s] -- Up-to-date: /home/kousei/HaruRobo2024_ws/ros2_ws/install/drive_msgs/share/drive_msgs/package.xml
[1.763s] Invoked command in '/home/kousei/HaruRobo2024_ws/ros2_ws/build/drive_msgs' returned '0': CMAKE_PREFIX_PATH=${CMAKE_PREFIX_PATH}:/opt/ros/humble /usr/bin/cmake --install /home/kousei/HaruRobo2024_ws/ros2_ws/build/drive_msgs
